#
# There is insufficient memory for the Java Runtime Environment to continue.
# Native memory allocation (mmap) failed to map 9437184 bytes for G1 virtual space
# Possible reasons:
#   The system is out of physical RAM or swap space
#   The process is running with CompressedOops enabled, and the Java Heap may be blocking the growth of the native heap
# Possible solutions:
#   Reduce memory load on the system
#   Increase physical memory or swap space
#   Check if swap backing store is full
#   Decrease Java heap size (-Xmx/-Xms)
#   Decrease number of Java threads
#   Decrease Java thread stack sizes (-Xss)
#   Set larger code cache with -XX:ReservedCodeCacheSize=
#   JVM is running with Unscaled Compressed Oops mode in which the Java heap is
#     placed in the first 4GB address space. The Java Heap base address is the
#     maximum limit for the native heap growth. Please use -XX:HeapBaseMinAddress
#     to set the Java Heap base and to place the Java Heap above 4GB virtual address.
# This output file may be truncated or incomplete.
#
#  Out of Memory Error (os_windows.cpp:3769), pid=12988, tid=15464
#
# JRE version: OpenJDK Runtime Environment (17.0.6) (build 17.0.6+0-b2043.56-10027231)
# Java VM: OpenJDK 64-Bit Server VM (17.0.6+0-b2043.56-10027231, mixed mode, tiered, compressed oops, compressed class ptrs, g1 gc, windows-amd64)
# No core dump will be written. Minidumps are not enabled by default on client versions of Windows
#

---------------  S U M M A R Y ------------

Command Line: --add-opens=java.base/java.util=ALL-UNNAMED --add-opens=java.base/java.lang=ALL-UNNAMED --add-opens=java.base/java.lang.invoke=ALL-UNNAMED --add-opens=java.prefs/java.util.prefs=ALL-UNNAMED --add-opens=java.base/java.nio.charset=ALL-UNNAMED --add-opens=java.base/java.net=ALL-UNNAMED --add-opens=java.base/java.util.concurrent.atomic=ALL-UNNAMED -Xmx2048m -Dfile.encoding=UTF-8 -Duser.country=ID -Duser.language=en -Duser.variant org.gradle.launcher.daemon.bootstrap.GradleDaemon 8.0

Host: AMD Ryzen 5 3500U with Radeon Vega Mobile Gfx  , 8 cores, 5G,  Windows 11 , 64 bit Build 22621 (10.0.22621.3958)
Time: Mon Nov  4 19:34:44 2024 Malay Peninsula Standard Time elapsed time: 18.598635 seconds (0d 0h 0m 18s)

---------------  T H R E A D  ---------------

Current thread (0x00000154cd3cb160):  VMThread "VM Thread" [stack: 0x00000001d8f00000,0x00000001d9000000] [id=15464]

Stack: [0x00000001d8f00000,0x00000001d9000000]
Native frames: (J=compiled Java code, j=interpreted, Vv=VM code, C=native code)
V  [jvm.dll+0x683c9a]
V  [jvm.dll+0x8427a4]
V  [jvm.dll+0x843f9e]
V  [jvm.dll+0x844603]
V  [jvm.dll+0x249b75]
V  [jvm.dll+0x680b69]
V  [jvm.dll+0x67505a]
V  [jvm.dll+0x309acb]
V  [jvm.dll+0x310f86]
V  [jvm.dll+0x3608ee]
V  [jvm.dll+0x360b1f]
V  [jvm.dll+0x2dfbf8]
V  [jvm.dll+0x2e2ce6]
V  [jvm.dll+0x2ed478]
V  [jvm.dll+0x322150]
V  [jvm.dll+0x848ccb]
V  [jvm.dll+0x849a04]
V  [jvm.dll+0x849f1d]
V  [jvm.dll+0x84a2f4]
V  [jvm.dll+0x84a3c0]
V  [jvm.dll+0x7f274a]
V  [jvm.dll+0x682ad5]
C  [ucrtbase.dll+0x29333]
C  [KERNEL32.DLL+0x1257d]
C  [ntdll.dll+0x5af08]

VM_Operation (0x00000001d8bff4d0): G1Concurrent, mode: safepoint, requested by thread 0x00000154b35fbfd0


---------------  P R O C E S S  ---------------

Threads class SMR info:
_java_thread_list=0x00000154d236d8f0, length=124, elements={
0x00000154b358ee30, 0x00000154cd407020, 0x00000154cd3cb9d0, 0x00000154cd3f3910,
0x00000154cd3f43d0, 0x00000154ce023220, 0x00000154ce023bd0, 0x00000154ce0259f0,
0x00000154ce026490, 0x00000154ce04bdb0, 0x00000154ce1dbf20, 0x00000154ce1dde20,
0x00000154cf073020, 0x00000154ce475580, 0x00000154cfaaedf0, 0x00000154cfab1b00,
0x00000154cef50d00, 0x00000154ce714d40, 0x00000154ce713530, 0x00000154ce715210,
0x00000154ce7156e0, 0x00000154ce7143a0, 0x00000154ce711d20, 0x00000154ce713060,
0x00000154ce713ed0, 0x00000154ce712b90, 0x00000154ce714870, 0x00000154ce7121f0,
0x00000154ce7126c0, 0x00000154ce713a00, 0x00000154cfb76c50, 0x00000154cfb77120,
0x00000154cfb710e0, 0x00000154cfb775f0, 0x00000154cfb77ac0, 0x00000154cfb75910,
0x00000154cfb71f50, 0x00000154cfb728f0, 0x00000154cfb77f90, 0x00000154cfb78930,
0x00000154cfb78460, 0x00000154cfb72dc0, 0x00000154cfb73290, 0x00000154cfb73760,
0x00000154cfb74100, 0x00000154cfb745d0, 0x00000154cfb74aa0, 0x00000154cfb74f70,
0x00000154cfb75de0, 0x00000154d27de3e0, 0x00000154d27d8870, 0x00000154d27daef0,
0x00000154d27da550, 0x00000154d27d7a00, 0x00000154d27dd0a0, 0x00000154d27d7060,
0x00000154d27dd570, 0x00000154d27d9210, 0x00000154d27d83a0, 0x00000154d27db3c0,
0x00000154d27daa20, 0x00000154d27dda40, 0x00000154d27d96e0, 0x00000154d27ddf10,
0x00000154d27d8d40, 0x00000154d27d7530, 0x00000154d27de8b0, 0x00000154d27d7ed0,
0x00000154d27d9bb0, 0x00000154d27da080, 0x00000154d27db890, 0x00000154d27dbd60,
0x00000154d27dc230, 0x00000154d27dc700, 0x00000154d27dcbd0, 0x00000154ce3b40a0,
0x00000154ce3aea00, 0x00000154ce3b4570, 0x00000154ce3b1ef0, 0x00000154ce3b3230,
0x00000154ce3b06e0, 0x00000154ce3b53e0, 0x00000154ce3afd40, 0x00000154ce3b58b0,
0x00000154ce3b1550, 0x00000154ce3b23c0, 0x00000154ce3b1a20, 0x00000154ce3b4a40,
0x00000154ce3b4f10, 0x00000154ce3ae060, 0x00000154ce3b1080, 0x00000154ce3b2890,
0x00000154ce3ae530, 0x00000154ce3b2d60, 0x00000154ce3aeed0, 0x00000154ce3af3a0,
0x00000154ce3af870, 0x00000154ce3b3700, 0x00000154ce3b3bd0, 0x00000154ce3b0210,
0x00000154ce3b0bb0, 0x00000154d1160f10, 0x00000154d115cbb0, 0x00000154d115c210,
0x00000154d1160a40, 0x00000154d11613e0, 0x00000154d115aed0, 0x00000154d115c6e0,
0x00000154d115def0, 0x00000154d115bd40, 0x00000154d115fbd0, 0x00000154d115b3a0,
0x00000154d115d080, 0x00000154d11600a0, 0x00000154d115ed60, 0x00000154d1160570,
0x00000154d11618b0, 0x00000154d115da20, 0x00000154d115e3c0, 0x00000154d115b870,
0x00000154d115d550, 0x00000154d115a530, 0x00000154d115e890, 0x00000154d115aa00
}

Java Threads: ( => current thread )
  0x00000154b358ee30 JavaThread "main" [_thread_blocked, id=17668, stack(0x00000001d8900000,0x00000001d8a00000)]
  0x00000154cd407020 JavaThread "Reference Handler" daemon [_thread_blocked, id=19028, stack(0x00000001d9000000,0x00000001d9100000)]
  0x00000154cd3cb9d0 JavaThread "Finalizer" daemon [_thread_blocked, id=5044, stack(0x00000001d9100000,0x00000001d9200000)]
  0x00000154cd3f3910 JavaThread "Signal Dispatcher" daemon [_thread_blocked, id=16628, stack(0x00000001d9200000,0x00000001d9300000)]
  0x00000154cd3f43d0 JavaThread "Attach Listener" daemon [_thread_blocked, id=15664, stack(0x00000001d9300000,0x00000001d9400000)]
  0x00000154ce023220 JavaThread "Service Thread" daemon [_thread_blocked, id=16908, stack(0x00000001d9400000,0x00000001d9500000)]
  0x00000154ce023bd0 JavaThread "Monitor Deflation Thread" daemon [_thread_blocked, id=9568, stack(0x00000001d9500000,0x00000001d9600000)]
  0x00000154ce0259f0 JavaThread "C2 CompilerThread0" daemon [_thread_blocked, id=12164, stack(0x00000001d9600000,0x00000001d9700000)]
  0x00000154ce026490 JavaThread "C1 CompilerThread0" daemon [_thread_blocked, id=17240, stack(0x00000001d9700000,0x00000001d9800000)]
  0x00000154ce04bdb0 JavaThread "Sweeper thread" daemon [_thread_blocked, id=14768, stack(0x00000001d9800000,0x00000001d9900000)]
  0x00000154ce1dbf20 JavaThread "Common-Cleaner" daemon [_thread_blocked, id=9132, stack(0x00000001d9900000,0x00000001d9a00000)]
  0x00000154ce1dde20 JavaThread "Notification Thread" daemon [_thread_blocked, id=15444, stack(0x00000001d9a00000,0x00000001d9b00000)]
  0x00000154cf073020 JavaThread "Daemon health stats" [_thread_blocked, id=13776, stack(0x00000001da000000,0x00000001da100000)]
  0x00000154ce475580 JavaThread "Incoming local TCP Connector on port 55272" [_thread_in_native, id=15532, stack(0x00000001da100000,0x00000001da200000)]
  0x00000154cfaaedf0 JavaThread "Daemon periodic checks" [_thread_blocked, id=13924, stack(0x00000001da200000,0x00000001da300000)]
  0x00000154cfab1b00 JavaThread "Daemon" [_thread_blocked, id=17336, stack(0x00000001da300000,0x00000001da400000)]
  0x00000154cef50d00 JavaThread "Handler for socket connection from /127.0.0.1:55272 to /127.0.0.1:55278" [_thread_in_native, id=18884, stack(0x00000001da400000,0x00000001da500000)]
  0x00000154ce714d40 JavaThread "Cancel handler" [_thread_blocked, id=2928, stack(0x00000001da500000,0x00000001da600000)]
  0x00000154ce713530 JavaThread "Daemon worker" [_thread_blocked, id=13704, stack(0x00000001da600000,0x00000001da700000)]
  0x00000154ce715210 JavaThread "Asynchronous log dispatcher for DefaultDaemonConnection: socket connection from /127.0.0.1:55272 to /127.0.0.1:55278" [_thread_blocked, id=6168, stack(0x00000001da700000,0x00000001da800000)]
  0x00000154ce7156e0 JavaThread "Stdin handler" [_thread_blocked, id=16644, stack(0x00000001da800000,0x00000001da900000)]
  0x00000154ce7143a0 JavaThread "Daemon client event forwarder" [_thread_blocked, id=18544, stack(0x00000001da900000,0x00000001daa00000)]
  0x00000154ce711d20 JavaThread "Cache worker for journal cache (C:\Users\user\.gradle\caches\journal-1)" [_thread_blocked, id=4816, stack(0x00000001dae00000,0x00000001daf00000)]
  0x00000154ce713060 JavaThread "File lock request listener" [_thread_in_native, id=1324, stack(0x00000001daf00000,0x00000001db000000)]
  0x00000154ce713ed0 JavaThread "Cache worker for file hash cache (C:\Users\user\.gradle\caches\8.0\fileHashes)" [_thread_blocked, id=8700, stack(0x00000001db000000,0x00000001db100000)]
  0x00000154ce712b90 JavaThread "File watcher server" daemon [_thread_in_native, id=14440, stack(0x00000001db100000,0x00000001db200000)]
  0x00000154ce714870 JavaThread "File watcher consumer" daemon [_thread_blocked, id=18004, stack(0x00000001db200000,0x00000001db300000)]
  0x00000154ce7121f0 JavaThread "Cache worker for checksums cache (D:\IT22\sem 5\Pengembangan Aplikasi Mobile\metric_converter_gifriend_kotlin\.gradle\8.0\checksums)" [_thread_blocked, id=2616, stack(0x00000001db300000,0x00000001db400000)]
  0x00000154ce7126c0 JavaThread "Cache worker for cache directory md-rule (C:\Users\user\.gradle\caches\8.0\md-rule)" [_thread_blocked, id=8904, stack(0x00000001db400000,0x00000001db500000)]
  0x00000154ce713a00 JavaThread "Cache worker for file content cache (C:\Users\user\.gradle\caches\8.0\fileContent)" [_thread_blocked, id=11228, stack(0x00000001db500000,0x00000001db600000)]
  0x00000154cfb76c50 JavaThread "Cache worker for file hash cache (D:\IT22\sem 5\Pengembangan Aplikasi Mobile\metric_converter_gifriend_kotlin\.gradle\8.0\fileHashes)" [_thread_blocked, id=15724, stack(0x00000001db600000,0x00000001db700000)]
  0x00000154cfb77120 JavaThread "Cache worker for cache directory md-supplier (C:\Users\user\.gradle\caches\8.0\md-supplier)" [_thread_blocked, id=18036, stack(0x00000001db700000,0x00000001db800000)]
  0x00000154cfb710e0 JavaThread "Cache worker for execution history cache (C:\Users\user\.gradle\caches\8.0\executionHistory)" [_thread_blocked, id=1064, stack(0x00000001db800000,0x00000001db900000)]
  0x00000154cfb775f0 JavaThread "jar transforms" [_thread_blocked, id=7456, stack(0x00000001db900000,0x00000001dba00000)]
  0x00000154cfb77ac0 JavaThread "jar transforms Thread 2" [_thread_blocked, id=4164, stack(0x00000001dba00000,0x00000001dbb00000)]
  0x00000154cfb75910 JavaThread "Cache worker for kotlin-dsl (C:\Users\user\.gradle\caches\8.0\kotlin-dsl)" [_thread_blocked, id=7500, stack(0x00000001dbb00000,0x00000001dbc00000)]
  0x00000154cfb71f50 JavaThread "jar transforms Thread 3" [_thread_blocked, id=15292, stack(0x00000001dbc00000,0x00000001dbd00000)]
  0x00000154cfb728f0 JavaThread "jar transforms Thread 4" [_thread_blocked, id=16808, stack(0x00000001dbd00000,0x00000001dbe00000)]
  0x00000154cfb77f90 JavaThread "Cache worker for dependencies-accessors (D:\IT22\sem 5\Pengembangan Aplikasi Mobile\metric_converter_gifriend_kotlin\.gradle\8.0\dependencies-accessors)" [_thread_blocked, id=14192, stack(0x00000001dbe00000,0x00000001dbf00000)]
  0x00000154cfb78930 JavaThread "Cache worker for Build Output Cleanup Cache (D:\IT22\sem 5\Pengembangan Aplikasi Mobile\metric_converter_gifriend_kotlin\.gradle\buildOutputCleanup)" [_thread_blocked, id=15972, stack(0x00000001dbf00000,0x00000001dc000000)]
  0x00000154cfb78460 JavaThread "jar transforms Thread 5" [_thread_blocked, id=9900, stack(0x00000001dc000000,0x00000001dc100000)]
  0x00000154cfb72dc0 JavaThread "Unconstrained build operations" [_thread_blocked, id=18440, stack(0x00000001dc100000,0x00000001dc200000)]
  0x00000154cfb73290 JavaThread "Unconstrained build operations Thread 2" [_thread_blocked, id=19000, stack(0x00000001dc200000,0x00000001dc300000)]
  0x00000154cfb73760 JavaThread "Unconstrained build operations Thread 3" [_thread_blocked, id=18116, stack(0x00000001dc300000,0x00000001dc400000)]
  0x00000154cfb74100 JavaThread "Unconstrained build operations Thread 4" [_thread_blocked, id=14792, stack(0x00000001dc400000,0x00000001dc500000)]
  0x00000154cfb745d0 JavaThread "Unconstrained build operations Thread 5" [_thread_blocked, id=15416, stack(0x00000001dc500000,0x00000001dc600000)]
  0x00000154cfb74aa0 JavaThread "Unconstrained build operations Thread 6" [_thread_blocked, id=15588, stack(0x00000001dc600000,0x00000001dc700000)]
  0x00000154cfb74f70 JavaThread "Unconstrained build operations Thread 7" [_thread_blocked, id=11836, stack(0x00000001dc700000,0x00000001dc800000)]
  0x00000154cfb75de0 JavaThread "Unconstrained build operations Thread 8" [_thread_blocked, id=10468, stack(0x00000001dc800000,0x00000001dc900000)]
  0x00000154d27de3e0 JavaThread "Unconstrained build operations Thread 9" [_thread_blocked, id=12168, stack(0x00000001dc900000,0x00000001dca00000)]
  0x00000154d27d8870 JavaThread "Unconstrained build operations Thread 10" [_thread_blocked, id=13848, stack(0x00000001dca00000,0x00000001dcb00000)]
  0x00000154d27daef0 JavaThread "Unconstrained build operations Thread 11" [_thread_blocked, id=7452, stack(0x00000001dcb00000,0x00000001dcc00000)]
  0x00000154d27da550 JavaThread "Unconstrained build operations Thread 12" [_thread_blocked, id=16588, stack(0x00000001dcc00000,0x00000001dcd00000)]
  0x00000154d27d7a00 JavaThread "Unconstrained build operations Thread 13" [_thread_blocked, id=8732, stack(0x00000001dcd00000,0x00000001dce00000)]
  0x00000154d27dd0a0 JavaThread "Unconstrained build operations Thread 14" [_thread_blocked, id=14644, stack(0x00000001dce00000,0x00000001dcf00000)]
  0x00000154d27d7060 JavaThread "Unconstrained build operations Thread 15" [_thread_blocked, id=16504, stack(0x00000001dcf00000,0x00000001dd000000)]
  0x00000154d27dd570 JavaThread "Unconstrained build operations Thread 16" [_thread_blocked, id=1964, stack(0x00000001dd000000,0x00000001dd100000)]
  0x00000154d27d9210 JavaThread "Unconstrained build operations Thread 17" [_thread_blocked, id=13624, stack(0x00000001dd100000,0x00000001dd200000)]
  0x00000154d27d83a0 JavaThread "Unconstrained build operations Thread 18" [_thread_blocked, id=3916, stack(0x00000001dd200000,0x00000001dd300000)]
  0x00000154d27db3c0 JavaThread "Unconstrained build operations Thread 19" [_thread_blocked, id=6784, stack(0x00000001dd300000,0x00000001dd400000)]
  0x00000154d27daa20 JavaThread "Unconstrained build operations Thread 20" [_thread_blocked, id=15928, stack(0x00000001dd400000,0x00000001dd500000)]
  0x00000154d27dda40 JavaThread "Unconstrained build operations Thread 21" [_thread_blocked, id=6012, stack(0x00000001dd500000,0x00000001dd600000)]
  0x00000154d27d96e0 JavaThread "Unconstrained build operations Thread 22" [_thread_blocked, id=10892, stack(0x00000001dd600000,0x00000001dd700000)]
  0x00000154d27ddf10 JavaThread "Unconstrained build operations Thread 23" [_thread_blocked, id=17580, stack(0x00000001dd700000,0x00000001dd800000)]
  0x00000154d27d8d40 JavaThread "Unconstrained build operations Thread 24" [_thread_blocked, id=17796, stack(0x00000001dd800000,0x00000001dd900000)]
  0x00000154d27d7530 JavaThread "Unconstrained build operations Thread 25" [_thread_blocked, id=10232, stack(0x00000001dd900000,0x00000001dda00000)]
  0x00000154d27de8b0 JavaThread "Unconstrained build operations Thread 26" [_thread_blocked, id=824, stack(0x00000001dda00000,0x00000001ddb00000)]
  0x00000154d27d7ed0 JavaThread "Unconstrained build operations Thread 27" [_thread_blocked, id=13780, stack(0x00000001ddb00000,0x00000001ddc00000)]
  0x00000154d27d9bb0 JavaThread "Unconstrained build operations Thread 28" [_thread_blocked, id=4964, stack(0x00000001ddc00000,0x00000001ddd00000)]
  0x00000154d27da080 JavaThread "Unconstrained build operations Thread 29" [_thread_blocked, id=6848, stack(0x00000001ddd00000,0x00000001dde00000)]
  0x00000154d27db890 JavaThread "Unconstrained build operations Thread 30" [_thread_blocked, id=6992, stack(0x00000001dde00000,0x00000001ddf00000)]
  0x00000154d27dbd60 JavaThread "Unconstrained build operations Thread 31" [_thread_blocked, id=8876, stack(0x00000001ddf00000,0x00000001de000000)]
  0x00000154d27dc230 JavaThread "Unconstrained build operations Thread 32" [_thread_blocked, id=15048, stack(0x00000001de000000,0x00000001de100000)]
  0x00000154d27dc700 JavaThread "Unconstrained build operations Thread 33" [_thread_blocked, id=18452, stack(0x00000001de100000,0x00000001de200000)]
  0x00000154d27dcbd0 JavaThread "Unconstrained build operations Thread 34" [_thread_blocked, id=18976, stack(0x00000001de200000,0x00000001de300000)]
  0x00000154ce3b40a0 JavaThread "Unconstrained build operations Thread 35" [_thread_blocked, id=18572, stack(0x00000001de300000,0x00000001de400000)]
  0x00000154ce3aea00 JavaThread "Unconstrained build operations Thread 36" [_thread_blocked, id=6684, stack(0x00000001de400000,0x00000001de500000)]
  0x00000154ce3b4570 JavaThread "Unconstrained build operations Thread 37" [_thread_blocked, id=13944, stack(0x00000001de500000,0x00000001de600000)]
  0x00000154ce3b1ef0 JavaThread "Unconstrained build operations Thread 38" [_thread_blocked, id=5268, stack(0x00000001de600000,0x00000001de700000)]
  0x00000154ce3b3230 JavaThread "Unconstrained build operations Thread 39" [_thread_blocked, id=15880, stack(0x00000001de700000,0x00000001de800000)]
  0x00000154ce3b06e0 JavaThread "Unconstrained build operations Thread 40" [_thread_blocked, id=14640, stack(0x00000001de800000,0x00000001de900000)]
  0x00000154ce3b53e0 JavaThread "Unconstrained build operations Thread 41" [_thread_blocked, id=15760, stack(0x00000001de900000,0x00000001dea00000)]
  0x00000154ce3afd40 JavaThread "Unconstrained build operations Thread 42" [_thread_blocked, id=17052, stack(0x00000001dea00000,0x00000001deb00000)]
  0x00000154ce3b58b0 JavaThread "Unconstrained build operations Thread 43" [_thread_blocked, id=1316, stack(0x00000001deb00000,0x00000001dec00000)]
  0x00000154ce3b1550 JavaThread "Unconstrained build operations Thread 44" [_thread_blocked, id=13324, stack(0x00000001dec00000,0x00000001ded00000)]
  0x00000154ce3b23c0 JavaThread "Unconstrained build operations Thread 45" [_thread_blocked, id=12128, stack(0x00000001ded00000,0x00000001dee00000)]
  0x00000154ce3b1a20 JavaThread "Unconstrained build operations Thread 46" [_thread_blocked, id=13620, stack(0x00000001dee00000,0x00000001def00000)]
  0x00000154ce3b4a40 JavaThread "Unconstrained build operations Thread 47" [_thread_blocked, id=13792, stack(0x00000001def00000,0x00000001df000000)]
  0x00000154ce3b4f10 JavaThread "Unconstrained build operations Thread 48" [_thread_blocked, id=14176, stack(0x00000001df000000,0x00000001df100000)]
  0x00000154ce3ae060 JavaThread "Unconstrained build operations Thread 49" [_thread_blocked, id=16552, stack(0x00000001df100000,0x00000001df200000)]
  0x00000154ce3b1080 JavaThread "Unconstrained build operations Thread 50" [_thread_blocked, id=19088, stack(0x00000001df200000,0x00000001df300000)]
  0x00000154ce3b2890 JavaThread "Unconstrained build operations Thread 51" [_thread_blocked, id=9696, stack(0x00000001df300000,0x00000001df400000)]
  0x00000154ce3ae530 JavaThread "Unconstrained build operations Thread 52" [_thread_blocked, id=11000, stack(0x00000001df400000,0x00000001df500000)]
  0x00000154ce3b2d60 JavaThread "Unconstrained build operations Thread 53" [_thread_blocked, id=17180, stack(0x00000001df500000,0x00000001df600000)]
  0x00000154ce3aeed0 JavaThread "Unconstrained build operations Thread 54" [_thread_blocked, id=16928, stack(0x00000001df600000,0x00000001df700000)]
  0x00000154ce3af3a0 JavaThread "Unconstrained build operations Thread 55" [_thread_blocked, id=17568, stack(0x00000001df700000,0x00000001df800000)]
  0x00000154ce3af870 JavaThread "Unconstrained build operations Thread 56" [_thread_blocked, id=2784, stack(0x00000001df800000,0x00000001df900000)]
  0x00000154ce3b3700 JavaThread "Unconstrained build operations Thread 57" [_thread_blocked, id=3252, stack(0x00000001df900000,0x00000001dfa00000)]
  0x00000154ce3b3bd0 JavaThread "Unconstrained build operations Thread 58" [_thread_blocked, id=9728, stack(0x00000001dfa00000,0x00000001dfb00000)]
  0x00000154ce3b0210 JavaThread "Unconstrained build operations Thread 59" [_thread_blocked, id=13900, stack(0x00000001dfb00000,0x00000001dfc00000)]
  0x00000154ce3b0bb0 JavaThread "Unconstrained build operations Thread 60" [_thread_blocked, id=18192, stack(0x00000001dfc00000,0x00000001dfd00000)]
  0x00000154d1160f10 JavaThread "Unconstrained build operations Thread 61" [_thread_blocked, id=11544, stack(0x00000001dfd00000,0x00000001dfe00000)]
  0x00000154d115cbb0 JavaThread "Unconstrained build operations Thread 62" [_thread_blocked, id=8608, stack(0x00000001dfe00000,0x00000001dff00000)]
  0x00000154d115c210 JavaThread "Unconstrained build operations Thread 63" [_thread_blocked, id=16692, stack(0x00000001dff00000,0x00000001e0000000)]
  0x00000154d1160a40 JavaThread "Unconstrained build operations Thread 64" [_thread_blocked, id=13364, stack(0x00000001e0000000,0x00000001e0100000)]
  0x00000154d11613e0 JavaThread "Unconstrained build operations Thread 65" [_thread_blocked, id=15316, stack(0x00000001e0100000,0x00000001e0200000)]
  0x00000154d115aed0 JavaThread "Unconstrained build operations Thread 66" [_thread_blocked, id=1472, stack(0x00000001e0200000,0x00000001e0300000)]
  0x00000154d115c6e0 JavaThread "Unconstrained build operations Thread 67" [_thread_blocked, id=14772, stack(0x00000001e0300000,0x00000001e0400000)]
  0x00000154d115def0 JavaThread "Unconstrained build operations Thread 68" [_thread_blocked, id=17512, stack(0x00000001e0400000,0x00000001e0500000)]
  0x00000154d115bd40 JavaThread "Unconstrained build operations Thread 69" [_thread_blocked, id=2856, stack(0x00000001e0500000,0x00000001e0600000)]
  0x00000154d115fbd0 JavaThread "Unconstrained build operations Thread 70" [_thread_blocked, id=10504, stack(0x00000001e0600000,0x00000001e0700000)]
  0x00000154d115b3a0 JavaThread "Unconstrained build operations Thread 71" [_thread_blocked, id=16852, stack(0x00000001e0700000,0x00000001e0800000)]
  0x00000154d115d080 JavaThread "Unconstrained build operations Thread 72" [_thread_blocked, id=14920, stack(0x00000001e0800000,0x00000001e0900000)]
  0x00000154d11600a0 JavaThread "Unconstrained build operations Thread 73" [_thread_blocked, id=4576, stack(0x00000001e0900000,0x00000001e0a00000)]
  0x00000154d115ed60 JavaThread "Unconstrained build operations Thread 74" [_thread_blocked, id=2192, stack(0x00000001e0a00000,0x00000001e0b00000)]
  0x00000154d1160570 JavaThread "Unconstrained build operations Thread 75" [_thread_blocked, id=15300, stack(0x00000001e0b00000,0x00000001e0c00000)]
  0x00000154d11618b0 JavaThread "Unconstrained build operations Thread 76" [_thread_blocked, id=14852, stack(0x00000001e0c00000,0x00000001e0d00000)]
  0x00000154d115da20 JavaThread "Unconstrained build operations Thread 77" [_thread_blocked, id=14320, stack(0x00000001e0d00000,0x00000001e0e00000)]
  0x00000154d115e3c0 JavaThread "Unconstrained build operations Thread 78" [_thread_blocked, id=2448, stack(0x00000001e0e00000,0x00000001e0f00000)]
  0x00000154d115b870 JavaThread "Unconstrained build operations Thread 79" [_thread_blocked, id=9956, stack(0x00000001e0f00000,0x00000001e1000000)]
  0x00000154d115d550 JavaThread "Unconstrained build operations Thread 80" [_thread_blocked, id=18664, stack(0x00000001e1000000,0x00000001e1100000)]
  0x00000154d115a530 JavaThread "jar transforms Thread 6" [_thread_blocked, id=14688, stack(0x00000001e1100000,0x00000001e1200000)]
  0x00000154d115e890 JavaThread "jar transforms Thread 7" [_thread_blocked, id=9240, stack(0x00000001e1200000,0x00000001e1300000)]
  0x00000154d115aa00 JavaThread "jar transforms Thread 8" [_thread_blocked, id=5980, stack(0x00000001e1300000,0x00000001e1400000)]

Other Threads:
=>0x00000154cd3cb160 VMThread "VM Thread" [stack: 0x00000001d8f00000,0x00000001d9000000] [id=15464]
  0x00000154b36080a0 WatcherThread [stack: 0x00000001d9b00000,0x00000001d9c00000] [id=11044]
  0x00000154b35ea880 GCTaskThread "GC Thread#0" [stack: 0x00000001d8a00000,0x00000001d8b00000] [id=16144]
  0x00000154ce99e3e0 GCTaskThread "GC Thread#1" [stack: 0x00000001d9c00000,0x00000001d9d00000] [id=17716]
  0x00000154cef27690 GCTaskThread "GC Thread#2" [stack: 0x00000001d9d00000,0x00000001d9e00000] [id=10016]
  0x00000154cf043e60 GCTaskThread "GC Thread#3" [stack: 0x00000001d9e00000,0x00000001d9f00000] [id=8788]
  0x00000154cfa10140 GCTaskThread "GC Thread#4" [stack: 0x00000001d9f00000,0x00000001da000000] [id=4336]
  0x00000154ce4c2520 GCTaskThread "GC Thread#5" [stack: 0x00000001daa00000,0x00000001dab00000] [id=10780]
  0x00000154cf8d7450 GCTaskThread "GC Thread#6" [stack: 0x00000001dab00000,0x00000001dac00000] [id=3940]
  0x00000154ce447df0 GCTaskThread "GC Thread#7" [stack: 0x00000001dac00000,0x00000001dad00000] [id=18896]
  0x00000154b35fbfd0 ConcurrentGCThread "G1 Main Marker" [stack: 0x00000001d8b00000,0x00000001d8c00000] [id=11288]
  0x00000154b35fc9e0 ConcurrentGCThread "G1 Conc#0" [stack: 0x00000001d8c00000,0x00000001d8d00000] [id=15424]
  0x00000154ce41c8a0 ConcurrentGCThread "G1 Conc#1" [stack: 0x00000001dad00000,0x00000001dae00000] [id=17696]
  0x00000154b364e2c0 ConcurrentGCThread "G1 Refine#0" [stack: 0x00000001d8d00000,0x00000001d8e00000] [id=19352]
  0x00000154cd2380e0 ConcurrentGCThread "G1 Service" [stack: 0x00000001d8e00000,0x00000001d8f00000] [id=10228]

Threads with active compile tasks:
C2 CompilerThread0    18658 5890       4       java.util.zip.ZipFile$Source::initCEN (591 bytes)

VM state: at safepoint (normal execution)

VM Mutex/Monitor currently owned by a thread:  ([mutex/lock_event])
[0x00000154b358a4e0] Threads_lock - owner thread: 0x00000154cd3cb160
[0x00000154b358b4a0] Heap_lock - owner thread: 0x00000154b35fbfd0

Heap address: 0x0000000080000000, size: 2048 MB, Compressed Oops mode: 32-bit

CDS archive(s) not mapped
Compressed class space mapped at: 0x0000000100000000-0x0000000140000000, reserved size: 1073741824
Narrow klass base: 0x0000000000000000, Narrow klass shift: 3, Narrow klass range: 0x140000000

GC Precious Log:
 CPUs: 8 total, 8 available
 Memory: 6081M
 Large Page Support: Disabled
 NUMA Support: Disabled
 Compressed Oops: Enabled (32-bit)
 Heap Region Size: 1M
 Heap Min Capacity: 8M
 Heap Initial Capacity: 96M
 Heap Max Capacity: 2G
 Pre-touch: Disabled
 Parallel Workers: 8
 Concurrent Workers: 2
 Concurrent Refinement Workers: 8
 Periodic GC: Disabled

Heap:
 garbage-first heap   total 76800K, used 49811K [0x0000000080000000, 0x0000000100000000)
  region size 1024K, 3 young (3072K), 2 survivors (2048K)
 Metaspace       used 53526K, committed 54016K, reserved 1097728K
  class space    used 7142K, committed 7360K, reserved 1048576K

Heap Regions: E=young(eden), S=young(survivor), O=old, HS=humongous(starts), HC=humongous(continues), CS=collection set, F=free, OA=open archive, CA=closed archive, TAMS=top-at-mark-start (previous, next)
|   0|0x0000000080000000, 0x0000000080100000, 0x0000000080100000|100%|HS|  |TAMS 0x0000000080100000, 0x0000000080000000| Complete 
|   1|0x0000000080100000, 0x0000000080200000, 0x0000000080200000|100%|HC|  |TAMS 0x0000000080200000, 0x0000000080100000| Complete 
|   2|0x0000000080200000, 0x0000000080300000, 0x0000000080300000|100%|HC|  |TAMS 0x0000000080300000, 0x0000000080200000| Complete 
|   3|0x0000000080300000, 0x0000000080400000, 0x0000000080400000|100%|HC|  |TAMS 0x0000000080400000, 0x0000000080300000| Complete 
|   4|0x0000000080400000, 0x0000000080500000, 0x0000000080500000|100%| O|  |TAMS 0x0000000080500000, 0x0000000080400000| Untracked 
|   5|0x0000000080500000, 0x0000000080600000, 0x0000000080600000|100%| O|  |TAMS 0x0000000080600000, 0x0000000080500000| Untracked 
|   6|0x0000000080600000, 0x0000000080700000, 0x0000000080700000|100%| O|  |TAMS 0x0000000080700000, 0x0000000080600000| Untracked 
|   7|0x0000000080700000, 0x0000000080800000, 0x0000000080800000|100%| O|  |TAMS 0x0000000080800000, 0x0000000080700000| Untracked 
|   8|0x0000000080800000, 0x0000000080900000, 0x0000000080900000|100%| O|  |TAMS 0x0000000080900000, 0x0000000080800000| Untracked 
|   9|0x0000000080900000, 0x0000000080a00000, 0x0000000080a00000|100%| O|  |TAMS 0x0000000080a00000, 0x0000000080900000| Untracked 
|  10|0x0000000080a00000, 0x0000000080b00000, 0x0000000080b00000|100%| O|  |TAMS 0x0000000080b00000, 0x0000000080a00000| Untracked 
|  11|0x0000000080b00000, 0x0000000080c00000, 0x0000000080c00000|100%| O|  |TAMS 0x0000000080c00000, 0x0000000080b00000| Untracked 
|  12|0x0000000080c00000, 0x0000000080d00000, 0x0000000080d00000|100%| O|  |TAMS 0x0000000080d00000, 0x0000000080c00000| Untracked 
|  13|0x0000000080d00000, 0x0000000080e00000, 0x0000000080e00000|100%| O|  |TAMS 0x0000000080e00000, 0x0000000080d00000| Untracked 
|  14|0x0000000080e00000, 0x0000000080f00000, 0x0000000080f00000|100%| O|  |TAMS 0x0000000080f00000, 0x0000000080e00000| Untracked 
|  15|0x0000000080f00000, 0x0000000081000000, 0x0000000081000000|100%| O|  |TAMS 0x0000000081000000, 0x0000000080f00000| Untracked 
|  16|0x0000000081000000, 0x0000000081100000, 0x0000000081100000|100%| O|  |TAMS 0x0000000081100000, 0x0000000081000000| Untracked 
|  17|0x0000000081100000, 0x0000000081200000, 0x0000000081200000|100%| O|  |TAMS 0x0000000081200000, 0x0000000081100000| Untracked 
|  18|0x0000000081200000, 0x0000000081300000, 0x0000000081300000|100%| O|  |TAMS 0x0000000081300000, 0x0000000081200000| Untracked 
|  19|0x0000000081300000, 0x0000000081400000, 0x0000000081400000|100%| O|  |TAMS 0x0000000081400000, 0x0000000081300000| Untracked 
|  20|0x0000000081400000, 0x0000000081500000, 0x0000000081500000|100%| O|  |TAMS 0x0000000081500000, 0x0000000081400000| Updating 
|  21|0x0000000081500000, 0x0000000081600000, 0x0000000081600000|100%| O|  |TAMS 0x0000000081600000, 0x0000000081500000| Updating 
|  22|0x0000000081600000, 0x0000000081700000, 0x0000000081700000|100%| O|  |TAMS 0x0000000081700000, 0x0000000081600000| Updating 
|  23|0x0000000081700000, 0x0000000081800000, 0x0000000081800000|100%| O|  |TAMS 0x0000000081800000, 0x0000000081700000| Untracked 
|  24|0x0000000081800000, 0x0000000081900000, 0x0000000081900000|100%| O|  |TAMS 0x0000000081900000, 0x0000000081800000| Untracked 
|  25|0x0000000081900000, 0x0000000081a00000, 0x0000000081a00000|100%| O|  |TAMS 0x0000000081a00000, 0x0000000081900000| Updating 
|  26|0x0000000081a00000, 0x0000000081b00000, 0x0000000081b00000|100%| O|  |TAMS 0x0000000081b00000, 0x0000000081a00000| Untracked 
|  27|0x0000000081b00000, 0x0000000081c00000, 0x0000000081c00000|100%| O|  |TAMS 0x0000000081c00000, 0x0000000081b00000| Untracked 
|  28|0x0000000081c00000, 0x0000000081d00000, 0x0000000081d00000|100%| O|  |TAMS 0x0000000081d00000, 0x0000000081c00000| Untracked 
|  29|0x0000000081d00000, 0x0000000081e00000, 0x0000000081e00000|100%| O|  |TAMS 0x0000000081e00000, 0x0000000081d00000| Updating 
|  30|0x0000000081e00000, 0x0000000081f00000, 0x0000000081f00000|100%| O|  |TAMS 0x0000000081f00000, 0x0000000081e00000| Updating 
|  31|0x0000000081f00000, 0x0000000082000000, 0x0000000082000000|100%| O|  |TAMS 0x0000000082000000, 0x0000000081f00000| Untracked 
|  32|0x0000000082000000, 0x0000000082100000, 0x0000000082100000|100%| O|  |TAMS 0x0000000082100000, 0x0000000082000000| Untracked 
|  33|0x0000000082100000, 0x0000000082200000, 0x0000000082200000|100%| O|  |TAMS 0x0000000082200000, 0x0000000082100000| Untracked 
|  34|0x0000000082200000, 0x0000000082300000, 0x0000000082300000|100%| O|  |TAMS 0x0000000082300000, 0x0000000082200000| Untracked 
|  35|0x0000000082300000, 0x0000000082400000, 0x0000000082400000|100%| O|  |TAMS 0x0000000082400000, 0x0000000082300000| Untracked 
|  36|0x0000000082400000, 0x0000000082500000, 0x0000000082500000|100%| O|  |TAMS 0x00000000824ed800, 0x0000000082400000| Untracked 
|  37|0x0000000082500000, 0x0000000082600000, 0x0000000082600000|100%|HS|  |TAMS 0x0000000082600000, 0x0000000082500000| Complete 
|  38|0x0000000082600000, 0x0000000082700000, 0x0000000082700000|100%|HS|  |TAMS 0x0000000082700000, 0x0000000082600000| Complete 
|  39|0x0000000082700000, 0x0000000082800000, 0x0000000082800000|100%|HS|  |TAMS 0x0000000082800000, 0x0000000082700000| Complete 
|  40|0x0000000082800000, 0x0000000082900000, 0x0000000082900000|100%|HC|  |TAMS 0x0000000082900000, 0x0000000082800000| Complete 
|  41|0x0000000082900000, 0x0000000082a00000, 0x0000000082a00000|100%|HS|  |TAMS 0x0000000082a00000, 0x0000000082900000| Complete 
|  42|0x0000000082a00000, 0x0000000082ae6a00, 0x0000000082b00000| 90%| O|  |TAMS 0x0000000082a00000, 0x0000000082a00000| Untracked 
|  43|0x0000000082b00000, 0x0000000082c00000, 0x0000000082c00000|100%|HS|  |TAMS 0x0000000082b00000, 0x0000000082b00000| Complete 
|  44|0x0000000082c00000, 0x0000000082d00000, 0x0000000082d00000|100%|HC|  |TAMS 0x0000000082c00000, 0x0000000082c00000| Complete 
|  45|0x0000000082d00000, 0x0000000082e00000, 0x0000000082e00000|100%|HC|  |TAMS 0x0000000082d00000, 0x0000000082d00000| Complete 
|  46|0x0000000082e00000, 0x0000000082f00000, 0x0000000082f00000|100%|HC|  |TAMS 0x0000000082e00000, 0x0000000082e00000| Complete 
|  47|0x0000000082f00000, 0x0000000082f00000, 0x0000000083000000|  0%| F|  |TAMS 0x0000000082f00000, 0x0000000082f00000| Untracked 
|  48|0x0000000083000000, 0x0000000083000000, 0x0000000083100000|  0%| F|  |TAMS 0x0000000083000000, 0x0000000083000000| Untracked 
|  49|0x0000000083100000, 0x0000000083100000, 0x0000000083200000|  0%| F|  |TAMS 0x0000000083100000, 0x0000000083100000| Untracked 
|  50|0x0000000083200000, 0x0000000083200000, 0x0000000083300000|  0%| F|  |TAMS 0x0000000083200000, 0x0000000083200000| Untracked 
|  51|0x0000000083300000, 0x0000000083300000, 0x0000000083400000|  0%| F|  |TAMS 0x0000000083300000, 0x0000000083300000| Untracked 
|  52|0x0000000083400000, 0x0000000083400000, 0x0000000083500000|  0%| F|  |TAMS 0x0000000083400000, 0x0000000083400000| Untracked 
|  53|0x0000000083500000, 0x0000000083500000, 0x0000000083600000|  0%| F|  |TAMS 0x0000000083500000, 0x0000000083500000| Untracked 
|  54|0x0000000083600000, 0x0000000083600000, 0x0000000083700000|  0%| F|  |TAMS 0x0000000083600000, 0x0000000083600000| Untracked 
|  55|0x0000000083700000, 0x0000000083700000, 0x0000000083800000|  0%| F|  |TAMS 0x0000000083700000, 0x0000000083700000| Untracked 
|  56|0x0000000083800000, 0x0000000083800000, 0x0000000083900000|  0%| F|  |TAMS 0x0000000083800000, 0x0000000083800000| Untracked 
|  57|0x0000000083900000, 0x0000000083900000, 0x0000000083a00000|  0%| F|  |TAMS 0x0000000083900000, 0x0000000083900000| Untracked 
|  58|0x0000000083a00000, 0x0000000083a00000, 0x0000000083b00000|  0%| F|  |TAMS 0x0000000083a00000, 0x0000000083a00000| Untracked 
|  59|0x0000000083b00000, 0x0000000083b00000, 0x0000000083c00000|  0%| F|  |TAMS 0x0000000083b00000, 0x0000000083b00000| Untracked 
|  60|0x0000000083c00000, 0x0000000083c00000, 0x0000000083d00000|  0%| F|  |TAMS 0x0000000083c00000, 0x0000000083c00000| Untracked 
|  61|0x0000000083d00000, 0x0000000083d00000, 0x0000000083e00000|  0%| F|  |TAMS 0x0000000083d00000, 0x0000000083d00000| Untracked 
|  62|0x0000000083e00000, 0x0000000083e00000, 0x0000000083f00000|  0%| F|  |TAMS 0x0000000083e00000, 0x0000000083e00000| Untracked 
|  63|0x0000000083f00000, 0x0000000083f00000, 0x0000000084000000|  0%| F|  |TAMS 0x0000000083f00000, 0x0000000083f00000| Untracked 
|  64|0x0000000084000000, 0x0000000084000000, 0x0000000084100000|  0%| F|  |TAMS 0x0000000084000000, 0x0000000084000000| Untracked 
|  65|0x0000000084100000, 0x0000000084100000, 0x0000000084200000|  0%| F|  |TAMS 0x0000000084100000, 0x0000000084100000| Untracked 
|  66|0x0000000084200000, 0x0000000084200000, 0x0000000084300000|  0%| F|  |TAMS 0x0000000084200000, 0x0000000084200000| Untracked 
|  67|0x0000000084300000, 0x0000000084300000, 0x0000000084400000|  0%| F|  |TAMS 0x0000000084300000, 0x0000000084300000| Untracked 
|  68|0x0000000084400000, 0x00000000844be310, 0x0000000084500000| 74%| S|CS|TAMS 0x0000000084400000, 0x0000000084400000| Complete 
|  69|0x0000000084500000, 0x0000000084600000, 0x0000000084600000|100%| S|CS|TAMS 0x0000000084500000, 0x0000000084500000| Complete 
|  70|0x0000000084600000, 0x0000000084600000, 0x0000000084700000|  0%| F|  |TAMS 0x0000000084600000, 0x0000000084600000| Untracked 
|  71|0x0000000084700000, 0x0000000084700000, 0x0000000084800000|  0%| F|  |TAMS 0x0000000084700000, 0x0000000084700000| Untracked 
|  72|0x0000000084800000, 0x0000000084800000, 0x0000000084900000|  0%| F|  |TAMS 0x0000000084800000, 0x0000000084800000| Untracked 
|  73|0x0000000084900000, 0x0000000084900000, 0x0000000084a00000|  0%| F|  |TAMS 0x0000000084900000, 0x0000000084900000| Untracked 
|  95|0x0000000085f00000, 0x0000000085f73c30, 0x0000000086000000| 45%| E|  |TAMS 0x0000000085f00000, 0x0000000085f00000| Complete 

Card table byte_map: [0x00000154c6190000,0x00000154c6590000] _byte_map_base: 0x00000154c5d90000

Marking Bits (Prev, Next): (CMBitMap*) 0x00000154b35eae90, (CMBitMap*) 0x00000154b35eaed0
 Prev Bits: [0x00000154c6990000, 0x00000154c8990000)
 Next Bits: [0x00000154c8990000, 0x00000154ca990000)

Polling page: 0x00000154b14f0000

Metaspace:

Usage:
  Non-class:     45.30 MB used.
      Class:      6.98 MB used.
       Both:     52.27 MB used.

Virtual space:
  Non-class space:       48.00 MB reserved,      45.56 MB ( 95%) committed,  6 nodes.
      Class space:        1.00 GB reserved,       7.19 MB ( <1%) committed,  1 nodes.
             Both:        1.05 GB reserved,      52.75 MB (  5%) committed. 

Chunk freelists:
   Non-Class:  2.38 MB
       Class:  800.00 KB
        Both:  3.16 MB

MaxMetaspaceSize: unlimited
CompressedClassSpaceSize: 1.00 GB
Initial GC threshold: 21.00 MB
Current GC threshold: 87.75 MB
CDS: off
MetaspaceReclaimPolicy: balanced
 - commit_granule_bytes: 65536.
 - commit_granule_words: 8192.
 - virtual_space_node_default_size: 1048576.
 - enlarge_chunks_in_place: 1.
 - new_chunks_are_fully_committed: 0.
 - uncommit_free_chunks: 1.
 - use_allocation_guard: 0.
 - handle_deallocations: 1.


Internal statistics:

num_allocs_failed_limit: 6.
num_arena_births: 590.
num_arena_deaths: 0.
num_vsnodes_births: 7.
num_vsnodes_deaths: 0.
num_space_committed: 844.
num_space_uncommitted: 0.
num_chunks_returned_to_freelist: 6.
num_chunks_taken_from_freelist: 2302.
num_chunk_merges: 6.
num_chunk_splits: 1529.
num_chunks_enlarged: 1056.
num_purges: 0.
num_inconsistent_stats: 0.

CodeHeap 'non-profiled nmethods': size=120000Kb used=2808Kb max_used=2808Kb free=117191Kb
 bounds [0x00000154be520000, 0x00000154be7e0000, 0x00000154c5a50000]
CodeHeap 'profiled nmethods': size=120000Kb used=11126Kb max_used=11126Kb free=108873Kb
 bounds [0x00000154b6a50000, 0x00000154b7530000, 0x00000154bdf80000]
CodeHeap 'non-nmethods': size=5760Kb used=2318Kb max_used=2361Kb free=3441Kb
 bounds [0x00000154bdf80000, 0x00000154be1f0000, 0x00000154be520000]
 total_blobs=6654 nmethods=5820 adapters=746
 compilation: enabled
              stopped_count=0, restarted_count=0
 full_count=0

Compilation events (20 events):
Event: 18.440 Thread 0x00000154ce026490 5884   !   3       jdk.internal.loader.URLClassPath$JarLoader$1::run (175 bytes)
Event: 18.440 Thread 0x00000154ce026490 nmethod 5884 0x00000154b752aa10 code [0x00000154b752ac40, 0x00000154b752b398]
Event: 18.440 Thread 0x00000154ce026490 5883       3       jdk.internal.loader.URLClassPath$Loader::<init> (10 bytes)
Event: 18.441 Thread 0x00000154ce026490 nmethod 5883 0x00000154b752b810 code [0x00000154b752b9a0, 0x00000154b752bb58]
Event: 18.441 Thread 0x00000154ce026490 5885       3       jdk.internal.loader.URLClassPath$JarLoader::getJarFile (102 bytes)
Event: 18.441 Thread 0x00000154ce026490 nmethod 5885 0x00000154b752bc10 code [0x00000154b752bee0, 0x00000154b752cba8]
Event: 18.441 Thread 0x00000154ce026490 5886       3       jdk.internal.loader.URLClassPath$JarLoader::isOptimizable (10 bytes)
Event: 18.442 Thread 0x00000154ce026490 nmethod 5886 0x00000154b752d090 code [0x00000154b752d240, 0x00000154b752d3a8]
Event: 18.442 Thread 0x00000154ce026490 5887       3       jdk.internal.loader.FileURLMapper::<init> (10 bytes)
Event: 18.442 Thread 0x00000154ce026490 nmethod 5887 0x00000154b752d490 code [0x00000154b752d620, 0x00000154b752d7d8]
Event: 18.494 Thread 0x00000154ce0259f0 nmethod 5867% 0x00000154be7d3490 code [0x00000154be7d3820, 0x00000154be7d7ae0]
Event: 18.495 Thread 0x00000154ce0259f0 5716       4       org.gradle.internal.service.DefaultServiceRegistry$CompositeServiceProvider::getService (49 bytes)
Event: 18.497 Thread 0x00000154ce0259f0 nmethod 5716 0x00000154be7d9f10 code [0x00000154be7da0a0, 0x00000154be7da1b8]
Event: 18.497 Thread 0x00000154ce0259f0 5878       4       java.lang.String::<init> (828 bytes)
Event: 18.542 Thread 0x00000154ce0259f0 nmethod 5878 0x00000154be7da310 code [0x00000154be7da520, 0x00000154be7dbf00]
Event: 18.542 Thread 0x00000154ce0259f0 5881       4       java.lang.String::newStringUTF8NoRepl (274 bytes)
Event: 18.569 Thread 0x00000154ce0259f0 nmethod 5881 0x00000154be7dc690 code [0x00000154be7dc8a0, 0x00000154be7dd750]
Event: 18.569 Thread 0x00000154ce0259f0 5889 %     4       java.util.Arrays::fill @ 5 (21 bytes)
Event: 18.575 Thread 0x00000154ce0259f0 nmethod 5889% 0x00000154be7dde10 code [0x00000154be7ddfa0, 0x00000154be7de198]
Event: 18.575 Thread 0x00000154ce0259f0 5890       4       java.util.zip.ZipFile$Source::initCEN (591 bytes)

GC Heap History (20 events):
Event: 14.245 GC heap before
{Heap before GC invocations=11 (full 0):
 garbage-first heap   total 68608K, used 51562K [0x0000000080000000, 0x0000000100000000)
  region size 1024K, 24 young (24576K), 3 survivors (3072K)
 Metaspace       used 45267K, committed 45632K, reserved 1089536K
  class space    used 5899K, committed 6080K, reserved 1048576K
}
Event: 14.250 GC heap after
{Heap after GC invocations=12 (full 0):
 garbage-first heap   total 68608K, used 31638K [0x0000000080000000, 0x0000000100000000)
  region size 1024K, 2 young (2048K), 2 survivors (2048K)
 Metaspace       used 45267K, committed 45632K, reserved 1089536K
  class space    used 5899K, committed 6080K, reserved 1048576K
}
Event: 15.022 GC heap before
{Heap before GC invocations=12 (full 0):
 garbage-first heap   total 68608K, used 53142K [0x0000000080000000, 0x0000000100000000)
  region size 1024K, 23 young (23552K), 2 survivors (2048K)
 Metaspace       used 48087K, committed 48512K, reserved 1097728K
  class space    used 6377K, committed 6592K, reserved 1048576K
}
Event: 15.025 GC heap after
{Heap after GC invocations=13 (full 0):
 garbage-first heap   total 68608K, used 32881K [0x0000000080000000, 0x0000000100000000)
  region size 1024K, 3 young (3072K), 3 survivors (3072K)
 Metaspace       used 48087K, committed 48512K, reserved 1097728K
  class space    used 6377K, committed 6592K, reserved 1048576K
}
Event: 15.740 GC heap before
{Heap before GC invocations=13 (full 0):
 garbage-first heap   total 68608K, used 53361K [0x0000000080000000, 0x0000000100000000)
  region size 1024K, 23 young (23552K), 3 survivors (3072K)
 Metaspace       used 50939K, committed 51392K, reserved 1097728K
  class space    used 6823K, committed 7040K, reserved 1048576K
}
Event: 15.744 GC heap after
{Heap after GC invocations=14 (full 0):
 garbage-first heap   total 68608K, used 33837K [0x0000000080000000, 0x0000000100000000)
  region size 1024K, 3 young (3072K), 3 survivors (3072K)
 Metaspace       used 50939K, committed 51392K, reserved 1097728K
  class space    used 6823K, committed 7040K, reserved 1048576K
}
Event: 16.950 GC heap before
{Heap before GC invocations=14 (full 0):
 garbage-first heap   total 68608K, used 54317K [0x0000000080000000, 0x0000000100000000)
  region size 1024K, 23 young (23552K), 3 survivors (3072K)
 Metaspace       used 52842K, committed 53248K, reserved 1097728K
  class space    used 7060K, committed 7232K, reserved 1048576K
}
Event: 16.956 GC heap after
{Heap after GC invocations=15 (full 0):
 garbage-first heap   total 68608K, used 35728K [0x0000000080000000, 0x0000000100000000)
  region size 1024K, 3 young (3072K), 3 survivors (3072K)
 Metaspace       used 52842K, committed 53248K, reserved 1097728K
  class space    used 7060K, committed 7232K, reserved 1048576K
}
Event: 17.880 GC heap before
{Heap before GC invocations=16 (full 0):
 garbage-first heap   total 68608K, used 54160K [0x0000000080000000, 0x0000000100000000)
  region size 1024K, 22 young (22528K), 3 survivors (3072K)
 Metaspace       used 53359K, committed 53824K, reserved 1097728K
  class space    used 7130K, committed 7360K, reserved 1048576K
}
Event: 17.884 GC heap after
{Heap after GC invocations=17 (full 0):
 garbage-first heap   total 68608K, used 37517K [0x0000000080000000, 0x0000000100000000)
  region size 1024K, 3 young (3072K), 3 survivors (3072K)
 Metaspace       used 53359K, committed 53824K, reserved 1097728K
  class space    used 7130K, committed 7360K, reserved 1048576K
}
Event: 18.011 GC heap before
{Heap before GC invocations=17 (full 0):
 garbage-first heap   total 68608K, used 40589K [0x0000000080000000, 0x0000000100000000)
  region size 1024K, 7 young (7168K), 3 survivors (3072K)
 Metaspace       used 53409K, committed 53888K, reserved 1097728K
  class space    used 7131K, committed 7360K, reserved 1048576K
}
Event: 18.015 GC heap after
{Heap after GC invocations=18 (full 0):
 garbage-first heap   total 68608K, used 37775K [0x0000000080000000, 0x0000000100000000)
  region size 1024K, 1 young (1024K), 1 survivors (1024K)
 Metaspace       used 53409K, committed 53888K, reserved 1097728K
  class space    used 7131K, committed 7360K, reserved 1048576K
}
Event: 18.088 GC heap before
{Heap before GC invocations=19 (full 0):
 garbage-first heap   total 68608K, used 38799K [0x0000000080000000, 0x0000000100000000)
  region size 1024K, 2 young (2048K), 1 survivors (1024K)
 Metaspace       used 53413K, committed 53888K, reserved 1097728K
  class space    used 7131K, committed 7360K, reserved 1048576K
}
Event: 18.090 GC heap after
{Heap after GC invocations=20 (full 0):
 garbage-first heap   total 68608K, used 38867K [0x0000000080000000, 0x0000000100000000)
  region size 1024K, 1 young (1024K), 1 survivors (1024K)
 Metaspace       used 53413K, committed 53888K, reserved 1097728K
  class space    used 7131K, committed 7360K, reserved 1048576K
}
Event: 18.221 GC heap before
{Heap before GC invocations=21 (full 0):
 garbage-first heap   total 70656K, used 39891K [0x0000000080000000, 0x0000000100000000)
  region size 1024K, 3 young (3072K), 1 survivors (1024K)
 Metaspace       used 53414K, committed 53888K, reserved 1097728K
  class space    used 7131K, committed 7360K, reserved 1048576K
}
Event: 18.224 GC heap after
{Heap after GC invocations=22 (full 0):
 garbage-first heap   total 70656K, used 41069K [0x0000000080000000, 0x0000000100000000)
  region size 1024K, 2 young (2048K), 2 survivors (2048K)
 Metaspace       used 53414K, committed 53888K, reserved 1097728K
  class space    used 7131K, committed 7360K, reserved 1048576K
}
Event: 18.331 GC heap before
{Heap before GC invocations=23 (full 0):
 garbage-first heap   total 75776K, used 44141K [0x0000000080000000, 0x0000000100000000)
  region size 1024K, 4 young (4096K), 2 survivors (2048K)
 Metaspace       used 53520K, committed 53952K, reserved 1097728K
  class space    used 7142K, committed 7360K, reserved 1048576K
}
Event: 18.335 GC heap after
{Heap after GC invocations=24 (full 0):
 garbage-first heap   total 75776K, used 43039K [0x0000000080000000, 0x0000000100000000)
  region size 1024K, 2 young (2048K), 2 survivors (2048K)
 Metaspace       used 53520K, committed 53952K, reserved 1097728K
  class space    used 7142K, committed 7360K, reserved 1048576K
}
Event: 18.543 GC heap before
{Heap before GC invocations=25 (full 0):
 garbage-first heap   total 76800K, used 45087K [0x0000000080000000, 0x0000000100000000)
  region size 1024K, 5 young (5120K), 2 survivors (2048K)
 Metaspace       used 53526K, committed 54016K, reserved 1097728K
  class space    used 7142K, committed 7360K, reserved 1048576K
}
Event: 18.546 GC heap after
{Heap after GC invocations=26 (full 0):
 garbage-first heap   total 76800K, used 45715K [0x0000000080000000, 0x0000000100000000)
  region size 1024K, 2 young (2048K), 2 survivors (2048K)
 Metaspace       used 53526K, committed 54016K, reserved 1097728K
  class space    used 7142K, committed 7360K, reserved 1048576K
}

Dll operation events (2 events):
Event: 0.017 Loaded shared library C:\Program Files\Android\Android Studio\jbr\bin\java.dll
Event: 0.863 Loaded shared library C:\Program Files\Android\Android Studio\jbr\bin\verify.dll

Deoptimization events (20 events):
Event: 17.902 Thread 0x00000154ce713530 DEOPT PACKING pc=0x00000154b7168494 sp=0x00000001da6f8f90
Event: 17.902 Thread 0x00000154ce713530 DEOPT UNPACKING pc=0x00000154bdfd7143 sp=0x00000001da6f8488 mode 0
Event: 17.972 Thread 0x00000154ce713530 Uncommon trap: trap_request=0xfffffff4 fr.pc=0x00000154be76e6b0 relative=0x00000000000006d0
Event: 17.972 Thread 0x00000154ce713530 Uncommon trap: reason=null_check action=make_not_entrant pc=0x00000154be76e6b0 method=org.gradle.util.internal.SimpleMapInterner.intern(Ljava/lang/Object;)Ljava/lang/Object; @ 2 c2
Event: 17.972 Thread 0x00000154ce713530 DEOPT PACKING pc=0x00000154be76e6b0 sp=0x00000001da6f96e0
Event: 17.972 Thread 0x00000154ce713530 DEOPT UNPACKING pc=0x00000154bdfd69a3 sp=0x00000001da6f96a8 mode 2
Event: 17.972 Thread 0x00000154ce713530 Uncommon trap: trap_request=0xffffff45 fr.pc=0x00000154be7701c0 relative=0x00000000000006e0
Event: 17.972 Thread 0x00000154ce713530 Uncommon trap: reason=unstable_if action=reinterpret pc=0x00000154be7701c0 method=org.gradle.util.internal.SimpleMapInterner.intern(Ljava/lang/String;)Ljava/lang/String; @ 1 c2
Event: 17.972 Thread 0x00000154ce713530 DEOPT PACKING pc=0x00000154be7701c0 sp=0x00000001da6f9670
Event: 17.972 Thread 0x00000154ce713530 DEOPT UNPACKING pc=0x00000154bdfd69a3 sp=0x00000001da6f9638 mode 2
Event: 18.062 Thread 0x00000154ce713530 Uncommon trap: trap_request=0xffffff45 fr.pc=0x00000154be6ecbd4 relative=0x0000000000002974
Event: 18.062 Thread 0x00000154ce713530 Uncommon trap: reason=unstable_if action=reinterpret pc=0x00000154be6ecbd4 method=java.util.zip.ZipFile.getInputStream(Ljava/util/zip/ZipEntry;)Ljava/io/InputStream; @ 101 c2
Event: 18.062 Thread 0x00000154ce713530 DEOPT PACKING pc=0x00000154be6ecbd4 sp=0x00000001da6f8ff0
Event: 18.062 Thread 0x00000154ce713530 DEOPT UNPACKING pc=0x00000154bdfd69a3 sp=0x00000001da6f8fb8 mode 2
Event: 18.250 Thread 0x00000154ce713530 Uncommon trap: trap_request=0xffffff45 fr.pc=0x00000154be56e750 relative=0x0000000000000610
Event: 18.250 Thread 0x00000154ce713530 Uncommon trap: reason=unstable_if action=reinterpret pc=0x00000154be56e750 method=java.util.jar.Manifest$FastInputStream.readLine([BII)I @ 130 c2
Event: 18.250 Thread 0x00000154ce713530 DEOPT PACKING pc=0x00000154be56e750 sp=0x00000001da6f8b80
Event: 18.250 Thread 0x00000154ce713530 DEOPT UNPACKING pc=0x00000154bdfd69a3 sp=0x00000001da6f8b10 mode 2
Event: 18.562 Thread 0x00000154ce713530 DEOPT PACKING pc=0x00000154b6b11a13 sp=0x00000001da6f6bc0
Event: 18.562 Thread 0x00000154ce713530 DEOPT UNPACKING pc=0x00000154bdfd7143 sp=0x00000001da6f6150 mode 0

Classes unloaded (0 events):
No events

Classes redefined (0 events):
No events

Internal exceptions (20 events):
Event: 14.951 Thread 0x00000154ce7143a0 Exception <a 'java/lang/NoSuchMethodError'{0x0000000082f87ca8}: static Lorg/gradle/internal/build/event/types/DefaultProjectConfigurationDescriptor;.<clinit>()V> (0x0000000082f87ca8) 
thrown [s\src\hotspot\share\prims\jni.cpp, line 1108]
Event: 14.952 Thread 0x00000154ce7143a0 Exception <a 'java/lang/NoSuchMethodError'{0x0000000082f8a498}: static Lorg/gradle/internal/build/event/types/DefaultOperationDescriptor;.<clinit>()V> (0x0000000082f8a498) 
thrown [s\src\hotspot\share\prims\jni.cpp, line 1108]
Event: 14.956 Thread 0x00000154ce7143a0 Exception <a 'java/lang/NoSuchMethodError'{0x0000000082fa0da0}: static Lorg/gradle/internal/operations/OperationIdentifier;.<clinit>()V> (0x0000000082fa0da0) 
thrown [s\src\hotspot\share\prims\jni.cpp, line 1108]
Event: 15.958 Thread 0x00000154ce713530 Exception <a 'java/lang/NoSuchMethodError'{0x0000000083dc9428}: 'int java.lang.invoke.DirectMethodHandle$Holder.invokeStatic(java.lang.Object)'> (0x0000000083dc9428) 
thrown [s\src\hotspot\share\interpreter\linkResolver.cpp, line 771]
Event: 15.958 Thread 0x00000154ce713530 Exception <a 'java/lang/NoSuchMethodError'{0x0000000083dcdac0}: 'int java.lang.invoke.DirectMethodHandle$Holder.invokeStaticInit(java.lang.Object)'> (0x0000000083dcdac0) 
thrown [s\src\hotspot\share\interpreter\linkResolver.cpp, line 771]
Event: 15.974 Thread 0x00000154ce713530 Exception <a 'java/lang/NoSuchMethodError'{0x0000000083c421f0}: 'java.lang.Object java.lang.invoke.DirectMethodHandle$Holder.newInvokeSpecial(java.lang.Object, java.lang.Object, java.lang.Object, java.lang.Object, java.lang.Object, int)'> (0x0000000083c421f0) 
thrown [s\src\hotspot\share\interpreter\linkResolver.cpp, line 771]
Event: 15.975 Thread 0x00000154ce713530 Exception <a 'java/lang/NoSuchMethodError'{0x0000000083c47848}: 'java.lang.Object java.lang.invoke.DirectMethodHandle$Holder.invokeSpecial(java.lang.Object, java.lang.Object, java.lang.Object, java.lang.Object, java.lang.Object, java.lang.Object, int)'> (0x0000000083c47848) 
thrown [s\src\hotspot\share\interpreter\linkResolver.cpp, line 771]
Event: 16.009 Thread 0x00000154ce713530 Exception <a 'java/lang/NoSuchMethodError'{0x0000000083b1a790}: 'void java.lang.invoke.DirectMethodHandle$Holder.invokeStatic(java.lang.Object, java.lang.Object, java.lang.Object, int, java.lang.Object)'> (0x0000000083b1a790) 
thrown [s\src\hotspot\share\interpreter\linkResolver.cpp, line 771]
Event: 16.169 Thread 0x00000154ce713530 Exception <a 'java/lang/NoSuchMethodError'{0x000000008382c830}: 'java.lang.Object java.lang.invoke.DirectMethodHandle$Holder.newInvokeSpecial(java.lang.Object, java.lang.Object, int)'> (0x000000008382c830) 
thrown [s\src\hotspot\share\interpreter\linkResolver.cpp, line 771]
Event: 17.700 Thread 0x00000154ce713530 Exception <a 'java/lang/NoSuchMethodError'{0x00000000833a6718}: 'long java.lang.invoke.DirectMethodHandle$Holder.invokeVirtual(java.lang.Object, java.lang.Object)'> (0x00000000833a6718) 
thrown [s\src\hotspot\share\interpreter\linkResolver.cpp, line 771]
Event: 17.710 Thread 0x00000154ce7143a0 Exception <a 'java/lang/NoSuchMethodError'{0x00000000832090b8}: static Lorg/gradle/internal/build/event/types/DefaultOperationFinishedProgressEvent;.<clinit>()V> (0x00000000832090b8) 
thrown [s\src\hotspot\share\prims\jni.cpp, line 1108]
Event: 17.715 Thread 0x00000154ce7143a0 Exception <a 'java/lang/NoSuchMethodError'{0x0000000083231b88}: static Lorg/gradle/internal/build/event/types/DefaultProjectConfigurationSuccessResult;.<clinit>()V> (0x0000000083231b88) 
thrown [s\src\hotspot\share\prims\jni.cpp, line 1108]
Event: 17.715 Thread 0x00000154ce7143a0 Exception <a 'java/lang/NoSuchMethodError'{0x0000000083233108}: static Lorg/gradle/internal/build/event/types/AbstractProjectConfigurationResult;.<clinit>()V> (0x0000000083233108) 
thrown [s\src\hotspot\share\prims\jni.cpp, line 1108]
Event: 17.715 Thread 0x00000154ce7143a0 Exception <a 'java/lang/NoSuchMethodError'{0x0000000083234860}: static Lorg/gradle/internal/build/event/types/AbstractOperationResult;.<clinit>()V> (0x0000000083234860) 
thrown [s\src\hotspot\share\prims\jni.cpp, line 1108]
Event: 17.716 Thread 0x00000154ce7143a0 Exception <a 'java/lang/NoSuchMethodError'{0x0000000083235cd8}: static Lorg/gradle/internal/build/event/types/AbstractResult;.<clinit>()V> (0x0000000083235cd8) 
thrown [s\src\hotspot\share\prims\jni.cpp, line 1108]
Event: 17.718 Thread 0x00000154ce7143a0 Exception <a 'java/lang/NoSuchMethodError'{0x000000008324e510}: static Lorg/gradle/internal/build/event/types/DefaultPluginApplicationResult;.<clinit>()V> (0x000000008324e510) 
thrown [s\src\hotspot\share\prims\jni.cpp, line 1108]
Event: 17.720 Thread 0x00000154ce7143a0 Exception <a 'java/lang/NoSuchMethodError'{0x000000008325a878}: static Lorg/gradle/internal/build/event/types/DefaultBinaryPluginIdentifier;.<clinit>()V> (0x000000008325a878) 
thrown [s\src\hotspot\share\prims\jni.cpp, line 1108]
Event: 17.723 Thread 0x00000154ce7143a0 Exception <a 'java/lang/NoSuchMethodError'{0x0000000083272820}: static Lorg/gradle/internal/build/event/types/DefaultScriptPluginIdentifier;.<clinit>()V> (0x0000000083272820) 
thrown [s\src\hotspot\share\prims\jni.cpp, line 1108]
Event: 17.972 Thread 0x00000154ce713530 Implicit null exception at 0x00000154be76e00f to 0x00000154be76e6a0
Event: 17.972 Thread 0x00000154ce713530 Implicit null exception at 0x00000154be76fb14 to 0x00000154be7701a8

VM Operations (20 events):
Event: 18.090 Executing VM operation: G1TryInitiateConcMark done
Event: 18.140 Executing VM operation: G1Concurrent
Event: 18.147 Executing VM operation: G1Concurrent done
Event: 18.165 Executing VM operation: G1Concurrent
Event: 18.165 Executing VM operation: G1Concurrent done
Event: 18.221 Executing VM operation: G1TryInitiateConcMark
Event: 18.224 Executing VM operation: G1TryInitiateConcMark done
Event: 18.272 Executing VM operation: G1Concurrent
Event: 18.280 Executing VM operation: G1Concurrent done
Event: 18.300 Executing VM operation: G1Concurrent
Event: 18.300 Executing VM operation: G1Concurrent done
Event: 18.331 Executing VM operation: G1TryInitiateConcMark
Event: 18.335 Executing VM operation: G1TryInitiateConcMark done
Event: 18.383 Executing VM operation: G1Concurrent
Event: 18.389 Executing VM operation: G1Concurrent done
Event: 18.408 Executing VM operation: G1Concurrent
Event: 18.409 Executing VM operation: G1Concurrent done
Event: 18.543 Executing VM operation: G1TryInitiateConcMark
Event: 18.547 Executing VM operation: G1TryInitiateConcMark done
Event: 18.587 Executing VM operation: G1Concurrent

Events (20 events):
Event: 17.099 Thread 0x00000154d11618b0 Thread added: 0x00000154d11618b0
Event: 17.100 Thread 0x00000154d115da20 Thread added: 0x00000154d115da20
Event: 17.100 Thread 0x00000154d115e3c0 Thread added: 0x00000154d115e3c0
Event: 17.101 Thread 0x00000154d115b870 Thread added: 0x00000154d115b870
Event: 17.101 Thread 0x00000154d115d550 Thread added: 0x00000154d115d550
Event: 17.628 Thread 0x00000154d115a530 Thread added: 0x00000154d115a530
Event: 17.628 Thread 0x00000154d115e890 Thread added: 0x00000154d115e890
Event: 17.628 Thread 0x00000154d115aa00 Thread added: 0x00000154d115aa00
Event: 17.701 loading class java/util/stream/SortedOps
Event: 17.702 loading class java/util/stream/SortedOps done
Event: 17.702 loading class java/util/stream/SortedOps$OfRef
Event: 17.702 loading class java/util/stream/ReferencePipeline$StatefulOp
Event: 17.702 loading class java/util/stream/ReferencePipeline$StatefulOp done
Event: 17.702 loading class java/util/stream/SortedOps$OfRef done
Event: 17.705 loading class java/util/stream/SortedOps$RefSortingSink
Event: 17.706 loading class java/util/stream/SortedOps$AbstractRefSortingSink
Event: 17.706 loading class java/util/stream/SortedOps$AbstractRefSortingSink done
Event: 17.706 loading class java/util/stream/SortedOps$RefSortingSink done
Event: 17.721 loading class java/time/Ser
Event: 17.722 loading class java/time/Ser done


Dynamic libraries:
0x00007ff682410000 - 0x00007ff68241a000 	C:\Program Files\Android\Android Studio\jbr\bin\java.exe
0x00007ffe6d050000 - 0x00007ffe6d267000 	C:\WINDOWS\SYSTEM32\ntdll.dll
0x00007ffe6b440000 - 0x00007ffe6b504000 	C:\WINDOWS\System32\KERNEL32.DLL
0x00007ffe6a9c0000 - 0x00007ffe6ad77000 	C:\WINDOWS\System32\KERNELBASE.dll
0x00007ffe6a870000 - 0x00007ffe6a981000 	C:\WINDOWS\System32\ucrtbase.dll
0x00007ffe57e00000 - 0x00007ffe57e17000 	C:\Program Files\Android\Android Studio\jbr\bin\jli.dll
0x00007ffe511b0000 - 0x00007ffe511cb000 	C:\Program Files\Android\Android Studio\jbr\bin\VCRUNTIME140.dll
0x00007ffe6ca40000 - 0x00007ffe6cbef000 	C:\WINDOWS\System32\USER32.dll
0x00007ffe59ca0000 - 0x00007ffe59f33000 	C:\WINDOWS\WinSxS\amd64_microsoft.windows.common-controls_6595b64144ccf1df_6.0.22621.3672_none_2713b9d173822955\COMCTL32.dll
0x00007ffe6a360000 - 0x00007ffe6a386000 	C:\WINDOWS\System32\win32u.dll
0x00007ffe6b990000 - 0x00007ffe6ba37000 	C:\WINDOWS\System32\msvcrt.dll
0x00007ffe6bdf0000 - 0x00007ffe6be19000 	C:\WINDOWS\System32\GDI32.dll
0x00007ffe6a570000 - 0x00007ffe6a688000 	C:\WINDOWS\System32\gdi32full.dll
0x00007ffe6a4d0000 - 0x00007ffe6a56a000 	C:\WINDOWS\System32\msvcp_win.dll
0x00007ffe6b1f0000 - 0x00007ffe6b221000 	C:\WINDOWS\System32\IMM32.DLL
0x00007ffe62f50000 - 0x00007ffe62f5c000 	C:\Program Files\Android\Android Studio\jbr\bin\vcruntime140_1.dll
0x00007ffe424d0000 - 0x00007ffe4255d000 	C:\Program Files\Android\Android Studio\jbr\bin\msvcp140.dll
0x00007ffdca1f0000 - 0x00007ffdcae5e000 	C:\Program Files\Android\Android Studio\jbr\bin\server\jvm.dll
0x00007ffe6bed0000 - 0x00007ffe6bf82000 	C:\WINDOWS\System32\ADVAPI32.dll
0x00007ffe6bd20000 - 0x00007ffe6bdc8000 	C:\WINDOWS\System32\sechost.dll
0x00007ffe6a990000 - 0x00007ffe6a9b8000 	C:\WINDOWS\System32\bcrypt.dll
0x00007ffe6ba40000 - 0x00007ffe6bb54000 	C:\WINDOWS\System32\RPCRT4.dll
0x00007ffe53580000 - 0x00007ffe53589000 	C:\WINDOWS\SYSTEM32\WSOCK32.dll
0x00007ffe62880000 - 0x00007ffe6288a000 	C:\WINDOWS\SYSTEM32\VERSION.dll
0x00007ffe6c9c0000 - 0x00007ffe6ca31000 	C:\WINDOWS\System32\WS2_32.dll
0x00007ffe65e90000 - 0x00007ffe65ec4000 	C:\WINDOWS\SYSTEM32\WINMM.dll
0x00007ffe693b0000 - 0x00007ffe693c8000 	C:\WINDOWS\SYSTEM32\kernel.appcore.dll
0x00007ffe66440000 - 0x00007ffe6644a000 	C:\Program Files\Android\Android Studio\jbr\bin\jimage.dll
0x00007ffe67da0000 - 0x00007ffe67fd2000 	C:\WINDOWS\SYSTEM32\DBGHELP.DLL
0x00007ffe6ad80000 - 0x00007ffe6b10e000 	C:\WINDOWS\System32\combase.dll
0x00007ffe6b2d0000 - 0x00007ffe6b3a7000 	C:\WINDOWS\System32\OLEAUT32.dll
0x00007ffe57470000 - 0x00007ffe574a2000 	C:\WINDOWS\SYSTEM32\dbgcore.DLL
0x00007ffe6a390000 - 0x00007ffe6a40b000 	C:\WINDOWS\System32\bcryptPrimitives.dll
0x00007ffe57180000 - 0x00007ffe571a5000 	C:\Program Files\Android\Android Studio\jbr\bin\java.dll
0x00007ffe63040000 - 0x00007ffe63058000 	C:\Program Files\Android\Android Studio\jbr\bin\zip.dll
0x00007ffe6bf90000 - 0x00007ffe6c7f9000 	C:\WINDOWS\System32\SHELL32.dll
0x00007ffe682d0000 - 0x00007ffe68bcf000 	C:\WINDOWS\SYSTEM32\windows.storage.dll
0x00007ffe68190000 - 0x00007ffe682cf000 	C:\WINDOWS\SYSTEM32\wintypes.dll
0x00007ffe6cec0000 - 0x00007ffe6cfb9000 	C:\WINDOWS\System32\SHCORE.dll
0x00007ffe6b130000 - 0x00007ffe6b18e000 	C:\WINDOWS\System32\shlwapi.dll
0x00007ffe6a290000 - 0x00007ffe6a2b7000 	C:\WINDOWS\SYSTEM32\profapi.dll
0x00007ffe584b0000 - 0x00007ffe584c9000 	C:\Program Files\Android\Android Studio\jbr\bin\net.dll
0x00007ffe65ca0000 - 0x00007ffe65dd6000 	C:\WINDOWS\SYSTEM32\WINHTTP.dll
0x00007ffe69820000 - 0x00007ffe69889000 	C:\WINDOWS\system32\mswsock.dll
0x00007ffe58020000 - 0x00007ffe58036000 	C:\Program Files\Android\Android Studio\jbr\bin\nio.dll
0x00007ffe66040000 - 0x00007ffe66050000 	C:\Program Files\Android\Android Studio\jbr\bin\verify.dll
0x00007ffe5a480000 - 0x00007ffe5a4a7000 	C:\Users\user\.gradle\native\68d5fa5c4cc2d200863cafc0d521ce42e7d3e7ee720ec0a83991735586a16f82\windows-amd64\native-platform.dll
0x00007ffe300a0000 - 0x00007ffe301e4000 	C:\Users\user\.gradle\native\e376f236ea51e6404a007f0833ffe2c6e607c4080706a723a18a27aeea778392\windows-amd64\native-platform-file-events.dll
0x00007ffe65f90000 - 0x00007ffe65f99000 	C:\Program Files\Android\Android Studio\jbr\bin\management.dll
0x00007ffe65ef0000 - 0x00007ffe65efb000 	C:\Program Files\Android\Android Studio\jbr\bin\management_ext.dll
0x00007ffe6bde0000 - 0x00007ffe6bde8000 	C:\WINDOWS\System32\PSAPI.DLL
0x00007ffe69a70000 - 0x00007ffe69a8b000 	C:\WINDOWS\SYSTEM32\CRYPTSP.dll
0x00007ffe69310000 - 0x00007ffe69345000 	C:\WINDOWS\system32\rsaenh.dll
0x00007ffe69910000 - 0x00007ffe69938000 	C:\WINDOWS\SYSTEM32\USERENV.dll
0x00007ffe69a90000 - 0x00007ffe69a9c000 	C:\WINDOWS\SYSTEM32\CRYPTBASE.dll
0x00007ffe68e70000 - 0x00007ffe68e9d000 	C:\WINDOWS\SYSTEM32\IPHLPAPI.DLL
0x00007ffe6bdd0000 - 0x00007ffe6bdd9000 	C:\WINDOWS\System32\NSI.dll
0x00007ffe65c80000 - 0x00007ffe65c99000 	C:\WINDOWS\SYSTEM32\dhcpcsvc6.DLL
0x00007ffe65b80000 - 0x00007ffe65b9f000 	C:\WINDOWS\SYSTEM32\dhcpcsvc.DLL
0x00007ffe68ea0000 - 0x00007ffe68fa2000 	C:\WINDOWS\SYSTEM32\DNSAPI.dll
0x00007ffe63d20000 - 0x00007ffe63d28000 	C:\WINDOWS\system32\wshunix.dll

dbghelp: loaded successfully - version: 4.0.5 - missing functions: none
symbol engine: initialized successfully - sym options: 0x614 - pdb path: .;C:\Program Files\Android\Android Studio\jbr\bin;C:\WINDOWS\SYSTEM32;C:\WINDOWS\WinSxS\amd64_microsoft.windows.common-controls_6595b64144ccf1df_6.0.22621.3672_none_2713b9d173822955;C:\Program Files\Android\Android Studio\jbr\bin\server;C:\Users\user\.gradle\native\68d5fa5c4cc2d200863cafc0d521ce42e7d3e7ee720ec0a83991735586a16f82\windows-amd64;C:\Users\user\.gradle\native\e376f236ea51e6404a007f0833ffe2c6e607c4080706a723a18a27aeea778392\windows-amd64

VM Arguments:
jvm_args: --add-opens=java.base/java.util=ALL-UNNAMED --add-opens=java.base/java.lang=ALL-UNNAMED --add-opens=java.base/java.lang.invoke=ALL-UNNAMED --add-opens=java.prefs/java.util.prefs=ALL-UNNAMED --add-opens=java.base/java.nio.charset=ALL-UNNAMED --add-opens=java.base/java.net=ALL-UNNAMED --add-opens=java.base/java.util.concurrent.atomic=ALL-UNNAMED -Xmx2048m -Dfile.encoding=UTF-8 -Duser.country=ID -Duser.language=en -Duser.variant 
java_command: org.gradle.launcher.daemon.bootstrap.GradleDaemon 8.0
java_class_path (initial): C:\Users\user\.gradle\wrapper\dists\gradle-8.0-bin\ca5e32bp14vu59qr306oxotwh\gradle-8.0\lib\gradle-launcher-8.0.jar
Launcher Type: SUN_STANDARD

[Global flags]
     intx CICompilerCount                          = 4                                         {product} {ergonomic}
     uint ConcGCThreads                            = 2                                         {product} {ergonomic}
     uint G1ConcRefinementThreads                  = 8                                         {product} {ergonomic}
   size_t G1HeapRegionSize                         = 1048576                                   {product} {ergonomic}
    uintx GCDrainStackTargetSize                   = 64                                        {product} {ergonomic}
   size_t InitialHeapSize                          = 100663296                                 {product} {ergonomic}
   size_t MarkStackSize                            = 4194304                                   {product} {ergonomic}
   size_t MaxHeapSize                              = 2147483648                                {product} {command line}
   size_t MaxNewSize                               = 1287651328                                {product} {ergonomic}
   size_t MinHeapDeltaBytes                        = 1048576                                   {product} {ergonomic}
   size_t MinHeapSize                              = 8388608                                   {product} {ergonomic}
    uintx NonNMethodCodeHeapSize                   = 5839372                                {pd product} {ergonomic}
    uintx NonProfiledCodeHeapSize                  = 122909434                              {pd product} {ergonomic}
    uintx ProfiledCodeHeapSize                     = 122909434                              {pd product} {ergonomic}
    uintx ReservedCodeCacheSize                    = 251658240                              {pd product} {ergonomic}
     bool SegmentedCodeCache                       = true                                      {product} {ergonomic}
   size_t SoftMaxHeapSize                          = 2147483648                             {manageable} {ergonomic}
     bool UseCompressedClassPointers               = true                           {product lp64_product} {ergonomic}
     bool UseCompressedOops                        = true                           {product lp64_product} {ergonomic}
     bool UseG1GC                                  = true                                      {product} {ergonomic}
     bool UseLargePagesIndividualAllocation        = false                                  {pd product} {ergonomic}

Logging:
Log output configuration:
 #0: stdout all=warning uptime,level,tags
 #1: stderr all=off uptime,level,tags

Environment Variables:
JAVA_HOME=C:\Program Files\Java\jdk-17
PATH=C:\oraclexe\app\product\11.2.0\client_1\bin;D:\app\user\product\11.2.0\client_1\bin;C:\oraclexe\app\oracle\product\11.2.0\server\bin;C:\WINDOWS\system32;C:\WINDOWS;C:\WINDOWS\System32\Wbem;C:\WINDOWS\System32\WindowsPowerShell\v1.0\;C:\WINDOWS\System32\OpenSSH\;C:\Program Files\Git\cmd;C:\xampp\php;C:\ProgramData\ComposerSetup\bin;C:\Program Files (x86)\Gpg4win\..\GnuPG\bin;C:\Program Files\nodejs\;C:\ProgramData\chocolatey\bin;C:\ProgramData\chocolatey;C:\Users\user\AppData\Local\Microsoft\WindowsApps;C:\Users\user\AppData\Local\Programs\Microsoft VS Code\bin;C:\src\flutter\bin;C:\Program Files\PostgreSQL\16\bin;C:\Users\user\AppData\Roaming\Composer\vendor\bin;C:\Users\user\AppData\Roaming\npm;C:\Users\user\AppData\Local\Pub\Cache\bin;C:\Program Files\OpenSSL-Win64\bin;C:\Program Files\Java\jdk-17\bin;
USERNAME=user
OS=Windows_NT
PROCESSOR_IDENTIFIER=AMD64 Family 23 Model 24 Stepping 1, AuthenticAMD
TMP=C:\Users\user\AppData\Local\Temp
TEMP=C:\Users\user\AppData\Local\Temp


JNI global refs:
JNI global refs: 24, weak refs: 0

JNI global refs memory usage: 843, weak refs: 841


---------------  S Y S T E M  ---------------

OS:
 Windows 11 , 64 bit Build 22621 (10.0.22621.3958)
OS uptime: 0 days 7:15 hours

CPU: total 8 (initial active 8) (8 cores per cpu, 2 threads per core) family 23 model 24 stepping 1 microcode 0x0, cx8, cmov, fxsr, ht, mmx, 3dnowpref, sse, sse2, sse3, ssse3, sse4a, sse4.1, sse4.2, popcnt, lzcnt, tsc, tscinvbit, avx, avx2, aes, clmul, bmi1, bmi2, adx, sha, fma, vzeroupper, clflush, clflushopt

Memory: 4k page, system-wide physical 6081M (160M free)
TotalPageFile size 24513M (AvailPageFile size 5M)
current process WorkingSet (physical memory assigned to process): 217M, peak: 219M
current process commit charge ("private bytes"): 271M, peak: 280M

vm_info: OpenJDK 64-Bit Server VM (17.0.6+0-b2043.56-10027231) for windows-amd64 JRE (17.0.6+0-b2043.56-10027231), built on Apr 28 2023 00:43:19 by "androidbuild" with MS VC++ 16.10 / 16.11 (VS2019)

END.
