#
# There is insufficient memory for the Java Runtime Environment to continue.
# Native memory allocation (mmap) failed to map 5242880 bytes for G1 virtual space
# Possible reasons:
#   The system is out of physical RAM or swap space
#   The process is running with CompressedOops enabled, and the Java Heap may be blocking the growth of the native heap
# Possible solutions:
#   Reduce memory load on the system
#   Increase physical memory or swap space
#   Check if swap backing store is full
#   Decrease Java heap size (-Xmx/-Xms)
#   Decrease number of Java threads
#   Decrease Java thread stack sizes (-Xss)
#   Set larger code cache with -XX:ReservedCodeCacheSize=
#   JVM is running with Unscaled Compressed Oops mode in which the Java heap is
#     placed in the first 4GB address space. The Java Heap base address is the
#     maximum limit for the native heap growth. Please use -XX:HeapBaseMinAddress
#     to set the Java Heap base and to place the Java Heap above 4GB virtual address.
# This output file may be truncated or incomplete.
#
#  Out of Memory Error (os_windows.cpp:3769), pid=15812, tid=8304
#
# JRE version: OpenJDK Runtime Environment (17.0.6) (build 17.0.6+0-b2043.56-10027231)
# Java VM: OpenJDK 64-Bit Server VM (17.0.6+0-b2043.56-10027231, mixed mode, tiered, compressed oops, compressed class ptrs, g1 gc, windows-amd64)
# No core dump will be written. Minidumps are not enabled by default on client versions of Windows
#

---------------  S U M M A R Y ------------

Command Line: --add-opens=java.base/java.util=ALL-UNNAMED --add-opens=java.base/java.lang=ALL-UNNAMED --add-opens=java.base/java.lang.invoke=ALL-UNNAMED --add-opens=java.prefs/java.util.prefs=ALL-UNNAMED --add-opens=java.base/java.nio.charset=ALL-UNNAMED --add-opens=java.base/java.net=ALL-UNNAMED --add-opens=java.base/java.util.concurrent.atomic=ALL-UNNAMED -Xmx2048m -Dfile.encoding=UTF-8 -Duser.country=ID -Duser.language=en -Duser.variant org.gradle.launcher.daemon.bootstrap.GradleDaemon 8.0

Host: AMD Ryzen 5 3500U with Radeon Vega Mobile Gfx  , 8 cores, 5G,  Windows 11 , 64 bit Build 22621 (10.0.22621.3958)
Time: Mon Nov  4 19:31:24 2024 Malay Peninsula Standard Time elapsed time: 22.562239 seconds (0d 0h 0m 22s)

---------------  T H R E A D  ---------------

Current thread (0x000001763737cc80):  VMThread "VM Thread" [stack: 0x0000005252700000,0x0000005252800000] [id=8304]

Stack: [0x0000005252700000,0x0000005252800000]
Native frames: (J=compiled Java code, j=interpreted, Vv=VM code, C=native code)
V  [jvm.dll+0x683c9a]
V  [jvm.dll+0x8427a4]
V  [jvm.dll+0x843f9e]
V  [jvm.dll+0x844603]
V  [jvm.dll+0x249b75]
V  [jvm.dll+0x680b69]
V  [jvm.dll+0x67505a]
V  [jvm.dll+0x309acb]
V  [jvm.dll+0x310f86]
V  [jvm.dll+0x3608ee]
V  [jvm.dll+0x360b1f]
V  [jvm.dll+0x2dfbf8]
V  [jvm.dll+0x2e2ce6]
V  [jvm.dll+0x2ed478]
V  [jvm.dll+0x322150]
V  [jvm.dll+0x848ccb]
V  [jvm.dll+0x849a04]
V  [jvm.dll+0x849f1d]
V  [jvm.dll+0x84a2f4]
V  [jvm.dll+0x84a3c0]
V  [jvm.dll+0x7f274a]
V  [jvm.dll+0x682ad5]
C  [ucrtbase.dll+0x29333]
C  [KERNEL32.DLL+0x1257d]
C  [ntdll.dll+0x5af08]

VM_Operation (0x00000052523ff2f0): G1Concurrent, mode: safepoint, requested by thread 0x000001761d5ad7b0


---------------  P R O C E S S  ---------------

Threads class SMR info:
_java_thread_list=0x000001763cf1e4a0, length=124, elements={
0x000001761d53d720, 0x000001763737e020, 0x000001763737f630, 0x0000017637d0e710,
0x0000017637d0f580, 0x0000017637d10030, 0x0000017637d236d0, 0x0000017637d26f20,
0x0000017637d279c0, 0x0000017637d283b0, 0x0000017637ece440, 0x0000017637eb2120,
0x000001763962c030, 0x000001763953d9d0, 0x0000017639714f90, 0x0000017638396870,
0x00000176383974e0, 0x0000017637f5e760, 0x0000017637f5ca80, 0x0000017637f5c0e0,
0x0000017637f5ddc0, 0x0000017637f5ec30, 0x0000017637f5cf50, 0x0000017637f5c5b0,
0x0000017637f5f5d0, 0x0000017637f5d420, 0x0000017637f5f100, 0x0000017637f5d8f0,
0x0000017637f5faa0, 0x0000017637f5e290, 0x000001763c208580, 0x000001763c208a50,
0x000001763c20a730, 0x000001763c20ba70, 0x000001763c20ac00, 0x000001763c20c410,
0x000001763c207240, 0x000001763c205f00, 0x000001763c20bf40, 0x000001763c20c8e0,
0x000001763c207be0, 0x000001763c20d280, 0x000001763c20b0d0, 0x000001763c20d750,
0x000001763c2063d0, 0x000001763c2068a0, 0x000001763c206d70, 0x000001763c2093f0,
0x000001763c2080b0, 0x000001763c2098c0, 0x000001763c209d90, 0x000001763c20a260,
0x000001763c20b5a0, 0x000001763a4c6710, 0x000001763a4c9730, 0x000001763a4c7f20,
0x000001763a4caa70, 0x000001763a4c53d0, 0x000001763a4c83f0, 0x000001763a4c58a0,
0x000001763a4cbdb0, 0x000001763a4cb8e0, 0x000001763a4ca5a0, 0x000001763a4c9260,
0x000001763a4c70b0, 0x000001763a4caf40, 0x000001763a4c9c00, 0x000001763a4c7580,
0x000001763a4ca0d0, 0x000001763a4cc280, 0x000001763a4c88c0, 0x000001763a4cc750,
0x000001763a4ccc20, 0x000001763a4c5d70, 0x000001763a4c7a50, 0x000001763a4cb410,
0x000001763a4c6be0, 0x000001763a4c8d90, 0x000001763a4c6240, 0x000001763c735830,
0x000001763c736b70, 0x000001763c732340, 0x000001763c737040, 0x000001763c7379e0,
0x000001763c731e70, 0x000001763c734020, 0x000001763c737510, 0x000001763c7361d0,
0x000001763c732810, 0x000001763c737eb0, 0x000001763c7349c0, 0x000001763c732ce0,
0x000001763c735360, 0x000001763c735d00, 0x000001763c7319a0, 0x000001763c7331b0,
0x000001763c733680, 0x000001763c734e90, 0x000001763c7366a0, 0x000001763c733b50,
0x000001763c731000, 0x000001763c7344f0, 0x000001763c730660, 0x000001763c730b30,
0x000001763c7314d0, 0x0000017638735490, 0x0000017638737170, 0x0000017638738e50,
0x00000176387367d0, 0x0000017638733c80, 0x0000017638736300, 0x0000017638734620,
0x0000017638735960, 0x00000176387337b0, 0x0000017638736ca0, 0x0000017638737640,
0x0000017638737b10, 0x0000017638734150, 0x0000017638737fe0, 0x00000176387384b0,
0x0000017638732940, 0x00000176387332e0, 0x0000017638734af0, 0x0000017638732e10
}

Java Threads: ( => current thread )
  0x000001761d53d720 JavaThread "main" [_thread_blocked, id=8328, stack(0x0000005252100000,0x0000005252200000)]
  0x000001763737e020 JavaThread "Reference Handler" daemon [_thread_blocked, id=292, stack(0x0000005252800000,0x0000005252900000)]
  0x000001763737f630 JavaThread "Finalizer" daemon [_thread_blocked, id=8748, stack(0x0000005252900000,0x0000005252a00000)]
  0x0000017637d0e710 JavaThread "Signal Dispatcher" daemon [_thread_blocked, id=9264, stack(0x0000005252a00000,0x0000005252b00000)]
  0x0000017637d0f580 JavaThread "Attach Listener" daemon [_thread_blocked, id=12192, stack(0x0000005252b00000,0x0000005252c00000)]
  0x0000017637d10030 JavaThread "Service Thread" daemon [_thread_blocked, id=14236, stack(0x0000005252c00000,0x0000005252d00000)]
  0x0000017637d236d0 JavaThread "Monitor Deflation Thread" daemon [_thread_blocked, id=17776, stack(0x0000005252d00000,0x0000005252e00000)]
  0x0000017637d26f20 JavaThread "C2 CompilerThread0" daemon [_thread_blocked, id=13428, stack(0x0000005252e00000,0x0000005252f00000)]
  0x0000017637d279c0 JavaThread "C1 CompilerThread0" daemon [_thread_blocked, id=14880, stack(0x0000005252f00000,0x0000005253000000)]
  0x0000017637d283b0 JavaThread "Sweeper thread" daemon [_thread_blocked, id=19180, stack(0x0000005253000000,0x0000005253100000)]
  0x0000017637ece440 JavaThread "Common-Cleaner" daemon [_thread_blocked, id=14368, stack(0x0000005253100000,0x0000005253200000)]
  0x0000017637eb2120 JavaThread "Notification Thread" daemon [_thread_blocked, id=17332, stack(0x0000005253200000,0x0000005253300000)]
  0x000001763962c030 JavaThread "Daemon health stats" [_thread_blocked, id=14144, stack(0x0000005253800000,0x0000005253900000)]
  0x000001763953d9d0 JavaThread "Incoming local TCP Connector on port 54955" [_thread_in_native, id=18132, stack(0x0000005253900000,0x0000005253a00000)]
  0x0000017639714f90 JavaThread "Daemon periodic checks" [_thread_blocked, id=16264, stack(0x0000005253a00000,0x0000005253b00000)]
  0x0000017638396870 JavaThread "Daemon" [_thread_blocked, id=17976, stack(0x0000005253b00000,0x0000005253c00000)]
  0x00000176383974e0 JavaThread "Handler for socket connection from /127.0.0.1:54955 to /127.0.0.1:54956" [_thread_in_native, id=11368, stack(0x0000005253c00000,0x0000005253d00000)]
  0x0000017637f5e760 JavaThread "Cancel handler" [_thread_blocked, id=18252, stack(0x0000005253d00000,0x0000005253e00000)]
  0x0000017637f5ca80 JavaThread "Daemon worker" [_thread_blocked, id=8792, stack(0x0000005253e00000,0x0000005253f00000)]
  0x0000017637f5c0e0 JavaThread "Asynchronous log dispatcher for DefaultDaemonConnection: socket connection from /127.0.0.1:54955 to /127.0.0.1:54956" [_thread_blocked, id=5508, stack(0x0000005253f00000,0x0000005254000000)]
  0x0000017637f5ddc0 JavaThread "Stdin handler" [_thread_blocked, id=13980, stack(0x0000005254000000,0x0000005254100000)]
  0x0000017637f5ec30 JavaThread "Daemon client event forwarder" [_thread_blocked, id=5412, stack(0x0000005254100000,0x0000005254200000)]
  0x0000017637f5cf50 JavaThread "Cache worker for journal cache (C:\Users\user\.gradle\caches\journal-1)" [_thread_blocked, id=11360, stack(0x0000005254600000,0x0000005254700000)]
  0x0000017637f5c5b0 JavaThread "File lock request listener" [_thread_in_native, id=17992, stack(0x0000005254700000,0x0000005254800000)]
  0x0000017637f5f5d0 JavaThread "Cache worker for file hash cache (C:\Users\user\.gradle\caches\8.0\fileHashes)" [_thread_blocked, id=17528, stack(0x0000005254800000,0x0000005254900000)]
  0x0000017637f5d420 JavaThread "File watcher server" daemon [_thread_in_native, id=16792, stack(0x0000005254900000,0x0000005254a00000)]
  0x0000017637f5f100 JavaThread "File watcher consumer" daemon [_thread_blocked, id=12852, stack(0x0000005254a00000,0x0000005254b00000)]
  0x0000017637f5d8f0 JavaThread "jar transforms" [_thread_blocked, id=2204, stack(0x0000005254b00000,0x0000005254c00000)]
  0x0000017637f5faa0 JavaThread "jar transforms Thread 2" [_thread_blocked, id=12548, stack(0x0000005254c00000,0x0000005254d00000)]
  0x0000017637f5e290 JavaThread "jar transforms Thread 3" [_thread_blocked, id=4536, stack(0x0000005254d00000,0x0000005254e00000)]
  0x000001763c208580 JavaThread "jar transforms Thread 4" [_thread_blocked, id=16224, stack(0x0000005254e00000,0x0000005254f00000)]
  0x000001763c208a50 JavaThread "jar transforms Thread 5" [_thread_blocked, id=5472, stack(0x0000005254f00000,0x0000005255000000)]
  0x000001763c20a730 JavaThread "jar transforms Thread 6" [_thread_blocked, id=15080, stack(0x0000005255000000,0x0000005255100000)]
  0x000001763c20ba70 JavaThread "jar transforms Thread 7" [_thread_blocked, id=17532, stack(0x0000005255100000,0x0000005255200000)]
  0x000001763c20ac00 JavaThread "jar transforms Thread 8" [_thread_blocked, id=16760, stack(0x0000005255200000,0x0000005255300000)]
  0x000001763c20c410 JavaThread "Cache worker for checksums cache (D:\IT22\sem 5\Pengembangan Aplikasi Mobile\metric_converter_gifriend_kotlin\.gradle\8.0\checksums)" [_thread_blocked, id=8412, stack(0x0000005255300000,0x0000005255400000)]
  0x000001763c207240 JavaThread "Cache worker for cache directory md-rule (C:\Users\user\.gradle\caches\8.0\md-rule)" [_thread_blocked, id=2428, stack(0x0000005255400000,0x0000005255500000)]
  0x000001763c205f00 JavaThread "Cache worker for file content cache (C:\Users\user\.gradle\caches\8.0\fileContent)" [_thread_blocked, id=16284, stack(0x0000005255500000,0x0000005255600000)]
  0x000001763c20bf40 JavaThread "Cache worker for file hash cache (D:\IT22\sem 5\Pengembangan Aplikasi Mobile\metric_converter_gifriend_kotlin\.gradle\8.0\fileHashes)" [_thread_blocked, id=16548, stack(0x0000005255600000,0x0000005255700000)]
  0x000001763c20c8e0 JavaThread "Cache worker for cache directory md-supplier (C:\Users\user\.gradle\caches\8.0\md-supplier)" [_thread_blocked, id=11424, stack(0x0000005255700000,0x0000005255800000)]
  0x000001763c207be0 JavaThread "Cache worker for execution history cache (C:\Users\user\.gradle\caches\8.0\executionHistory)" [_thread_blocked, id=3144, stack(0x0000005255800000,0x0000005255900000)]
  0x000001763c20d280 JavaThread "Cache worker for kotlin-dsl (C:\Users\user\.gradle\caches\8.0\kotlin-dsl)" [_thread_blocked, id=14396, stack(0x0000005255900000,0x0000005255a00000)]
  0x000001763c20b0d0 JavaThread "Cache worker for dependencies-accessors (D:\IT22\sem 5\Pengembangan Aplikasi Mobile\metric_converter_gifriend_kotlin\.gradle\8.0\dependencies-accessors)" [_thread_blocked, id=18324, stack(0x0000005255a00000,0x0000005255b00000)]
  0x000001763c20d750 JavaThread "Cache worker for Build Output Cleanup Cache (D:\IT22\sem 5\Pengembangan Aplikasi Mobile\metric_converter_gifriend_kotlin\.gradle\buildOutputCleanup)" [_thread_blocked, id=5600, stack(0x0000005255b00000,0x0000005255c00000)]
  0x000001763c2063d0 JavaThread "Unconstrained build operations" [_thread_blocked, id=6608, stack(0x0000005255d00000,0x0000005255e00000)]
  0x000001763c2068a0 JavaThread "Unconstrained build operations Thread 2" [_thread_blocked, id=6260, stack(0x0000005255e00000,0x0000005255f00000)]
  0x000001763c206d70 JavaThread "Unconstrained build operations Thread 3" [_thread_blocked, id=16448, stack(0x0000005255f00000,0x0000005256000000)]
  0x000001763c2093f0 JavaThread "Unconstrained build operations Thread 4" [_thread_blocked, id=5320, stack(0x0000005256000000,0x0000005256100000)]
  0x000001763c2080b0 JavaThread "Unconstrained build operations Thread 5" [_thread_blocked, id=9232, stack(0x0000005256100000,0x0000005256200000)]
  0x000001763c2098c0 JavaThread "Unconstrained build operations Thread 6" [_thread_blocked, id=18200, stack(0x0000005256200000,0x0000005256300000)]
  0x000001763c209d90 JavaThread "Unconstrained build operations Thread 7" [_thread_blocked, id=14680, stack(0x0000005256300000,0x0000005256400000)]
  0x000001763c20a260 JavaThread "Unconstrained build operations Thread 8" [_thread_blocked, id=14592, stack(0x0000005256400000,0x0000005256500000)]
  0x000001763c20b5a0 JavaThread "Unconstrained build operations Thread 9" [_thread_blocked, id=18464, stack(0x0000005256500000,0x0000005256600000)]
  0x000001763a4c6710 JavaThread "Unconstrained build operations Thread 10" [_thread_blocked, id=15228, stack(0x0000005256600000,0x0000005256700000)]
  0x000001763a4c9730 JavaThread "Unconstrained build operations Thread 11" [_thread_blocked, id=15468, stack(0x0000005256700000,0x0000005256800000)]
  0x000001763a4c7f20 JavaThread "Unconstrained build operations Thread 12" [_thread_blocked, id=18632, stack(0x0000005256800000,0x0000005256900000)]
  0x000001763a4caa70 JavaThread "Unconstrained build operations Thread 13" [_thread_blocked, id=17324, stack(0x0000005256900000,0x0000005256a00000)]
  0x000001763a4c53d0 JavaThread "Unconstrained build operations Thread 14" [_thread_blocked, id=14448, stack(0x0000005256a00000,0x0000005256b00000)]
  0x000001763a4c83f0 JavaThread "Unconstrained build operations Thread 15" [_thread_blocked, id=18592, stack(0x0000005256b00000,0x0000005256c00000)]
  0x000001763a4c58a0 JavaThread "Unconstrained build operations Thread 16" [_thread_blocked, id=18088, stack(0x0000005256c00000,0x0000005256d00000)]
  0x000001763a4cbdb0 JavaThread "Unconstrained build operations Thread 17" [_thread_blocked, id=17720, stack(0x0000005256d00000,0x0000005256e00000)]
  0x000001763a4cb8e0 JavaThread "Unconstrained build operations Thread 18" [_thread_blocked, id=14088, stack(0x0000005256e00000,0x0000005256f00000)]
  0x000001763a4ca5a0 JavaThread "Unconstrained build operations Thread 19" [_thread_blocked, id=7040, stack(0x0000005256f00000,0x0000005257000000)]
  0x000001763a4c9260 JavaThread "Unconstrained build operations Thread 20" [_thread_blocked, id=11120, stack(0x0000005257000000,0x0000005257100000)]
  0x000001763a4c70b0 JavaThread "Unconstrained build operations Thread 21" [_thread_blocked, id=6600, stack(0x0000005257100000,0x0000005257200000)]
  0x000001763a4caf40 JavaThread "Unconstrained build operations Thread 22" [_thread_blocked, id=18332, stack(0x0000005257200000,0x0000005257300000)]
  0x000001763a4c9c00 JavaThread "Unconstrained build operations Thread 23" [_thread_blocked, id=6440, stack(0x0000005257300000,0x0000005257400000)]
  0x000001763a4c7580 JavaThread "Unconstrained build operations Thread 24" [_thread_blocked, id=3944, stack(0x0000005257400000,0x0000005257500000)]
  0x000001763a4ca0d0 JavaThread "Unconstrained build operations Thread 25" [_thread_blocked, id=18040, stack(0x0000005257500000,0x0000005257600000)]
  0x000001763a4cc280 JavaThread "Unconstrained build operations Thread 26" [_thread_blocked, id=4424, stack(0x0000005257600000,0x0000005257700000)]
  0x000001763a4c88c0 JavaThread "Unconstrained build operations Thread 27" [_thread_blocked, id=14756, stack(0x0000005257700000,0x0000005257800000)]
  0x000001763a4cc750 JavaThread "Unconstrained build operations Thread 28" [_thread_blocked, id=2864, stack(0x0000005257800000,0x0000005257900000)]
  0x000001763a4ccc20 JavaThread "Unconstrained build operations Thread 29" [_thread_blocked, id=1500, stack(0x0000005257900000,0x0000005257a00000)]
  0x000001763a4c5d70 JavaThread "Unconstrained build operations Thread 30" [_thread_blocked, id=14840, stack(0x0000005257a00000,0x0000005257b00000)]
  0x000001763a4c7a50 JavaThread "Unconstrained build operations Thread 31" [_thread_blocked, id=14984, stack(0x0000005257b00000,0x0000005257c00000)]
  0x000001763a4cb410 JavaThread "Unconstrained build operations Thread 32" [_thread_blocked, id=15216, stack(0x0000005257c00000,0x0000005257d00000)]
  0x000001763a4c6be0 JavaThread "Unconstrained build operations Thread 33" [_thread_blocked, id=3668, stack(0x0000005257d00000,0x0000005257e00000)]
  0x000001763a4c8d90 JavaThread "Unconstrained build operations Thread 34" [_thread_blocked, id=16396, stack(0x0000005257e00000,0x0000005257f00000)]
  0x000001763a4c6240 JavaThread "Unconstrained build operations Thread 35" [_thread_blocked, id=18560, stack(0x0000005257f00000,0x0000005258000000)]
  0x000001763c735830 JavaThread "Unconstrained build operations Thread 36" [_thread_blocked, id=4640, stack(0x0000005258000000,0x0000005258100000)]
  0x000001763c736b70 JavaThread "Unconstrained build operations Thread 37" [_thread_blocked, id=14648, stack(0x0000005258100000,0x0000005258200000)]
  0x000001763c732340 JavaThread "Unconstrained build operations Thread 38" [_thread_blocked, id=18944, stack(0x0000005258200000,0x0000005258300000)]
  0x000001763c737040 JavaThread "Unconstrained build operations Thread 39" [_thread_blocked, id=14708, stack(0x0000005258300000,0x0000005258400000)]
  0x000001763c7379e0 JavaThread "Unconstrained build operations Thread 40" [_thread_blocked, id=10844, stack(0x0000005258400000,0x0000005258500000)]
  0x000001763c731e70 JavaThread "Unconstrained build operations Thread 41" [_thread_blocked, id=17876, stack(0x0000005258500000,0x0000005258600000)]
  0x000001763c734020 JavaThread "Unconstrained build operations Thread 42" [_thread_blocked, id=14404, stack(0x0000005258600000,0x0000005258700000)]
  0x000001763c737510 JavaThread "Unconstrained build operations Thread 43" [_thread_blocked, id=18680, stack(0x0000005258700000,0x0000005258800000)]
  0x000001763c7361d0 JavaThread "Unconstrained build operations Thread 44" [_thread_blocked, id=13292, stack(0x0000005258800000,0x0000005258900000)]
  0x000001763c732810 JavaThread "Unconstrained build operations Thread 45" [_thread_blocked, id=14896, stack(0x0000005258900000,0x0000005258a00000)]
  0x000001763c737eb0 JavaThread "Unconstrained build operations Thread 46" [_thread_blocked, id=14652, stack(0x0000005258a00000,0x0000005258b00000)]
  0x000001763c7349c0 JavaThread "Unconstrained build operations Thread 47" [_thread_blocked, id=14548, stack(0x0000005258b00000,0x0000005258c00000)]
  0x000001763c732ce0 JavaThread "Unconstrained build operations Thread 48" [_thread_blocked, id=14748, stack(0x0000005258c00000,0x0000005258d00000)]
  0x000001763c735360 JavaThread "Unconstrained build operations Thread 49" [_thread_blocked, id=6380, stack(0x0000005258d00000,0x0000005258e00000)]
  0x000001763c735d00 JavaThread "Unconstrained build operations Thread 50" [_thread_blocked, id=10472, stack(0x0000005258e00000,0x0000005258f00000)]
  0x000001763c7319a0 JavaThread "Unconstrained build operations Thread 51" [_thread_blocked, id=18292, stack(0x0000005258f00000,0x0000005259000000)]
  0x000001763c7331b0 JavaThread "Unconstrained build operations Thread 52" [_thread_blocked, id=4204, stack(0x0000005259000000,0x0000005259100000)]
  0x000001763c733680 JavaThread "Unconstrained build operations Thread 53" [_thread_blocked, id=13024, stack(0x0000005259100000,0x0000005259200000)]
  0x000001763c734e90 JavaThread "Unconstrained build operations Thread 54" [_thread_blocked, id=14248, stack(0x0000005259200000,0x0000005259300000)]
  0x000001763c7366a0 JavaThread "Unconstrained build operations Thread 55" [_thread_blocked, id=13516, stack(0x0000005259300000,0x0000005259400000)]
  0x000001763c733b50 JavaThread "Unconstrained build operations Thread 56" [_thread_blocked, id=14324, stack(0x0000005259400000,0x0000005259500000)]
  0x000001763c731000 JavaThread "Unconstrained build operations Thread 57" [_thread_blocked, id=19348, stack(0x0000005259500000,0x0000005259600000)]
  0x000001763c7344f0 JavaThread "Unconstrained build operations Thread 58" [_thread_blocked, id=6200, stack(0x0000005259600000,0x0000005259700000)]
  0x000001763c730660 JavaThread "Unconstrained build operations Thread 59" [_thread_blocked, id=9808, stack(0x0000005259700000,0x0000005259800000)]
  0x000001763c730b30 JavaThread "Unconstrained build operations Thread 60" [_thread_blocked, id=14932, stack(0x0000005259800000,0x0000005259900000)]
  0x000001763c7314d0 JavaThread "Unconstrained build operations Thread 61" [_thread_blocked, id=17728, stack(0x0000005259900000,0x0000005259a00000)]
  0x0000017638735490 JavaThread "Unconstrained build operations Thread 62" [_thread_blocked, id=828, stack(0x0000005259a00000,0x0000005259b00000)]
  0x0000017638737170 JavaThread "Unconstrained build operations Thread 63" [_thread_blocked, id=12892, stack(0x0000005259b00000,0x0000005259c00000)]
  0x0000017638738e50 JavaThread "Unconstrained build operations Thread 64" [_thread_blocked, id=4936, stack(0x0000005259c00000,0x0000005259d00000)]
  0x00000176387367d0 JavaThread "Unconstrained build operations Thread 65" [_thread_blocked, id=3236, stack(0x0000005259d00000,0x0000005259e00000)]
  0x0000017638733c80 JavaThread "Unconstrained build operations Thread 66" [_thread_blocked, id=9724, stack(0x0000005259e00000,0x0000005259f00000)]
  0x0000017638736300 JavaThread "Unconstrained build operations Thread 67" [_thread_blocked, id=15124, stack(0x0000005259f00000,0x000000525a000000)]
  0x0000017638734620 JavaThread "Unconstrained build operations Thread 68" [_thread_blocked, id=14020, stack(0x000000525a000000,0x000000525a100000)]
  0x0000017638735960 JavaThread "Unconstrained build operations Thread 69" [_thread_blocked, id=17192, stack(0x000000525a100000,0x000000525a200000)]
  0x00000176387337b0 JavaThread "Unconstrained build operations Thread 70" [_thread_blocked, id=18988, stack(0x000000525a200000,0x000000525a300000)]
  0x0000017638736ca0 JavaThread "Unconstrained build operations Thread 71" [_thread_blocked, id=4780, stack(0x000000525a300000,0x000000525a400000)]
  0x0000017638737640 JavaThread "Unconstrained build operations Thread 72" [_thread_blocked, id=12752, stack(0x000000525a400000,0x000000525a500000)]
  0x0000017638737b10 JavaThread "Unconstrained build operations Thread 73" [_thread_blocked, id=3396, stack(0x000000525a500000,0x000000525a600000)]
  0x0000017638734150 JavaThread "Unconstrained build operations Thread 74" [_thread_blocked, id=19052, stack(0x000000525a600000,0x000000525a700000)]
  0x0000017638737fe0 JavaThread "Unconstrained build operations Thread 75" [_thread_blocked, id=4848, stack(0x000000525a700000,0x000000525a800000)]
  0x00000176387384b0 JavaThread "Unconstrained build operations Thread 76" [_thread_blocked, id=18764, stack(0x000000525a800000,0x000000525a900000)]
  0x0000017638732940 JavaThread "Unconstrained build operations Thread 77" [_thread_blocked, id=4476, stack(0x000000525a900000,0x000000525aa00000)]
  0x00000176387332e0 JavaThread "Unconstrained build operations Thread 78" [_thread_blocked, id=13344, stack(0x000000525aa00000,0x000000525ab00000)]
  0x0000017638734af0 JavaThread "Unconstrained build operations Thread 79" [_thread_blocked, id=13892, stack(0x000000525ab00000,0x000000525ac00000)]
  0x0000017638732e10 JavaThread "Unconstrained build operations Thread 80" [_thread_blocked, id=19424, stack(0x000000525ac00000,0x000000525ad00000)]

Other Threads:
=>0x000001763737cc80 VMThread "VM Thread" [stack: 0x0000005252700000,0x0000005252800000] [id=8304]
  0x0000017637eb4a00 WatcherThread [stack: 0x0000005253300000,0x0000005253400000] [id=16376]
  0x000001761d59c0d0 GCTaskThread "GC Thread#0" [stack: 0x0000005252200000,0x0000005252300000] [id=16528]
  0x0000017638a04e30 GCTaskThread "GC Thread#1" [stack: 0x0000005253400000,0x0000005253500000] [id=2860]
  0x0000017638d13500 GCTaskThread "GC Thread#2" [stack: 0x0000005253500000,0x0000005253600000] [id=16536]
  0x0000017638cfdd10 GCTaskThread "GC Thread#3" [stack: 0x0000005253600000,0x0000005253700000] [id=16324]
  0x0000017638aeb490 GCTaskThread "GC Thread#4" [stack: 0x0000005253700000,0x0000005253800000] [id=4076]
  0x0000017638073030 GCTaskThread "GC Thread#5" [stack: 0x0000005254200000,0x0000005254300000] [id=14740]
  0x00000176387cf130 GCTaskThread "GC Thread#6" [stack: 0x0000005254300000,0x0000005254400000] [id=17416]
  0x0000017638329870 GCTaskThread "GC Thread#7" [stack: 0x0000005254400000,0x0000005254500000] [id=12860]
  0x000001761d5ad7b0 ConcurrentGCThread "G1 Main Marker" [stack: 0x0000005252300000,0x0000005252400000] [id=14904]
  0x000001761d5ae1c0 ConcurrentGCThread "G1 Conc#0" [stack: 0x0000005252400000,0x0000005252500000] [id=9860]
  0x00000176389eb4c0 ConcurrentGCThread "G1 Conc#1" [stack: 0x0000005254500000,0x0000005254600000] [id=16352]
  0x000001761d5fea20 ConcurrentGCThread "G1 Refine#0" [stack: 0x0000005252500000,0x0000005252600000] [id=8236]
  0x00000176371d1610 ConcurrentGCThread "G1 Service" [stack: 0x0000005252600000,0x0000005252700000] [id=15404]

Threads with active compile tasks:

VM state: at safepoint (normal execution)

VM Mutex/Monitor currently owned by a thread:  ([mutex/lock_event])
[0x000001761d53a910] Threads_lock - owner thread: 0x000001763737cc80
[0x000001761d53a1c0] Heap_lock - owner thread: 0x000001761d5ad7b0

Heap address: 0x0000000080000000, size: 2048 MB, Compressed Oops mode: 32-bit

CDS archive(s) not mapped
Compressed class space mapped at: 0x0000000100000000-0x0000000140000000, reserved size: 1073741824
Narrow klass base: 0x0000000000000000, Narrow klass shift: 3, Narrow klass range: 0x140000000

GC Precious Log:
 CPUs: 8 total, 8 available
 Memory: 6081M
 Large Page Support: Disabled
 NUMA Support: Disabled
 Compressed Oops: Enabled (32-bit)
 Heap Region Size: 1M
 Heap Min Capacity: 8M
 Heap Initial Capacity: 96M
 Heap Max Capacity: 2G
 Pre-touch: Disabled
 Parallel Workers: 8
 Concurrent Workers: 2
 Concurrent Refinement Workers: 8
 Periodic GC: Disabled

Heap:
 garbage-first heap   total 153600K, used 93332K [0x0000000080000000, 0x0000000100000000)
  region size 1024K, 5 young (5120K), 3 survivors (3072K)
 Metaspace       used 63170K, committed 63808K, reserved 1105920K
  class space    used 8442K, committed 8768K, reserved 1048576K

Heap Regions: E=young(eden), S=young(survivor), O=old, HS=humongous(starts), HC=humongous(continues), CS=collection set, F=free, OA=open archive, CA=closed archive, TAMS=top-at-mark-start (previous, next)
|   0|0x0000000080000000, 0x0000000080100000, 0x0000000080100000|100%|HS|  |TAMS 0x0000000080100000, 0x0000000080000000| Complete 
|   1|0x0000000080100000, 0x0000000080200000, 0x0000000080200000|100%|HC|  |TAMS 0x0000000080200000, 0x0000000080100000| Complete 
|   2|0x0000000080200000, 0x0000000080300000, 0x0000000080300000|100%|HC|  |TAMS 0x0000000080300000, 0x0000000080200000| Complete 
|   3|0x0000000080300000, 0x0000000080400000, 0x0000000080400000|100%|HC|  |TAMS 0x0000000080400000, 0x0000000080300000| Complete 
|   4|0x0000000080400000, 0x0000000080500000, 0x0000000080500000|100%| O|  |TAMS 0x0000000080500000, 0x0000000080400000| Untracked 
|   5|0x0000000080500000, 0x0000000080600000, 0x0000000080600000|100%| O|  |TAMS 0x0000000080600000, 0x0000000080500000| Untracked 
|   6|0x0000000080600000, 0x0000000080700000, 0x0000000080700000|100%| O|  |TAMS 0x0000000080700000, 0x0000000080600000| Untracked 
|   7|0x0000000080700000, 0x0000000080800000, 0x0000000080800000|100%| O|  |TAMS 0x0000000080800000, 0x0000000080700000| Untracked 
|   8|0x0000000080800000, 0x0000000080900000, 0x0000000080900000|100%| O|  |TAMS 0x0000000080900000, 0x0000000080800000| Untracked 
|   9|0x0000000080900000, 0x0000000080a00000, 0x0000000080a00000|100%| O|  |TAMS 0x0000000080a00000, 0x0000000080900000| Untracked 
|  10|0x0000000080a00000, 0x0000000080b00000, 0x0000000080b00000|100%| O|  |TAMS 0x0000000080b00000, 0x0000000080a00000| Untracked 
|  11|0x0000000080b00000, 0x0000000080c00000, 0x0000000080c00000|100%| O|  |TAMS 0x0000000080c00000, 0x0000000080b00000| Untracked 
|  12|0x0000000080c00000, 0x0000000080d00000, 0x0000000080d00000|100%| O|  |TAMS 0x0000000080d00000, 0x0000000080c00000| Untracked 
|  13|0x0000000080d00000, 0x0000000080df8c00, 0x0000000080e00000| 97%| O|  |TAMS 0x0000000080df8c00, 0x0000000080d00000| Untracked 
|  14|0x0000000080e00000, 0x0000000080f00000, 0x0000000080f00000|100%| O|  |TAMS 0x0000000080f00000, 0x0000000080e00000| Untracked 
|  15|0x0000000080f00000, 0x0000000081000000, 0x0000000081000000|100%| O|  |TAMS 0x0000000081000000, 0x0000000080f00000| Untracked 
|  16|0x0000000081000000, 0x0000000081100000, 0x0000000081100000|100%| O|  |TAMS 0x0000000081100000, 0x0000000081000000| Untracked 
|  17|0x0000000081100000, 0x0000000081200000, 0x0000000081200000|100%| O|  |TAMS 0x0000000081200000, 0x0000000081100000| Untracked 
|  18|0x0000000081200000, 0x0000000081300000, 0x0000000081300000|100%| O|  |TAMS 0x0000000081300000, 0x0000000081200000| Untracked 
|  19|0x0000000081300000, 0x0000000081400000, 0x0000000081400000|100%| O|  |TAMS 0x0000000081400000, 0x0000000081300000| Untracked 
|  20|0x0000000081400000, 0x0000000081500000, 0x0000000081500000|100%| O|  |TAMS 0x0000000081500000, 0x0000000081400000| Untracked 
|  21|0x0000000081500000, 0x0000000081600000, 0x0000000081600000|100%| O|  |TAMS 0x0000000081600000, 0x0000000081500000| Untracked 
|  22|0x0000000081600000, 0x0000000081700000, 0x0000000081700000|100%|HS|  |TAMS 0x0000000081700000, 0x0000000081600000| Complete 
|  23|0x0000000081700000, 0x0000000081800000, 0x0000000081800000|100%|HC|  |TAMS 0x0000000081800000, 0x0000000081700000| Complete 
|  24|0x0000000081800000, 0x0000000081900000, 0x0000000081900000|100%|HS|  |TAMS 0x0000000081900000, 0x0000000081800000| Complete 
|  25|0x0000000081900000, 0x0000000081a00000, 0x0000000081a00000|100%|HC|  |TAMS 0x0000000081a00000, 0x0000000081900000| Complete 
|  26|0x0000000081a00000, 0x0000000081b00000, 0x0000000081b00000|100%|HC|  |TAMS 0x0000000081b00000, 0x0000000081a00000| Complete 
|  27|0x0000000081b00000, 0x0000000081c00000, 0x0000000081c00000|100%|HS|  |TAMS 0x0000000081c00000, 0x0000000081b00000| Complete 
|  28|0x0000000081c00000, 0x0000000081d00000, 0x0000000081d00000|100%|HC|  |TAMS 0x0000000081d00000, 0x0000000081c00000| Complete 
|  29|0x0000000081d00000, 0x0000000081e00000, 0x0000000081e00000|100%|HC|  |TAMS 0x0000000081e00000, 0x0000000081d00000| Complete 
|  30|0x0000000081e00000, 0x0000000081f00000, 0x0000000081f00000|100%|HS|  |TAMS 0x0000000081f00000, 0x0000000081e00000| Complete 
|  31|0x0000000081f00000, 0x0000000082000000, 0x0000000082000000|100%|HC|  |TAMS 0x0000000082000000, 0x0000000081f00000| Complete 
|  32|0x0000000082000000, 0x0000000082100000, 0x0000000082100000|100%|HC|  |TAMS 0x0000000082100000, 0x0000000082000000| Complete 
|  33|0x0000000082100000, 0x0000000082200000, 0x0000000082200000|100%|HC|  |TAMS 0x0000000082200000, 0x0000000082100000| Complete 
|  34|0x0000000082200000, 0x0000000082300000, 0x0000000082300000|100%|HC|  |TAMS 0x0000000082300000, 0x0000000082200000| Complete 
|  35|0x0000000082300000, 0x0000000082400000, 0x0000000082400000|100%|HC|  |TAMS 0x0000000082400000, 0x0000000082300000| Complete 
|  36|0x0000000082400000, 0x0000000082500000, 0x0000000082500000|100%|HC|  |TAMS 0x0000000082500000, 0x0000000082400000| Complete 
|  37|0x0000000082500000, 0x0000000082600000, 0x0000000082600000|100%|HC|  |TAMS 0x0000000082600000, 0x0000000082500000| Complete 
|  38|0x0000000082600000, 0x0000000082700000, 0x0000000082700000|100%|HC|  |TAMS 0x0000000082700000, 0x0000000082600000| Complete 
|  39|0x0000000082700000, 0x0000000082800000, 0x0000000082800000|100%|HC|  |TAMS 0x0000000082800000, 0x0000000082700000| Complete 
|  40|0x0000000082800000, 0x0000000082900000, 0x0000000082900000|100%|HC|  |TAMS 0x0000000082900000, 0x0000000082800000| Complete 
|  41|0x0000000082900000, 0x0000000082a00000, 0x0000000082a00000|100%|HC|  |TAMS 0x0000000082a00000, 0x0000000082900000| Complete 
|  42|0x0000000082a00000, 0x0000000082b00000, 0x0000000082b00000|100%| O|  |TAMS 0x0000000082b00000, 0x0000000082a00000| Untracked 
|  43|0x0000000082b00000, 0x0000000082c00000, 0x0000000082c00000|100%| O|  |TAMS 0x0000000082c00000, 0x0000000082b00000| Untracked 
|  44|0x0000000082c00000, 0x0000000082d00000, 0x0000000082d00000|100%|HS|  |TAMS 0x0000000082d00000, 0x0000000082c00000| Complete 
|  45|0x0000000082d00000, 0x0000000082e00000, 0x0000000082e00000|100%|HC|  |TAMS 0x0000000082e00000, 0x0000000082d00000| Complete 
|  46|0x0000000082e00000, 0x0000000082f00000, 0x0000000082f00000|100%| O|  |TAMS 0x0000000082f00000, 0x0000000082e00000| Untracked 
|  47|0x0000000082f00000, 0x0000000083000000, 0x0000000083000000|100%| O|  |TAMS 0x0000000083000000, 0x0000000082f00000| Untracked 
|  48|0x0000000083000000, 0x0000000083100000, 0x0000000083100000|100%| O|  |TAMS 0x0000000083100000, 0x0000000083000000| Untracked 
|  49|0x0000000083100000, 0x0000000083200000, 0x0000000083200000|100%| O|  |TAMS 0x0000000083200000, 0x0000000083100000| Untracked 
|  50|0x0000000083200000, 0x0000000083300000, 0x0000000083300000|100%| O|  |TAMS 0x0000000083300000, 0x0000000083200000| Untracked 
|  51|0x0000000083300000, 0x0000000083400000, 0x0000000083400000|100%| O|  |TAMS 0x0000000083400000, 0x0000000083300000| Untracked 
|  52|0x0000000083400000, 0x0000000083500000, 0x0000000083500000|100%| O|  |TAMS 0x0000000083500000, 0x0000000083400000| Untracked 
|  53|0x0000000083500000, 0x0000000083600000, 0x0000000083600000|100%| O|  |TAMS 0x0000000083600000, 0x0000000083500000| Untracked 
|  54|0x0000000083600000, 0x0000000083700000, 0x0000000083700000|100%| O|  |TAMS 0x0000000083700000, 0x0000000083600000| Untracked 
|  55|0x0000000083700000, 0x0000000083800000, 0x0000000083800000|100%| O|  |TAMS 0x0000000083800000, 0x0000000083700000| Untracked 
|  56|0x0000000083800000, 0x0000000083900000, 0x0000000083900000|100%| O|  |TAMS 0x0000000083900000, 0x0000000083800000| Updating 
|  57|0x0000000083900000, 0x0000000083a00000, 0x0000000083a00000|100%|HS|  |TAMS 0x0000000083a00000, 0x0000000083900000| Complete 
|  58|0x0000000083a00000, 0x0000000083b00000, 0x0000000083b00000|100%|HC|  |TAMS 0x0000000083b00000, 0x0000000083a00000| Complete 
|  59|0x0000000083b00000, 0x0000000083c00000, 0x0000000083c00000|100%|HC|  |TAMS 0x0000000083c00000, 0x0000000083b00000| Complete 
|  60|0x0000000083c00000, 0x0000000083d00000, 0x0000000083d00000|100%|HS|  |TAMS 0x0000000083d00000, 0x0000000083c00000| Complete 
|  61|0x0000000083d00000, 0x0000000083e00000, 0x0000000083e00000|100%|HC|  |TAMS 0x0000000083e00000, 0x0000000083d00000| Complete 
|  62|0x0000000083e00000, 0x0000000083f00000, 0x0000000083f00000|100%|HC|  |TAMS 0x0000000083f00000, 0x0000000083e00000| Complete 
|  63|0x0000000083f00000, 0x0000000084000000, 0x0000000084000000|100%| O|  |TAMS 0x0000000084000000, 0x0000000083f00000| Updating 
|  64|0x0000000084000000, 0x0000000084100000, 0x0000000084100000|100%| O|  |TAMS 0x0000000084100000, 0x0000000084000000| Untracked 
|  65|0x0000000084100000, 0x0000000084200000, 0x0000000084200000|100%| O|  |TAMS 0x0000000084200000, 0x0000000084100000| Untracked 
|  66|0x0000000084200000, 0x0000000084300000, 0x0000000084300000|100%| O|  |TAMS 0x0000000084300000, 0x0000000084200000| Updating 
|  67|0x0000000084300000, 0x0000000084400000, 0x0000000084400000|100%| O|  |TAMS 0x0000000084400000, 0x0000000084300000| Updating 
|  68|0x0000000084400000, 0x0000000084500000, 0x0000000084500000|100%| O|  |TAMS 0x0000000084500000, 0x0000000084400000| Updating 
|  69|0x0000000084500000, 0x0000000084600000, 0x0000000084600000|100%| O|  |TAMS 0x0000000084600000, 0x0000000084500000| Untracked 
|  70|0x0000000084600000, 0x0000000084700000, 0x0000000084700000|100%| O|  |TAMS 0x0000000084700000, 0x0000000084600000| Untracked 
|  71|0x0000000084700000, 0x0000000084800000, 0x0000000084800000|100%| O|  |TAMS 0x0000000084800000, 0x0000000084700000| Untracked 
|  72|0x0000000084800000, 0x0000000084900000, 0x0000000084900000|100%| O|  |TAMS 0x0000000084900000, 0x0000000084800000| Updating 
|  73|0x0000000084900000, 0x0000000084a00000, 0x0000000084a00000|100%|HS|  |TAMS 0x0000000084a00000, 0x0000000084900000| Complete 
|  74|0x0000000084a00000, 0x0000000084b00000, 0x0000000084b00000|100%|HS|  |TAMS 0x0000000084b00000, 0x0000000084a00000| Complete 
|  75|0x0000000084b00000, 0x0000000084c00000, 0x0000000084c00000|100%| O|  |TAMS 0x0000000084c00000, 0x0000000084b00000| Untracked 
|  76|0x0000000084c00000, 0x0000000084d00000, 0x0000000084d00000|100%| O|  |TAMS 0x0000000084cfdc00, 0x0000000084c00000| Updating 
|  77|0x0000000084d00000, 0x0000000084e00000, 0x0000000084e00000|100%|HS|  |TAMS 0x0000000084e00000, 0x0000000084d00000| Complete 
|  78|0x0000000084e00000, 0x0000000084f00000, 0x0000000084f00000|100%|HC|  |TAMS 0x0000000084f00000, 0x0000000084e00000| Complete 
|  79|0x0000000084f00000, 0x0000000085000000, 0x0000000085000000|100%|HS|  |TAMS 0x0000000085000000, 0x0000000084f00000| Complete 
|  80|0x0000000085000000, 0x0000000085100000, 0x0000000085100000|100%|HS|  |TAMS 0x0000000085100000, 0x0000000085000000| Complete 
|  81|0x0000000085100000, 0x0000000085200000, 0x0000000085200000|100%|HC|  |TAMS 0x0000000085200000, 0x0000000085100000| Complete 
|  82|0x0000000085200000, 0x0000000085300000, 0x0000000085300000|100%|HC|  |TAMS 0x0000000085300000, 0x0000000085200000| Complete 
|  83|0x0000000085300000, 0x0000000085400000, 0x0000000085400000|100%|HC|  |TAMS 0x0000000085400000, 0x0000000085300000| Complete 
|  84|0x0000000085400000, 0x0000000085500000, 0x0000000085500000|100%| O|  |TAMS 0x0000000085400000, 0x0000000085400000| Untracked 
|  85|0x0000000085500000, 0x0000000085600000, 0x0000000085600000|100%| O|  |TAMS 0x0000000085500000, 0x0000000085500000| Untracked 
|  86|0x0000000085600000, 0x00000000856f6600, 0x0000000085700000| 96%| O|  |TAMS 0x0000000085600000, 0x0000000085600000| Untracked 
|  87|0x0000000085700000, 0x0000000085800000, 0x0000000085800000|100%|HS|  |TAMS 0x0000000085700000, 0x0000000085700000| Complete 
|  88|0x0000000085800000, 0x0000000085800000, 0x0000000085900000|  0%| F|  |TAMS 0x0000000085800000, 0x0000000085800000| Untracked 
|  89|0x0000000085900000, 0x0000000085900000, 0x0000000085a00000|  0%| F|  |TAMS 0x0000000085900000, 0x0000000085900000| Untracked 
|  90|0x0000000085a00000, 0x0000000085a00000, 0x0000000085b00000|  0%| F|  |TAMS 0x0000000085a00000, 0x0000000085a00000| Untracked 
|  91|0x0000000085b00000, 0x0000000085b00000, 0x0000000085c00000|  0%| F|  |TAMS 0x0000000085b00000, 0x0000000085b00000| Untracked 
|  92|0x0000000085c00000, 0x0000000085c00000, 0x0000000085d00000|  0%| F|  |TAMS 0x0000000085c00000, 0x0000000085c00000| Untracked 
|  93|0x0000000085d00000, 0x0000000085d00000, 0x0000000085e00000|  0%| F|  |TAMS 0x0000000085d00000, 0x0000000085d00000| Untracked 
|  94|0x0000000085e00000, 0x0000000085e00000, 0x0000000085f00000|  0%| F|  |TAMS 0x0000000085e00000, 0x0000000085e00000| Untracked 
|  95|0x0000000085f00000, 0x0000000085f00000, 0x0000000086000000|  0%| F|  |TAMS 0x0000000085f00000, 0x0000000085f00000| Untracked 
|  96|0x0000000086000000, 0x0000000086000000, 0x0000000086100000|  0%| F|  |TAMS 0x0000000086000000, 0x0000000086000000| Untracked 
|  97|0x0000000086100000, 0x0000000086100000, 0x0000000086200000|  0%| F|  |TAMS 0x0000000086100000, 0x0000000086100000| Untracked 
|  98|0x0000000086200000, 0x0000000086200000, 0x0000000086300000|  0%| F|  |TAMS 0x0000000086200000, 0x0000000086200000| Untracked 
|  99|0x0000000086300000, 0x0000000086300000, 0x0000000086400000|  0%| F|  |TAMS 0x0000000086300000, 0x0000000086300000| Untracked 
| 100|0x0000000086400000, 0x0000000086400000, 0x0000000086500000|  0%| F|  |TAMS 0x0000000086400000, 0x0000000086400000| Untracked 
| 101|0x0000000086500000, 0x0000000086500000, 0x0000000086600000|  0%| F|  |TAMS 0x0000000086500000, 0x0000000086500000| Untracked 
| 102|0x0000000086600000, 0x0000000086600000, 0x0000000086700000|  0%| F|  |TAMS 0x0000000086600000, 0x0000000086600000| Untracked 
| 103|0x0000000086700000, 0x0000000086700000, 0x0000000086800000|  0%| F|  |TAMS 0x0000000086700000, 0x0000000086700000| Untracked 
| 104|0x0000000086800000, 0x0000000086800000, 0x0000000086900000|  0%| F|  |TAMS 0x0000000086800000, 0x0000000086800000| Untracked 
| 105|0x0000000086900000, 0x0000000086900000, 0x0000000086a00000|  0%| F|  |TAMS 0x0000000086900000, 0x0000000086900000| Untracked 
| 106|0x0000000086a00000, 0x0000000086a00000, 0x0000000086b00000|  0%| F|  |TAMS 0x0000000086a00000, 0x0000000086a00000| Untracked 
| 107|0x0000000086b00000, 0x0000000086b00000, 0x0000000086c00000|  0%| F|  |TAMS 0x0000000086b00000, 0x0000000086b00000| Untracked 
| 108|0x0000000086c00000, 0x0000000086c00000, 0x0000000086d00000|  0%| F|  |TAMS 0x0000000086c00000, 0x0000000086c00000| Untracked 
| 109|0x0000000086d00000, 0x0000000086d00000, 0x0000000086e00000|  0%| F|  |TAMS 0x0000000086d00000, 0x0000000086d00000| Untracked 
| 110|0x0000000086e00000, 0x0000000086e00000, 0x0000000086f00000|  0%| F|  |TAMS 0x0000000086e00000, 0x0000000086e00000| Untracked 
| 111|0x0000000086f00000, 0x0000000086f00000, 0x0000000087000000|  0%| F|  |TAMS 0x0000000086f00000, 0x0000000086f00000| Untracked 
| 112|0x0000000087000000, 0x0000000087000000, 0x0000000087100000|  0%| F|  |TAMS 0x0000000087000000, 0x0000000087000000| Untracked 
| 113|0x0000000087100000, 0x0000000087100000, 0x0000000087200000|  0%| F|  |TAMS 0x0000000087100000, 0x0000000087100000| Untracked 
| 114|0x0000000087200000, 0x0000000087200000, 0x0000000087300000|  0%| F|  |TAMS 0x0000000087200000, 0x0000000087200000| Untracked 
| 115|0x0000000087300000, 0x0000000087300000, 0x0000000087400000|  0%| F|  |TAMS 0x0000000087300000, 0x0000000087300000| Untracked 
| 116|0x0000000087400000, 0x0000000087400000, 0x0000000087500000|  0%| F|  |TAMS 0x0000000087400000, 0x0000000087400000| Untracked 
| 117|0x0000000087500000, 0x0000000087500000, 0x0000000087600000|  0%| F|  |TAMS 0x0000000087500000, 0x0000000087500000| Untracked 
| 118|0x0000000087600000, 0x0000000087600000, 0x0000000087700000|  0%| F|  |TAMS 0x0000000087600000, 0x0000000087600000| Untracked 
| 119|0x0000000087700000, 0x0000000087700000, 0x0000000087800000|  0%| F|  |TAMS 0x0000000087700000, 0x0000000087700000| Untracked 
| 120|0x0000000087800000, 0x0000000087800000, 0x0000000087900000|  0%| F|  |TAMS 0x0000000087800000, 0x0000000087800000| Untracked 
| 121|0x0000000087900000, 0x0000000087900000, 0x0000000087a00000|  0%| F|  |TAMS 0x0000000087900000, 0x0000000087900000| Untracked 
| 122|0x0000000087a00000, 0x0000000087a00000, 0x0000000087b00000|  0%| F|  |TAMS 0x0000000087a00000, 0x0000000087a00000| Untracked 
| 123|0x0000000087b00000, 0x0000000087b00000, 0x0000000087c00000|  0%| F|  |TAMS 0x0000000087b00000, 0x0000000087b00000| Untracked 
| 124|0x0000000087c00000, 0x0000000087c00000, 0x0000000087d00000|  0%| F|  |TAMS 0x0000000087c00000, 0x0000000087c00000| Untracked 
| 125|0x0000000087d00000, 0x0000000087d00000, 0x0000000087e00000|  0%| F|  |TAMS 0x0000000087d00000, 0x0000000087d00000| Untracked 
| 126|0x0000000087e00000, 0x0000000087e00000, 0x0000000087f00000|  0%| F|  |TAMS 0x0000000087e00000, 0x0000000087e00000| Untracked 
| 127|0x0000000087f00000, 0x0000000087f00000, 0x0000000088000000|  0%| F|  |TAMS 0x0000000087f00000, 0x0000000087f00000| Untracked 
| 128|0x0000000088000000, 0x0000000088000000, 0x0000000088100000|  0%| F|  |TAMS 0x0000000088000000, 0x0000000088000000| Untracked 
| 129|0x0000000088100000, 0x0000000088100000, 0x0000000088200000|  0%| F|  |TAMS 0x0000000088100000, 0x0000000088100000| Untracked 
| 130|0x0000000088200000, 0x0000000088200000, 0x0000000088300000|  0%| F|  |TAMS 0x0000000088200000, 0x0000000088200000| Untracked 
| 131|0x0000000088300000, 0x0000000088300000, 0x0000000088400000|  0%| F|  |TAMS 0x0000000088300000, 0x0000000088300000| Untracked 
| 132|0x0000000088400000, 0x0000000088400000, 0x0000000088500000|  0%| F|  |TAMS 0x0000000088400000, 0x0000000088400000| Untracked 
| 133|0x0000000088500000, 0x0000000088500000, 0x0000000088600000|  0%| F|  |TAMS 0x0000000088500000, 0x0000000088500000| Untracked 
| 134|0x0000000088600000, 0x0000000088600000, 0x0000000088700000|  0%| F|  |TAMS 0x0000000088600000, 0x0000000088600000| Untracked 
| 135|0x0000000088700000, 0x0000000088700000, 0x0000000088800000|  0%| F|  |TAMS 0x0000000088700000, 0x0000000088700000| Untracked 
| 136|0x0000000088800000, 0x0000000088800000, 0x0000000088900000|  0%| F|  |TAMS 0x0000000088800000, 0x0000000088800000| Untracked 
| 137|0x0000000088900000, 0x0000000088900000, 0x0000000088a00000|  0%| F|  |TAMS 0x0000000088900000, 0x0000000088900000| Untracked 
| 138|0x0000000088a00000, 0x0000000088a00000, 0x0000000088b00000|  0%| F|  |TAMS 0x0000000088a00000, 0x0000000088a00000| Untracked 
| 139|0x0000000088b00000, 0x0000000088b00000, 0x0000000088c00000|  0%| F|  |TAMS 0x0000000088b00000, 0x0000000088b00000| Untracked 
| 140|0x0000000088c00000, 0x0000000088c00000, 0x0000000088d00000|  0%| F|  |TAMS 0x0000000088c00000, 0x0000000088c00000| Untracked 
| 141|0x0000000088d00000, 0x0000000088d00000, 0x0000000088e00000|  0%| F|  |TAMS 0x0000000088d00000, 0x0000000088d00000| Untracked 
| 142|0x0000000088e00000, 0x0000000088e00000, 0x0000000088f00000|  0%| F|  |TAMS 0x0000000088e00000, 0x0000000088e00000| Untracked 
| 143|0x0000000088f00000, 0x0000000088f00000, 0x0000000089000000|  0%| F|  |TAMS 0x0000000088f00000, 0x0000000088f00000| Untracked 
| 144|0x0000000089000000, 0x0000000089000000, 0x0000000089100000|  0%| F|  |TAMS 0x0000000089000000, 0x0000000089000000| Untracked 
| 145|0x0000000089100000, 0x0000000089136020, 0x0000000089200000| 21%| S|CS|TAMS 0x0000000089100000, 0x0000000089100000| Complete 
| 146|0x0000000089200000, 0x0000000089300000, 0x0000000089300000|100%| S|CS|TAMS 0x0000000089200000, 0x0000000089200000| Complete 
| 147|0x0000000089300000, 0x0000000089400000, 0x0000000089400000|100%| S|CS|TAMS 0x0000000089300000, 0x0000000089300000| Complete 
| 148|0x0000000089400000, 0x0000000089458778, 0x0000000089500000| 34%| E|  |TAMS 0x0000000089400000, 0x0000000089400000| Complete 
| 149|0x0000000089500000, 0x0000000089600000, 0x0000000089600000|100%| E|CS|TAMS 0x0000000089500000, 0x0000000089500000| Complete 

Card table byte_map: [0x0000017630130000,0x0000017630530000] _byte_map_base: 0x000001762fd30000

Marking Bits (Prev, Next): (CMBitMap*) 0x000001761d59c720, (CMBitMap*) 0x000001761d59c6e0
 Prev Bits: [0x0000017632930000, 0x0000017634930000)
 Next Bits: [0x0000017630930000, 0x0000017632930000)

Polling page: 0x000001761b4d0000

Metaspace:

Usage:
  Non-class:     53.44 MB used.
      Class:      8.24 MB used.
       Both:     61.69 MB used.

Virtual space:
  Non-class space:       56.00 MB reserved,      53.75 MB ( 96%) committed,  7 nodes.
      Class space:        1.00 GB reserved,       8.56 MB ( <1%) committed,  1 nodes.
             Both:        1.05 GB reserved,      62.31 MB (  6%) committed. 

Chunk freelists:
   Non-Class:  2.25 MB
       Class:  3.42 MB
        Both:  5.67 MB

MaxMetaspaceSize: unlimited
CompressedClassSpaceSize: 1.00 GB
Initial GC threshold: 21.00 MB
Current GC threshold: 103.38 MB
CDS: off
MetaspaceReclaimPolicy: balanced
 - commit_granule_bytes: 65536.
 - commit_granule_words: 8192.
 - virtual_space_node_default_size: 1048576.
 - enlarge_chunks_in_place: 1.
 - new_chunks_are_fully_committed: 0.
 - uncommit_free_chunks: 1.
 - use_allocation_guard: 0.
 - handle_deallocations: 1.


Internal statistics:

num_allocs_failed_limit: 3.
num_arena_births: 700.
num_arena_deaths: 0.
num_vsnodes_births: 8.
num_vsnodes_deaths: 0.
num_space_committed: 997.
num_space_uncommitted: 0.
num_chunks_returned_to_freelist: 3.
num_chunks_taken_from_freelist: 2711.
num_chunk_merges: 3.
num_chunk_splits: 1751.
num_chunks_enlarged: 1153.
num_purges: 0.
num_inconsistent_stats: 0.

CodeHeap 'non-profiled nmethods': size=120000Kb used=2586Kb max_used=3259Kb free=117413Kb
 bounds [0x00000176284d0000, 0x0000017628800000, 0x000001762fa00000]
CodeHeap 'profiled nmethods': size=120000Kb used=11093Kb max_used=12860Kb free=108906Kb
 bounds [0x0000017620a00000, 0x0000017621690000, 0x0000017627f30000]
CodeHeap 'non-nmethods': size=5760Kb used=2368Kb max_used=2389Kb free=3391Kb
 bounds [0x0000017627f30000, 0x00000176281a0000, 0x00000176284d0000]
 total_blobs=6771 nmethods=5875 adapters=807
 compilation: enabled
              stopped_count=0, restarted_count=0
 full_count=0

Compilation events (20 events):
Event: 22.364 Thread 0x0000017637d279c0 6797       3       sun.nio.fs.WindowsFileSystemProvider::readAttributes (63 bytes)
Event: 22.364 Thread 0x0000017637d279c0 nmethod 6797 0x0000017620b5e390 code [0x0000017620b5e5a0, 0x0000017620b5ebb8]
Event: 22.408 Thread 0x0000017637d279c0 6798       3       com.google.common.collect.MapMakerInternalMap$StrongKeyWeakValueEntry::getValue (10 bytes)
Event: 22.409 Thread 0x0000017637d279c0 nmethod 6798 0x00000176215a6e90 code [0x00000176215a7040, 0x00000176215a7208]
Event: 22.426 Thread 0x0000017637d26f20 6799       4       java.security.SecureClassLoader$CodeSourceKey::equals (60 bytes)
Event: 22.432 Thread 0x0000017637d26f20 nmethod 6799 0x0000017628568790 code [0x0000017628568920, 0x0000017628568bf8]
Event: 22.452 Thread 0x0000017637d26f20 6800 %     4       com.sun.crypto.provider.GHASH::blockMult @ 23 (245 bytes)
Event: 22.461 Thread 0x0000017637d26f20 nmethod 6800% 0x000001762850bf10 code [0x000001762850c0a0, 0x000001762850c6d8]
Event: 22.484 Thread 0x0000017637d279c0 6801   !   3       java.util.zip.ZipFile$Source::get (190 bytes)
Event: 22.484 Thread 0x0000017637d26f20 6802       4       sun.net.util.IPAddressUtil::checkHostString (53 bytes)
Event: 22.486 Thread 0x0000017637d279c0 nmethod 6801 0x0000017620a99410 code [0x0000017620a99720, 0x0000017620a9abd8]
Event: 22.491 Thread 0x0000017637d26f20 nmethod 6802 0x0000017628595310 code [0x00000176285954c0, 0x0000017628595728]
Event: 22.491 Thread 0x0000017637d26f20 6803       4       sun.net.util.IPAddressUtil::scan (92 bytes)
Event: 22.498 Thread 0x0000017637d26f20 nmethod 6803 0x00000176285f9c90 code [0x00000176285f9e40, 0x00000176285fa108]
Event: 22.508 Thread 0x0000017637d26f20 6804   !   4       java.util.zip.ZipFile$Source::readFullyAt (74 bytes)
Event: 22.513 Thread 0x0000017637d26f20 nmethod 6804 0x000001762869b510 code [0x000001762869b6c0, 0x000001762869bbd8]
Event: 22.524 Thread 0x0000017637d26f20 6805 %     4       java.util.jar.Manifest$FastInputStream::readLine @ 86 (296 bytes)
Event: 22.530 Thread 0x0000017637d279c0 6806       3       java.lang.ThreadLocal::get (38 bytes)
Event: 22.531 Thread 0x0000017637d279c0 nmethod 6806 0x0000017620f68f90 code [0x0000017620f69160, 0x0000017620f69498]
Event: 22.537 Thread 0x0000017637d26f20 nmethod 6805% 0x00000176285a6710 code [0x00000176285a68c0, 0x00000176285a70c8]

GC Heap History (20 events):
Event: 14.590 GC heap before
{Heap before GC invocations=18 (full 0):
 garbage-first heap   total 112640K, used 95664K [0x0000000080000000, 0x0000000100000000)
  region size 1024K, 34 young (34816K), 4 survivors (4096K)
 Metaspace       used 49171K, committed 49664K, reserved 1097728K
  class space    used 6445K, committed 6656K, reserved 1048576K
}
Event: 14.596 GC heap after
{Heap after GC invocations=19 (full 0):
 garbage-first heap   total 112640K, used 67421K [0x0000000080000000, 0x0000000100000000)
  region size 1024K, 4 young (4096K), 4 survivors (4096K)
 Metaspace       used 49171K, committed 49664K, reserved 1097728K
  class space    used 6445K, committed 6656K, reserved 1048576K
}
Event: 14.600 GC heap before
{Heap before GC invocations=19 (full 0):
 garbage-first heap   total 112640K, used 68445K [0x0000000080000000, 0x0000000100000000)
  region size 1024K, 5 young (5120K), 4 survivors (4096K)
 Metaspace       used 49171K, committed 49664K, reserved 1097728K
  class space    used 6445K, committed 6656K, reserved 1048576K
}
Event: 14.605 GC heap after
{Heap after GC invocations=20 (full 0):
 garbage-first heap   total 112640K, used 67518K [0x0000000080000000, 0x0000000100000000)
  region size 1024K, 1 young (1024K), 1 survivors (1024K)
 Metaspace       used 49171K, committed 49664K, reserved 1097728K
  class space    used 6445K, committed 6656K, reserved 1048576K
}
Event: 15.581 GC heap before
{Heap before GC invocations=20 (full 0):
 garbage-first heap   total 112640K, used 91070K [0x0000000080000000, 0x0000000100000000)
  region size 1024K, 25 young (25600K), 1 survivors (1024K)
 Metaspace       used 51662K, committed 52160K, reserved 1097728K
  class space    used 6893K, committed 7104K, reserved 1048576K
}
Event: 15.586 GC heap after
{Heap after GC invocations=21 (full 0):
 garbage-first heap   total 112640K, used 68830K [0x0000000080000000, 0x0000000100000000)
  region size 1024K, 2 young (2048K), 2 survivors (2048K)
 Metaspace       used 51662K, committed 52160K, reserved 1097728K
  class space    used 6893K, committed 7104K, reserved 1048576K
}
Event: 17.733 GC heap before
{Heap before GC invocations=22 (full 0):
 garbage-first heap   total 117760K, used 92382K [0x0000000080000000, 0x0000000100000000)
  region size 1024K, 25 young (25600K), 2 survivors (2048K)
 Metaspace       used 54324K, committed 54912K, reserved 1097728K
  class space    used 7339K, committed 7616K, reserved 1048576K
}
Event: 17.738 GC heap after
{Heap after GC invocations=23 (full 0):
 garbage-first heap   total 117760K, used 70457K [0x0000000080000000, 0x0000000100000000)
  region size 1024K, 3 young (3072K), 3 survivors (3072K)
 Metaspace       used 54324K, committed 54912K, reserved 1097728K
  class space    used 7339K, committed 7616K, reserved 1048576K
}
Event: 19.569 GC heap before
{Heap before GC invocations=23 (full 0):
 garbage-first heap   total 117760K, used 97081K [0x0000000080000000, 0x0000000100000000)
  region size 1024K, 29 young (29696K), 3 survivors (3072K)
 Metaspace       used 58930K, committed 59520K, reserved 1105920K
  class space    used 7867K, committed 8128K, reserved 1048576K
}
Event: 19.579 GC heap after
{Heap after GC invocations=24 (full 0):
 garbage-first heap   total 117760K, used 73955K [0x0000000080000000, 0x0000000100000000)
  region size 1024K, 4 young (4096K), 4 survivors (4096K)
 Metaspace       used 58930K, committed 59520K, reserved 1105920K
  class space    used 7867K, committed 8128K, reserved 1048576K
}
Event: 21.449 GC heap before
{Heap before GC invocations=25 (full 0):
 garbage-first heap   total 128000K, used 94435K [0x0000000080000000, 0x0000000100000000)
  region size 1024K, 25 young (25600K), 4 survivors (4096K)
 Metaspace       used 62525K, committed 63104K, reserved 1105920K
  class space    used 8355K, committed 8640K, reserved 1048576K
}
Event: 21.455 GC heap after
{Heap after GC invocations=26 (full 0):
 garbage-first heap   total 128000K, used 76190K [0x0000000080000000, 0x0000000100000000)
  region size 1024K, 3 young (3072K), 3 survivors (3072K)
 Metaspace       used 62525K, committed 63104K, reserved 1105920K
  class space    used 8355K, committed 8640K, reserved 1048576K
}
Event: 22.112 GC heap before
{Heap before GC invocations=26 (full 0):
 garbage-first heap   total 128000K, used 86430K [0x0000000080000000, 0x0000000100000000)
  region size 1024K, 15 young (15360K), 3 survivors (3072K)
 Metaspace       used 62783K, committed 63488K, reserved 1105920K
  class space    used 8378K, committed 8704K, reserved 1048576K
}
Event: 22.117 GC heap after
{Heap after GC invocations=27 (full 0):
 garbage-first heap   total 128000K, used 76694K [0x0000000080000000, 0x0000000100000000)
  region size 1024K, 3 young (3072K), 3 survivors (3072K)
 Metaspace       used 62783K, committed 63488K, reserved 1105920K
  class space    used 8378K, committed 8704K, reserved 1048576K
}
Event: 22.226 GC heap before
{Heap before GC invocations=28 (full 0):
 garbage-first heap   total 135168K, used 79766K [0x0000000080000000, 0x0000000100000000)
  region size 1024K, 5 young (5120K), 3 survivors (3072K)
 Metaspace       used 62787K, committed 63488K, reserved 1105920K
  class space    used 8378K, committed 8704K, reserved 1048576K
}
Event: 22.229 GC heap after
{Heap after GC invocations=29 (full 0):
 garbage-first heap   total 135168K, used 80056K [0x0000000080000000, 0x0000000100000000)
  region size 1024K, 3 young (3072K), 3 survivors (3072K)
 Metaspace       used 62787K, committed 63488K, reserved 1105920K
  class space    used 8378K, committed 8704K, reserved 1048576K
}
Event: 22.366 GC heap before
{Heap before GC invocations=30 (full 0):
 garbage-first heap   total 145408K, used 85176K [0x0000000080000000, 0x0000000100000000)
  region size 1024K, 7 young (7168K), 3 survivors (3072K)
 Metaspace       used 62862K, committed 63552K, reserved 1105920K
  class space    used 8388K, committed 8704K, reserved 1048576K
}
Event: 22.372 GC heap after
{Heap after GC invocations=31 (full 0):
 garbage-first heap   total 145408K, used 84954K [0x0000000080000000, 0x0000000100000000)
  region size 1024K, 3 young (3072K), 3 survivors (3072K)
 Metaspace       used 62862K, committed 63552K, reserved 1105920K
  class space    used 8388K, committed 8704K, reserved 1048576K
}
Event: 22.493 GC heap before
{Heap before GC invocations=32 (full 0):
 garbage-first heap   total 153600K, used 92122K [0x0000000080000000, 0x0000000100000000)
  region size 1024K, 8 young (8192K), 3 survivors (3072K)
 Metaspace       used 63170K, committed 63808K, reserved 1105920K
  class space    used 8442K, committed 8768K, reserved 1048576K
}
Event: 22.496 GC heap after
{Heap after GC invocations=33 (full 0):
 garbage-first heap   total 153600K, used 91284K [0x0000000080000000, 0x0000000100000000)
  region size 1024K, 3 young (3072K), 3 survivors (3072K)
 Metaspace       used 63170K, committed 63808K, reserved 1105920K
  class space    used 8442K, committed 8768K, reserved 1048576K
}

Dll operation events (2 events):
Event: 0.034 Loaded shared library C:\Program Files\Android\Android Studio\jbr\bin\java.dll
Event: 1.431 Loaded shared library C:\Program Files\Android\Android Studio\jbr\bin\verify.dll

Deoptimization events (20 events):
Event: 22.107 Thread 0x0000017637f5ca80 Uncommon trap: trap_request=0xffffff45 fr.pc=0x0000017628769cc0 relative=0x00000000000006e0
Event: 22.107 Thread 0x0000017637f5ca80 Uncommon trap: reason=unstable_if action=reinterpret pc=0x0000017628769cc0 method=org.gradle.util.internal.SimpleMapInterner.intern(Ljava/lang/String;)Ljava/lang/String; @ 1 c2
Event: 22.107 Thread 0x0000017637f5ca80 DEOPT PACKING pc=0x0000017628769cc0 sp=0x0000005253ef88e0
Event: 22.107 Thread 0x0000017637f5ca80 DEOPT UNPACKING pc=0x0000017627f869a3 sp=0x0000005253ef88a8 mode 2
Event: 22.108 Thread 0x0000017637f5ca80 Uncommon trap: trap_request=0xffffffc6 fr.pc=0x00000176285f92d8 relative=0x0000000000000218
Event: 22.108 Thread 0x0000017637f5ca80 Uncommon trap: reason=bimorphic_or_optimized_type_check action=maybe_recompile pc=0x00000176285f92d8 method=com.google.common.base.CharMatcher.indexIn(Ljava/lang/CharSequence;I)I @ 31 c2
Event: 22.108 Thread 0x0000017637f5ca80 DEOPT PACKING pc=0x00000176285f92d8 sp=0x0000005253ef8e50
Event: 22.108 Thread 0x0000017637f5ca80 DEOPT UNPACKING pc=0x0000017627f869a3 sp=0x0000005253ef8df8 mode 2
Event: 22.237 Thread 0x0000017637f5ca80 Uncommon trap: trap_request=0xffffff45 fr.pc=0x000001762852802c relative=0x000000000000066c
Event: 22.237 Thread 0x0000017637f5ca80 Uncommon trap: reason=unstable_if action=reinterpret pc=0x000001762852802c method=java.util.jar.Manifest$FastInputStream.readLine([BII)I @ 130 c2
Event: 22.237 Thread 0x0000017637f5ca80 DEOPT PACKING pc=0x000001762852802c sp=0x0000005253ef7a20
Event: 22.237 Thread 0x0000017637f5ca80 DEOPT UNPACKING pc=0x0000017627f869a3 sp=0x0000005253ef79b0 mode 2
Event: 22.448 Thread 0x000001763737f630 Uncommon trap: trap_request=0xffffff45 fr.pc=0x00000176287bfcc8 relative=0x0000000000000608
Event: 22.448 Thread 0x000001763737f630 Uncommon trap: reason=unstable_if action=reinterpret pc=0x00000176287bfcc8 method=java.util.HashMap$HashIterator.<init>(Ljava/util/HashMap;)V @ 45 c2
Event: 22.448 Thread 0x000001763737f630 DEOPT PACKING pc=0x00000176287bfcc8 sp=0x00000052529fed20
Event: 22.449 Thread 0x000001763737f630 DEOPT UNPACKING pc=0x0000017627f869a3 sp=0x00000052529febb0 mode 2
Event: 22.452 Thread 0x000001763737f630 Uncommon trap: trap_request=0xffffff45 fr.pc=0x000001762877b15c relative=0x000000000000021c
Event: 22.452 Thread 0x000001763737f630 Uncommon trap: reason=unstable_if action=reinterpret pc=0x000001762877b15c method=java.lang.ThreadLocal.get()Ljava/lang/Object; @ 11 c2
Event: 22.452 Thread 0x000001763737f630 DEOPT PACKING pc=0x000001762877b15c sp=0x00000052529fe540
Event: 22.452 Thread 0x000001763737f630 DEOPT UNPACKING pc=0x0000017627f869a3 sp=0x00000052529fe4e0 mode 2

Classes unloaded (0 events):
No events

Classes redefined (0 events):
No events

Internal exceptions (20 events):
Event: 15.199 Thread 0x0000017637f5ca80 Exception <a 'java/lang/IncompatibleClassChangeError'{0x0000000085dcb5d8}: Found class java.lang.Object, but interface was expected> (0x0000000085dcb5d8) 
thrown [s\src\hotspot\share\interpreter\linkResolver.cpp, line 838]
Event: 15.373 Thread 0x0000017637f5ca80 Exception <a 'java/lang/ClassNotFoundException'{0x0000000085966ab0}: org/jetbrains/plugins/gradle/model/web/WebConfigurationBeanInfo> (0x0000000085966ab0) 
thrown [s\src\hotspot\share\classfile\systemDictionary.cpp, line 256]
Event: 15.373 Thread 0x0000017637f5ca80 Exception <a 'java/lang/ClassNotFoundException'{0x000000008596ee38}: org/jetbrains/plugins/gradle/model/web/WebConfigurationCustomizer> (0x000000008596ee38) 
thrown [s\src\hotspot\share\classfile\systemDictionary.cpp, line 256]
Event: 15.378 Thread 0x0000017637f5ca80 Exception <a 'java/lang/ClassNotFoundException'{0x000000008598ddd8}: org/jetbrains/plugins/gradle/model/scala/ScalaModelBeanInfo> (0x000000008598ddd8) 
thrown [s\src\hotspot\share\classfile\systemDictionary.cpp, line 256]
Event: 15.379 Thread 0x0000017637f5ca80 Exception <a 'java/lang/ClassNotFoundException'{0x00000000859960e0}: org/jetbrains/plugins/gradle/model/scala/ScalaModelCustomizer> (0x00000000859960e0) 
thrown [s\src\hotspot\share\classfile\systemDictionary.cpp, line 256]
Event: 15.384 Thread 0x0000017637f5ca80 Exception <a 'java/lang/ClassNotFoundException'{0x00000000859c7188}: org/jetbrains/plugins/gradle/model/DependencyAccessorsModelBeanInfo> (0x00000000859c7188) 
thrown [s\src\hotspot\share\classfile\systemDictionary.cpp, line 256]
Event: 15.384 Thread 0x0000017637f5ca80 Exception <a 'java/lang/ClassNotFoundException'{0x00000000859cf538}: org/jetbrains/plugins/gradle/model/DependencyAccessorsModelCustomizer> (0x00000000859cf538) 
thrown [s\src\hotspot\share\classfile\systemDictionary.cpp, line 256]
Event: 15.859 Thread 0x0000017637f5ca80 Exception <a 'java/lang/ClassNotFoundException'{0x000000008703d600}: org/gradle/api/internal/project/DefaultProject_DecoratedBeanInfo> (0x000000008703d600) 
thrown [s\src\hotspot\share\classfile\systemDictionary.cpp, line 256]
Event: 15.873 Thread 0x0000017637f5ca80 Exception <a 'java/lang/ClassNotFoundException'{0x000000008704a158}: org/gradle/api/internal/project/DefaultProjectBeanInfo> (0x000000008704a158) 
thrown [s\src\hotspot\share\classfile\systemDictionary.cpp, line 256]
Event: 15.874 Thread 0x0000017637f5ca80 Exception <a 'java/lang/ClassNotFoundException'{0x0000000087056cb8}: org/gradle/api/internal/project/DefaultProjectCustomizer> (0x0000000087056cb8) 
thrown [s\src\hotspot\share\classfile\systemDictionary.cpp, line 256]
Event: 15.884 Thread 0x0000017637f5ca80 Exception <a 'java/lang/ClassNotFoundException'{0x0000000086f004b8}: org/gradle/api/internal/project/DefaultProject_DecoratedCustomizer> (0x0000000086f004b8) 
thrown [s\src\hotspot\share\classfile\systemDictionary.cpp, line 256]
Event: 17.876 Thread 0x0000017637f5ca80 Exception <a 'java/lang/NoSuchMethodError'{0x0000000086fd05d0}: 'java.lang.Object java.lang.invoke.DirectMethodHandle$Holder.newInvokeSpecial(java.lang.Object, java.lang.Object, java.lang.Object, java.lang.Object, java.lang.Object, int)'> (0x0000000086fd05d0) 
thrown [s\src\hotspot\share\interpreter\linkResolver.cpp, line 771]
Event: 17.878 Thread 0x0000017637f5ca80 Exception <a 'java/lang/NoSuchMethodError'{0x0000000086fd5c28}: 'java.lang.Object java.lang.invoke.DirectMethodHandle$Holder.invokeSpecial(java.lang.Object, java.lang.Object, java.lang.Object, java.lang.Object, java.lang.Object, java.lang.Object, int)'> (0x0000000086fd5c28) 
thrown [s\src\hotspot\share\interpreter\linkResolver.cpp, line 771]
Event: 17.902 Thread 0x0000017637f5ca80 Exception <a 'java/lang/NoSuchMethodError'{0x0000000086e75ac0}: 'void java.lang.invoke.DirectMethodHandle$Holder.invokeStatic(java.lang.Object, java.lang.Object, java.lang.Object, int, java.lang.Object)'> (0x0000000086e75ac0) 
thrown [s\src\hotspot\share\interpreter\linkResolver.cpp, line 771]
Event: 19.167 Thread 0x0000017637f5ca80 Implicit null exception at 0x0000017628771d6f to 0x0000017628771fb0
Event: 19.183 Thread 0x0000017637f5ca80 Implicit null exception at 0x00000176285222f2 to 0x00000176285228cc
Event: 19.255 Thread 0x0000017637f5ca80 Exception <a 'sun/nio/fs/WindowsException'{0x0000000086031c58}> (0x0000000086031c58) 
thrown [s\src\hotspot\share\prims\jni.cpp, line 517]
Event: 22.107 Thread 0x0000017637f5ca80 Implicit null exception at 0x0000017628765b8f to 0x0000017628766220
Event: 22.107 Thread 0x0000017637f5ca80 Implicit null exception at 0x0000017628769614 to 0x0000017628769ca8
Event: 22.452 Thread 0x000001763737f630 Implicit null exception at 0x000001762877af83 to 0x000001762877b148

VM Operations (20 events):
Event: 22.117 Executing VM operation: G1TryInitiateConcMark done
Event: 22.187 Executing VM operation: G1Concurrent
Event: 22.191 Executing VM operation: G1Concurrent done
Event: 22.210 Executing VM operation: G1Concurrent
Event: 22.210 Executing VM operation: G1Concurrent done
Event: 22.226 Executing VM operation: G1TryInitiateConcMark
Event: 22.229 Executing VM operation: G1TryInitiateConcMark done
Event: 22.279 Executing VM operation: G1Concurrent
Event: 22.282 Executing VM operation: G1Concurrent done
Event: 22.301 Executing VM operation: G1Concurrent
Event: 22.302 Executing VM operation: G1Concurrent done
Event: 22.366 Executing VM operation: G1TryInitiateConcMark
Event: 22.372 Executing VM operation: G1TryInitiateConcMark done
Event: 22.443 Executing VM operation: G1Concurrent
Event: 22.447 Executing VM operation: G1Concurrent done
Event: 22.473 Executing VM operation: G1Concurrent
Event: 22.473 Executing VM operation: G1Concurrent done
Event: 22.493 Executing VM operation: G1TryInitiateConcMark
Event: 22.496 Executing VM operation: G1TryInitiateConcMark done
Event: 22.551 Executing VM operation: G1Concurrent

Events (20 events):
Event: 21.611 Thread 0x0000017637d283b0 flushing nmethod 0x00000176215b8010
Event: 21.611 Thread 0x0000017637d283b0 flushing nmethod 0x00000176215ba910
Event: 21.611 Thread 0x0000017637d283b0 flushing nmethod 0x00000176215bac10
Event: 21.611 Thread 0x0000017637d283b0 flushing nmethod 0x00000176215bb090
Event: 21.611 Thread 0x0000017637d283b0 flushing nmethod 0x00000176215bb710
Event: 21.611 Thread 0x0000017637d283b0 flushing nmethod 0x00000176215c4690
Event: 21.611 Thread 0x0000017637d283b0 flushing nmethod 0x00000176215d4a90
Event: 21.611 Thread 0x0000017637d283b0 flushing nmethod 0x00000176215d5010
Event: 21.611 Thread 0x0000017637d283b0 flushing nmethod 0x00000176215d5410
Event: 21.611 Thread 0x0000017637d283b0 flushing nmethod 0x00000176215d5a90
Event: 21.611 Thread 0x0000017637d283b0 flushing nmethod 0x00000176215f2090
Event: 21.612 Thread 0x0000017637d283b0 flushing nmethod 0x000001762160c690
Event: 21.612 Thread 0x0000017637d283b0 flushing nmethod 0x000001762160ca10
Event: 21.612 Thread 0x0000017637d283b0 flushing nmethod 0x000001762165a010
Event: 22.449 loading class sun/security/ssl/Alert
Event: 22.450 loading class sun/security/ssl/Alert done
Event: 22.451 loading class sun/security/ssl/Alert$AlertConsumer
Event: 22.451 loading class sun/security/ssl/Alert$AlertConsumer done
Event: 22.451 loading class sun/security/ssl/Alert$Level
Event: 22.452 loading class sun/security/ssl/Alert$Level done


Dynamic libraries:
0x00007ff7eab60000 - 0x00007ff7eab6a000 	C:\Program Files\Android\Android Studio\jbr\bin\java.exe
0x00007ffe6d050000 - 0x00007ffe6d267000 	C:\WINDOWS\SYSTEM32\ntdll.dll
0x00007ffe6b440000 - 0x00007ffe6b504000 	C:\WINDOWS\System32\KERNEL32.DLL
0x00007ffe6a9c0000 - 0x00007ffe6ad77000 	C:\WINDOWS\System32\KERNELBASE.dll
0x00007ffe6a870000 - 0x00007ffe6a981000 	C:\WINDOWS\System32\ucrtbase.dll
0x00007ffe57e00000 - 0x00007ffe57e17000 	C:\Program Files\Android\Android Studio\jbr\bin\jli.dll
0x00007ffe5a500000 - 0x00007ffe5a51b000 	C:\Program Files\Android\Android Studio\jbr\bin\VCRUNTIME140.dll
0x00007ffe6ca40000 - 0x00007ffe6cbef000 	C:\WINDOWS\System32\USER32.dll
0x00007ffe6a360000 - 0x00007ffe6a386000 	C:\WINDOWS\System32\win32u.dll
0x00007ffe6bdf0000 - 0x00007ffe6be19000 	C:\WINDOWS\System32\GDI32.dll
0x00007ffe6a570000 - 0x00007ffe6a688000 	C:\WINDOWS\System32\gdi32full.dll
0x00007ffe6a4d0000 - 0x00007ffe6a56a000 	C:\WINDOWS\System32\msvcp_win.dll
0x00007ffe59ca0000 - 0x00007ffe59f33000 	C:\WINDOWS\WinSxS\amd64_microsoft.windows.common-controls_6595b64144ccf1df_6.0.22621.3672_none_2713b9d173822955\COMCTL32.dll
0x00007ffe6b990000 - 0x00007ffe6ba37000 	C:\WINDOWS\System32\msvcrt.dll
0x00007ffe6b1f0000 - 0x00007ffe6b221000 	C:\WINDOWS\System32\IMM32.DLL
0x00007ffe62f50000 - 0x00007ffe62f5c000 	C:\Program Files\Android\Android Studio\jbr\bin\vcruntime140_1.dll
0x00007ffe49f80000 - 0x00007ffe4a00d000 	C:\Program Files\Android\Android Studio\jbr\bin\msvcp140.dll
0x00007ffdca1f0000 - 0x00007ffdcae5e000 	C:\Program Files\Android\Android Studio\jbr\bin\server\jvm.dll
0x00007ffe6bed0000 - 0x00007ffe6bf82000 	C:\WINDOWS\System32\ADVAPI32.dll
0x00007ffe6bd20000 - 0x00007ffe6bdc8000 	C:\WINDOWS\System32\sechost.dll
0x00007ffe6a990000 - 0x00007ffe6a9b8000 	C:\WINDOWS\System32\bcrypt.dll
0x00007ffe6ba40000 - 0x00007ffe6bb54000 	C:\WINDOWS\System32\RPCRT4.dll
0x00007ffe65e90000 - 0x00007ffe65ec4000 	C:\WINDOWS\SYSTEM32\WINMM.dll
0x00007ffe62880000 - 0x00007ffe6288a000 	C:\WINDOWS\SYSTEM32\VERSION.dll
0x00007ffe53580000 - 0x00007ffe53589000 	C:\WINDOWS\SYSTEM32\WSOCK32.dll
0x00007ffe6c9c0000 - 0x00007ffe6ca31000 	C:\WINDOWS\System32\WS2_32.dll
0x00007ffe693b0000 - 0x00007ffe693c8000 	C:\WINDOWS\SYSTEM32\kernel.appcore.dll
0x00007ffe66440000 - 0x00007ffe6644a000 	C:\Program Files\Android\Android Studio\jbr\bin\jimage.dll
0x00007ffe67da0000 - 0x00007ffe67fd2000 	C:\WINDOWS\SYSTEM32\DBGHELP.DLL
0x00007ffe6ad80000 - 0x00007ffe6b10e000 	C:\WINDOWS\System32\combase.dll
0x00007ffe6b2d0000 - 0x00007ffe6b3a7000 	C:\WINDOWS\System32\OLEAUT32.dll
0x00007ffe57470000 - 0x00007ffe574a2000 	C:\WINDOWS\SYSTEM32\dbgcore.DLL
0x00007ffe6a390000 - 0x00007ffe6a40b000 	C:\WINDOWS\System32\bcryptPrimitives.dll
0x00007ffe57180000 - 0x00007ffe571a5000 	C:\Program Files\Android\Android Studio\jbr\bin\java.dll
0x00007ffe63040000 - 0x00007ffe63058000 	C:\Program Files\Android\Android Studio\jbr\bin\zip.dll
0x00007ffe6bf90000 - 0x00007ffe6c7f9000 	C:\WINDOWS\System32\SHELL32.dll
0x00007ffe682d0000 - 0x00007ffe68bcf000 	C:\WINDOWS\SYSTEM32\windows.storage.dll
0x00007ffe68190000 - 0x00007ffe682cf000 	C:\WINDOWS\SYSTEM32\wintypes.dll
0x00007ffe6cec0000 - 0x00007ffe6cfb9000 	C:\WINDOWS\System32\SHCORE.dll
0x00007ffe6b130000 - 0x00007ffe6b18e000 	C:\WINDOWS\System32\shlwapi.dll
0x00007ffe6a290000 - 0x00007ffe6a2b7000 	C:\WINDOWS\SYSTEM32\profapi.dll
0x00007ffe584b0000 - 0x00007ffe584c9000 	C:\Program Files\Android\Android Studio\jbr\bin\net.dll
0x00007ffe65ca0000 - 0x00007ffe65dd6000 	C:\WINDOWS\SYSTEM32\WINHTTP.dll
0x00007ffe69820000 - 0x00007ffe69889000 	C:\WINDOWS\system32\mswsock.dll
0x00007ffe58020000 - 0x00007ffe58036000 	C:\Program Files\Android\Android Studio\jbr\bin\nio.dll
0x00007ffe66040000 - 0x00007ffe66050000 	C:\Program Files\Android\Android Studio\jbr\bin\verify.dll
0x00007ffe5a480000 - 0x00007ffe5a4a7000 	C:\Users\user\.gradle\native\68d5fa5c4cc2d200863cafc0d521ce42e7d3e7ee720ec0a83991735586a16f82\windows-amd64\native-platform.dll
0x00007ffe357f0000 - 0x00007ffe35934000 	C:\Users\user\.gradle\native\e376f236ea51e6404a007f0833ffe2c6e607c4080706a723a18a27aeea778392\windows-amd64\native-platform-file-events.dll
0x00007ffe65f90000 - 0x00007ffe65f99000 	C:\Program Files\Android\Android Studio\jbr\bin\management.dll
0x00007ffe65ef0000 - 0x00007ffe65efb000 	C:\Program Files\Android\Android Studio\jbr\bin\management_ext.dll
0x00007ffe6bde0000 - 0x00007ffe6bde8000 	C:\WINDOWS\System32\PSAPI.DLL
0x00007ffe69a70000 - 0x00007ffe69a8b000 	C:\WINDOWS\SYSTEM32\CRYPTSP.dll
0x00007ffe69310000 - 0x00007ffe69345000 	C:\WINDOWS\system32\rsaenh.dll
0x00007ffe69910000 - 0x00007ffe69938000 	C:\WINDOWS\SYSTEM32\USERENV.dll
0x00007ffe69a90000 - 0x00007ffe69a9c000 	C:\WINDOWS\SYSTEM32\CRYPTBASE.dll
0x00007ffe68e70000 - 0x00007ffe68e9d000 	C:\WINDOWS\SYSTEM32\IPHLPAPI.DLL
0x00007ffe6bdd0000 - 0x00007ffe6bdd9000 	C:\WINDOWS\System32\NSI.dll
0x00007ffe65c80000 - 0x00007ffe65c99000 	C:\WINDOWS\SYSTEM32\dhcpcsvc6.DLL
0x00007ffe65b80000 - 0x00007ffe65b9f000 	C:\WINDOWS\SYSTEM32\dhcpcsvc.DLL
0x00007ffe68ea0000 - 0x00007ffe68fa2000 	C:\WINDOWS\SYSTEM32\DNSAPI.dll
0x00007ffe63d20000 - 0x00007ffe63d28000 	C:\WINDOWS\system32\wshunix.dll
0x00007ffe5cd00000 - 0x00007ffe5cd0a000 	C:\Windows\System32\rasadhlp.dll
0x00007ffe64c30000 - 0x00007ffe64cb3000 	C:\WINDOWS\System32\fwpuclnt.dll

dbghelp: loaded successfully - version: 4.0.5 - missing functions: none
symbol engine: initialized successfully - sym options: 0x614 - pdb path: .;C:\Program Files\Android\Android Studio\jbr\bin;C:\WINDOWS\SYSTEM32;C:\WINDOWS\WinSxS\amd64_microsoft.windows.common-controls_6595b64144ccf1df_6.0.22621.3672_none_2713b9d173822955;C:\Program Files\Android\Android Studio\jbr\bin\server;C:\Users\user\.gradle\native\68d5fa5c4cc2d200863cafc0d521ce42e7d3e7ee720ec0a83991735586a16f82\windows-amd64;C:\Users\user\.gradle\native\e376f236ea51e6404a007f0833ffe2c6e607c4080706a723a18a27aeea778392\windows-amd64

VM Arguments:
jvm_args: --add-opens=java.base/java.util=ALL-UNNAMED --add-opens=java.base/java.lang=ALL-UNNAMED --add-opens=java.base/java.lang.invoke=ALL-UNNAMED --add-opens=java.prefs/java.util.prefs=ALL-UNNAMED --add-opens=java.base/java.nio.charset=ALL-UNNAMED --add-opens=java.base/java.net=ALL-UNNAMED --add-opens=java.base/java.util.concurrent.atomic=ALL-UNNAMED -Xmx2048m -Dfile.encoding=UTF-8 -Duser.country=ID -Duser.language=en -Duser.variant 
java_command: org.gradle.launcher.daemon.bootstrap.GradleDaemon 8.0
java_class_path (initial): C:\Users\user\.gradle\wrapper\dists\gradle-8.0-bin\ca5e32bp14vu59qr306oxotwh\gradle-8.0\lib\gradle-launcher-8.0.jar
Launcher Type: SUN_STANDARD

[Global flags]
     intx CICompilerCount                          = 4                                         {product} {ergonomic}
     uint ConcGCThreads                            = 2                                         {product} {ergonomic}
     uint G1ConcRefinementThreads                  = 8                                         {product} {ergonomic}
   size_t G1HeapRegionSize                         = 1048576                                   {product} {ergonomic}
    uintx GCDrainStackTargetSize                   = 64                                        {product} {ergonomic}
   size_t InitialHeapSize                          = 100663296                                 {product} {ergonomic}
   size_t MarkStackSize                            = 4194304                                   {product} {ergonomic}
   size_t MaxHeapSize                              = 2147483648                                {product} {command line}
   size_t MaxNewSize                               = 1287651328                                {product} {ergonomic}
   size_t MinHeapDeltaBytes                        = 1048576                                   {product} {ergonomic}
   size_t MinHeapSize                              = 8388608                                   {product} {ergonomic}
    uintx NonNMethodCodeHeapSize                   = 5839372                                {pd product} {ergonomic}
    uintx NonProfiledCodeHeapSize                  = 122909434                              {pd product} {ergonomic}
    uintx ProfiledCodeHeapSize                     = 122909434                              {pd product} {ergonomic}
    uintx ReservedCodeCacheSize                    = 251658240                              {pd product} {ergonomic}
     bool SegmentedCodeCache                       = true                                      {product} {ergonomic}
   size_t SoftMaxHeapSize                          = 2147483648                             {manageable} {ergonomic}
     bool UseCompressedClassPointers               = true                           {product lp64_product} {ergonomic}
     bool UseCompressedOops                        = true                           {product lp64_product} {ergonomic}
     bool UseG1GC                                  = true                                      {product} {ergonomic}
     bool UseLargePagesIndividualAllocation        = false                                  {pd product} {ergonomic}

Logging:
Log output configuration:
 #0: stdout all=warning uptime,level,tags
 #1: stderr all=off uptime,level,tags

Environment Variables:
JAVA_HOME=C:\Program Files\Java\jdk-17
PATH=C:\oraclexe\app\product\11.2.0\client_1\bin;D:\app\user\product\11.2.0\client_1\bin;C:\oraclexe\app\oracle\product\11.2.0\server\bin;C:\WINDOWS\system32;C:\WINDOWS;C:\WINDOWS\System32\Wbem;C:\WINDOWS\System32\WindowsPowerShell\v1.0\;C:\WINDOWS\System32\OpenSSH\;C:\Program Files\Git\cmd;C:\xampp\php;C:\ProgramData\ComposerSetup\bin;C:\Program Files (x86)\Gpg4win\..\GnuPG\bin;C:\Program Files\nodejs\;C:\ProgramData\chocolatey\bin;C:\ProgramData\chocolatey;C:\Users\user\AppData\Local\Microsoft\WindowsApps;C:\Users\user\AppData\Local\Programs\Microsoft VS Code\bin;C:\src\flutter\bin;C:\Program Files\PostgreSQL\16\bin;C:\Users\user\AppData\Roaming\Composer\vendor\bin;C:\Users\user\AppData\Roaming\npm;C:\Users\user\AppData\Local\Pub\Cache\bin;C:\Program Files\OpenSSL-Win64\bin;C:\Program Files\Java\jdk-17\bin;
USERNAME=user
OS=Windows_NT
PROCESSOR_IDENTIFIER=AMD64 Family 23 Model 24 Stepping 1, AuthenticAMD
TMP=C:\Users\user\AppData\Local\Temp
TEMP=C:\Users\user\AppData\Local\Temp


JNI global refs:
JNI global refs: 24, weak refs: 0

JNI global refs memory usage: 843, weak refs: 841


---------------  S Y S T E M  ---------------

OS:
 Windows 11 , 64 bit Build 22621 (10.0.22621.3958)
OS uptime: 0 days 7:12 hours

CPU: total 8 (initial active 8) (8 cores per cpu, 2 threads per core) family 23 model 24 stepping 1 microcode 0x0, cx8, cmov, fxsr, ht, mmx, 3dnowpref, sse, sse2, sse3, ssse3, sse4a, sse4.1, sse4.2, popcnt, lzcnt, tsc, tscinvbit, avx, avx2, aes, clmul, bmi1, bmi2, adx, sha, fma, vzeroupper, clflush, clflushopt

Memory: 4k page, system-wide physical 6081M (90M free)
TotalPageFile size 24513M (AvailPageFile size 10M)
current process WorkingSet (physical memory assigned to process): 236M, peak: 261M
current process commit charge ("private bytes"): 359M, peak: 364M

vm_info: OpenJDK 64-Bit Server VM (17.0.6+0-b2043.56-10027231) for windows-amd64 JRE (17.0.6+0-b2043.56-10027231), built on Apr 28 2023 00:43:19 by "androidbuild" with MS VC++ 16.10 / 16.11 (VS2019)

END.
