#
# There is insufficient memory for the Java Runtime Environment to continue.
# Native memory allocation (mmap) failed to map 171966464 bytes for G1 virtual space
# Possible reasons:
#   The system is out of physical RAM or swap space
#   The process is running with CompressedOops enabled, and the Java Heap may be blocking the growth of the native heap
# Possible solutions:
#   Reduce memory load on the system
#   Increase physical memory or swap space
#   Check if swap backing store is full
#   Decrease Java heap size (-Xmx/-Xms)
#   Decrease number of Java threads
#   Decrease Java thread stack sizes (-Xss)
#   Set larger code cache with -XX:ReservedCodeCacheSize=
#   JVM is running with Unscaled Compressed Oops mode in which the Java heap is
#     placed in the first 4GB address space. The Java Heap base address is the
#     maximum limit for the native heap growth. Please use -XX:HeapBaseMinAddress
#     to set the Java Heap base and to place the Java Heap above 4GB virtual address.
# This output file may be truncated or incomplete.
#
#  Out of Memory Error (os_windows.cpp:3769), pid=16652, tid=20716
#
# JRE version: OpenJDK Runtime Environment (17.0.6) (build 17.0.6+0-b2043.56-10027231)
# Java VM: OpenJDK 64-Bit Server VM (17.0.6+0-b2043.56-10027231, mixed mode, tiered, compressed oops, compressed class ptrs, g1 gc, windows-amd64)
# No core dump will be written. Minidumps are not enabled by default on client versions of Windows
#

---------------  S U M M A R Y ------------

Command Line: --add-opens=java.base/java.util=ALL-UNNAMED --add-opens=java.base/java.lang=ALL-UNNAMED --add-opens=java.base/java.lang.invoke=ALL-UNNAMED --add-opens=java.prefs/java.util.prefs=ALL-UNNAMED --add-opens=java.base/java.nio.charset=ALL-UNNAMED --add-opens=java.base/java.net=ALL-UNNAMED --add-opens=java.base/java.util.concurrent.atomic=ALL-UNNAMED -Xmx2048m -Dfile.encoding=UTF-8 -Duser.country=ID -Duser.language=en -Duser.variant org.gradle.launcher.daemon.bootstrap.GradleDaemon 8.0

Host: AMD Ryzen 5 3500U with Radeon Vega Mobile Gfx  , 8 cores, 5G,  Windows 11 , 64 bit Build 22621 (10.0.22621.3958)
Time: Thu Nov  7 16:26:52 2024 Malay Peninsula Standard Time elapsed time: 88.017212 seconds (0d 0h 1m 28s)

---------------  T H R E A D  ---------------

Current thread (0x0000021f64f1a950):  VMThread "VM Thread" [stack: 0x0000005a4cf00000,0x0000005a4d000000] [id=20716]

Stack: [0x0000005a4cf00000,0x0000005a4d000000]
Native frames: (J=compiled Java code, j=interpreted, Vv=VM code, C=native code)
V  [jvm.dll+0x683c9a]
V  [jvm.dll+0x8427a4]
V  [jvm.dll+0x843f9e]
V  [jvm.dll+0x844603]
V  [jvm.dll+0x249b75]
V  [jvm.dll+0x680b69]
V  [jvm.dll+0x67505a]
V  [jvm.dll+0x309acb]
V  [jvm.dll+0x310f86]
V  [jvm.dll+0x3608ee]
V  [jvm.dll+0x360b1f]
V  [jvm.dll+0x2dfbf8]
V  [jvm.dll+0x2ddec4]
V  [jvm.dll+0x2dd4cc]
V  [jvm.dll+0x321f3b]
V  [jvm.dll+0x848ccb]
V  [jvm.dll+0x849a04]
V  [jvm.dll+0x849f1d]
V  [jvm.dll+0x84a2f4]
V  [jvm.dll+0x84a3c0]
V  [jvm.dll+0x7f274a]
V  [jvm.dll+0x682ad5]
C  [ucrtbase.dll+0x29333]
C  [KERNEL32.DLL+0x1257d]
C  [ntdll.dll+0x5af08]

VM_Operation (0x0000005a525fd2f0): G1CollectForAllocation, mode: safepoint, requested by thread 0x0000021f688bdd80


---------------  P R O C E S S  ---------------

Threads class SMR info:
_java_thread_list=0x0000021f6da2d510, length=138, elements={
0x0000021f4b0de260, 0x0000021f64f3c660, 0x0000021f64f3def0, 0x0000021f64f4e340,
0x0000021f64f28710, 0x0000021f64f291c0, 0x0000021f6591a4e0, 0x0000021f6591b1c0,
0x0000021f6591bc60, 0x0000021f6591f670, 0x0000021f65aacb60, 0x0000021f65aad030,
0x0000021f669b8030, 0x0000021f65cd7490, 0x0000021f66e5e150, 0x0000021f6725c590,
0x0000021f6739ee10, 0x0000021f6739f2e0, 0x0000021f66bd7060, 0x0000021f66bd7530,
0x0000021f68035090, 0x0000021f68032a10, 0x0000021f68035a30, 0x0000021f68035560,
0x0000021f680346f0, 0x0000021f68032070, 0x0000021f68032540, 0x0000021f68032ee0,
0x0000021f68034220, 0x0000021f680333b0, 0x0000021f68033d50, 0x0000021f68155a80,
0x0000021f68154c10, 0x0000021f68154740, 0x0000021f68155f50, 0x0000021f681585d0,
0x0000021f68153da0, 0x0000021f68157290, 0x0000021f68153400, 0x0000021f681550e0,
0x0000021f68154270, 0x0000021f681568f0, 0x0000021f68157c30, 0x0000021f68158100,
0x0000021f68158aa0, 0x0000021f681538d0, 0x0000021f68158f70, 0x0000021f68152590,
0x0000021f68159440, 0x0000021f681520c0, 0x0000021f681555b0, 0x0000021f6ceba7a0,
0x0000021f6cebb610, 0x0000021f6ceba2d0, 0x0000021f6cebbae0, 0x0000021f6cebbfb0,
0x0000021f6cebac70, 0x0000021f6cebc480, 0x0000021f6cebc950, 0x0000021f6cebce20,
0x0000021f6cebb140, 0x0000021f6cebd2f0, 0x0000021f6ceb9930, 0x0000021f6ceb9e00,
0x0000021f688bd8b0, 0x0000021f688bc0a0, 0x0000021f688c0400, 0x0000021f688bf0c0,
0x0000021f688ba890, 0x0000021f688c20e0, 0x0000021f688bfa60, 0x0000021f688c08d0,
0x0000021f688bff30, 0x0000021f688bf590, 0x0000021f688bdd80, 0x0000021f688c0da0,
0x0000021f688c1270, 0x0000021f688be250, 0x0000021f688c1740, 0x0000021f688bebf0,
0x0000021f688bca40, 0x0000021f688bbbd0, 0x0000021f688c1c10, 0x0000021f688bad60,
0x0000021f688bb230, 0x0000021f688bcf10, 0x0000021f688bb700, 0x0000021f688bc570,
0x0000021f688be720, 0x0000021f688bd3e0, 0x0000021f68c6f190, 0x0000021f68c6ae30,
0x0000021f68c69150, 0x0000021f68c6f660, 0x0000021f68c6cb10, 0x0000021f68c6de50,
0x0000021f68c69620, 0x0000021f68c6cfe0, 0x0000021f68c6d4b0, 0x0000021f68c69fc0,
0x0000021f68c70000, 0x0000021f68c6b300, 0x0000021f68c6a960, 0x0000021f68c6d980,
0x0000021f68c6fb30, 0x0000021f68c6b7d0, 0x0000021f68c6ecc0, 0x0000021f68c69af0,
0x0000021f68c6a490, 0x0000021f68c6bca0, 0x0000021f68c6c170, 0x0000021f68c6c640,
0x0000021f68c704d0, 0x0000021f68c6e320, 0x0000021f68c6e7f0, 0x0000021f68c68c80,
0x0000021f6ad68480, 0x0000021f6ad67140, 0x0000021f6ad68e20, 0x0000021f6ad61f70,
0x0000021f6ad66c70, 0x0000021f6ad67ae0, 0x0000021f6ad64120, 0x0000021f6ad62910,
0x0000021f6ad63c50, 0x0000021f6ad65930, 0x0000021f6ad667a0, 0x0000021f6ad62de0,
0x0000021f6ad632b0, 0x0000021f6ad67fb0, 0x0000021f6ad63780, 0x0000021f68034bc0,
0x0000021f6d248460, 0x0000021f6d2475f0, 0x0000021f6d247ac0, 0x0000021f6d249c70,
0x0000021f6a771960, 0x0000021f6a971ea0
}

Java Threads: ( => current thread )
  0x0000021f4b0de260 JavaThread "main" [_thread_blocked, id=9840, stack(0x0000005a4c900000,0x0000005a4ca00000)]
  0x0000021f64f3c660 JavaThread "Reference Handler" daemon [_thread_blocked, id=19876, stack(0x0000005a4d000000,0x0000005a4d100000)]
  0x0000021f64f3def0 JavaThread "Finalizer" daemon [_thread_blocked, id=20692, stack(0x0000005a4d100000,0x0000005a4d200000)]
  0x0000021f64f4e340 JavaThread "Signal Dispatcher" daemon [_thread_blocked, id=20704, stack(0x0000005a4d200000,0x0000005a4d300000)]
  0x0000021f64f28710 JavaThread "Attach Listener" daemon [_thread_blocked, id=10788, stack(0x0000005a4d300000,0x0000005a4d400000)]
  0x0000021f64f291c0 JavaThread "Service Thread" daemon [_thread_blocked, id=20676, stack(0x0000005a4d400000,0x0000005a4d500000)]
  0x0000021f6591a4e0 JavaThread "Monitor Deflation Thread" daemon [_thread_blocked, id=20680, stack(0x0000005a4d500000,0x0000005a4d600000)]
  0x0000021f6591b1c0 JavaThread "C2 CompilerThread0" daemon [_thread_blocked, id=20688, stack(0x0000005a4d600000,0x0000005a4d700000)]
  0x0000021f6591bc60 JavaThread "C1 CompilerThread0" daemon [_thread_blocked, id=21384, stack(0x0000005a4d700000,0x0000005a4d800000)]
  0x0000021f6591f670 JavaThread "Sweeper thread" daemon [_thread_blocked, id=21344, stack(0x0000005a4d800000,0x0000005a4d900000)]
  0x0000021f65aacb60 JavaThread "Common-Cleaner" daemon [_thread_blocked, id=21156, stack(0x0000005a4d900000,0x0000005a4da00000)]
  0x0000021f65aad030 JavaThread "Notification Thread" daemon [_thread_blocked, id=15616, stack(0x0000005a4da00000,0x0000005a4db00000)]
  0x0000021f669b8030 JavaThread "Daemon health stats" [_thread_blocked, id=17504, stack(0x0000005a4e000000,0x0000005a4e100000)]
  0x0000021f65cd7490 JavaThread "Incoming local TCP Connector on port 57792" [_thread_in_native, id=13636, stack(0x0000005a4e100000,0x0000005a4e200000)]
  0x0000021f66e5e150 JavaThread "Daemon periodic checks" [_thread_blocked, id=20496, stack(0x0000005a4e200000,0x0000005a4e300000)]
  0x0000021f6725c590 JavaThread "Daemon" [_thread_blocked, id=15620, stack(0x0000005a4e300000,0x0000005a4e400000)]
  0x0000021f6739ee10 JavaThread "Handler for socket connection from /127.0.0.1:57792 to /127.0.0.1:57795" [_thread_in_native, id=9084, stack(0x0000005a4e400000,0x0000005a4e500000)]
  0x0000021f6739f2e0 JavaThread "Cancel handler" [_thread_blocked, id=13696, stack(0x0000005a4e500000,0x0000005a4e600000)]
  0x0000021f66bd7060 JavaThread "Daemon worker" [_thread_blocked, id=5032, stack(0x0000005a4e600000,0x0000005a4e700000)]
  0x0000021f66bd7530 JavaThread "Asynchronous log dispatcher for DefaultDaemonConnection: socket connection from /127.0.0.1:57792 to /127.0.0.1:57795" [_thread_blocked, id=20552, stack(0x0000005a4e700000,0x0000005a4e800000)]
  0x0000021f68035090 JavaThread "Daemon client event forwarder" [_thread_blocked, id=21244, stack(0x0000005a4e900000,0x0000005a4ea00000)]
  0x0000021f68032a10 JavaThread "Cache worker for journal cache (C:\Users\user\.gradle\caches\journal-1)" [_thread_blocked, id=18924, stack(0x0000005a4ee00000,0x0000005a4ef00000)]
  0x0000021f68035a30 JavaThread "File lock request listener" [_thread_in_native, id=17192, stack(0x0000005a4ef00000,0x0000005a4f000000)]
  0x0000021f68035560 JavaThread "Cache worker for file hash cache (C:\Users\user\.gradle\caches\8.0\fileHashes)" [_thread_blocked, id=20288, stack(0x0000005a4f000000,0x0000005a4f100000)]
  0x0000021f680346f0 JavaThread "File watcher server" daemon [_thread_blocked, id=19508, stack(0x0000005a4f100000,0x0000005a4f200000)]
  0x0000021f68032070 JavaThread "File watcher consumer" daemon [_thread_blocked, id=19360, stack(0x0000005a4f200000,0x0000005a4f300000)]
  0x0000021f68032540 JavaThread "Cache worker for checksums cache (D:\IT22\sem 5\Pengembangan Aplikasi Mobile\metric_converter_gifriend_kotlin\.gradle\8.0\checksums)" [_thread_blocked, id=19952, stack(0x0000005a4f300000,0x0000005a4f400000)]
  0x0000021f68032ee0 JavaThread "Cache worker for cache directory md-rule (C:\Users\user\.gradle\caches\8.0\md-rule)" [_thread_blocked, id=15572, stack(0x0000005a4f400000,0x0000005a4f500000)]
  0x0000021f68034220 JavaThread "Cache worker for file content cache (C:\Users\user\.gradle\caches\8.0\fileContent)" [_thread_blocked, id=20108, stack(0x0000005a4f500000,0x0000005a4f600000)]
  0x0000021f680333b0 JavaThread "Cache worker for file hash cache (D:\IT22\sem 5\Pengembangan Aplikasi Mobile\metric_converter_gifriend_kotlin\.gradle\8.0\fileHashes)" [_thread_blocked, id=16420, stack(0x0000005a4f600000,0x0000005a4f700000)]
  0x0000021f68033d50 JavaThread "Cache worker for cache directory md-supplier (C:\Users\user\.gradle\caches\8.0\md-supplier)" [_thread_blocked, id=9608, stack(0x0000005a4f700000,0x0000005a4f800000)]
  0x0000021f68155a80 JavaThread "Cache worker for execution history cache (C:\Users\user\.gradle\caches\8.0\executionHistory)" [_thread_blocked, id=756, stack(0x0000005a4f800000,0x0000005a4f900000)]
  0x0000021f68154c10 JavaThread "jar transforms" [_thread_blocked, id=6568, stack(0x0000005a4f900000,0x0000005a4fa00000)]
  0x0000021f68154740 JavaThread "jar transforms Thread 2" [_thread_blocked, id=19772, stack(0x0000005a4fa00000,0x0000005a4fb00000)]
  0x0000021f68155f50 JavaThread "Cache worker for kotlin-dsl (C:\Users\user\.gradle\caches\8.0\kotlin-dsl)" [_thread_blocked, id=21020, stack(0x0000005a4fd00000,0x0000005a4fe00000)]
  0x0000021f681585d0 JavaThread "jar transforms Thread 3" [_thread_blocked, id=19424, stack(0x0000005a4fe00000,0x0000005a4ff00000)]
  0x0000021f68153da0 JavaThread "jar transforms Thread 4" [_thread_blocked, id=13804, stack(0x0000005a4ff00000,0x0000005a50000000)]
  0x0000021f68157290 JavaThread "Cache worker for dependencies-accessors (D:\IT22\sem 5\Pengembangan Aplikasi Mobile\metric_converter_gifriend_kotlin\.gradle\8.0\dependencies-accessors)" [_thread_blocked, id=3232, stack(0x0000005a50000000,0x0000005a50100000)]
  0x0000021f68153400 JavaThread "Cache worker for Build Output Cleanup Cache (D:\IT22\sem 5\Pengembangan Aplikasi Mobile\metric_converter_gifriend_kotlin\.gradle\buildOutputCleanup)" [_thread_blocked, id=20992, stack(0x0000005a50100000,0x0000005a50200000)]
  0x0000021f681550e0 JavaThread "jar transforms Thread 5" [_thread_blocked, id=15708, stack(0x0000005a50200000,0x0000005a50300000)]
  0x0000021f68154270 JavaThread "Unconstrained build operations" [_thread_blocked, id=13904, stack(0x0000005a50300000,0x0000005a50400000)]
  0x0000021f681568f0 JavaThread "Unconstrained build operations Thread 2" [_thread_blocked, id=20840, stack(0x0000005a50400000,0x0000005a50500000)]
  0x0000021f68157c30 JavaThread "Unconstrained build operations Thread 3" [_thread_blocked, id=20960, stack(0x0000005a50500000,0x0000005a50600000)]
  0x0000021f68158100 JavaThread "Unconstrained build operations Thread 4" [_thread_blocked, id=9824, stack(0x0000005a50600000,0x0000005a50700000)]
  0x0000021f68158aa0 JavaThread "Unconstrained build operations Thread 5" [_thread_blocked, id=20248, stack(0x0000005a50700000,0x0000005a50800000)]
  0x0000021f681538d0 JavaThread "Unconstrained build operations Thread 6" [_thread_blocked, id=20816, stack(0x0000005a50800000,0x0000005a50900000)]
  0x0000021f68158f70 JavaThread "Unconstrained build operations Thread 7" [_thread_blocked, id=15956, stack(0x0000005a50900000,0x0000005a50a00000)]
  0x0000021f68152590 JavaThread "Unconstrained build operations Thread 8" [_thread_blocked, id=17188, stack(0x0000005a50a00000,0x0000005a50b00000)]
  0x0000021f68159440 JavaThread "Unconstrained build operations Thread 9" [_thread_blocked, id=15372, stack(0x0000005a50b00000,0x0000005a50c00000)]
  0x0000021f681520c0 JavaThread "Unconstrained build operations Thread 10" [_thread_blocked, id=17092, stack(0x0000005a50c00000,0x0000005a50d00000)]
  0x0000021f681555b0 JavaThread "Unconstrained build operations Thread 11" [_thread_blocked, id=20368, stack(0x0000005a50d00000,0x0000005a50e00000)]
  0x0000021f6ceba7a0 JavaThread "Unconstrained build operations Thread 12" [_thread_blocked, id=16236, stack(0x0000005a50e00000,0x0000005a50f00000)]
  0x0000021f6cebb610 JavaThread "Unconstrained build operations Thread 13" [_thread_blocked, id=19872, stack(0x0000005a50f00000,0x0000005a51000000)]
  0x0000021f6ceba2d0 JavaThread "Unconstrained build operations Thread 14" [_thread_blocked, id=19288, stack(0x0000005a51000000,0x0000005a51100000)]
  0x0000021f6cebbae0 JavaThread "Unconstrained build operations Thread 15" [_thread_blocked, id=6620, stack(0x0000005a51100000,0x0000005a51200000)]
  0x0000021f6cebbfb0 JavaThread "Unconstrained build operations Thread 16" [_thread_blocked, id=19988, stack(0x0000005a51200000,0x0000005a51300000)]
  0x0000021f6cebac70 JavaThread "Unconstrained build operations Thread 17" [_thread_blocked, id=15748, stack(0x0000005a51300000,0x0000005a51400000)]
  0x0000021f6cebc480 JavaThread "Unconstrained build operations Thread 18" [_thread_blocked, id=14912, stack(0x0000005a51400000,0x0000005a51500000)]
  0x0000021f6cebc950 JavaThread "Unconstrained build operations Thread 19" [_thread_blocked, id=16952, stack(0x0000005a51500000,0x0000005a51600000)]
  0x0000021f6cebce20 JavaThread "Unconstrained build operations Thread 20" [_thread_blocked, id=20904, stack(0x0000005a51600000,0x0000005a51700000)]
  0x0000021f6cebb140 JavaThread "Unconstrained build operations Thread 21" [_thread_blocked, id=15292, stack(0x0000005a51700000,0x0000005a51800000)]
  0x0000021f6cebd2f0 JavaThread "Unconstrained build operations Thread 22" [_thread_blocked, id=16664, stack(0x0000005a51800000,0x0000005a51900000)]
  0x0000021f6ceb9930 JavaThread "Unconstrained build operations Thread 23" [_thread_blocked, id=20016, stack(0x0000005a51900000,0x0000005a51a00000)]
  0x0000021f6ceb9e00 JavaThread "Unconstrained build operations Thread 24" [_thread_blocked, id=12336, stack(0x0000005a51a00000,0x0000005a51b00000)]
  0x0000021f688bd8b0 JavaThread "Unconstrained build operations Thread 25" [_thread_blocked, id=21032, stack(0x0000005a51b00000,0x0000005a51c00000)]
  0x0000021f688bc0a0 JavaThread "Unconstrained build operations Thread 26" [_thread_blocked, id=8388, stack(0x0000005a51c00000,0x0000005a51d00000)]
  0x0000021f688c0400 JavaThread "Unconstrained build operations Thread 27" [_thread_blocked, id=16828, stack(0x0000005a51d00000,0x0000005a51e00000)]
  0x0000021f688bf0c0 JavaThread "Unconstrained build operations Thread 28" [_thread_blocked, id=11728, stack(0x0000005a51e00000,0x0000005a51f00000)]
  0x0000021f688ba890 JavaThread "Unconstrained build operations Thread 29" [_thread_blocked, id=18520, stack(0x0000005a51f00000,0x0000005a52000000)]
  0x0000021f688c20e0 JavaThread "Unconstrained build operations Thread 30" [_thread_blocked, id=21404, stack(0x0000005a52000000,0x0000005a52100000)]
  0x0000021f688bfa60 JavaThread "Unconstrained build operations Thread 31" [_thread_blocked, id=15444, stack(0x0000005a52100000,0x0000005a52200000)]
  0x0000021f688c08d0 JavaThread "Unconstrained build operations Thread 32" [_thread_blocked, id=19652, stack(0x0000005a52200000,0x0000005a52300000)]
  0x0000021f688bff30 JavaThread "Unconstrained build operations Thread 33" [_thread_blocked, id=18956, stack(0x0000005a52300000,0x0000005a52400000)]
  0x0000021f688bf590 JavaThread "Unconstrained build operations Thread 34" [_thread_blocked, id=14968, stack(0x0000005a52400000,0x0000005a52500000)]
  0x0000021f688bdd80 JavaThread "Unconstrained build operations Thread 35" [_thread_blocked, id=18620, stack(0x0000005a52500000,0x0000005a52600000)]
  0x0000021f688c0da0 JavaThread "Unconstrained build operations Thread 36" [_thread_blocked, id=14300, stack(0x0000005a52600000,0x0000005a52700000)]
  0x0000021f688c1270 JavaThread "Unconstrained build operations Thread 37" [_thread_blocked, id=20820, stack(0x0000005a52700000,0x0000005a52800000)]
  0x0000021f688be250 JavaThread "Unconstrained build operations Thread 38" [_thread_blocked, id=17828, stack(0x0000005a52800000,0x0000005a52900000)]
  0x0000021f688c1740 JavaThread "Unconstrained build operations Thread 39" [_thread_blocked, id=13428, stack(0x0000005a52900000,0x0000005a52a00000)]
  0x0000021f688bebf0 JavaThread "Unconstrained build operations Thread 40" [_thread_blocked, id=16080, stack(0x0000005a52a00000,0x0000005a52b00000)]
  0x0000021f688bca40 JavaThread "Unconstrained build operations Thread 41" [_thread_blocked, id=18972, stack(0x0000005a52b00000,0x0000005a52c00000)]
  0x0000021f688bbbd0 JavaThread "Unconstrained build operations Thread 42" [_thread_blocked, id=12108, stack(0x0000005a52c00000,0x0000005a52d00000)]
  0x0000021f688c1c10 JavaThread "Unconstrained build operations Thread 43" [_thread_blocked, id=16452, stack(0x0000005a52d00000,0x0000005a52e00000)]
  0x0000021f688bad60 JavaThread "Unconstrained build operations Thread 44" [_thread_blocked, id=20796, stack(0x0000005a52e00000,0x0000005a52f00000)]
  0x0000021f688bb230 JavaThread "Unconstrained build operations Thread 45" [_thread_blocked, id=16720, stack(0x0000005a52f00000,0x0000005a53000000)]
  0x0000021f688bcf10 JavaThread "Unconstrained build operations Thread 46" [_thread_blocked, id=20252, stack(0x0000005a53000000,0x0000005a53100000)]
  0x0000021f688bb700 JavaThread "Unconstrained build operations Thread 47" [_thread_blocked, id=20176, stack(0x0000005a53100000,0x0000005a53200000)]
  0x0000021f688bc570 JavaThread "Unconstrained build operations Thread 48" [_thread_blocked, id=19244, stack(0x0000005a53200000,0x0000005a53300000)]
  0x0000021f688be720 JavaThread "Unconstrained build operations Thread 49" [_thread_blocked, id=13520, stack(0x0000005a53300000,0x0000005a53400000)]
  0x0000021f688bd3e0 JavaThread "Unconstrained build operations Thread 50" [_thread_blocked, id=16060, stack(0x0000005a53400000,0x0000005a53500000)]
  0x0000021f68c6f190 JavaThread "Unconstrained build operations Thread 51" [_thread_blocked, id=21456, stack(0x0000005a53500000,0x0000005a53600000)]
  0x0000021f68c6ae30 JavaThread "Unconstrained build operations Thread 52" [_thread_blocked, id=20564, stack(0x0000005a53600000,0x0000005a53700000)]
  0x0000021f68c69150 JavaThread "Unconstrained build operations Thread 53" [_thread_blocked, id=6028, stack(0x0000005a53700000,0x0000005a53800000)]
  0x0000021f68c6f660 JavaThread "Unconstrained build operations Thread 54" [_thread_blocked, id=21036, stack(0x0000005a53800000,0x0000005a53900000)]
  0x0000021f68c6cb10 JavaThread "Unconstrained build operations Thread 55" [_thread_blocked, id=11100, stack(0x0000005a53900000,0x0000005a53a00000)]
  0x0000021f68c6de50 JavaThread "Unconstrained build operations Thread 56" [_thread_blocked, id=16996, stack(0x0000005a53a00000,0x0000005a53b00000)]
  0x0000021f68c69620 JavaThread "Unconstrained build operations Thread 57" [_thread_blocked, id=15484, stack(0x0000005a53b00000,0x0000005a53c00000)]
  0x0000021f68c6cfe0 JavaThread "Unconstrained build operations Thread 58" [_thread_blocked, id=20804, stack(0x0000005a53c00000,0x0000005a53d00000)]
  0x0000021f68c6d4b0 JavaThread "Unconstrained build operations Thread 59" [_thread_blocked, id=3196, stack(0x0000005a53d00000,0x0000005a53e00000)]
  0x0000021f68c69fc0 JavaThread "Unconstrained build operations Thread 60" [_thread_blocked, id=19828, stack(0x0000005a53e00000,0x0000005a53f00000)]
  0x0000021f68c70000 JavaThread "Unconstrained build operations Thread 61" [_thread_blocked, id=20636, stack(0x0000005a53f00000,0x0000005a54000000)]
  0x0000021f68c6b300 JavaThread "Unconstrained build operations Thread 62" [_thread_blocked, id=18784, stack(0x0000005a54000000,0x0000005a54100000)]
  0x0000021f68c6a960 JavaThread "Unconstrained build operations Thread 63" [_thread_blocked, id=9528, stack(0x0000005a54100000,0x0000005a54200000)]
  0x0000021f68c6d980 JavaThread "Unconstrained build operations Thread 64" [_thread_blocked, id=21084, stack(0x0000005a54200000,0x0000005a54300000)]
  0x0000021f68c6fb30 JavaThread "Unconstrained build operations Thread 65" [_thread_blocked, id=20436, stack(0x0000005a54300000,0x0000005a54400000)]
  0x0000021f68c6b7d0 JavaThread "Unconstrained build operations Thread 66" [_thread_blocked, id=5636, stack(0x0000005a54400000,0x0000005a54500000)]
  0x0000021f68c6ecc0 JavaThread "Unconstrained build operations Thread 67" [_thread_blocked, id=19504, stack(0x0000005a54500000,0x0000005a54600000)]
  0x0000021f68c69af0 JavaThread "Unconstrained build operations Thread 68" [_thread_blocked, id=20412, stack(0x0000005a54600000,0x0000005a54700000)]
  0x0000021f68c6a490 JavaThread "Unconstrained build operations Thread 69" [_thread_blocked, id=10412, stack(0x0000005a54700000,0x0000005a54800000)]
  0x0000021f68c6bca0 JavaThread "Unconstrained build operations Thread 70" [_thread_blocked, id=2692, stack(0x0000005a54800000,0x0000005a54900000)]
  0x0000021f68c6c170 JavaThread "Unconstrained build operations Thread 71" [_thread_blocked, id=14740, stack(0x0000005a54900000,0x0000005a54a00000)]
  0x0000021f68c6c640 JavaThread "Unconstrained build operations Thread 72" [_thread_blocked, id=9864, stack(0x0000005a54a00000,0x0000005a54b00000)]
  0x0000021f68c704d0 JavaThread "Unconstrained build operations Thread 73" [_thread_blocked, id=21204, stack(0x0000005a54b00000,0x0000005a54c00000)]
  0x0000021f68c6e320 JavaThread "Unconstrained build operations Thread 74" [_thread_blocked, id=20076, stack(0x0000005a54c00000,0x0000005a54d00000)]
  0x0000021f68c6e7f0 JavaThread "Unconstrained build operations Thread 75" [_thread_blocked, id=20984, stack(0x0000005a54d00000,0x0000005a54e00000)]
  0x0000021f68c68c80 JavaThread "Unconstrained build operations Thread 76" [_thread_blocked, id=9928, stack(0x0000005a54e00000,0x0000005a54f00000)]
  0x0000021f6ad68480 JavaThread "Unconstrained build operations Thread 77" [_thread_blocked, id=20328, stack(0x0000005a54f00000,0x0000005a55000000)]
  0x0000021f6ad67140 JavaThread "Unconstrained build operations Thread 78" [_thread_blocked, id=19124, stack(0x0000005a55000000,0x0000005a55100000)]
  0x0000021f6ad68e20 JavaThread "Unconstrained build operations Thread 79" [_thread_blocked, id=20708, stack(0x0000005a55100000,0x0000005a55200000)]
  0x0000021f6ad61f70 JavaThread "Unconstrained build operations Thread 80" [_thread_blocked, id=3132, stack(0x0000005a55200000,0x0000005a55300000)]
  0x0000021f6ad66c70 JavaThread "jar transforms Thread 6" [_thread_blocked, id=21172, stack(0x0000005a55300000,0x0000005a55400000)]
  0x0000021f6ad67ae0 JavaThread "jar transforms Thread 7" [_thread_blocked, id=5900, stack(0x0000005a55400000,0x0000005a55500000)]
  0x0000021f6ad64120 JavaThread "jar transforms Thread 8" [_thread_blocked, id=21208, stack(0x0000005a55500000,0x0000005a55600000)]
  0x0000021f6ad62910 JavaThread "build event listener" [_thread_blocked, id=3256, stack(0x0000005a4c700000,0x0000005a4c800000)]
  0x0000021f6ad63c50 JavaThread "Memory manager" [_thread_blocked, id=13084, stack(0x0000005a4c800000,0x0000005a4c900000)]
  0x0000021f6ad65930 JavaThread "pool-3-thread-1" [_thread_blocked, id=6744, stack(0x0000005a4c600000,0x0000005a4c700000)]
  0x0000021f6ad667a0 JavaThread "build event listener" [_thread_blocked, id=18588, stack(0x0000005a4e800000,0x0000005a4e900000)]
  0x0000021f6ad62de0 JavaThread "included builds" [_thread_blocked, id=20088, stack(0x0000005a55800000,0x0000005a55900000)]
  0x0000021f6ad632b0 JavaThread "Execution worker" [_thread_blocked, id=13616, stack(0x0000005a55900000,0x0000005a55a00000)]
  0x0000021f6ad67fb0 JavaThread "Execution worker Thread 2" [_thread_blocked, id=4124, stack(0x0000005a55a00000,0x0000005a55b00000)]
  0x0000021f6ad63780 JavaThread "Execution worker Thread 3" [_thread_blocked, id=9772, stack(0x0000005a55b00000,0x0000005a55c00000)]
  0x0000021f68034bc0 JavaThread "Execution worker Thread 4" [_thread_blocked, id=15492, stack(0x0000005a55c00000,0x0000005a55d00000)]
  0x0000021f6d248460 JavaThread "Execution worker Thread 5" [_thread_blocked, id=20936, stack(0x0000005a55d00000,0x0000005a55e00000)]
  0x0000021f6d2475f0 JavaThread "Execution worker Thread 6" [_thread_blocked, id=6500, stack(0x0000005a55e00000,0x0000005a55f00000)]
  0x0000021f6d247ac0 JavaThread "Execution worker Thread 7" [_thread_blocked, id=19228, stack(0x0000005a55f00000,0x0000005a56000000)]
  0x0000021f6d249c70 JavaThread "Cache worker for execution history cache (D:\IT22\sem 5\Pengembangan Aplikasi Mobile\metric_converter_gifriend_kotlin\.gradle\8.0\executionHistory)" [_thread_blocked, id=19928, stack(0x0000005a56000000,0x0000005a56100000)]
  0x0000021f6a771960 JavaThread "C2 CompilerThread1" daemon [_thread_blocked, id=18928, stack(0x0000005a56100000,0x0000005a56200000)]
  0x0000021f6a971ea0 JavaThread "WorkerExecutor Queue" [_thread_blocked, id=20456, stack(0x0000005a56200000,0x0000005a56300000)]

Other Threads:
=>0x0000021f64f1a950 VMThread "VM Thread" [stack: 0x0000005a4cf00000,0x0000005a4d000000] [id=20716]
  0x0000021f65aad500 WatcherThread [stack: 0x0000005a4db00000,0x0000005a4dc00000] [id=17112]
  0x0000021f4b1393e0 GCTaskThread "GC Thread#0" [stack: 0x0000005a4ca00000,0x0000005a4cb00000] [id=3512]
  0x0000021f65f50200 GCTaskThread "GC Thread#1" [stack: 0x0000005a4dc00000,0x0000005a4dd00000] [id=15080]
  0x0000021f66565630 GCTaskThread "GC Thread#2" [stack: 0x0000005a4dd00000,0x0000005a4de00000] [id=20644]
  0x0000021f664dd990 GCTaskThread "GC Thread#3" [stack: 0x0000005a4de00000,0x0000005a4df00000] [id=20952]
  0x0000021f671a3c90 GCTaskThread "GC Thread#4" [stack: 0x0000005a4df00000,0x0000005a4e000000] [id=20316]
  0x0000021f65cd3330 GCTaskThread "GC Thread#5" [stack: 0x0000005a4ea00000,0x0000005a4eb00000] [id=20776]
  0x0000021f65cd2870 GCTaskThread "GC Thread#6" [stack: 0x0000005a4eb00000,0x0000005a4ec00000] [id=10380]
  0x0000021f65cd35e0 GCTaskThread "GC Thread#7" [stack: 0x0000005a4ec00000,0x0000005a4ed00000] [id=2028]
  0x0000021f4b14a320 ConcurrentGCThread "G1 Main Marker" [stack: 0x0000005a4cb00000,0x0000005a4cc00000] [id=16668]
  0x0000021f4b14ad30 ConcurrentGCThread "G1 Conc#0" [stack: 0x0000005a4cc00000,0x0000005a4cd00000] [id=19240]
  0x0000021f65cd3b40 ConcurrentGCThread "G1 Conc#1" [stack: 0x0000005a4ed00000,0x0000005a4ee00000] [id=10752]
  0x0000021f4b19d1b0 ConcurrentGCThread "G1 Refine#0" [stack: 0x0000005a4cd00000,0x0000005a4ce00000] [id=2872]
  0x0000021f69f6f650 ConcurrentGCThread "G1 Refine#1" [stack: 0x0000005a55600000,0x0000005a55700000] [id=14580]
  0x0000021f6881cff0 ConcurrentGCThread "G1 Refine#2" [stack: 0x0000005a55700000,0x0000005a55800000] [id=17324]
  0x0000021f4b19dbd0 ConcurrentGCThread "G1 Service" [stack: 0x0000005a4ce00000,0x0000005a4cf00000] [id=14696]

Threads with active compile tasks:
C2 CompilerThread0    88088 12767       4       com.google.common.cache.LocalCache$Segment::setValue (82 bytes)
C2 CompilerThread1    88088 12645       4       org.gradle.internal.instantiation.generator.AbstractClassGenerator$ClassMetadata::property (42 bytes)

VM state: at safepoint (normal execution)

VM Mutex/Monitor currently owned by a thread:  ([mutex/lock_event])
[0x0000021f4b0da330] Threads_lock - owner thread: 0x0000021f64f1a950
[0x0000021f4b0da7b0] Heap_lock - owner thread: 0x0000021f688bdd80

Heap address: 0x0000000080000000, size: 2048 MB, Compressed Oops mode: 32-bit

CDS archive(s) not mapped
Compressed class space mapped at: 0x0000000100000000-0x0000000140000000, reserved size: 1073741824
Narrow klass base: 0x0000000000000000, Narrow klass shift: 3, Narrow klass range: 0x140000000

GC Precious Log:
 CPUs: 8 total, 8 available
 Memory: 6081M
 Large Page Support: Disabled
 NUMA Support: Disabled
 Compressed Oops: Enabled (32-bit)
 Heap Region Size: 1M
 Heap Min Capacity: 8M
 Heap Initial Capacity: 96M
 Heap Max Capacity: 2G
 Pre-touch: Disabled
 Parallel Workers: 8
 Concurrent Workers: 2
 Concurrent Refinement Workers: 8
 Periodic GC: Disabled

Heap:
 garbage-first heap   total 167936K, used 102637K [0x0000000080000000, 0x0000000100000000)
  region size 1024K, 4 young (4096K), 4 survivors (4096K)
 Metaspace       used 102784K, committed 103424K, reserved 1138688K
  class space    used 13831K, committed 14144K, reserved 1048576K

Heap Regions: E=young(eden), S=young(survivor), O=old, HS=humongous(starts), HC=humongous(continues), CS=collection set, F=free, OA=open archive, CA=closed archive, TAMS=top-at-mark-start (previous, next)
|   0|0x0000000080000000, 0x0000000080100000, 0x0000000080100000|100%|HS|  |TAMS 0x0000000080100000, 0x0000000080000000| Complete 
|   1|0x0000000080100000, 0x0000000080200000, 0x0000000080200000|100%|HC|  |TAMS 0x0000000080200000, 0x0000000080100000| Complete 
|   2|0x0000000080200000, 0x0000000080300000, 0x0000000080300000|100%|HC|  |TAMS 0x0000000080300000, 0x0000000080200000| Complete 
|   3|0x0000000080300000, 0x0000000080400000, 0x0000000080400000|100%|HC|  |TAMS 0x0000000080400000, 0x0000000080300000| Complete 
|   4|0x0000000080400000, 0x0000000080500000, 0x0000000080500000|100%| O|  |TAMS 0x0000000080500000, 0x0000000080400000| Untracked 
|   5|0x0000000080500000, 0x0000000080600000, 0x0000000080600000|100%| O|  |TAMS 0x0000000080600000, 0x0000000080500000| Untracked 
|   6|0x0000000080600000, 0x0000000080700000, 0x0000000080700000|100%| O|  |TAMS 0x0000000080700000, 0x0000000080600000| Untracked 
|   7|0x0000000080700000, 0x0000000080800000, 0x0000000080800000|100%| O|  |TAMS 0x0000000080800000, 0x0000000080700000| Untracked 
|   8|0x0000000080800000, 0x0000000080900000, 0x0000000080900000|100%| O|  |TAMS 0x0000000080900000, 0x0000000080800000| Untracked 
|   9|0x0000000080900000, 0x0000000080a00000, 0x0000000080a00000|100%| O|  |TAMS 0x0000000080a00000, 0x0000000080900000| Untracked 
|  10|0x0000000080a00000, 0x0000000080b00000, 0x0000000080b00000|100%| O|  |TAMS 0x0000000080b00000, 0x0000000080a00000| Untracked 
|  11|0x0000000080b00000, 0x0000000080c00000, 0x0000000080c00000|100%| O|  |TAMS 0x0000000080c00000, 0x0000000080b00000| Untracked 
|  12|0x0000000080c00000, 0x0000000080d00000, 0x0000000080d00000|100%| O|  |TAMS 0x0000000080d00000, 0x0000000080c00000| Untracked 
|  13|0x0000000080d00000, 0x0000000080e00000, 0x0000000080e00000|100%| O|  |TAMS 0x0000000080e00000, 0x0000000080d00000| Untracked 
|  14|0x0000000080e00000, 0x0000000080f00000, 0x0000000080f00000|100%| O|  |TAMS 0x0000000080f00000, 0x0000000080e00000| Untracked 
|  15|0x0000000080f00000, 0x0000000081000000, 0x0000000081000000|100%| O|  |TAMS 0x0000000081000000, 0x0000000080f00000| Untracked 
|  16|0x0000000081000000, 0x0000000081100000, 0x0000000081100000|100%| O|  |TAMS 0x0000000081100000, 0x0000000081000000| Untracked 
|  17|0x0000000081100000, 0x0000000081200000, 0x0000000081200000|100%| O|  |TAMS 0x0000000081200000, 0x0000000081100000| Untracked 
|  18|0x0000000081200000, 0x0000000081300000, 0x0000000081300000|100%| O|  |TAMS 0x0000000081300000, 0x0000000081200000| Untracked 
|  19|0x0000000081300000, 0x0000000081400000, 0x0000000081400000|100%| O|  |TAMS 0x0000000081400000, 0x0000000081300000| Untracked 
|  20|0x0000000081400000, 0x0000000081500000, 0x0000000081500000|100%| O|  |TAMS 0x0000000081500000, 0x0000000081400000| Untracked 
|  21|0x0000000081500000, 0x0000000081600000, 0x0000000081600000|100%| O|  |TAMS 0x0000000081600000, 0x0000000081500000| Untracked 
|  22|0x0000000081600000, 0x0000000081700000, 0x0000000081700000|100%| O|  |TAMS 0x0000000081700000, 0x0000000081600000| Untracked 
|  23|0x0000000081700000, 0x0000000081800000, 0x0000000081800000|100%| O|  |TAMS 0x0000000081800000, 0x0000000081700000| Untracked 
|  24|0x0000000081800000, 0x0000000081900000, 0x0000000081900000|100%| O|  |TAMS 0x0000000081900000, 0x0000000081800000| Untracked 
|  25|0x0000000081900000, 0x0000000081a00000, 0x0000000081a00000|100%| O|  |TAMS 0x0000000081a00000, 0x0000000081900000| Untracked 
|  26|0x0000000081a00000, 0x0000000081b00000, 0x0000000081b00000|100%| O|  |TAMS 0x0000000081b00000, 0x0000000081a00000| Untracked 
|  27|0x0000000081b00000, 0x0000000081c00000, 0x0000000081c00000|100%| O|  |TAMS 0x0000000081c00000, 0x0000000081b00000| Untracked 
|  28|0x0000000081c00000, 0x0000000081d00000, 0x0000000081d00000|100%| O|  |TAMS 0x0000000081d00000, 0x0000000081c00000| Untracked 
|  29|0x0000000081d00000, 0x0000000081e00000, 0x0000000081e00000|100%| O|  |TAMS 0x0000000081e00000, 0x0000000081d00000| Untracked 
|  30|0x0000000081e00000, 0x0000000081f00000, 0x0000000081f00000|100%| O|  |TAMS 0x0000000081f00000, 0x0000000081e00000| Untracked 
|  31|0x0000000081f00000, 0x0000000082000000, 0x0000000082000000|100%| O|  |TAMS 0x0000000082000000, 0x0000000081f00000| Untracked 
|  32|0x0000000082000000, 0x0000000082100000, 0x0000000082100000|100%| O|  |TAMS 0x0000000082100000, 0x0000000082000000| Untracked 
|  33|0x0000000082100000, 0x0000000082200000, 0x0000000082200000|100%|HS|  |TAMS 0x0000000082200000, 0x0000000082100000| Complete 
|  34|0x0000000082200000, 0x0000000082300000, 0x0000000082300000|100%|HS|  |TAMS 0x0000000082300000, 0x0000000082200000| Complete 
|  35|0x0000000082300000, 0x0000000082400000, 0x0000000082400000|100%| O|  |TAMS 0x0000000082400000, 0x0000000082300000| Untracked 
|  36|0x0000000082400000, 0x0000000082500000, 0x0000000082500000|100%| O|  |TAMS 0x0000000082500000, 0x0000000082400000| Untracked 
|  37|0x0000000082500000, 0x0000000082600000, 0x0000000082600000|100%| O|  |TAMS 0x0000000082600000, 0x0000000082500000| Untracked 
|  38|0x0000000082600000, 0x0000000082700000, 0x0000000082700000|100%| O|  |TAMS 0x0000000082700000, 0x0000000082600000| Untracked 
|  39|0x0000000082700000, 0x0000000082800000, 0x0000000082800000|100%|HS|  |TAMS 0x0000000082800000, 0x0000000082700000| Complete 
|  40|0x0000000082800000, 0x0000000082900000, 0x0000000082900000|100%|HC|  |TAMS 0x0000000082900000, 0x0000000082800000| Complete 
|  41|0x0000000082900000, 0x0000000082a00000, 0x0000000082a00000|100%| O|  |TAMS 0x0000000082a00000, 0x0000000082900000| Untracked 
|  42|0x0000000082a00000, 0x0000000082b00000, 0x0000000082b00000|100%| O|  |TAMS 0x0000000082b00000, 0x0000000082a00000| Untracked 
|  43|0x0000000082b00000, 0x0000000082c00000, 0x0000000082c00000|100%|HS|  |TAMS 0x0000000082c00000, 0x0000000082b00000| Complete 
|  44|0x0000000082c00000, 0x0000000082d00000, 0x0000000082d00000|100%|HS|  |TAMS 0x0000000082d00000, 0x0000000082c00000| Complete 
|  45|0x0000000082d00000, 0x0000000082e00000, 0x0000000082e00000|100%|HC|  |TAMS 0x0000000082e00000, 0x0000000082d00000| Complete 
|  46|0x0000000082e00000, 0x0000000082f00000, 0x0000000082f00000|100%|HC|  |TAMS 0x0000000082f00000, 0x0000000082e00000| Complete 
|  47|0x0000000082f00000, 0x0000000083000000, 0x0000000083000000|100%|HC|  |TAMS 0x0000000083000000, 0x0000000082f00000| Complete 
|  48|0x0000000083000000, 0x0000000083100000, 0x0000000083100000|100%| O|  |TAMS 0x0000000083100000, 0x0000000083000000| Untracked 
|  49|0x0000000083100000, 0x0000000083200000, 0x0000000083200000|100%| O|  |TAMS 0x0000000083200000, 0x0000000083100000| Untracked 
|  50|0x0000000083200000, 0x0000000083300000, 0x0000000083300000|100%| O|  |TAMS 0x0000000083300000, 0x0000000083200000| Untracked 
|  51|0x0000000083300000, 0x0000000083400000, 0x0000000083400000|100%| O|  |TAMS 0x0000000083400000, 0x0000000083300000| Untracked 
|  52|0x0000000083400000, 0x0000000083500000, 0x0000000083500000|100%| O|  |TAMS 0x0000000083500000, 0x0000000083400000| Untracked 
|  53|0x0000000083500000, 0x0000000083600000, 0x0000000083600000|100%| O|  |TAMS 0x0000000083600000, 0x0000000083500000| Untracked 
|  54|0x0000000083600000, 0x0000000083700000, 0x0000000083700000|100%| O|  |TAMS 0x0000000083700000, 0x0000000083600000| Untracked 
|  55|0x0000000083700000, 0x0000000083800000, 0x0000000083800000|100%| O|  |TAMS 0x0000000083800000, 0x0000000083700000| Untracked 
|  56|0x0000000083800000, 0x0000000083900000, 0x0000000083900000|100%| O|  |TAMS 0x0000000083900000, 0x0000000083800000| Untracked 
|  57|0x0000000083900000, 0x0000000083a00000, 0x0000000083a00000|100%| O|  |TAMS 0x0000000083a00000, 0x0000000083900000| Untracked 
|  58|0x0000000083a00000, 0x0000000083b00000, 0x0000000083b00000|100%| O|  |TAMS 0x0000000083b00000, 0x0000000083a00000| Untracked 
|  59|0x0000000083b00000, 0x0000000083c00000, 0x0000000083c00000|100%| O|  |TAMS 0x0000000083c00000, 0x0000000083b00000| Untracked 
|  60|0x0000000083c00000, 0x0000000083d00000, 0x0000000083d00000|100%| O|  |TAMS 0x0000000083d00000, 0x0000000083c00000| Untracked 
|  61|0x0000000083d00000, 0x0000000083e00000, 0x0000000083e00000|100%| O|  |TAMS 0x0000000083e00000, 0x0000000083d00000| Untracked 
|  62|0x0000000083e00000, 0x0000000083f00000, 0x0000000083f00000|100%| O|  |TAMS 0x0000000083f00000, 0x0000000083e00000| Untracked 
|  63|0x0000000083f00000, 0x0000000084000000, 0x0000000084000000|100%| O|  |TAMS 0x0000000084000000, 0x0000000083f00000| Untracked 
|  64|0x0000000084000000, 0x0000000084100000, 0x0000000084100000|100%| O|  |TAMS 0x0000000084100000, 0x0000000084000000| Untracked 
|  65|0x0000000084100000, 0x0000000084200000, 0x0000000084200000|100%| O|  |TAMS 0x0000000084200000, 0x0000000084100000| Untracked 
|  66|0x0000000084200000, 0x0000000084300000, 0x0000000084300000|100%| O|  |TAMS 0x0000000084300000, 0x0000000084200000| Untracked 
|  67|0x0000000084300000, 0x0000000084400000, 0x0000000084400000|100%| O|  |TAMS 0x0000000084400000, 0x0000000084300000| Untracked 
|  68|0x0000000084400000, 0x0000000084500000, 0x0000000084500000|100%| O|  |TAMS 0x0000000084500000, 0x0000000084400000| Untracked 
|  69|0x0000000084500000, 0x0000000084600000, 0x0000000084600000|100%| O|  |TAMS 0x0000000084600000, 0x0000000084500000| Untracked 
|  70|0x0000000084600000, 0x0000000084700000, 0x0000000084700000|100%| O|  |TAMS 0x0000000084700000, 0x0000000084600000| Untracked 
|  71|0x0000000084700000, 0x0000000084800000, 0x0000000084800000|100%| O|  |TAMS 0x0000000084800000, 0x0000000084700000| Untracked 
|  72|0x0000000084800000, 0x0000000084900000, 0x0000000084900000|100%| O|  |TAMS 0x0000000084900000, 0x0000000084800000| Untracked 
|  73|0x0000000084900000, 0x0000000084a00000, 0x0000000084a00000|100%| O|  |TAMS 0x0000000084a00000, 0x0000000084900000| Untracked 
|  74|0x0000000084a00000, 0x0000000084b00000, 0x0000000084b00000|100%| O|  |TAMS 0x0000000084b00000, 0x0000000084a00000| Untracked 
|  75|0x0000000084b00000, 0x0000000084c00000, 0x0000000084c00000|100%| O|  |TAMS 0x0000000084c00000, 0x0000000084b00000| Untracked 
|  76|0x0000000084c00000, 0x0000000084d00000, 0x0000000084d00000|100%| O|  |TAMS 0x0000000084d00000, 0x0000000084c00000| Untracked 
|  77|0x0000000084d00000, 0x0000000084e00000, 0x0000000084e00000|100%| O|  |TAMS 0x0000000084e00000, 0x0000000084d00000| Untracked 
|  78|0x0000000084e00000, 0x0000000084f00000, 0x0000000084f00000|100%| O|  |TAMS 0x0000000084f00000, 0x0000000084e00000| Untracked 
|  79|0x0000000084f00000, 0x0000000085000000, 0x0000000085000000|100%| O|  |TAMS 0x0000000085000000, 0x0000000084f00000| Untracked 
|  80|0x0000000085000000, 0x0000000085100000, 0x0000000085100000|100%| O|  |TAMS 0x0000000085100000, 0x0000000085000000| Untracked 
|  81|0x0000000085100000, 0x0000000085200000, 0x0000000085200000|100%| O|  |TAMS 0x0000000085200000, 0x0000000085100000| Untracked 
|  82|0x0000000085200000, 0x0000000085300000, 0x0000000085300000|100%| O|  |TAMS 0x0000000085300000, 0x0000000085200000| Untracked 
|  83|0x0000000085300000, 0x0000000085400000, 0x0000000085400000|100%| O|  |TAMS 0x0000000085400000, 0x0000000085300000| Untracked 
|  84|0x0000000085400000, 0x0000000085500000, 0x0000000085500000|100%| O|  |TAMS 0x0000000085500000, 0x0000000085400000| Untracked 
|  85|0x0000000085500000, 0x0000000085500000, 0x0000000085600000|  0%| F|  |TAMS 0x0000000085500000, 0x0000000085500000| Untracked 
|  86|0x0000000085600000, 0x0000000085700000, 0x0000000085700000|100%| O|  |TAMS 0x0000000085700000, 0x0000000085600000| Untracked 
|  87|0x0000000085700000, 0x0000000085800000, 0x0000000085800000|100%| O|  |TAMS 0x0000000085800000, 0x0000000085700000| Untracked 
|  88|0x0000000085800000, 0x0000000085900000, 0x0000000085900000|100%| O|  |TAMS 0x0000000085900000, 0x0000000085800000| Untracked 
|  89|0x0000000085900000, 0x0000000085a00000, 0x0000000085a00000|100%| O|  |TAMS 0x0000000085a00000, 0x0000000085900000| Untracked 
|  90|0x0000000085a00000, 0x0000000085b00000, 0x0000000085b00000|100%| O|  |TAMS 0x0000000085a10808, 0x0000000085a00000| Untracked 
|  91|0x0000000085b00000, 0x0000000085c00000, 0x0000000085c00000|100%| O|  |TAMS 0x0000000085b00000, 0x0000000085b00000| Untracked 
|  92|0x0000000085c00000, 0x0000000085d00000, 0x0000000085d00000|100%| O|  |TAMS 0x0000000085c00000, 0x0000000085c00000| Untracked 
|  93|0x0000000085d00000, 0x0000000085e00000, 0x0000000085e00000|100%| O|  |TAMS 0x0000000085d00000, 0x0000000085d00000| Untracked 
|  94|0x0000000085e00000, 0x0000000085f00000, 0x0000000085f00000|100%| O|  |TAMS 0x0000000085e00000, 0x0000000085e00000| Untracked 
|  95|0x0000000085f00000, 0x0000000086000000, 0x0000000086000000|100%| O|  |TAMS 0x0000000085f00000, 0x0000000085f00000| Untracked 
|  96|0x0000000086000000, 0x0000000086100000, 0x0000000086100000|100%| O|  |TAMS 0x0000000086000000, 0x0000000086000000| Untracked 
|  97|0x0000000086100000, 0x00000000861f5600, 0x0000000086200000| 95%| O|  |TAMS 0x0000000086100000, 0x0000000086100000| Untracked 
|  98|0x0000000086200000, 0x0000000086200000, 0x0000000086300000|  0%| F|  |TAMS 0x0000000086200000, 0x0000000086200000| Untracked 
|  99|0x0000000086300000, 0x0000000086300000, 0x0000000086400000|  0%| F|  |TAMS 0x0000000086300000, 0x0000000086300000| Untracked 
| 100|0x0000000086400000, 0x0000000086400000, 0x0000000086500000|  0%| F|  |TAMS 0x0000000086400000, 0x0000000086400000| Untracked 
| 101|0x0000000086500000, 0x0000000086500000, 0x0000000086600000|  0%| F|  |TAMS 0x0000000086500000, 0x0000000086500000| Untracked 
| 102|0x0000000086600000, 0x0000000086600000, 0x0000000086700000|  0%| F|  |TAMS 0x0000000086600000, 0x0000000086600000| Untracked 
| 103|0x0000000086700000, 0x0000000086700000, 0x0000000086800000|  0%| F|  |TAMS 0x0000000086700000, 0x0000000086700000| Untracked 
| 104|0x0000000086800000, 0x0000000086800000, 0x0000000086900000|  0%| F|  |TAMS 0x0000000086800000, 0x0000000086800000| Untracked 
| 105|0x0000000086900000, 0x0000000086900000, 0x0000000086a00000|  0%| F|  |TAMS 0x0000000086900000, 0x0000000086900000| Untracked 
| 106|0x0000000086a00000, 0x0000000086a00000, 0x0000000086b00000|  0%| F|  |TAMS 0x0000000086a00000, 0x0000000086a00000| Untracked 
| 107|0x0000000086b00000, 0x0000000086b00000, 0x0000000086c00000|  0%| F|  |TAMS 0x0000000086b00000, 0x0000000086b00000| Untracked 
| 108|0x0000000086c00000, 0x0000000086c00000, 0x0000000086d00000|  0%| F|  |TAMS 0x0000000086c00000, 0x0000000086c00000| Untracked 
| 109|0x0000000086d00000, 0x0000000086d00000, 0x0000000086e00000|  0%| F|  |TAMS 0x0000000086d00000, 0x0000000086d00000| Untracked 
| 110|0x0000000086e00000, 0x0000000086e00000, 0x0000000086f00000|  0%| F|  |TAMS 0x0000000086e00000, 0x0000000086e00000| Untracked 
| 111|0x0000000086f00000, 0x0000000086f00000, 0x0000000087000000|  0%| F|  |TAMS 0x0000000086f00000, 0x0000000086f00000| Untracked 
| 112|0x0000000087000000, 0x0000000087000000, 0x0000000087100000|  0%| F|  |TAMS 0x0000000087000000, 0x0000000087000000| Untracked 
| 113|0x0000000087100000, 0x0000000087100000, 0x0000000087200000|  0%| F|  |TAMS 0x0000000087100000, 0x0000000087100000| Untracked 
| 114|0x0000000087200000, 0x0000000087200000, 0x0000000087300000|  0%| F|  |TAMS 0x0000000087200000, 0x0000000087200000| Untracked 
| 115|0x0000000087300000, 0x0000000087300000, 0x0000000087400000|  0%| F|  |TAMS 0x0000000087300000, 0x0000000087300000| Untracked 
| 116|0x0000000087400000, 0x0000000087400000, 0x0000000087500000|  0%| F|  |TAMS 0x0000000087400000, 0x0000000087400000| Untracked 
| 117|0x0000000087500000, 0x0000000087500000, 0x0000000087600000|  0%| F|  |TAMS 0x0000000087500000, 0x0000000087500000| Untracked 
| 118|0x0000000087600000, 0x0000000087600000, 0x0000000087700000|  0%| F|  |TAMS 0x0000000087600000, 0x0000000087600000| Untracked 
| 119|0x0000000087700000, 0x0000000087700000, 0x0000000087800000|  0%| F|  |TAMS 0x0000000087700000, 0x0000000087700000| Untracked 
| 120|0x0000000087800000, 0x0000000087800000, 0x0000000087900000|  0%| F|  |TAMS 0x0000000087800000, 0x0000000087800000| Untracked 
| 121|0x0000000087900000, 0x0000000087900000, 0x0000000087a00000|  0%| F|  |TAMS 0x0000000087900000, 0x0000000087900000| Untracked 
| 122|0x0000000087a00000, 0x0000000087a45f10, 0x0000000087b00000| 27%| S|CS|TAMS 0x0000000087a00000, 0x0000000087a00000| Complete 
| 123|0x0000000087b00000, 0x0000000087c00000, 0x0000000087c00000|100%| S|CS|TAMS 0x0000000087b00000, 0x0000000087b00000| Complete 
| 124|0x0000000087c00000, 0x0000000087d00000, 0x0000000087d00000|100%| S|CS|TAMS 0x0000000087c00000, 0x0000000087c00000| Complete 
| 125|0x0000000087d00000, 0x0000000087e00000, 0x0000000087e00000|100%| S|CS|TAMS 0x0000000087d00000, 0x0000000087d00000| Complete 
| 126|0x0000000087e00000, 0x0000000087e00000, 0x0000000087f00000|  0%| F|  |TAMS 0x0000000087e00000, 0x0000000087e00000| Untracked 
| 127|0x0000000087f00000, 0x0000000087f00000, 0x0000000088000000|  0%| F|  |TAMS 0x0000000087f00000, 0x0000000087f00000| Untracked 
| 128|0x0000000088000000, 0x0000000088000000, 0x0000000088100000|  0%| F|  |TAMS 0x0000000088000000, 0x0000000088000000| Untracked 
| 129|0x0000000088100000, 0x0000000088100000, 0x0000000088200000|  0%| F|  |TAMS 0x0000000088100000, 0x0000000088100000| Untracked 
| 130|0x0000000088200000, 0x0000000088200000, 0x0000000088300000|  0%| F|  |TAMS 0x0000000088200000, 0x0000000088200000| Untracked 
| 131|0x0000000088300000, 0x0000000088300000, 0x0000000088400000|  0%| F|  |TAMS 0x0000000088300000, 0x0000000088300000| Untracked 
| 132|0x0000000088400000, 0x0000000088400000, 0x0000000088500000|  0%| F|  |TAMS 0x0000000088400000, 0x0000000088400000| Untracked 
| 133|0x0000000088500000, 0x0000000088500000, 0x0000000088600000|  0%| F|  |TAMS 0x0000000088500000, 0x0000000088500000| Untracked 
| 134|0x0000000088600000, 0x0000000088600000, 0x0000000088700000|  0%| F|  |TAMS 0x0000000088600000, 0x0000000088600000| Untracked 
| 135|0x0000000088700000, 0x0000000088700000, 0x0000000088800000|  0%| F|  |TAMS 0x0000000088700000, 0x0000000088700000| Untracked 
| 136|0x0000000088800000, 0x0000000088800000, 0x0000000088900000|  0%| F|  |TAMS 0x0000000088800000, 0x0000000088800000| Untracked 
| 137|0x0000000088900000, 0x0000000088900000, 0x0000000088a00000|  0%| F|  |TAMS 0x0000000088900000, 0x0000000088900000| Untracked 
| 138|0x0000000088a00000, 0x0000000088a00000, 0x0000000088b00000|  0%| F|  |TAMS 0x0000000088a00000, 0x0000000088a00000| Untracked 
| 139|0x0000000088b00000, 0x0000000088b00000, 0x0000000088c00000|  0%| F|  |TAMS 0x0000000088b00000, 0x0000000088b00000| Untracked 
| 140|0x0000000088c00000, 0x0000000088c00000, 0x0000000088d00000|  0%| F|  |TAMS 0x0000000088c00000, 0x0000000088c00000| Untracked 
| 141|0x0000000088d00000, 0x0000000088d00000, 0x0000000088e00000|  0%| F|  |TAMS 0x0000000088d00000, 0x0000000088d00000| Untracked 
| 142|0x0000000088e00000, 0x0000000088e00000, 0x0000000088f00000|  0%| F|  |TAMS 0x0000000088e00000, 0x0000000088e00000| Untracked 
| 143|0x0000000088f00000, 0x0000000088f00000, 0x0000000089000000|  0%| F|  |TAMS 0x0000000088f00000, 0x0000000088f00000| Untracked 
| 144|0x0000000089000000, 0x0000000089000000, 0x0000000089100000|  0%| F|  |TAMS 0x0000000089000000, 0x0000000089000000| Untracked 
| 145|0x0000000089100000, 0x0000000089100000, 0x0000000089200000|  0%| F|  |TAMS 0x0000000089100000, 0x0000000089100000| Untracked 
| 146|0x0000000089200000, 0x0000000089200000, 0x0000000089300000|  0%| F|  |TAMS 0x0000000089200000, 0x0000000089200000| Untracked 
| 147|0x0000000089300000, 0x0000000089300000, 0x0000000089400000|  0%| F|  |TAMS 0x0000000089300000, 0x0000000089300000| Untracked 
| 148|0x0000000089400000, 0x0000000089400000, 0x0000000089500000|  0%| F|  |TAMS 0x0000000089400000, 0x0000000089400000| Untracked 
| 149|0x0000000089500000, 0x0000000089500000, 0x0000000089600000|  0%| F|  |TAMS 0x0000000089500000, 0x0000000089500000| Untracked 
| 150|0x0000000089600000, 0x0000000089600000, 0x0000000089700000|  0%| F|  |TAMS 0x0000000089600000, 0x0000000089600000| Untracked 
| 151|0x0000000089700000, 0x0000000089700000, 0x0000000089800000|  0%| F|  |TAMS 0x0000000089700000, 0x0000000089700000| Untracked 
| 152|0x0000000089800000, 0x0000000089800000, 0x0000000089900000|  0%| F|  |TAMS 0x0000000089800000, 0x0000000089800000| Untracked 
| 153|0x0000000089900000, 0x0000000089900000, 0x0000000089a00000|  0%| F|  |TAMS 0x0000000089900000, 0x0000000089900000| Untracked 
| 154|0x0000000089a00000, 0x0000000089a00000, 0x0000000089b00000|  0%| F|  |TAMS 0x0000000089a00000, 0x0000000089a00000| Untracked 
| 155|0x0000000089b00000, 0x0000000089b00000, 0x0000000089c00000|  0%| F|  |TAMS 0x0000000089b00000, 0x0000000089b00000| Untracked 
| 156|0x0000000089c00000, 0x0000000089c00000, 0x0000000089d00000|  0%| F|  |TAMS 0x0000000089c00000, 0x0000000089c00000| Untracked 
| 157|0x0000000089d00000, 0x0000000089d00000, 0x0000000089e00000|  0%| F|  |TAMS 0x0000000089d00000, 0x0000000089d00000| Untracked 
| 158|0x0000000089e00000, 0x0000000089e00000, 0x0000000089f00000|  0%| F|  |TAMS 0x0000000089e00000, 0x0000000089e00000| Untracked 
| 159|0x0000000089f00000, 0x0000000089f00000, 0x000000008a000000|  0%| F|  |TAMS 0x0000000089f00000, 0x0000000089f00000| Untracked 
| 160|0x000000008a000000, 0x000000008a000000, 0x000000008a100000|  0%| F|  |TAMS 0x000000008a000000, 0x000000008a000000| Untracked 
| 161|0x000000008a100000, 0x000000008a100000, 0x000000008a200000|  0%| F|  |TAMS 0x000000008a100000, 0x000000008a100000| Untracked 
| 162|0x000000008a200000, 0x000000008a200000, 0x000000008a300000|  0%| F|  |TAMS 0x000000008a200000, 0x000000008a200000| Untracked 
| 163|0x000000008a300000, 0x000000008a300000, 0x000000008a400000|  0%| F|  |TAMS 0x000000008a300000, 0x000000008a300000| Untracked 

Card table byte_map: [0x0000021f5dcd0000,0x0000021f5e0d0000] _byte_map_base: 0x0000021f5d8d0000

Marking Bits (Prev, Next): (CMBitMap*) 0x0000021f4b1399f0, (CMBitMap*) 0x0000021f4b139a30
 Prev Bits: [0x0000021f5e4d0000, 0x0000021f604d0000)
 Next Bits: [0x0000021f604d0000, 0x0000021f624d0000)

Polling page: 0x0000021f49090000

Metaspace:

Usage:
  Non-class:     86.87 MB used.
      Class:     13.51 MB used.
       Both:    100.38 MB used.

Virtual space:
  Non-class space:       88.00 MB reserved,      87.19 MB (>99%) committed,  11 nodes.
      Class space:        1.00 GB reserved,      13.81 MB (  1%) committed,  1 nodes.
             Both:        1.09 GB reserved,     101.00 MB (  9%) committed. 

Chunk freelists:
   Non-Class:  192.00 KB
       Class:  2.19 MB
        Both:  2.38 MB

MaxMetaspaceSize: unlimited
CompressedClassSpaceSize: 1.00 GB
Initial GC threshold: 21.00 MB
Current GC threshold: 161.81 MB
CDS: off
MetaspaceReclaimPolicy: balanced
 - commit_granule_bytes: 65536.
 - commit_granule_words: 8192.
 - virtual_space_node_default_size: 1048576.
 - enlarge_chunks_in_place: 1.
 - new_chunks_are_fully_committed: 0.
 - uncommit_free_chunks: 1.
 - use_allocation_guard: 0.
 - handle_deallocations: 1.


Internal statistics:

num_allocs_failed_limit: 6.
num_arena_births: 1022.
num_arena_deaths: 0.
num_vsnodes_births: 12.
num_vsnodes_deaths: 0.
num_space_committed: 1615.
num_space_uncommitted: 0.
num_chunks_returned_to_freelist: 6.
num_chunks_taken_from_freelist: 4849.
num_chunk_merges: 6.
num_chunk_splits: 3225.
num_chunks_enlarged: 2191.
num_purges: 0.
num_inconsistent_stats: 0.

CodeHeap 'non-profiled nmethods': size=120000Kb used=5464Kb max_used=5559Kb free=114535Kb
 bounds [0x0000021f56070000, 0x0000021f565e0000, 0x0000021f5d5a0000]
CodeHeap 'profiled nmethods': size=120000Kb used=21320Kb max_used=21320Kb free=98679Kb
 bounds [0x0000021f4e5a0000, 0x0000021f4fa80000, 0x0000021f55ad0000]
CodeHeap 'non-nmethods': size=5760Kb used=2418Kb max_used=2432Kb free=3341Kb
 bounds [0x0000021f55ad0000, 0x0000021f55d40000, 0x0000021f56070000]
 total_blobs=11981 nmethods=11046 adapters=845
 compilation: enabled
              stopped_count=0, restarted_count=0
 full_count=0

Compilation events (20 events):
Event: 87.979 Thread 0x0000021f6591bc60 12810       3       sun.nio.fs.WindowsChannelFactory::newFileChannel (130 bytes)
Event: 87.980 Thread 0x0000021f6591bc60 nmethod 12810 0x0000021f4fa70210 code [0x0000021f4fa70400, 0x0000021f4fa70908]
Event: 87.980 Thread 0x0000021f6591bc60 12811       3       java.nio.file.spi.FileSystemProvider::newInputStream (107 bytes)
Event: 87.982 Thread 0x0000021f6591bc60 nmethod 12811 0x0000021f4fa70a90 code [0x0000021f4fa70d80, 0x0000021f4fa71e18]
Event: 87.983 Thread 0x0000021f6591bc60 12812       3       org.gradle.tooling.internal.provider.runner.ClientBuildEventGenerator$Disabled::accept (20 bytes)
Event: 87.984 Thread 0x0000021f6591bc60 nmethod 12812 0x0000021f4fa72390 code [0x0000021f4fa72540, 0x0000021f4fa72778]
Event: 87.984 Thread 0x0000021f6591bc60 12813       3       org.gradle.api.internal.artifacts.transform.DefaultTransformerInvocationFactory$AbstractTransformerExecution::lambda$visitRegularInputs$2 (21 bytes)
Event: 87.984 Thread 0x0000021f6591b1c0 nmethod 12799 0x0000021f563b9e10 code [0x0000021f563ba000, 0x0000021f563ba4d8]
Event: 87.984 Thread 0x0000021f6591b1c0 12772       4       org.gradle.tooling.internal.provider.runner.PluginApplicationTracker::discardState (15 bytes)
Event: 87.985 Thread 0x0000021f6591bc60 nmethod 12813 0x0000021f4fa72890 code [0x0000021f4fa72a60, 0x0000021f4fa72e68]
Event: 87.986 Thread 0x0000021f6591b1c0 nmethod 12772 0x0000021f563b9a90 code [0x0000021f563b9c20, 0x0000021f563b9d08]
Event: 87.986 Thread 0x0000021f6591b1c0 12770       4       com.google.common.cache.LocalCache$AccessQueue::offer (9 bytes)
Event: 87.988 Thread 0x0000021f6591bc60 12814   !   3       java.nio.file.Files::readAllLines (76 bytes)
Event: 87.989 Thread 0x0000021f6591bc60 nmethod 12814 0x0000021f4fa73010 code [0x0000021f4fa73280, 0x0000021f4fa73d38]
Event: 87.989 Thread 0x0000021f6591bc60 12815       3       sun.nio.fs.WindowsSecurityDescriptor::fromAttribute (137 bytes)
Event: 87.991 Thread 0x0000021f6591b1c0 nmethod 12770 0x0000021f563b9390 code [0x0000021f563b9520, 0x0000021f563b9858]
Event: 87.991 Thread 0x0000021f6591b1c0 12767       4       com.google.common.cache.LocalCache$Segment::setValue (82 bytes)
Event: 87.991 Thread 0x0000021f6591bc60 nmethod 12815 0x0000021f4fa74290 code [0x0000021f4fa745a0, 0x0000021f4fa75558]
Event: 87.992 Thread 0x0000021f6591bc60 12816       3       sun.nio.cs.StreamDecoder::forInputStreamReader (11 bytes)
Event: 87.992 Thread 0x0000021f6591bc60 nmethod 12816 0x0000021f4fa75b90 code [0x0000021f4fa75d40, 0x0000021f4fa75ec8]

GC Heap History (20 events):
Event: 74.332 GC heap after
{Heap after GC invocations=54 (full 0):
 garbage-first heap   total 126976K, used 74485K [0x0000000080000000, 0x0000000100000000)
  region size 1024K, 4 young (4096K), 4 survivors (4096K)
 Metaspace       used 87645K, committed 88256K, reserved 1130496K
  class space    used 11839K, committed 12160K, reserved 1048576K
}
Event: 74.402 GC heap before
{Heap before GC invocations=54 (full 0):
 garbage-first heap   total 126976K, used 76533K [0x0000000080000000, 0x0000000100000000)
  region size 1024K, 6 young (6144K), 4 survivors (4096K)
 Metaspace       used 87788K, committed 88384K, reserved 1130496K
  class space    used 11862K, committed 12160K, reserved 1048576K
}
Event: 74.410 GC heap after
{Heap after GC invocations=55 (full 0):
 garbage-first heap   total 152576K, used 74655K [0x0000000080000000, 0x0000000100000000)
  region size 1024K, 1 young (1024K), 1 survivors (1024K)
 Metaspace       used 87788K, committed 88384K, reserved 1130496K
  class space    used 11862K, committed 12160K, reserved 1048576K
}
Event: 76.376 GC heap before
{Heap before GC invocations=55 (full 0):
 garbage-first heap   total 152576K, used 123807K [0x0000000080000000, 0x0000000100000000)
  region size 1024K, 49 young (50176K), 1 survivors (1024K)
 Metaspace       used 93608K, committed 94272K, reserved 1130496K
  class space    used 12702K, committed 12992K, reserved 1048576K
}
Event: 76.384 GC heap after
{Heap after GC invocations=56 (full 0):
 garbage-first heap   total 152576K, used 78210K [0x0000000080000000, 0x0000000100000000)
  region size 1024K, 5 young (5120K), 5 survivors (5120K)
 Metaspace       used 93608K, committed 94272K, reserved 1130496K
  class space    used 12702K, committed 12992K, reserved 1048576K
}
Event: 77.870 GC heap before
{Heap before GC invocations=57 (full 0):
 garbage-first heap   total 152576K, used 124290K [0x0000000080000000, 0x0000000100000000)
  region size 1024K, 50 young (51200K), 5 survivors (5120K)
 Metaspace       used 94717K, committed 95360K, reserved 1138688K
  class space    used 12839K, committed 13120K, reserved 1048576K
}
Event: 77.894 GC heap after
{Heap after GC invocations=58 (full 0):
 garbage-first heap   total 152576K, used 84947K [0x0000000080000000, 0x0000000100000000)
  region size 1024K, 7 young (7168K), 7 survivors (7168K)
 Metaspace       used 94717K, committed 95360K, reserved 1138688K
  class space    used 12839K, committed 13120K, reserved 1048576K
}
Event: 77.918 GC heap before
{Heap before GC invocations=58 (full 0):
 garbage-first heap   total 152576K, used 85971K [0x0000000080000000, 0x0000000100000000)
  region size 1024K, 8 young (8192K), 7 survivors (7168K)
 Metaspace       used 94723K, committed 95360K, reserved 1138688K
  class space    used 12839K, committed 13120K, reserved 1048576K
}
Event: 77.931 GC heap after
{Heap after GC invocations=59 (full 0):
 garbage-first heap   total 152576K, used 85551K [0x0000000080000000, 0x0000000100000000)
  region size 1024K, 1 young (1024K), 1 survivors (1024K)
 Metaspace       used 94723K, committed 95360K, reserved 1138688K
  class space    used 12839K, committed 13120K, reserved 1048576K
}
Event: 80.254 GC heap before
{Heap before GC invocations=59 (full 0):
 garbage-first heap   total 152576K, used 124463K [0x0000000080000000, 0x0000000100000000)
  region size 1024K, 39 young (39936K), 1 survivors (1024K)
 Metaspace       used 97404K, committed 98048K, reserved 1138688K
  class space    used 13151K, committed 13440K, reserved 1048576K
}
Event: 80.267 GC heap after
{Heap after GC invocations=60 (full 0):
 garbage-first heap   total 152576K, used 92072K [0x0000000080000000, 0x0000000100000000)
  region size 1024K, 5 young (5120K), 5 survivors (5120K)
 Metaspace       used 97404K, committed 98048K, reserved 1138688K
  class space    used 13151K, committed 13440K, reserved 1048576K
}
Event: 82.086 GC heap before
{Heap before GC invocations=60 (full 0):
 garbage-first heap   total 152576K, used 124840K [0x0000000080000000, 0x0000000100000000)
  region size 1024K, 37 young (37888K), 5 survivors (5120K)
 Metaspace       used 98526K, committed 99200K, reserved 1138688K
  class space    used 13324K, committed 13632K, reserved 1048576K
}
Event: 82.101 GC heap after
{Heap after GC invocations=61 (full 0):
 garbage-first heap   total 152576K, used 96030K [0x0000000080000000, 0x0000000100000000)
  region size 1024K, 4 young (4096K), 4 survivors (4096K)
 Metaspace       used 98526K, committed 99200K, reserved 1138688K
  class space    used 13324K, committed 13632K, reserved 1048576K
}
Event: 83.631 GC heap before
{Heap before GC invocations=61 (full 0):
 garbage-first heap   total 152576K, used 123678K [0x0000000080000000, 0x0000000100000000)
  region size 1024K, 32 young (32768K), 4 survivors (4096K)
 Metaspace       used 98725K, committed 99392K, reserved 1138688K
  class space    used 13329K, committed 13632K, reserved 1048576K
}
Event: 83.641 GC heap after
{Heap after GC invocations=62 (full 0):
 garbage-first heap   total 152576K, used 97780K [0x0000000080000000, 0x0000000100000000)
  region size 1024K, 2 young (2048K), 2 survivors (2048K)
 Metaspace       used 98725K, committed 99392K, reserved 1138688K
  class space    used 13329K, committed 13632K, reserved 1048576K
}
Event: 85.857 GC heap before
{Heap before GC invocations=63 (full 0):
 garbage-first heap   total 167936K, used 126452K [0x0000000080000000, 0x0000000100000000)
  region size 1024K, 31 young (31744K), 2 survivors (2048K)
 Metaspace       used 99142K, committed 99776K, reserved 1138688K
  class space    used 13362K, committed 13632K, reserved 1048576K
}
Event: 85.865 GC heap after
{Heap after GC invocations=64 (full 0):
 garbage-first heap   total 167936K, used 100164K [0x0000000080000000, 0x0000000100000000)
  region size 1024K, 4 young (4096K), 4 survivors (4096K)
 Metaspace       used 99142K, committed 99776K, reserved 1138688K
  class space    used 13362K, committed 13632K, reserved 1048576K
}
Event: 86.087 GC heap before
{Heap before GC invocations=64 (full 0):
 garbage-first heap   total 167936K, used 103236K [0x0000000080000000, 0x0000000100000000)
  region size 1024K, 8 young (8192K), 4 survivors (4096K)
 Metaspace       used 99199K, committed 99904K, reserved 1138688K
  class space    used 13374K, committed 13696K, reserved 1048576K
}
Event: 86.094 GC heap after
{Heap after GC invocations=65 (full 0):
 garbage-first heap   total 167936K, used 99971K [0x0000000080000000, 0x0000000100000000)
  region size 1024K, 1 young (1024K), 1 survivors (1024K)
 Metaspace       used 99199K, committed 99904K, reserved 1138688K
  class space    used 13374K, committed 13696K, reserved 1048576K
}
Event: 87.995 GC heap before
{Heap before GC invocations=65 (full 0):
 garbage-first heap   total 167936K, used 136835K [0x0000000080000000, 0x0000000100000000)
  region size 1024K, 38 young (38912K), 1 survivors (1024K)
 Metaspace       used 102784K, committed 103424K, reserved 1138688K
  class space    used 13831K, committed 14144K, reserved 1048576K
}

Dll operation events (2 events):
Event: 0.147 Loaded shared library C:\Program Files\Android\Android Studio\jbr\bin\java.dll
Event: 1.816 Loaded shared library C:\Program Files\Android\Android Studio\jbr\bin\verify.dll

Deoptimization events (20 events):
Event: 87.766 Thread 0x0000021f6a971ea0 Uncommon trap: trap_request=0xffffffde fr.pc=0x0000021f565be104 relative=0x00000000000006e4
Event: 87.766 Thread 0x0000021f6a971ea0 Uncommon trap: reason=class_check action=maybe_recompile pc=0x0000021f565be104 method=org.gradle.tooling.internal.provider.runner.ClientBuildEventGenerator.finished(Lorg/gradle/internal/operations/BuildOperationDescriptor;Lorg/gradle/internal/operations/O
Event: 87.766 Thread 0x0000021f6a971ea0 DEOPT PACKING pc=0x0000021f565be104 sp=0x0000005a562fe560
Event: 87.766 Thread 0x0000021f6a971ea0 DEOPT UNPACKING pc=0x0000021f55b269a3 sp=0x0000005a562fe528 mode 2
Event: 87.774 Thread 0x0000021f6d247ac0 Uncommon trap: trap_request=0xffffff45 fr.pc=0x0000021f565bd250 relative=0x00000000000006f0
Event: 87.774 Thread 0x0000021f6d247ac0 Uncommon trap: reason=unstable_if action=reinterpret pc=0x0000021f565bd250 method=org.gradle.internal.resources.DefaultResourceLockCoordinationService$DefaultResourceLockState.releaseLocks()V @ 28 c2
Event: 87.774 Thread 0x0000021f6d247ac0 DEOPT PACKING pc=0x0000021f565bd250 sp=0x0000005a55ffb080
Event: 87.774 Thread 0x0000021f6d247ac0 DEOPT UNPACKING pc=0x0000021f55b269a3 sp=0x0000005a55ffb040 mode 2
Event: 87.836 Thread 0x0000021f6ad63780 Uncommon trap: trap_request=0xffffff76 fr.pc=0x0000021f562d7be8 relative=0x0000000000001888
Event: 87.836 Thread 0x0000021f6ad63780 Uncommon trap: reason=predicate action=maybe_recompile pc=0x0000021f562d7be8 method=java.util.TimSort.reverseRange([Ljava/lang/Object;II)V @ 5 c2
Event: 87.836 Thread 0x0000021f6ad63780 DEOPT PACKING pc=0x0000021f562d7be8 sp=0x0000005a55bfa8f0
Event: 87.836 Thread 0x0000021f6ad63780 DEOPT UNPACKING pc=0x0000021f55b269a3 sp=0x0000005a55bfa7b0 mode 2
Event: 87.976 Thread 0x0000021f68c6e320 Uncommon trap: trap_request=0xffffff45 fr.pc=0x0000021f56127f60 relative=0x0000000000001280
Event: 87.976 Thread 0x0000021f68c6e320 Uncommon trap: reason=unstable_if action=reinterpret pc=0x0000021f56127f60 method=java.util.concurrent.ConcurrentHashMap.transfer([Ljava/util/concurrent/ConcurrentHashMap$Node;[Ljava/util/concurrent/ConcurrentHashMap$Node;)V @ 347 c2
Event: 87.976 Thread 0x0000021f68c6e320 DEOPT PACKING pc=0x0000021f56127f60 sp=0x0000005a54cfe290
Event: 87.976 Thread 0x0000021f68c6e320 DEOPT UNPACKING pc=0x0000021f55b269a3 sp=0x0000005a54cfe210 mode 2
Event: 87.977 Thread 0x0000021f688be250 Uncommon trap: trap_request=0xffffff45 fr.pc=0x0000021f563e82d4 relative=0x0000000000000314
Event: 87.977 Thread 0x0000021f688be250 Uncommon trap: reason=unstable_if action=reinterpret pc=0x0000021f563e82d4 method=java.util.concurrent.ConcurrentHashMap.addCount(JI)V @ 171 c2
Event: 87.978 Thread 0x0000021f688be250 DEOPT PACKING pc=0x0000021f563e82d4 sp=0x0000005a528fe0f0
Event: 87.978 Thread 0x0000021f688be250 DEOPT UNPACKING pc=0x0000021f55b269a3 sp=0x0000005a528fe030 mode 2

Classes unloaded (0 events):
No events

Classes redefined (0 events):
No events

Internal exceptions (20 events):
Event: 81.540 Thread 0x0000021f688bc0a0 Exception <a 'java/lang/NoSuchMethodError'{0x000000008812a300}: 'java.lang.Object java.lang.invoke.DirectMethodHandle$Holder.invokeSpecialIFC(java.lang.Object, java.lang.Object, java.lang.Object)'> (0x000000008812a300) 
thrown [s\src\hotspot\share\interpreter\linkResolver.cpp, line 771]
Event: 81.541 Thread 0x0000021f681568f0 Exception <a 'java/lang/NoSuchMethodError'{0x000000008811a198}: 'java.lang.Object java.lang.invoke.DirectMethodHandle$Holder.invokeSpecialIFC(java.lang.Object, java.lang.Object, java.lang.Object)'> (0x000000008811a198) 
thrown [s\src\hotspot\share\interpreter\linkResolver.cpp, line 771]
Event: 83.259 Thread 0x0000021f68c6cb10 Exception <a 'java/lang/NoSuchMethodError'{0x0000000089397c78}: 'void java.lang.invoke.DirectMethodHandle$Holder.invokeVirtual(java.lang.Object, java.lang.Object)'> (0x0000000089397c78) 
thrown [s\src\hotspot\share\interpreter\linkResolver.cpp, line 771]
Event: 86.160 Thread 0x0000021f6d247ac0 Exception <a 'sun/nio/fs/WindowsException'{0x000000008a34a400}> (0x000000008a34a400) 
thrown [s\src\hotspot\share\prims\jni.cpp, line 517]
Event: 86.160 Thread 0x0000021f6d247ac0 Exception <a 'sun/nio/fs/WindowsException'{0x000000008a34a930}> (0x000000008a34a930) 
thrown [s\src\hotspot\share\prims\jni.cpp, line 517]
Event: 86.163 Thread 0x0000021f6d247ac0 Exception <a 'sun/nio/fs/WindowsException'{0x000000008a34c998}> (0x000000008a34c998) 
thrown [s\src\hotspot\share\prims\jni.cpp, line 517]
Event: 86.163 Thread 0x0000021f6d247ac0 Exception <a 'sun/nio/fs/WindowsException'{0x000000008a34ce18}> (0x000000008a34ce18) 
thrown [s\src\hotspot\share\prims\jni.cpp, line 517]
Event: 86.166 Thread 0x0000021f6d247ac0 Exception <a 'sun/nio/fs/WindowsException'{0x000000008a34ee40}> (0x000000008a34ee40) 
thrown [s\src\hotspot\share\prims\jni.cpp, line 517]
Event: 86.167 Thread 0x0000021f6d247ac0 Exception <a 'sun/nio/fs/WindowsException'{0x000000008a34f288}> (0x000000008a34f288) 
thrown [s\src\hotspot\share\prims\jni.cpp, line 517]
Event: 87.172 Thread 0x0000021f68035090 Exception <a 'java/lang/NoSuchMethodError'{0x000000008902b600}: static [Ljava/lang/Object;.<clinit>()V> (0x000000008902b600) 
thrown [s\src\hotspot\share\prims\jni.cpp, line 1108]
Event: 87.211 Thread 0x0000021f6d247ac0 Exception <a 'sun/nio/fs/WindowsException'{0x000000008905e900}> (0x000000008905e900) 
thrown [s\src\hotspot\share\prims\jni.cpp, line 517]
Event: 87.211 Thread 0x0000021f6d247ac0 Exception <a 'sun/nio/fs/WindowsException'{0x000000008905ed80}> (0x000000008905ed80) 
thrown [s\src\hotspot\share\prims\jni.cpp, line 517]
Event: 87.214 Thread 0x0000021f6d247ac0 Exception <a 'sun/nio/fs/WindowsException'{0x0000000089060de8}> (0x0000000089060de8) 
thrown [s\src\hotspot\share\prims\jni.cpp, line 517]
Event: 87.215 Thread 0x0000021f6d247ac0 Exception <a 'sun/nio/fs/WindowsException'{0x0000000089061278}> (0x0000000089061278) 
thrown [s\src\hotspot\share\prims\jni.cpp, line 517]
Event: 87.635 Thread 0x0000021f6d247ac0 Exception <a 'sun/nio/fs/WindowsException'{0x00000000887db390}> (0x00000000887db390) 
thrown [s\src\hotspot\share\prims\jni.cpp, line 517]
Event: 87.636 Thread 0x0000021f6d247ac0 Exception <a 'sun/nio/fs/WindowsException'{0x00000000887db828}> (0x00000000887db828) 
thrown [s\src\hotspot\share\prims\jni.cpp, line 517]
Event: 87.637 Thread 0x0000021f6d247ac0 Exception <a 'sun/nio/fs/WindowsException'{0x00000000887dd8b0}> (0x00000000887dd8b0) 
thrown [s\src\hotspot\share\prims\jni.cpp, line 517]
Event: 87.638 Thread 0x0000021f6d247ac0 Exception <a 'sun/nio/fs/WindowsException'{0x00000000887ddd50}> (0x00000000887ddd50) 
thrown [s\src\hotspot\share\prims\jni.cpp, line 517]
Event: 87.778 Thread 0x0000021f6ad632b0 Exception <a 'sun/nio/fs/WindowsException'{0x00000000885b7958}> (0x00000000885b7958) 
thrown [s\src\hotspot\share\prims\jni.cpp, line 517]
Event: 87.796 Thread 0x0000021f6ad632b0 Exception <a 'java/lang/NoSuchMethodError'{0x00000000885d9ca0}: 'int java.lang.invoke.DirectMethodHandle$Holder.invokeSpecial(java.lang.Object, java.lang.Object, java.lang.Object, java.lang.Object, java.lang.Object)'> (0x00000000885d9ca0) 
thrown [s\src\hotspot\share\interpreter\linkResolver.cpp, line 771]

VM Operations (20 events):
Event: 86.094 Executing VM operation: G1CollectForAllocation done
Event: 87.101 Executing VM operation: Cleanup
Event: 87.102 Executing VM operation: Cleanup done
Event: 87.140 Executing VM operation: HandshakeAllThreads
Event: 87.141 Executing VM operation: HandshakeAllThreads done
Event: 87.143 Executing VM operation: HandshakeAllThreads
Event: 87.144 Executing VM operation: HandshakeAllThreads done
Event: 87.149 Executing VM operation: HandshakeAllThreads
Event: 87.149 Executing VM operation: HandshakeAllThreads done
Event: 87.154 Executing VM operation: HandshakeAllThreads
Event: 87.155 Executing VM operation: HandshakeAllThreads done
Event: 87.733 Executing VM operation: HandshakeAllThreads
Event: 87.733 Executing VM operation: HandshakeAllThreads done
Event: 87.737 Executing VM operation: HandshakeAllThreads
Event: 87.738 Executing VM operation: HandshakeAllThreads done
Event: 87.791 Executing VM operation: HandshakeAllThreads
Event: 87.791 Executing VM operation: HandshakeAllThreads done
Event: 87.825 Executing VM operation: ICBufferFull
Event: 87.825 Executing VM operation: ICBufferFull done
Event: 87.995 Executing VM operation: G1CollectForAllocation

Events (20 events):
Event: 86.892 loading class org/w3c/dom/ls/LSInput done
Event: 86.892 loading class org/w3c/dom/ls/LSParser
Event: 86.892 loading class org/w3c/dom/ls/LSParser done
Event: 86.893 loading class org/w3c/dom/ls/LSOutput
Event: 86.893 loading class org/w3c/dom/ls/LSOutput done
Event: 86.994 loading class java/util/TreeMap$DescendingSubMap
Event: 86.995 loading class java/util/TreeMap$NavigableSubMap
Event: 86.996 loading class java/util/TreeMap$NavigableSubMap done
Event: 86.996 loading class java/util/TreeMap$DescendingSubMap done
Event: 86.996 loading class java/util/Collections$ReverseComparator
Event: 86.997 loading class java/util/Collections$ReverseComparator done
Event: 86.997 loading class java/util/TreeMap$DescendingSubMap$DescendingEntrySetView
Event: 86.997 loading class java/util/TreeMap$NavigableSubMap$EntrySetView
Event: 86.997 loading class java/util/TreeMap$NavigableSubMap$EntrySetView done
Event: 86.997 loading class java/util/TreeMap$DescendingSubMap$DescendingEntrySetView done
Event: 86.997 loading class java/util/TreeMap$NavigableSubMap$DescendingSubMapEntryIterator
Event: 86.997 loading class java/util/TreeMap$NavigableSubMap$SubMapIterator
Event: 86.998 loading class java/util/TreeMap$NavigableSubMap$SubMapIterator done
Event: 86.998 loading class java/util/TreeMap$NavigableSubMap$DescendingSubMapEntryIterator done
Event: 87.682 Thread 0x0000021f6a971ea0 Thread added: 0x0000021f6a971ea0


Dynamic libraries:
0x00007ff7612d0000 - 0x00007ff7612da000 	C:\Program Files\Android\Android Studio\jbr\bin\java.exe
0x00007ff95c970000 - 0x00007ff95cb87000 	C:\WINDOWS\SYSTEM32\ntdll.dll
0x00007ff95b880000 - 0x00007ff95b944000 	C:\WINDOWS\System32\KERNEL32.DLL
0x00007ff95a0a0000 - 0x00007ff95a457000 	C:\WINDOWS\System32\KERNELBASE.dll
0x00007ff95a580000 - 0x00007ff95a691000 	C:\WINDOWS\System32\ucrtbase.dll
0x00007ff93b980000 - 0x00007ff93b997000 	C:\Program Files\Android\Android Studio\jbr\bin\jli.dll
0x00007ff93b700000 - 0x00007ff93b71b000 	C:\Program Files\Android\Android Studio\jbr\bin\VCRUNTIME140.dll
0x00007ff95c780000 - 0x00007ff95c92f000 	C:\WINDOWS\System32\USER32.dll
0x00007ff959c80000 - 0x00007ff959ca6000 	C:\WINDOWS\System32\win32u.dll
0x00007ff95c010000 - 0x00007ff95c039000 	C:\WINDOWS\System32\GDI32.dll
0x00007ff959cb0000 - 0x00007ff959dc8000 	C:\WINDOWS\System32\gdi32full.dll
0x00007ff959e90000 - 0x00007ff959f2a000 	C:\WINDOWS\System32\msvcp_win.dll
0x00007ff93fab0000 - 0x00007ff93fd43000 	C:\WINDOWS\WinSxS\amd64_microsoft.windows.common-controls_6595b64144ccf1df_6.0.22621.3672_none_2713b9d173822955\COMCTL32.dll
0x00007ff95ab40000 - 0x00007ff95abe7000 	C:\WINDOWS\System32\msvcrt.dll
0x00007ff95a720000 - 0x00007ff95a751000 	C:\WINDOWS\System32\IMM32.DLL
0x00007ff956500000 - 0x00007ff95650c000 	C:\Program Files\Android\Android Studio\jbr\bin\vcruntime140_1.dll
0x00007ff90e370000 - 0x00007ff90e3fd000 	C:\Program Files\Android\Android Studio\jbr\bin\msvcp140.dll
0x00007ff8dbf20000 - 0x00007ff8dcb8e000 	C:\Program Files\Android\Android Studio\jbr\bin\server\jvm.dll
0x00007ff95baf0000 - 0x00007ff95bba2000 	C:\WINDOWS\System32\ADVAPI32.dll
0x00007ff95bbb0000 - 0x00007ff95bc58000 	C:\WINDOWS\System32\sechost.dll
0x00007ff95a460000 - 0x00007ff95a488000 	C:\WINDOWS\System32\bcrypt.dll
0x00007ff95bce0000 - 0x00007ff95bdf4000 	C:\WINDOWS\System32\RPCRT4.dll
0x00007ff943f30000 - 0x00007ff943f39000 	C:\WINDOWS\SYSTEM32\WSOCK32.dll
0x00007ff95bc60000 - 0x00007ff95bcd1000 	C:\WINDOWS\System32\WS2_32.dll
0x00007ff9559d0000 - 0x00007ff955a04000 	C:\WINDOWS\SYSTEM32\WINMM.dll
0x00007ff951fd0000 - 0x00007ff951fda000 	C:\WINDOWS\SYSTEM32\VERSION.dll
0x00007ff958cd0000 - 0x00007ff958ce8000 	C:\WINDOWS\SYSTEM32\kernel.appcore.dll
0x00007ff954250000 - 0x00007ff95425a000 	C:\Program Files\Android\Android Studio\jbr\bin\jimage.dll
0x00007ff9576f0000 - 0x00007ff957922000 	C:\WINDOWS\SYSTEM32\DBGHELP.DLL
0x00007ff95ac80000 - 0x00007ff95b00e000 	C:\WINDOWS\System32\combase.dll
0x00007ff95a950000 - 0x00007ff95aa27000 	C:\WINDOWS\System32\OLEAUT32.dll
0x00007ff949ba0000 - 0x00007ff949bd2000 	C:\WINDOWS\SYSTEM32\dbgcore.DLL
0x00007ff95a500000 - 0x00007ff95a57b000 	C:\WINDOWS\System32\bcryptPrimitives.dll
0x00007ff937740000 - 0x00007ff937765000 	C:\Program Files\Android\Android Studio\jbr\bin\java.dll
0x00007ff937720000 - 0x00007ff937738000 	C:\Program Files\Android\Android Studio\jbr\bin\zip.dll
0x00007ff95b010000 - 0x00007ff95b879000 	C:\WINDOWS\System32\SHELL32.dll
0x00007ff957bf0000 - 0x00007ff9584ef000 	C:\WINDOWS\SYSTEM32\windows.storage.dll
0x00007ff957ab0000 - 0x00007ff957bef000 	C:\WINDOWS\SYSTEM32\wintypes.dll
0x00007ff95b950000 - 0x00007ff95ba49000 	C:\WINDOWS\System32\SHCORE.dll
0x00007ff95a8f0000 - 0x00007ff95a94e000 	C:\WINDOWS\System32\shlwapi.dll
0x00007ff959bb0000 - 0x00007ff959bd7000 	C:\WINDOWS\SYSTEM32\profapi.dll
0x00007ff937700000 - 0x00007ff937719000 	C:\Program Files\Android\Android Studio\jbr\bin\net.dll
0x00007ff9555e0000 - 0x00007ff955716000 	C:\WINDOWS\SYSTEM32\WINHTTP.dll
0x00007ff959140000 - 0x00007ff9591a9000 	C:\WINDOWS\system32\mswsock.dll
0x00007ff933e50000 - 0x00007ff933e66000 	C:\Program Files\Android\Android Studio\jbr\bin\nio.dll
0x00007ff954220000 - 0x00007ff954230000 	C:\Program Files\Android\Android Studio\jbr\bin\verify.dll
0x00007ff9261b0000 - 0x00007ff9261d7000 	C:\Users\user\.gradle\native\68d5fa5c4cc2d200863cafc0d521ce42e7d3e7ee720ec0a83991735586a16f82\windows-amd64\native-platform.dll
0x00007ff90e220000 - 0x00007ff90e364000 	C:\Users\user\.gradle\native\e376f236ea51e6404a007f0833ffe2c6e607c4080706a723a18a27aeea778392\windows-amd64\native-platform-file-events.dll
0x00007ff946c70000 - 0x00007ff946c79000 	C:\Program Files\Android\Android Studio\jbr\bin\management.dll
0x00007ff942e70000 - 0x00007ff942e7b000 	C:\Program Files\Android\Android Studio\jbr\bin\management_ext.dll
0x00007ff95be50000 - 0x00007ff95be58000 	C:\WINDOWS\System32\PSAPI.DLL
0x00007ff959390000 - 0x00007ff9593ab000 	C:\WINDOWS\SYSTEM32\CRYPTSP.dll
0x00007ff958c30000 - 0x00007ff958c65000 	C:\WINDOWS\system32\rsaenh.dll
0x00007ff959230000 - 0x00007ff959258000 	C:\WINDOWS\SYSTEM32\USERENV.dll
0x00007ff9593b0000 - 0x00007ff9593bc000 	C:\WINDOWS\SYSTEM32\CRYPTBASE.dll
0x00007ff958790000 - 0x00007ff9587bd000 	C:\WINDOWS\SYSTEM32\IPHLPAPI.DLL
0x00007ff95bab0000 - 0x00007ff95bab9000 	C:\WINDOWS\System32\NSI.dll
0x00007ff955f30000 - 0x00007ff955f49000 	C:\WINDOWS\SYSTEM32\dhcpcsvc6.DLL
0x00007ff9555c0000 - 0x00007ff9555df000 	C:\WINDOWS\SYSTEM32\dhcpcsvc.DLL
0x00007ff958810000 - 0x00007ff958912000 	C:\WINDOWS\SYSTEM32\DNSAPI.dll
0x00007ff93b950000 - 0x00007ff93b958000 	C:\WINDOWS\system32\wshunix.dll
0x00007ff943f60000 - 0x00007ff943f77000 	C:\WINDOWS\system32\napinsp.dll
0x00007ff943f40000 - 0x00007ff943f5b000 	C:\WINDOWS\system32\pnrpnsp.dll
0x00007ff943f10000 - 0x00007ff943f21000 	C:\WINDOWS\System32\winrnr.dll
0x00007ff943ef0000 - 0x00007ff943f05000 	C:\WINDOWS\system32\wshbth.dll
0x00007ff943ea0000 - 0x00007ff943ec7000 	C:\WINDOWS\system32\nlansp_c.dll
0x00007ff94bd00000 - 0x00007ff94bd0a000 	C:\Windows\System32\rasadhlp.dll
0x00007ff954550000 - 0x00007ff9545d3000 	C:\WINDOWS\System32\fwpuclnt.dll

dbghelp: loaded successfully - version: 4.0.5 - missing functions: none
symbol engine: initialized successfully - sym options: 0x614 - pdb path: .;C:\Program Files\Android\Android Studio\jbr\bin;C:\WINDOWS\SYSTEM32;C:\WINDOWS\WinSxS\amd64_microsoft.windows.common-controls_6595b64144ccf1df_6.0.22621.3672_none_2713b9d173822955;C:\Program Files\Android\Android Studio\jbr\bin\server;C:\Users\user\.gradle\native\68d5fa5c4cc2d200863cafc0d521ce42e7d3e7ee720ec0a83991735586a16f82\windows-amd64;C:\Users\user\.gradle\native\e376f236ea51e6404a007f0833ffe2c6e607c4080706a723a18a27aeea778392\windows-amd64

VM Arguments:
jvm_args: --add-opens=java.base/java.util=ALL-UNNAMED --add-opens=java.base/java.lang=ALL-UNNAMED --add-opens=java.base/java.lang.invoke=ALL-UNNAMED --add-opens=java.prefs/java.util.prefs=ALL-UNNAMED --add-opens=java.base/java.nio.charset=ALL-UNNAMED --add-opens=java.base/java.net=ALL-UNNAMED --add-opens=java.base/java.util.concurrent.atomic=ALL-UNNAMED -Xmx2048m -Dfile.encoding=UTF-8 -Duser.country=ID -Duser.language=en -Duser.variant 
java_command: org.gradle.launcher.daemon.bootstrap.GradleDaemon 8.0
java_class_path (initial): C:\Users\user\.gradle\wrapper\dists\gradle-8.0-bin\ca5e32bp14vu59qr306oxotwh\gradle-8.0\lib\gradle-launcher-8.0.jar
Launcher Type: SUN_STANDARD

[Global flags]
     intx CICompilerCount                          = 4                                         {product} {ergonomic}
     uint ConcGCThreads                            = 2                                         {product} {ergonomic}
     uint G1ConcRefinementThreads                  = 8                                         {product} {ergonomic}
   size_t G1HeapRegionSize                         = 1048576                                   {product} {ergonomic}
    uintx GCDrainStackTargetSize                   = 64                                        {product} {ergonomic}
   size_t InitialHeapSize                          = 100663296                                 {product} {ergonomic}
   size_t MarkStackSize                            = 4194304                                   {product} {ergonomic}
   size_t MaxHeapSize                              = 2147483648                                {product} {command line}
   size_t MaxNewSize                               = 1287651328                                {product} {ergonomic}
   size_t MinHeapDeltaBytes                        = 1048576                                   {product} {ergonomic}
   size_t MinHeapSize                              = 8388608                                   {product} {ergonomic}
    uintx NonNMethodCodeHeapSize                   = 5839372                                {pd product} {ergonomic}
    uintx NonProfiledCodeHeapSize                  = 122909434                              {pd product} {ergonomic}
    uintx ProfiledCodeHeapSize                     = 122909434                              {pd product} {ergonomic}
    uintx ReservedCodeCacheSize                    = 251658240                              {pd product} {ergonomic}
     bool SegmentedCodeCache                       = true                                      {product} {ergonomic}
   size_t SoftMaxHeapSize                          = 2147483648                             {manageable} {ergonomic}
     bool UseCompressedClassPointers               = true                           {product lp64_product} {ergonomic}
     bool UseCompressedOops                        = true                           {product lp64_product} {ergonomic}
     bool UseG1GC                                  = true                                      {product} {ergonomic}
     bool UseLargePagesIndividualAllocation        = false                                  {pd product} {ergonomic}

Logging:
Log output configuration:
 #0: stdout all=warning uptime,level,tags
 #1: stderr all=off uptime,level,tags

Environment Variables:
JAVA_HOME=C:\Program Files\Java\jdk-17
PATH=C:\oraclexe\app\product\11.2.0\client_1\bin;D:\app\user\product\11.2.0\client_1\bin;C:\oraclexe\app\oracle\product\11.2.0\server\bin;C:\WINDOWS\system32;C:\WINDOWS;C:\WINDOWS\System32\Wbem;C:\WINDOWS\System32\WindowsPowerShell\v1.0\;C:\WINDOWS\System32\OpenSSH\;C:\Program Files\Git\cmd;C:\xampp\php;C:\ProgramData\ComposerSetup\bin;C:\Program Files (x86)\Gpg4win\..\GnuPG\bin;C:\Program Files\nodejs\;C:\ProgramData\chocolatey\bin;C:\ProgramData\chocolatey;C:\Users\user\AppData\Local\Microsoft\WindowsApps;C:\Users\user\AppData\Local\Programs\Microsoft VS Code\bin;C:\src\flutter\bin;C:\Program Files\PostgreSQL\16\bin;C:\Users\user\AppData\Roaming\Composer\vendor\bin;C:\Users\user\AppData\Roaming\npm;C:\Users\user\AppData\Local\Pub\Cache\bin;C:\Program Files\OpenSSL-Win64\bin;C:\Program Files\Java\jdk-17\bin;
USERNAME=user
OS=Windows_NT
PROCESSOR_IDENTIFIER=AMD64 Family 23 Model 24 Stepping 1, AuthenticAMD
TMP=C:\Users\user\AppData\Local\Temp
TEMP=C:\Users\user\AppData\Local\Temp


JNI global refs:
JNI global refs: 27, weak refs: 0

JNI global refs memory usage: 843, weak refs: 841


---------------  S Y S T E M  ---------------

OS:
 Windows 11 , 64 bit Build 22621 (10.0.22621.3958)
OS uptime: 0 days 5:42 hours

CPU: total 8 (initial active 8) (8 cores per cpu, 2 threads per core) family 23 model 24 stepping 1 microcode 0x0, cx8, cmov, fxsr, ht, mmx, 3dnowpref, sse, sse2, sse3, ssse3, sse4a, sse4.1, sse4.2, popcnt, lzcnt, tsc, tscinvbit, avx, avx2, aes, clmul, bmi1, bmi2, adx, sha, fma, vzeroupper, clflush, clflushopt

Memory: 4k page, system-wide physical 6081M (462M free)
TotalPageFile size 24513M (AvailPageFile size 65M)
current process WorkingSet (physical memory assigned to process): 355M, peak: 355M
current process commit charge ("private bytes"): 456M, peak: 620M

vm_info: OpenJDK 64-Bit Server VM (17.0.6+0-b2043.56-10027231) for windows-amd64 JRE (17.0.6+0-b2043.56-10027231), built on Apr 28 2023 00:43:19 by "androidbuild" with MS VC++ 16.10 / 16.11 (VS2019)

END.
