#
# There is insufficient memory for the Java Runtime Environment to continue.
# Native memory allocation (mmap) failed to map 108003328 bytes for G1 virtual space
# Possible reasons:
#   The system is out of physical RAM or swap space
#   The process is running with CompressedOops enabled, and the Java Heap may be blocking the growth of the native heap
# Possible solutions:
#   Reduce memory load on the system
#   Increase physical memory or swap space
#   Check if swap backing store is full
#   Decrease Java heap size (-Xmx/-Xms)
#   Decrease number of Java threads
#   Decrease Java thread stack sizes (-Xss)
#   Set larger code cache with -XX:ReservedCodeCacheSize=
#   JVM is running with Unscaled Compressed Oops mode in which the Java heap is
#     placed in the first 4GB address space. The Java Heap base address is the
#     maximum limit for the native heap growth. Please use -XX:HeapBaseMinAddress
#     to set the Java Heap base and to place the Java Heap above 4GB virtual address.
# This output file may be truncated or incomplete.
#
#  Out of Memory Error (os_windows.cpp:3769), pid=9504, tid=21136
#
# JRE version: OpenJDK Runtime Environment (17.0.6) (build 17.0.6+0-b2043.56-10027231)
# Java VM: OpenJDK 64-Bit Server VM (17.0.6+0-b2043.56-10027231, mixed mode, tiered, compressed oops, compressed class ptrs, g1 gc, windows-amd64)
# No core dump will be written. Minidumps are not enabled by default on client versions of Windows
#

---------------  S U M M A R Y ------------

Command Line: --add-opens=java.base/java.util=ALL-UNNAMED --add-opens=java.base/java.lang=ALL-UNNAMED --add-opens=java.base/java.lang.invoke=ALL-UNNAMED --add-opens=java.prefs/java.util.prefs=ALL-UNNAMED --add-opens=java.base/java.nio.charset=ALL-UNNAMED --add-opens=java.base/java.net=ALL-UNNAMED --add-opens=java.base/java.util.concurrent.atomic=ALL-UNNAMED -Xmx2048m -Dfile.encoding=UTF-8 -Duser.country=ID -Duser.language=en -Duser.variant org.gradle.launcher.daemon.bootstrap.GradleDaemon 8.0

Host: AMD Ryzen 5 3500U with Radeon Vega Mobile Gfx  , 8 cores, 5G,  Windows 11 , 64 bit Build 22621 (10.0.22621.3958)
Time: Thu Nov  7 16:35:05 2024 Malay Peninsula Standard Time elapsed time: 67.526879 seconds (0d 0h 1m 7s)

---------------  T H R E A D  ---------------

Current thread (0x00000179576d0a30):  VMThread "VM Thread" [stack: 0x00000003bb600000,0x00000003bb700000] [id=21136]

Stack: [0x00000003bb600000,0x00000003bb700000]
Native frames: (J=compiled Java code, j=interpreted, Vv=VM code, C=native code)
V  [jvm.dll+0x683c9a]
V  [jvm.dll+0x8427a4]
V  [jvm.dll+0x843f9e]
V  [jvm.dll+0x844603]
V  [jvm.dll+0x249b75]
V  [jvm.dll+0x680b69]
V  [jvm.dll+0x67505a]
V  [jvm.dll+0x309acb]
V  [jvm.dll+0x310f86]
V  [jvm.dll+0x3608ee]
V  [jvm.dll+0x360b1f]
V  [jvm.dll+0x2dfbf8]
V  [jvm.dll+0x2ddec4]
V  [jvm.dll+0x2dd4cc]
V  [jvm.dll+0x321f3b]
V  [jvm.dll+0x848ccb]
V  [jvm.dll+0x849a04]
V  [jvm.dll+0x849f1d]
V  [jvm.dll+0x84a2f4]
V  [jvm.dll+0x84a3c0]
V  [jvm.dll+0x7f274a]
V  [jvm.dll+0x682ad5]
C  [ucrtbase.dll+0x29333]
C  [KERNEL32.DLL+0x1257d]
C  [ntdll.dll+0x5af08]

VM_Operation (0x00000003bf5f9af0): G1CollectForAllocation, mode: safepoint, requested by thread 0x00000179584762f0


---------------  P R O C E S S  ---------------

Threads class SMR info:
_java_thread_list=0x000001795f9caf90, length=147, elements={
0x000001793d87edb0, 0x00000179576d1530, 0x00000179576d21b0, 0x000001795801a000,
0x000001795801bad0, 0x000001795801e4a0, 0x000001795801ed60, 0x000001795801fa00,
0x0000017958021dd0, 0x0000017958025300, 0x00000179581a1970, 0x00000179581a1e40,
0x000001795918f1f0, 0x00000179591b70c0, 0x0000017959a52060, 0x00000179590981e0,
0x000001795997dcd0, 0x000001795856a6f0, 0x0000017959511fb0, 0x00000179582fa020,
0x000001795855be00, 0x000001795855a5f0, 0x00000179585592b0, 0x000001795855c2d0,
0x000001795855c7a0, 0x000001795855aac0, 0x0000017958558de0, 0x0000017958559c50,
0x000001795855af90, 0x000001795855b460, 0x000001795855b930, 0x000001795b30c430,
0x000001795b306d90, 0x000001795b30dc40, 0x000001795b307260, 0x000001795b30cdd0,
0x000001795b307c00, 0x000001795b30bf60, 0x000001795b308a70, 0x000001795b3080d0,
0x000001795b30ba90, 0x000001795b3085a0, 0x000001795b30ac20, 0x000001795b3098e0,
0x000001795b309db0, 0x000001795b308f40, 0x000001795b3068c0, 0x000001795b30a280,
0x000001795b307730, 0x000001795b30b0f0, 0x000001795b309410, 0x000001795b30b5c0,
0x00000179584762f0, 0x0000017958477160, 0x0000017958474610, 0x0000017958472460,
0x00000179584732d0, 0x00000179584737a0, 0x00000179584715f0, 0x0000017958477b00,
0x0000017958475950, 0x0000017958471f90, 0x0000017958473c70, 0x0000017958477fd0,
0x0000017958472930, 0x0000017958472e00, 0x0000017958470c50, 0x0000017958474140,
0x0000017958474ae0, 0x0000017958474fb0, 0x0000017958475480, 0x00000179584767c0,
0x0000017958475e20, 0x0000017958476c90, 0x0000017958477630, 0x00000179584784a0,
0x0000017958471120, 0x0000017958471ac0, 0x000001795a6762c0, 0x000001795a675df0,
0x000001795a677fa0, 0x000001795a6732a0, 0x000001795a6797b0, 0x000001795a673c40,
0x000001795a673770, 0x000001795a678e10, 0x000001795a6792e0, 0x000001795a675920,
0x000001795a676790, 0x000001795a676c60, 0x000001795a6745e0, 0x000001795a677130,
0x000001795a674110, 0x000001795a677600, 0x000001795a674ab0, 0x000001795a677ad0,
0x000001795a678470, 0x000001795a672dd0, 0x000001795a675450, 0x000001795a679c80,
0x000001795a678940, 0x000001795a67a620, 0x000001795a67a150, 0x000001795a674f80,
0x000001795b28ad90, 0x000001795b287d70, 0x000001795b2878a0, 0x000001795b28a3f0,
0x000001795b28c5a0, 0x000001795b2890b0, 0x000001795b288240, 0x000001795b288710,
0x000001795b286a30, 0x000001795b288be0, 0x000001795b28c0d0, 0x000001795b289580,
0x000001795b286560, 0x000001795b286f00, 0x000001795b289a50, 0x000001795b289f20,
0x000001795b2873d0, 0x000001795b28bc00, 0x000001795b28a8c0, 0x000001795b28b260,
0x000001795b28b730, 0x0000017961ce1080, 0x0000017961ce1a20, 0x0000017961cdea00,
0x0000017961cdeed0, 0x0000017961ce0bb0, 0x0000017961ce4f10, 0x0000017961ce3bd0,
0x0000017961ce2890, 0x0000017961ce1550, 0x0000017961ce23c0, 0x0000017961ce1ef0,
0x0000017961ce2d60, 0x0000017960cfea00, 0x0000017962a50910, 0x0000017962a4ff70,
0x0000017962a4f5d0, 0x000001795ac70c10, 0x000001795ac70270, 0x0000017960b97a60,
0x0000017961ce3700, 0x0000017961cde530, 0x0000017961ce4570
}

Java Threads: ( => current thread )
  0x000001793d87edb0 JavaThread "main" [_thread_blocked, id=2404, stack(0x00000003bb000000,0x00000003bb100000)]
  0x00000179576d1530 JavaThread "Reference Handler" daemon [_thread_blocked, id=16804, stack(0x00000003bb700000,0x00000003bb800000)]
  0x00000179576d21b0 JavaThread "Finalizer" daemon [_thread_blocked, id=20112, stack(0x00000003bb800000,0x00000003bb900000)]
  0x000001795801a000 JavaThread "Signal Dispatcher" daemon [_thread_blocked, id=18296, stack(0x00000003bb900000,0x00000003bba00000)]
  0x000001795801bad0 JavaThread "Attach Listener" daemon [_thread_blocked, id=18688, stack(0x00000003bba00000,0x00000003bbb00000)]
  0x000001795801e4a0 JavaThread "Service Thread" daemon [_thread_blocked, id=15508, stack(0x00000003bbb00000,0x00000003bbc00000)]
  0x000001795801ed60 JavaThread "Monitor Deflation Thread" daemon [_thread_blocked, id=19240, stack(0x00000003bbc00000,0x00000003bbd00000)]
  0x000001795801fa00 JavaThread "C2 CompilerThread0" daemon [_thread_blocked, id=15492, stack(0x00000003bbd00000,0x00000003bbe00000)]
  0x0000017958021dd0 JavaThread "C1 CompilerThread0" daemon [_thread_blocked, id=20764, stack(0x00000003bbe00000,0x00000003bbf00000)]
  0x0000017958025300 JavaThread "Sweeper thread" daemon [_thread_blocked, id=13284, stack(0x00000003bbf00000,0x00000003bc000000)]
  0x00000179581a1970 JavaThread "Common-Cleaner" daemon [_thread_blocked, id=13436, stack(0x00000003bc000000,0x00000003bc100000)]
  0x00000179581a1e40 JavaThread "Notification Thread" daemon [_thread_blocked, id=15676, stack(0x00000003bc100000,0x00000003bc200000)]
  0x000001795918f1f0 JavaThread "Daemon health stats" [_thread_blocked, id=19736, stack(0x00000003bc700000,0x00000003bc800000)]
  0x00000179591b70c0 JavaThread "Incoming local TCP Connector on port 58377" [_thread_in_native, id=14404, stack(0x00000003bc800000,0x00000003bc900000)]
  0x0000017959a52060 JavaThread "Daemon periodic checks" [_thread_blocked, id=19548, stack(0x00000003bc900000,0x00000003bca00000)]
  0x00000179590981e0 JavaThread "Daemon" [_thread_blocked, id=892, stack(0x00000003bca00000,0x00000003bcb00000)]
  0x000001795997dcd0 JavaThread "Handler for socket connection from /127.0.0.1:58377 to /127.0.0.1:58378" [_thread_in_native, id=3512, stack(0x00000003bcb00000,0x00000003bcc00000)]
  0x000001795856a6f0 JavaThread "Cancel handler" [_thread_blocked, id=17876, stack(0x00000003bcc00000,0x00000003bcd00000)]
  0x0000017959511fb0 JavaThread "Daemon worker" [_thread_blocked, id=4724, stack(0x00000003bcd00000,0x00000003bce00000)]
  0x00000179582fa020 JavaThread "Asynchronous log dispatcher for DefaultDaemonConnection: socket connection from /127.0.0.1:58377 to /127.0.0.1:58378" [_thread_blocked, id=21408, stack(0x00000003bce00000,0x00000003bcf00000)]
  0x000001795855be00 JavaThread "Daemon client event forwarder" [_thread_blocked, id=17300, stack(0x00000003bd000000,0x00000003bd100000)]
  0x000001795855a5f0 JavaThread "Cache worker for journal cache (C:\Users\user\.gradle\caches\journal-1)" [_thread_blocked, id=18884, stack(0x00000003bd500000,0x00000003bd600000)]
  0x00000179585592b0 JavaThread "File lock request listener" [_thread_in_native, id=21288, stack(0x00000003bd600000,0x00000003bd700000)]
  0x000001795855c2d0 JavaThread "Cache worker for file hash cache (C:\Users\user\.gradle\caches\8.0\fileHashes)" [_thread_blocked, id=15152, stack(0x00000003bd700000,0x00000003bd800000)]
  0x000001795855c7a0 JavaThread "File watcher server" daemon [_thread_blocked, id=16052, stack(0x00000003bd800000,0x00000003bd900000)]
  0x000001795855aac0 JavaThread "File watcher consumer" daemon [_thread_blocked, id=16828, stack(0x00000003bd900000,0x00000003bda00000)]
  0x0000017958558de0 JavaThread "Cache worker for checksums cache (D:\IT22\sem 5\Pengembangan Aplikasi Mobile\metric_converter_gifriend_kotlin\.gradle\8.0\checksums)" [_thread_blocked, id=11332, stack(0x00000003bda00000,0x00000003bdb00000)]
  0x0000017958559c50 JavaThread "Cache worker for cache directory md-rule (C:\Users\user\.gradle\caches\8.0\md-rule)" [_thread_blocked, id=19560, stack(0x00000003bdb00000,0x00000003bdc00000)]
  0x000001795855af90 JavaThread "Cache worker for file content cache (C:\Users\user\.gradle\caches\8.0\fileContent)" [_thread_blocked, id=15340, stack(0x00000003bdc00000,0x00000003bdd00000)]
  0x000001795855b460 JavaThread "Cache worker for file hash cache (D:\IT22\sem 5\Pengembangan Aplikasi Mobile\metric_converter_gifriend_kotlin\.gradle\8.0\fileHashes)" [_thread_blocked, id=2208, stack(0x00000003bdd00000,0x00000003bde00000)]
  0x000001795855b930 JavaThread "Cache worker for cache directory md-supplier (C:\Users\user\.gradle\caches\8.0\md-supplier)" [_thread_blocked, id=17148, stack(0x00000003bde00000,0x00000003bdf00000)]
  0x000001795b30c430 JavaThread "Cache worker for execution history cache (C:\Users\user\.gradle\caches\8.0\executionHistory)" [_thread_blocked, id=9660, stack(0x00000003bdf00000,0x00000003be000000)]
  0x000001795b306d90 JavaThread "jar transforms" [_thread_blocked, id=780, stack(0x00000003be000000,0x00000003be100000)]
  0x000001795b30dc40 JavaThread "jar transforms Thread 2" [_thread_blocked, id=14996, stack(0x00000003be100000,0x00000003be200000)]
  0x000001795b307260 JavaThread "Cache worker for kotlin-dsl (C:\Users\user\.gradle\caches\8.0\kotlin-dsl)" [_thread_blocked, id=8572, stack(0x00000003be300000,0x00000003be400000)]
  0x000001795b30cdd0 JavaThread "jar transforms Thread 3" [_thread_blocked, id=7068, stack(0x00000003be400000,0x00000003be500000)]
  0x000001795b307c00 JavaThread "jar transforms Thread 4" [_thread_blocked, id=20436, stack(0x00000003be500000,0x00000003be600000)]
  0x000001795b30bf60 JavaThread "Cache worker for dependencies-accessors (D:\IT22\sem 5\Pengembangan Aplikasi Mobile\metric_converter_gifriend_kotlin\.gradle\8.0\dependencies-accessors)" [_thread_blocked, id=20040, stack(0x00000003be600000,0x00000003be700000)]
  0x000001795b308a70 JavaThread "Cache worker for Build Output Cleanup Cache (D:\IT22\sem 5\Pengembangan Aplikasi Mobile\metric_converter_gifriend_kotlin\.gradle\buildOutputCleanup)" [_thread_blocked, id=7152, stack(0x00000003be700000,0x00000003be800000)]
  0x000001795b3080d0 JavaThread "jar transforms Thread 5" [_thread_blocked, id=19664, stack(0x00000003be800000,0x00000003be900000)]
  0x000001795b30ba90 JavaThread "Unconstrained build operations" [_thread_blocked, id=14796, stack(0x00000003be900000,0x00000003bea00000)]
  0x000001795b3085a0 JavaThread "Unconstrained build operations Thread 2" [_thread_blocked, id=14468, stack(0x00000003bea00000,0x00000003beb00000)]
  0x000001795b30ac20 JavaThread "Unconstrained build operations Thread 3" [_thread_blocked, id=20044, stack(0x00000003beb00000,0x00000003bec00000)]
  0x000001795b3098e0 JavaThread "Unconstrained build operations Thread 4" [_thread_blocked, id=19176, stack(0x00000003bec00000,0x00000003bed00000)]
  0x000001795b309db0 JavaThread "Unconstrained build operations Thread 5" [_thread_blocked, id=20660, stack(0x00000003bed00000,0x00000003bee00000)]
  0x000001795b308f40 JavaThread "Unconstrained build operations Thread 6" [_thread_blocked, id=9888, stack(0x00000003bee00000,0x00000003bef00000)]
  0x000001795b3068c0 JavaThread "Unconstrained build operations Thread 7" [_thread_blocked, id=16240, stack(0x00000003bef00000,0x00000003bf000000)]
  0x000001795b30a280 JavaThread "Unconstrained build operations Thread 8" [_thread_blocked, id=18096, stack(0x00000003bf000000,0x00000003bf100000)]
  0x000001795b307730 JavaThread "Unconstrained build operations Thread 9" [_thread_blocked, id=9952, stack(0x00000003bf100000,0x00000003bf200000)]
  0x000001795b30b0f0 JavaThread "Unconstrained build operations Thread 10" [_thread_blocked, id=19784, stack(0x00000003bf200000,0x00000003bf300000)]
  0x000001795b309410 JavaThread "Unconstrained build operations Thread 11" [_thread_blocked, id=20296, stack(0x00000003bf300000,0x00000003bf400000)]
  0x000001795b30b5c0 JavaThread "Unconstrained build operations Thread 12" [_thread_blocked, id=12564, stack(0x00000003bf400000,0x00000003bf500000)]
  0x00000179584762f0 JavaThread "Unconstrained build operations Thread 13" [_thread_blocked, id=21040, stack(0x00000003bf500000,0x00000003bf600000)]
  0x0000017958477160 JavaThread "Unconstrained build operations Thread 14" [_thread_blocked, id=17712, stack(0x00000003bf600000,0x00000003bf700000)]
  0x0000017958474610 JavaThread "Unconstrained build operations Thread 15" [_thread_blocked, id=16008, stack(0x00000003bf700000,0x00000003bf800000)]
  0x0000017958472460 JavaThread "Unconstrained build operations Thread 16" [_thread_blocked, id=11072, stack(0x00000003bf800000,0x00000003bf900000)]
  0x00000179584732d0 JavaThread "Unconstrained build operations Thread 17" [_thread_blocked, id=20136, stack(0x00000003bf900000,0x00000003bfa00000)]
  0x00000179584737a0 JavaThread "Unconstrained build operations Thread 18" [_thread_blocked, id=17808, stack(0x00000003bfa00000,0x00000003bfb00000)]
  0x00000179584715f0 JavaThread "Unconstrained build operations Thread 19" [_thread_blocked, id=19980, stack(0x00000003bfb00000,0x00000003bfc00000)]
  0x0000017958477b00 JavaThread "Unconstrained build operations Thread 20" [_thread_blocked, id=19392, stack(0x00000003bfc00000,0x00000003bfd00000)]
  0x0000017958475950 JavaThread "Unconstrained build operations Thread 21" [_thread_blocked, id=20808, stack(0x00000003bfd00000,0x00000003bfe00000)]
  0x0000017958471f90 JavaThread "Unconstrained build operations Thread 22" [_thread_blocked, id=17772, stack(0x00000003bfe00000,0x00000003bff00000)]
  0x0000017958473c70 JavaThread "Unconstrained build operations Thread 23" [_thread_blocked, id=15996, stack(0x00000003bff00000,0x00000003c0000000)]
  0x0000017958477fd0 JavaThread "Unconstrained build operations Thread 24" [_thread_blocked, id=19696, stack(0x00000003c0000000,0x00000003c0100000)]
  0x0000017958472930 JavaThread "Unconstrained build operations Thread 25" [_thread_blocked, id=9916, stack(0x00000003c0100000,0x00000003c0200000)]
  0x0000017958472e00 JavaThread "Unconstrained build operations Thread 26" [_thread_blocked, id=19532, stack(0x00000003c0200000,0x00000003c0300000)]
  0x0000017958470c50 JavaThread "Unconstrained build operations Thread 27" [_thread_blocked, id=5696, stack(0x00000003c0300000,0x00000003c0400000)]
  0x0000017958474140 JavaThread "Unconstrained build operations Thread 28" [_thread_blocked, id=16352, stack(0x00000003c0400000,0x00000003c0500000)]
  0x0000017958474ae0 JavaThread "Unconstrained build operations Thread 29" [_thread_blocked, id=17616, stack(0x00000003c0500000,0x00000003c0600000)]
  0x0000017958474fb0 JavaThread "Unconstrained build operations Thread 30" [_thread_blocked, id=11080, stack(0x00000003c0600000,0x00000003c0700000)]
  0x0000017958475480 JavaThread "Unconstrained build operations Thread 31" [_thread_blocked, id=8532, stack(0x00000003c0700000,0x00000003c0800000)]
  0x00000179584767c0 JavaThread "Unconstrained build operations Thread 32" [_thread_blocked, id=16532, stack(0x00000003c0800000,0x00000003c0900000)]
  0x0000017958475e20 JavaThread "Unconstrained build operations Thread 33" [_thread_blocked, id=16564, stack(0x00000003c0900000,0x00000003c0a00000)]
  0x0000017958476c90 JavaThread "Unconstrained build operations Thread 34" [_thread_blocked, id=19144, stack(0x00000003c0a00000,0x00000003c0b00000)]
  0x0000017958477630 JavaThread "Unconstrained build operations Thread 35" [_thread_blocked, id=18676, stack(0x00000003c0b00000,0x00000003c0c00000)]
  0x00000179584784a0 JavaThread "Unconstrained build operations Thread 36" [_thread_blocked, id=17080, stack(0x00000003c0c00000,0x00000003c0d00000)]
  0x0000017958471120 JavaThread "Unconstrained build operations Thread 37" [_thread_blocked, id=19440, stack(0x00000003c0d00000,0x00000003c0e00000)]
  0x0000017958471ac0 JavaThread "Unconstrained build operations Thread 38" [_thread_blocked, id=20272, stack(0x00000003c0e00000,0x00000003c0f00000)]
  0x000001795a6762c0 JavaThread "Unconstrained build operations Thread 39" [_thread_blocked, id=14520, stack(0x00000003c0f00000,0x00000003c1000000)]
  0x000001795a675df0 JavaThread "Unconstrained build operations Thread 40" [_thread_blocked, id=16548, stack(0x00000003c1100000,0x00000003c1200000)]
  0x000001795a677fa0 JavaThread "Unconstrained build operations Thread 41" [_thread_blocked, id=9700, stack(0x00000003c1200000,0x00000003c1300000)]
  0x000001795a6732a0 JavaThread "Unconstrained build operations Thread 42" [_thread_blocked, id=14268, stack(0x00000003c1300000,0x00000003c1400000)]
  0x000001795a6797b0 JavaThread "Unconstrained build operations Thread 43" [_thread_blocked, id=16264, stack(0x00000003c1400000,0x00000003c1500000)]
  0x000001795a673c40 JavaThread "Unconstrained build operations Thread 44" [_thread_blocked, id=18424, stack(0x00000003c1500000,0x00000003c1600000)]
  0x000001795a673770 JavaThread "Unconstrained build operations Thread 45" [_thread_blocked, id=18072, stack(0x00000003c1600000,0x00000003c1700000)]
  0x000001795a678e10 JavaThread "Unconstrained build operations Thread 46" [_thread_blocked, id=19060, stack(0x00000003c1700000,0x00000003c1800000)]
  0x000001795a6792e0 JavaThread "Unconstrained build operations Thread 47" [_thread_blocked, id=3264, stack(0x00000003c1800000,0x00000003c1900000)]
  0x000001795a675920 JavaThread "Unconstrained build operations Thread 48" [_thread_blocked, id=2324, stack(0x00000003c1900000,0x00000003c1a00000)]
  0x000001795a676790 JavaThread "Unconstrained build operations Thread 49" [_thread_blocked, id=16188, stack(0x00000003c1a00000,0x00000003c1b00000)]
  0x000001795a676c60 JavaThread "Unconstrained build operations Thread 50" [_thread_blocked, id=10896, stack(0x00000003c1b00000,0x00000003c1c00000)]
  0x000001795a6745e0 JavaThread "Unconstrained build operations Thread 51" [_thread_blocked, id=20368, stack(0x00000003c1c00000,0x00000003c1d00000)]
  0x000001795a677130 JavaThread "Unconstrained build operations Thread 52" [_thread_blocked, id=18948, stack(0x00000003c1d00000,0x00000003c1e00000)]
  0x000001795a674110 JavaThread "Unconstrained build operations Thread 53" [_thread_blocked, id=3668, stack(0x00000003c1e00000,0x00000003c1f00000)]
  0x000001795a677600 JavaThread "Unconstrained build operations Thread 54" [_thread_blocked, id=16656, stack(0x00000003c1f00000,0x00000003c2000000)]
  0x000001795a674ab0 JavaThread "Unconstrained build operations Thread 55" [_thread_blocked, id=20812, stack(0x00000003c2000000,0x00000003c2100000)]
  0x000001795a677ad0 JavaThread "Unconstrained build operations Thread 56" [_thread_blocked, id=9528, stack(0x00000003c2100000,0x00000003c2200000)]
  0x000001795a678470 JavaThread "Unconstrained build operations Thread 57" [_thread_blocked, id=10388, stack(0x00000003c2200000,0x00000003c2300000)]
  0x000001795a672dd0 JavaThread "Unconstrained build operations Thread 58" [_thread_blocked, id=15980, stack(0x00000003c2300000,0x00000003c2400000)]
  0x000001795a675450 JavaThread "Unconstrained build operations Thread 59" [_thread_blocked, id=17092, stack(0x00000003c2400000,0x00000003c2500000)]
  0x000001795a679c80 JavaThread "Unconstrained build operations Thread 60" [_thread_blocked, id=9796, stack(0x00000003c2500000,0x00000003c2600000)]
  0x000001795a678940 JavaThread "Unconstrained build operations Thread 61" [_thread_blocked, id=20936, stack(0x00000003c2600000,0x00000003c2700000)]
  0x000001795a67a620 JavaThread "Unconstrained build operations Thread 62" [_thread_blocked, id=16168, stack(0x00000003c2700000,0x00000003c2800000)]
  0x000001795a67a150 JavaThread "Unconstrained build operations Thread 63" [_thread_blocked, id=17068, stack(0x00000003c2800000,0x00000003c2900000)]
  0x000001795a674f80 JavaThread "Unconstrained build operations Thread 64" [_thread_blocked, id=18172, stack(0x00000003c2900000,0x00000003c2a00000)]
  0x000001795b28ad90 JavaThread "Unconstrained build operations Thread 65" [_thread_blocked, id=18928, stack(0x00000003c2a00000,0x00000003c2b00000)]
  0x000001795b287d70 JavaThread "Unconstrained build operations Thread 66" [_thread_blocked, id=19460, stack(0x00000003c2b00000,0x00000003c2c00000)]
  0x000001795b2878a0 JavaThread "Unconstrained build operations Thread 67" [_thread_blocked, id=21084, stack(0x00000003c2c00000,0x00000003c2d00000)]
  0x000001795b28a3f0 JavaThread "Unconstrained build operations Thread 68" [_thread_blocked, id=2156, stack(0x00000003c2d00000,0x00000003c2e00000)]
  0x000001795b28c5a0 JavaThread "Unconstrained build operations Thread 69" [_thread_blocked, id=20844, stack(0x00000003c2e00000,0x00000003c2f00000)]
  0x000001795b2890b0 JavaThread "Unconstrained build operations Thread 70" [_thread_blocked, id=8668, stack(0x00000003c2f00000,0x00000003c3000000)]
  0x000001795b288240 JavaThread "Unconstrained build operations Thread 71" [_thread_blocked, id=17108, stack(0x00000003c3000000,0x00000003c3100000)]
  0x000001795b288710 JavaThread "Unconstrained build operations Thread 72" [_thread_blocked, id=15848, stack(0x00000003c3100000,0x00000003c3200000)]
  0x000001795b286a30 JavaThread "Unconstrained build operations Thread 73" [_thread_blocked, id=16296, stack(0x00000003c3200000,0x00000003c3300000)]
  0x000001795b288be0 JavaThread "Unconstrained build operations Thread 74" [_thread_blocked, id=19816, stack(0x00000003c3300000,0x00000003c3400000)]
  0x000001795b28c0d0 JavaThread "Unconstrained build operations Thread 75" [_thread_blocked, id=14488, stack(0x00000003c3400000,0x00000003c3500000)]
  0x000001795b289580 JavaThread "Unconstrained build operations Thread 76" [_thread_blocked, id=10752, stack(0x00000003c3500000,0x00000003c3600000)]
  0x000001795b286560 JavaThread "Unconstrained build operations Thread 77" [_thread_blocked, id=296, stack(0x00000003c3600000,0x00000003c3700000)]
  0x000001795b286f00 JavaThread "Unconstrained build operations Thread 78" [_thread_blocked, id=12740, stack(0x00000003c3700000,0x00000003c3800000)]
  0x000001795b289a50 JavaThread "Unconstrained build operations Thread 79" [_thread_blocked, id=18488, stack(0x00000003c3800000,0x00000003c3900000)]
  0x000001795b289f20 JavaThread "Unconstrained build operations Thread 80" [_thread_blocked, id=4836, stack(0x00000003c3900000,0x00000003c3a00000)]
  0x000001795b2873d0 JavaThread "jar transforms Thread 6" [_thread_blocked, id=19932, stack(0x00000003c3b00000,0x00000003c3c00000)]
  0x000001795b28bc00 JavaThread "jar transforms Thread 7" [_thread_blocked, id=19324, stack(0x00000003c3c00000,0x00000003c3d00000)]
  0x000001795b28a8c0 JavaThread "jar transforms Thread 8" [_thread_blocked, id=17104, stack(0x00000003c3d00000,0x00000003c3e00000)]
  0x000001795b28b260 JavaThread "build event listener" [_thread_blocked, id=9320, stack(0x00000003c1000000,0x00000003c1100000)]
  0x000001795b28b730 JavaThread "Memory manager" [_thread_blocked, id=17872, stack(0x00000003c3f00000,0x00000003c4000000)]
  0x0000017961ce1080 JavaThread "pool-3-thread-1" [_thread_blocked, id=16696, stack(0x00000003c4100000,0x00000003c4200000)]
  0x0000017961ce1a20 JavaThread "build event listener" [_thread_blocked, id=16472, stack(0x00000003c4200000,0x00000003c4300000)]
  0x0000017961cdea00 JavaThread "included builds" [_thread_blocked, id=19276, stack(0x00000003c4300000,0x00000003c4400000)]
  0x0000017961cdeed0 JavaThread "Execution worker" [_thread_blocked, id=2248, stack(0x00000003c4400000,0x00000003c4500000)]
  0x0000017961ce0bb0 JavaThread "Execution worker Thread 2" [_thread_blocked, id=6896, stack(0x00000003c4500000,0x00000003c4600000)]
  0x0000017961ce4f10 JavaThread "Execution worker Thread 3" [_thread_blocked, id=4088, stack(0x00000003c4600000,0x00000003c4700000)]
  0x0000017961ce3bd0 JavaThread "Execution worker Thread 4" [_thread_blocked, id=4032, stack(0x00000003c4700000,0x00000003c4800000)]
  0x0000017961ce2890 JavaThread "Execution worker Thread 5" [_thread_blocked, id=8996, stack(0x00000003c4800000,0x00000003c4900000)]
  0x0000017961ce1550 JavaThread "Execution worker Thread 6" [_thread_blocked, id=18736, stack(0x00000003c4900000,0x00000003c4a00000)]
  0x0000017961ce23c0 JavaThread "Execution worker Thread 7" [_thread_blocked, id=860, stack(0x00000003c4a00000,0x00000003c4b00000)]
  0x0000017961ce1ef0 JavaThread "Cache worker for execution history cache (D:\IT22\sem 5\Pengembangan Aplikasi Mobile\metric_converter_gifriend_kotlin\.gradle\8.0\executionHistory)" [_thread_blocked, id=18776, stack(0x00000003c4b00000,0x00000003c4c00000)]
  0x0000017961ce2d60 JavaThread "WorkerExecutor Queue" [_thread_blocked, id=20632, stack(0x00000003c4c00000,0x00000003c4d00000)]
  0x0000017960cfea00 JavaThread "WorkerExecutor Queue Thread 2" [_thread_blocked, id=19056, stack(0x00000003c3a00000,0x00000003c3b00000)]
  0x0000017962a50910 JavaThread "WorkerExecutor Queue Thread 3" [_thread_blocked, id=2944, stack(0x00000003c4d00000,0x00000003c4e00000)]
  0x0000017962a4ff70 JavaThread "WorkerExecutor Queue Thread 4" [_thread_blocked, id=6352, stack(0x00000003c4e00000,0x00000003c4f00000)]
  0x0000017962a4f5d0 JavaThread "WorkerExecutor Queue Thread 6" [_thread_blocked, id=9792, stack(0x00000003c5000000,0x00000003c5100000)]
  0x000001795ac70c10 JavaThread "WorkerExecutor Queue Thread 7" [_thread_blocked, id=21004, stack(0x00000003c5100000,0x00000003c5200000)]
  0x000001795ac70270 JavaThread "WorkerExecutor Queue Thread 8" [_thread_blocked, id=21364, stack(0x00000003c5200000,0x00000003c5300000)]
  0x0000017960b97a60 JavaThread "WorkerExecutor Queue Thread 9" [_thread_blocked, id=14388, stack(0x00000003c5300000,0x00000003c5400000)]
  0x0000017961ce3700 JavaThread "pool-4-thread-1" [_thread_blocked, id=12644, stack(0x00000003bad00000,0x00000003bae00000)]
  0x0000017961cde530 JavaThread "stderr" [_thread_in_native, id=14932, stack(0x00000003bae00000,0x00000003baf00000)]
  0x0000017961ce4570 JavaThread "stdout" [_thread_in_native, id=20556, stack(0x00000003baf00000,0x00000003bb000000)]

Other Threads:
=>0x00000179576d0a30 VMThread "VM Thread" [stack: 0x00000003bb600000,0x00000003bb700000] [id=21136]
  0x00000179581adf80 WatcherThread [stack: 0x00000003bc200000,0x00000003bc300000] [id=16404]
  0x000001793d8d9e40 GCTaskThread "GC Thread#0" [stack: 0x00000003bb100000,0x00000003bb200000] [id=19196]
  0x00000179589cb360 GCTaskThread "GC Thread#1" [stack: 0x00000003bc300000,0x00000003bc400000] [id=11228]
  0x0000017958bae030 GCTaskThread "GC Thread#2" [stack: 0x00000003bc400000,0x00000003bc500000] [id=17100]
  0x0000017958c8ad10 GCTaskThread "GC Thread#3" [stack: 0x00000003bc500000,0x00000003bc600000] [id=21300]
  0x00000179594f43a0 GCTaskThread "GC Thread#4" [stack: 0x00000003bc600000,0x00000003bc700000] [id=2672]
  0x0000017959954af0 GCTaskThread "GC Thread#5" [stack: 0x00000003bd100000,0x00000003bd200000] [id=16184]
  0x00000179585328e0 GCTaskThread "GC Thread#6" [stack: 0x00000003bd200000,0x00000003bd300000] [id=1888]
  0x0000017959a516b0 GCTaskThread "GC Thread#7" [stack: 0x00000003bd300000,0x00000003bd400000] [id=19964]
  0x000001793d8eb4a0 ConcurrentGCThread "G1 Main Marker" [stack: 0x00000003bb200000,0x00000003bb300000] [id=19208]
  0x000001793d8ecd70 ConcurrentGCThread "G1 Conc#0" [stack: 0x00000003bb300000,0x00000003bb400000] [id=20964]
  0x000001795a5258d0 ConcurrentGCThread "G1 Conc#1" [stack: 0x00000003bd400000,0x00000003bd500000] [id=13172]
  0x000001793d93e660 ConcurrentGCThread "G1 Refine#0" [stack: 0x00000003bb400000,0x00000003bb500000] [id=4732]
  0x000001795c7e91e0 ConcurrentGCThread "G1 Refine#1" [stack: 0x00000003be200000,0x00000003be300000] [id=20428]
  0x00000179575220b0 ConcurrentGCThread "G1 Service" [stack: 0x00000003bb500000,0x00000003bb600000] [id=12140]

Threads with active compile tasks:
C2 CompilerThread0    67607 17931       4       com.android.tools.r8.internal.ml::next (111 bytes)
C1 CompilerThread0    67607 17929       2       com.android.tools.r8.ir.optimize.F::p (2065 bytes)

VM state: at safepoint (normal execution)

VM Mutex/Monitor currently owned by a thread:  ([mutex/lock_event])
[0x000001793d8799b0] Threads_lock - owner thread: 0x00000179576d0a30
[0x000001793d87a6a0] Heap_lock - owner thread: 0x00000179584762f0

Heap address: 0x0000000080000000, size: 2048 MB, Compressed Oops mode: 32-bit

CDS archive(s) not mapped
Compressed class space mapped at: 0x0000000100000000-0x0000000140000000, reserved size: 1073741824
Narrow klass base: 0x0000000000000000, Narrow klass shift: 3, Narrow klass range: 0x140000000

GC Precious Log:
 CPUs: 8 total, 8 available
 Memory: 6081M
 Large Page Support: Disabled
 NUMA Support: Disabled
 Compressed Oops: Enabled (32-bit)
 Heap Region Size: 1M
 Heap Min Capacity: 8M
 Heap Initial Capacity: 96M
 Heap Max Capacity: 2G
 Pre-touch: Disabled
 Parallel Workers: 8
 Concurrent Workers: 2
 Concurrent Refinement Workers: 8
 Periodic GC: Disabled

Heap:
 garbage-first heap   total 218112K, used 135028K [0x0000000080000000, 0x0000000100000000)
  region size 1024K, 4 young (4096K), 4 survivors (4096K)
 Metaspace       used 126515K, committed 127360K, reserved 1163264K
  class space    used 17242K, committed 17664K, reserved 1048576K

Heap Regions: E=young(eden), S=young(survivor), O=old, HS=humongous(starts), HC=humongous(continues), CS=collection set, F=free, OA=open archive, CA=closed archive, TAMS=top-at-mark-start (previous, next)
|   0|0x0000000080000000, 0x0000000080100000, 0x0000000080100000|100%|HS|  |TAMS 0x0000000080100000, 0x0000000080000000| Complete 
|   1|0x0000000080100000, 0x0000000080200000, 0x0000000080200000|100%|HC|  |TAMS 0x0000000080200000, 0x0000000080100000| Complete 
|   2|0x0000000080200000, 0x0000000080300000, 0x0000000080300000|100%|HC|  |TAMS 0x0000000080300000, 0x0000000080200000| Complete 
|   3|0x0000000080300000, 0x0000000080400000, 0x0000000080400000|100%|HC|  |TAMS 0x0000000080400000, 0x0000000080300000| Complete 
|   4|0x0000000080400000, 0x0000000080500000, 0x0000000080500000|100%| O|  |TAMS 0x0000000080500000, 0x0000000080400000| Untracked 
|   5|0x0000000080500000, 0x0000000080600000, 0x0000000080600000|100%| O|  |TAMS 0x0000000080600000, 0x0000000080500000| Untracked 
|   6|0x0000000080600000, 0x0000000080700000, 0x0000000080700000|100%| O|  |TAMS 0x0000000080700000, 0x0000000080600000| Untracked 
|   7|0x0000000080700000, 0x0000000080800000, 0x0000000080800000|100%| O|  |TAMS 0x0000000080800000, 0x0000000080700000| Untracked 
|   8|0x0000000080800000, 0x0000000080900000, 0x0000000080900000|100%| O|  |TAMS 0x0000000080900000, 0x0000000080800000| Untracked 
|   9|0x0000000080900000, 0x0000000080a00000, 0x0000000080a00000|100%| O|  |TAMS 0x0000000080a00000, 0x0000000080900000| Untracked 
|  10|0x0000000080a00000, 0x0000000080b00000, 0x0000000080b00000|100%| O|  |TAMS 0x0000000080b00000, 0x0000000080a00000| Untracked 
|  11|0x0000000080b00000, 0x0000000080c00000, 0x0000000080c00000|100%| O|  |TAMS 0x0000000080c00000, 0x0000000080b00000| Untracked 
|  12|0x0000000080c00000, 0x0000000080d00000, 0x0000000080d00000|100%| O|  |TAMS 0x0000000080d00000, 0x0000000080c00000| Untracked 
|  13|0x0000000080d00000, 0x0000000080e00000, 0x0000000080e00000|100%| O|  |TAMS 0x0000000080e00000, 0x0000000080d00000| Untracked 
|  14|0x0000000080e00000, 0x0000000080f00000, 0x0000000080f00000|100%| O|  |TAMS 0x0000000080f00000, 0x0000000080e00000| Untracked 
|  15|0x0000000080f00000, 0x0000000081000000, 0x0000000081000000|100%| O|  |TAMS 0x0000000081000000, 0x0000000080f00000| Untracked 
|  16|0x0000000081000000, 0x0000000081100000, 0x0000000081100000|100%| O|  |TAMS 0x0000000081100000, 0x0000000081000000| Untracked 
|  17|0x0000000081100000, 0x0000000081200000, 0x0000000081200000|100%| O|  |TAMS 0x0000000081200000, 0x0000000081100000| Untracked 
|  18|0x0000000081200000, 0x0000000081300000, 0x0000000081300000|100%| O|  |TAMS 0x0000000081300000, 0x0000000081200000| Untracked 
|  19|0x0000000081300000, 0x0000000081400000, 0x0000000081400000|100%| O|  |TAMS 0x0000000081400000, 0x0000000081300000| Untracked 
|  20|0x0000000081400000, 0x0000000081500000, 0x0000000081500000|100%| O|  |TAMS 0x0000000081500000, 0x0000000081400000| Untracked 
|  21|0x0000000081500000, 0x0000000081600000, 0x0000000081600000|100%| O|  |TAMS 0x0000000081600000, 0x0000000081500000| Untracked 
|  22|0x0000000081600000, 0x0000000081700000, 0x0000000081700000|100%| O|  |TAMS 0x0000000081700000, 0x0000000081600000| Untracked 
|  23|0x0000000081700000, 0x0000000081800000, 0x0000000081800000|100%| O|  |TAMS 0x0000000081800000, 0x0000000081700000| Untracked 
|  24|0x0000000081800000, 0x0000000081900000, 0x0000000081900000|100%| O|  |TAMS 0x0000000081900000, 0x0000000081800000| Untracked 
|  25|0x0000000081900000, 0x0000000081a00000, 0x0000000081a00000|100%| O|  |TAMS 0x0000000081a00000, 0x0000000081900000| Untracked 
|  26|0x0000000081a00000, 0x0000000081b00000, 0x0000000081b00000|100%| O|  |TAMS 0x0000000081b00000, 0x0000000081a00000| Untracked 
|  27|0x0000000081b00000, 0x0000000081c00000, 0x0000000081c00000|100%| O|  |TAMS 0x0000000081c00000, 0x0000000081b00000| Untracked 
|  28|0x0000000081c00000, 0x0000000081d00000, 0x0000000081d00000|100%| O|  |TAMS 0x0000000081d00000, 0x0000000081c00000| Untracked 
|  29|0x0000000081d00000, 0x0000000081e00000, 0x0000000081e00000|100%| O|  |TAMS 0x0000000081e00000, 0x0000000081d00000| Untracked 
|  30|0x0000000081e00000, 0x0000000081f00000, 0x0000000081f00000|100%| O|  |TAMS 0x0000000081f00000, 0x0000000081e00000| Untracked 
|  31|0x0000000081f00000, 0x0000000082000000, 0x0000000082000000|100%| O|  |TAMS 0x0000000082000000, 0x0000000081f00000| Untracked 
|  32|0x0000000082000000, 0x0000000082100000, 0x0000000082100000|100%| O|  |TAMS 0x0000000082100000, 0x0000000082000000| Untracked 
|  33|0x0000000082100000, 0x0000000082200000, 0x0000000082200000|100%| O|  |TAMS 0x0000000082200000, 0x0000000082100000| Untracked 
|  34|0x0000000082200000, 0x0000000082300000, 0x0000000082300000|100%| O|  |TAMS 0x0000000082300000, 0x0000000082200000| Untracked 
|  35|0x0000000082300000, 0x0000000082400000, 0x0000000082400000|100%| O|  |TAMS 0x0000000082400000, 0x0000000082300000| Untracked 
|  36|0x0000000082400000, 0x0000000082500000, 0x0000000082500000|100%| O|  |TAMS 0x0000000082500000, 0x0000000082400000| Untracked 
|  37|0x0000000082500000, 0x0000000082600000, 0x0000000082600000|100%| O|  |TAMS 0x0000000082600000, 0x0000000082500000| Untracked 
|  38|0x0000000082600000, 0x0000000082700000, 0x0000000082700000|100%|HS|  |TAMS 0x0000000082700000, 0x0000000082600000| Complete 
|  39|0x0000000082700000, 0x0000000082800000, 0x0000000082800000|100%|HS|  |TAMS 0x0000000082800000, 0x0000000082700000| Complete 
|  40|0x0000000082800000, 0x0000000082900000, 0x0000000082900000|100%|HS|  |TAMS 0x0000000082900000, 0x0000000082800000| Complete 
|  41|0x0000000082900000, 0x0000000082a00000, 0x0000000082a00000|100%|HC|  |TAMS 0x0000000082a00000, 0x0000000082900000| Complete 
|  42|0x0000000082a00000, 0x0000000082b00000, 0x0000000082b00000|100%|HS|  |TAMS 0x0000000082b00000, 0x0000000082a00000| Complete 
|  43|0x0000000082b00000, 0x0000000082c00000, 0x0000000082c00000|100%| O|  |TAMS 0x0000000082c00000, 0x0000000082b00000| Untracked 
|  44|0x0000000082c00000, 0x0000000082d00000, 0x0000000082d00000|100%| O|  |TAMS 0x0000000082d00000, 0x0000000082c00000| Untracked 
|  45|0x0000000082d00000, 0x0000000082e00000, 0x0000000082e00000|100%|HS|  |TAMS 0x0000000082e00000, 0x0000000082d00000| Complete 
|  46|0x0000000082e00000, 0x0000000082f00000, 0x0000000082f00000|100%|HC|  |TAMS 0x0000000082f00000, 0x0000000082e00000| Complete 
|  47|0x0000000082f00000, 0x0000000083000000, 0x0000000083000000|100%|HC|  |TAMS 0x0000000083000000, 0x0000000082f00000| Complete 
|  48|0x0000000083000000, 0x0000000083100000, 0x0000000083100000|100%|HC|  |TAMS 0x0000000083100000, 0x0000000083000000| Complete 
|  49|0x0000000083100000, 0x0000000083200000, 0x0000000083200000|100%| O|  |TAMS 0x0000000083200000, 0x0000000083100000| Untracked 
|  50|0x0000000083200000, 0x0000000083300000, 0x0000000083300000|100%| O|  |TAMS 0x0000000083300000, 0x0000000083200000| Untracked 
|  51|0x0000000083300000, 0x0000000083400000, 0x0000000083400000|100%| O|  |TAMS 0x0000000083400000, 0x0000000083300000| Untracked 
|  52|0x0000000083400000, 0x0000000083500000, 0x0000000083500000|100%| O|  |TAMS 0x0000000083500000, 0x0000000083400000| Untracked 
|  53|0x0000000083500000, 0x0000000083600000, 0x0000000083600000|100%| O|  |TAMS 0x0000000083600000, 0x0000000083500000| Untracked 
|  54|0x0000000083600000, 0x0000000083700000, 0x0000000083700000|100%| O|  |TAMS 0x0000000083700000, 0x0000000083600000| Untracked 
|  55|0x0000000083700000, 0x0000000083800000, 0x0000000083800000|100%| O|  |TAMS 0x0000000083800000, 0x0000000083700000| Untracked 
|  56|0x0000000083800000, 0x0000000083900000, 0x0000000083900000|100%| O|  |TAMS 0x0000000083900000, 0x0000000083800000| Untracked 
|  57|0x0000000083900000, 0x0000000083a00000, 0x0000000083a00000|100%| O|  |TAMS 0x0000000083a00000, 0x0000000083900000| Untracked 
|  58|0x0000000083a00000, 0x0000000083b00000, 0x0000000083b00000|100%| O|  |TAMS 0x0000000083b00000, 0x0000000083a00000| Untracked 
|  59|0x0000000083b00000, 0x0000000083c00000, 0x0000000083c00000|100%| O|  |TAMS 0x0000000083c00000, 0x0000000083b00000| Untracked 
|  60|0x0000000083c00000, 0x0000000083d00000, 0x0000000083d00000|100%| O|  |TAMS 0x0000000083d00000, 0x0000000083c00000| Untracked 
|  61|0x0000000083d00000, 0x0000000083e00000, 0x0000000083e00000|100%| O|  |TAMS 0x0000000083e00000, 0x0000000083d00000| Untracked 
|  62|0x0000000083e00000, 0x0000000083f00000, 0x0000000083f00000|100%| O|  |TAMS 0x0000000083f00000, 0x0000000083e00000| Untracked 
|  63|0x0000000083f00000, 0x0000000084000000, 0x0000000084000000|100%| O|  |TAMS 0x0000000084000000, 0x0000000083f00000| Untracked 
|  64|0x0000000084000000, 0x0000000084100000, 0x0000000084100000|100%| O|  |TAMS 0x0000000084100000, 0x0000000084000000| Untracked 
|  65|0x0000000084100000, 0x0000000084200000, 0x0000000084200000|100%| O|  |TAMS 0x0000000084200000, 0x0000000084100000| Untracked 
|  66|0x0000000084200000, 0x0000000084300000, 0x0000000084300000|100%| O|  |TAMS 0x0000000084300000, 0x0000000084200000| Untracked 
|  67|0x0000000084300000, 0x0000000084400000, 0x0000000084400000|100%| O|  |TAMS 0x0000000084400000, 0x0000000084300000| Untracked 
|  68|0x0000000084400000, 0x0000000084500000, 0x0000000084500000|100%| O|  |TAMS 0x0000000084500000, 0x0000000084400000| Untracked 
|  69|0x0000000084500000, 0x0000000084600000, 0x0000000084600000|100%| O|  |TAMS 0x0000000084600000, 0x0000000084500000| Untracked 
|  70|0x0000000084600000, 0x0000000084700000, 0x0000000084700000|100%| O|  |TAMS 0x0000000084700000, 0x0000000084600000| Untracked 
|  71|0x0000000084700000, 0x0000000084800000, 0x0000000084800000|100%| O|  |TAMS 0x0000000084800000, 0x0000000084700000| Untracked 
|  72|0x0000000084800000, 0x0000000084900000, 0x0000000084900000|100%| O|  |TAMS 0x0000000084900000, 0x0000000084800000| Untracked 
|  73|0x0000000084900000, 0x0000000084a00000, 0x0000000084a00000|100%| O|  |TAMS 0x0000000084a00000, 0x0000000084900000| Untracked 
|  74|0x0000000084a00000, 0x0000000084b00000, 0x0000000084b00000|100%| O|  |TAMS 0x0000000084b00000, 0x0000000084a00000| Untracked 
|  75|0x0000000084b00000, 0x0000000084c00000, 0x0000000084c00000|100%| O|  |TAMS 0x0000000084c00000, 0x0000000084b00000| Untracked 
|  76|0x0000000084c00000, 0x0000000084d00000, 0x0000000084d00000|100%| O|  |TAMS 0x0000000084d00000, 0x0000000084c00000| Untracked 
|  77|0x0000000084d00000, 0x0000000084e00000, 0x0000000084e00000|100%| O|  |TAMS 0x0000000084e00000, 0x0000000084d00000| Untracked 
|  78|0x0000000084e00000, 0x0000000084f00000, 0x0000000084f00000|100%| O|  |TAMS 0x0000000084f00000, 0x0000000084e00000| Untracked 
|  79|0x0000000084f00000, 0x0000000085000000, 0x0000000085000000|100%| O|  |TAMS 0x0000000085000000, 0x0000000084f00000| Untracked 
|  80|0x0000000085000000, 0x0000000085100000, 0x0000000085100000|100%| O|  |TAMS 0x0000000085100000, 0x0000000085000000| Untracked 
|  81|0x0000000085100000, 0x0000000085200000, 0x0000000085200000|100%| O|  |TAMS 0x0000000085200000, 0x0000000085100000| Untracked 
|  82|0x0000000085200000, 0x0000000085300000, 0x0000000085300000|100%| O|  |TAMS 0x0000000085300000, 0x0000000085200000| Untracked 
|  83|0x0000000085300000, 0x0000000085400000, 0x0000000085400000|100%| O|  |TAMS 0x0000000085400000, 0x0000000085300000| Untracked 
|  84|0x0000000085400000, 0x0000000085500000, 0x0000000085500000|100%| O|  |TAMS 0x0000000085500000, 0x0000000085400000| Untracked 
|  85|0x0000000085500000, 0x0000000085600000, 0x0000000085600000|100%| O|  |TAMS 0x0000000085600000, 0x0000000085500000| Untracked 
|  86|0x0000000085600000, 0x0000000085700000, 0x0000000085700000|100%| O|  |TAMS 0x0000000085700000, 0x0000000085600000| Untracked 
|  87|0x0000000085700000, 0x0000000085800000, 0x0000000085800000|100%| O|  |TAMS 0x0000000085800000, 0x0000000085700000| Untracked 
|  88|0x0000000085800000, 0x0000000085900000, 0x0000000085900000|100%| O|  |TAMS 0x0000000085900000, 0x0000000085800000| Untracked 
|  89|0x0000000085900000, 0x0000000085a00000, 0x0000000085a00000|100%| O|  |TAMS 0x0000000085a00000, 0x0000000085900000| Untracked 
|  90|0x0000000085a00000, 0x0000000085b00000, 0x0000000085b00000|100%| O|  |TAMS 0x0000000085b00000, 0x0000000085a00000| Untracked 
|  91|0x0000000085b00000, 0x0000000085c00000, 0x0000000085c00000|100%| O|  |TAMS 0x0000000085c00000, 0x0000000085b00000| Untracked 
|  92|0x0000000085c00000, 0x0000000085d00000, 0x0000000085d00000|100%| O|  |TAMS 0x0000000085c00000, 0x0000000085c00000| Untracked 
|  93|0x0000000085d00000, 0x0000000085e00000, 0x0000000085e00000|100%| O|  |TAMS 0x0000000085d00000, 0x0000000085d00000| Untracked 
|  94|0x0000000085e00000, 0x0000000085f00000, 0x0000000085f00000|100%| O|  |TAMS 0x0000000085f00000, 0x0000000085e00000| Untracked 
|  95|0x0000000085f00000, 0x0000000086000000, 0x0000000086000000|100%| O|  |TAMS 0x0000000086000000, 0x0000000085f00000| Untracked 
|  96|0x0000000086000000, 0x0000000086100000, 0x0000000086100000|100%| O|  |TAMS 0x0000000086100000, 0x0000000086000000| Untracked 
|  97|0x0000000086100000, 0x0000000086200000, 0x0000000086200000|100%| O|  |TAMS 0x000000008613fc00, 0x0000000086100000| Untracked 
|  98|0x0000000086200000, 0x0000000086300000, 0x0000000086300000|100%| O|  |TAMS 0x0000000086200000, 0x0000000086200000| Untracked 
|  99|0x0000000086300000, 0x0000000086400000, 0x0000000086400000|100%| O|  |TAMS 0x0000000086300000, 0x0000000086300000| Untracked 
| 100|0x0000000086400000, 0x0000000086500000, 0x0000000086500000|100%| O|  |TAMS 0x0000000086400000, 0x0000000086400000| Untracked 
| 101|0x0000000086500000, 0x0000000086600000, 0x0000000086600000|100%| O|  |TAMS 0x0000000086500000, 0x0000000086500000| Untracked 
| 102|0x0000000086600000, 0x0000000086700000, 0x0000000086700000|100%| O|  |TAMS 0x0000000086600000, 0x0000000086600000| Untracked 
| 103|0x0000000086700000, 0x0000000086800000, 0x0000000086800000|100%| O|  |TAMS 0x0000000086700000, 0x0000000086700000| Untracked 
| 104|0x0000000086800000, 0x0000000086900000, 0x0000000086900000|100%| O|  |TAMS 0x0000000086800000, 0x0000000086800000| Untracked 
| 105|0x0000000086900000, 0x0000000086a00000, 0x0000000086a00000|100%| O|  |TAMS 0x0000000086900000, 0x0000000086900000| Untracked 
| 106|0x0000000086a00000, 0x0000000086b00000, 0x0000000086b00000|100%| O|  |TAMS 0x0000000086a00000, 0x0000000086a00000| Untracked 
| 107|0x0000000086b00000, 0x0000000086c00000, 0x0000000086c00000|100%| O|  |TAMS 0x0000000086b00000, 0x0000000086b00000| Untracked 
| 108|0x0000000086c00000, 0x0000000086d00000, 0x0000000086d00000|100%| O|  |TAMS 0x0000000086c00000, 0x0000000086c00000| Untracked 
| 109|0x0000000086d00000, 0x0000000086e00000, 0x0000000086e00000|100%| O|  |TAMS 0x0000000086d00000, 0x0000000086d00000| Untracked 
| 110|0x0000000086e00000, 0x0000000086f00000, 0x0000000086f00000|100%| O|  |TAMS 0x0000000086e00000, 0x0000000086e00000| Untracked 
| 111|0x0000000086f00000, 0x0000000087000000, 0x0000000087000000|100%| O|  |TAMS 0x0000000086f00000, 0x0000000086f00000| Untracked 
| 112|0x0000000087000000, 0x0000000087100000, 0x0000000087100000|100%| O|  |TAMS 0x0000000087000000, 0x0000000087000000| Untracked 
| 113|0x0000000087100000, 0x0000000087200000, 0x0000000087200000|100%| O|  |TAMS 0x0000000087100000, 0x0000000087100000| Untracked 
| 114|0x0000000087200000, 0x0000000087300000, 0x0000000087300000|100%| O|  |TAMS 0x0000000087200000, 0x0000000087200000| Untracked 
| 115|0x0000000087300000, 0x0000000087400000, 0x0000000087400000|100%| O|  |TAMS 0x0000000087300000, 0x0000000087300000| Untracked 
| 116|0x0000000087400000, 0x0000000087500000, 0x0000000087500000|100%| O|  |TAMS 0x0000000087400000, 0x0000000087400000| Untracked 
| 117|0x0000000087500000, 0x0000000087600000, 0x0000000087600000|100%| O|  |TAMS 0x0000000087500000, 0x0000000087500000| Untracked 
| 118|0x0000000087600000, 0x0000000087700000, 0x0000000087700000|100%| O|  |TAMS 0x0000000087600000, 0x0000000087600000| Untracked 
| 119|0x0000000087700000, 0x0000000087800000, 0x0000000087800000|100%| O|  |TAMS 0x0000000087700000, 0x0000000087700000| Untracked 
| 120|0x0000000087800000, 0x0000000087900000, 0x0000000087900000|100%| O|  |TAMS 0x0000000087800000, 0x0000000087800000| Untracked 
| 121|0x0000000087900000, 0x0000000087a00000, 0x0000000087a00000|100%| O|  |TAMS 0x0000000087900000, 0x0000000087900000| Untracked 
| 122|0x0000000087a00000, 0x0000000087b00000, 0x0000000087b00000|100%| O|  |TAMS 0x0000000087a00000, 0x0000000087a00000| Untracked 
| 123|0x0000000087b00000, 0x0000000087c00000, 0x0000000087c00000|100%| O|  |TAMS 0x0000000087b00000, 0x0000000087b00000| Untracked 
| 124|0x0000000087c00000, 0x0000000087d00000, 0x0000000087d00000|100%| O|  |TAMS 0x0000000087c00000, 0x0000000087c00000| Untracked 
| 125|0x0000000087d00000, 0x0000000087e00000, 0x0000000087e00000|100%| O|  |TAMS 0x0000000087d00000, 0x0000000087d00000| Untracked 
| 126|0x0000000087e00000, 0x0000000087f00000, 0x0000000087f00000|100%| O|  |TAMS 0x0000000087e00000, 0x0000000087e00000| Untracked 
| 127|0x0000000087f00000, 0x0000000088000000, 0x0000000088000000|100%| O|  |TAMS 0x0000000087f00000, 0x0000000087f00000| Untracked 
| 128|0x0000000088000000, 0x000000008802b800, 0x0000000088100000| 16%| O|  |TAMS 0x0000000088000000, 0x0000000088000000| Untracked 
| 129|0x0000000088100000, 0x0000000088100000, 0x0000000088200000|  0%| F|  |TAMS 0x0000000088100000, 0x0000000088100000| Untracked 
| 130|0x0000000088200000, 0x0000000088200000, 0x0000000088300000|  0%| F|  |TAMS 0x0000000088200000, 0x0000000088200000| Untracked 
| 131|0x0000000088300000, 0x0000000088300000, 0x0000000088400000|  0%| F|  |TAMS 0x0000000088300000, 0x0000000088300000| Untracked 
| 132|0x0000000088400000, 0x0000000088400000, 0x0000000088500000|  0%| F|  |TAMS 0x0000000088400000, 0x0000000088400000| Untracked 
| 133|0x0000000088500000, 0x0000000088500000, 0x0000000088600000|  0%| F|  |TAMS 0x0000000088500000, 0x0000000088500000| Untracked 
| 134|0x0000000088600000, 0x0000000088600000, 0x0000000088700000|  0%| F|  |TAMS 0x0000000088600000, 0x0000000088600000| Untracked 
| 135|0x0000000088700000, 0x0000000088700000, 0x0000000088800000|  0%| F|  |TAMS 0x0000000088700000, 0x0000000088700000| Untracked 
| 136|0x0000000088800000, 0x0000000088800000, 0x0000000088900000|  0%| F|  |TAMS 0x0000000088800000, 0x0000000088800000| Untracked 
| 137|0x0000000088900000, 0x0000000088900000, 0x0000000088a00000|  0%| F|  |TAMS 0x0000000088900000, 0x0000000088900000| Untracked 
| 138|0x0000000088a00000, 0x0000000088a00000, 0x0000000088b00000|  0%| F|  |TAMS 0x0000000088a00000, 0x0000000088a00000| Untracked 
| 139|0x0000000088b00000, 0x0000000088b00000, 0x0000000088c00000|  0%| F|  |TAMS 0x0000000088b00000, 0x0000000088b00000| Untracked 
| 140|0x0000000088c00000, 0x0000000088c00000, 0x0000000088d00000|  0%| F|  |TAMS 0x0000000088c00000, 0x0000000088c00000| Untracked 
| 141|0x0000000088d00000, 0x0000000088d00000, 0x0000000088e00000|  0%| F|  |TAMS 0x0000000088d00000, 0x0000000088d00000| Untracked 
| 142|0x0000000088e00000, 0x0000000088e00000, 0x0000000088f00000|  0%| F|  |TAMS 0x0000000088e00000, 0x0000000088e00000| Untracked 
| 143|0x0000000088f00000, 0x0000000088f00000, 0x0000000089000000|  0%| F|  |TAMS 0x0000000088f00000, 0x0000000088f00000| Untracked 
| 144|0x0000000089000000, 0x0000000089000000, 0x0000000089100000|  0%| F|  |TAMS 0x0000000089000000, 0x0000000089000000| Untracked 
| 145|0x0000000089100000, 0x0000000089100000, 0x0000000089200000|  0%| F|  |TAMS 0x0000000089100000, 0x0000000089100000| Untracked 
| 146|0x0000000089200000, 0x0000000089200000, 0x0000000089300000|  0%| F|  |TAMS 0x0000000089200000, 0x0000000089200000| Untracked 
| 147|0x0000000089300000, 0x0000000089300000, 0x0000000089400000|  0%| F|  |TAMS 0x0000000089300000, 0x0000000089300000| Untracked 
| 148|0x0000000089400000, 0x0000000089400000, 0x0000000089500000|  0%| F|  |TAMS 0x0000000089400000, 0x0000000089400000| Untracked 
| 149|0x0000000089500000, 0x0000000089500000, 0x0000000089600000|  0%| F|  |TAMS 0x0000000089500000, 0x0000000089500000| Untracked 
| 150|0x0000000089600000, 0x0000000089600000, 0x0000000089700000|  0%| F|  |TAMS 0x0000000089600000, 0x0000000089600000| Untracked 
| 151|0x0000000089700000, 0x0000000089700000, 0x0000000089800000|  0%| F|  |TAMS 0x0000000089700000, 0x0000000089700000| Untracked 
| 152|0x0000000089800000, 0x0000000089800000, 0x0000000089900000|  0%| F|  |TAMS 0x0000000089800000, 0x0000000089800000| Untracked 
| 153|0x0000000089900000, 0x0000000089900000, 0x0000000089a00000|  0%| F|  |TAMS 0x0000000089900000, 0x0000000089900000| Untracked 
| 154|0x0000000089a00000, 0x0000000089a00000, 0x0000000089b00000|  0%| F|  |TAMS 0x0000000089a00000, 0x0000000089a00000| Untracked 
| 155|0x0000000089b00000, 0x0000000089b00000, 0x0000000089c00000|  0%| F|  |TAMS 0x0000000089b00000, 0x0000000089b00000| Untracked 
| 156|0x0000000089c00000, 0x0000000089c00000, 0x0000000089d00000|  0%| F|  |TAMS 0x0000000089c00000, 0x0000000089c00000| Untracked 
| 157|0x0000000089d00000, 0x0000000089d00000, 0x0000000089e00000|  0%| F|  |TAMS 0x0000000089d00000, 0x0000000089d00000| Untracked 
| 158|0x0000000089e00000, 0x0000000089e00000, 0x0000000089f00000|  0%| F|  |TAMS 0x0000000089e00000, 0x0000000089e00000| Untracked 
| 159|0x0000000089f00000, 0x0000000089f00000, 0x000000008a000000|  0%| F|  |TAMS 0x0000000089f00000, 0x0000000089f00000| Untracked 
| 160|0x000000008a000000, 0x000000008a0b1a38, 0x000000008a100000| 69%| S|CS|TAMS 0x000000008a000000, 0x000000008a000000| Complete 
| 161|0x000000008a100000, 0x000000008a200000, 0x000000008a200000|100%| S|CS|TAMS 0x000000008a100000, 0x000000008a100000| Complete 
| 162|0x000000008a200000, 0x000000008a300000, 0x000000008a300000|100%| S|CS|TAMS 0x000000008a200000, 0x000000008a200000| Complete 
| 163|0x000000008a300000, 0x000000008a300000, 0x000000008a400000|  0%| F|  |TAMS 0x000000008a300000, 0x000000008a300000| Untracked 
| 164|0x000000008a400000, 0x000000008a400000, 0x000000008a500000|  0%| F|  |TAMS 0x000000008a400000, 0x000000008a400000| Untracked 
| 165|0x000000008a500000, 0x000000008a500000, 0x000000008a600000|  0%| F|  |TAMS 0x000000008a500000, 0x000000008a500000| Untracked 
| 166|0x000000008a600000, 0x000000008a600000, 0x000000008a700000|  0%| F|  |TAMS 0x000000008a600000, 0x000000008a600000| Untracked 
| 167|0x000000008a700000, 0x000000008a800000, 0x000000008a800000|100%| S|CS|TAMS 0x000000008a700000, 0x000000008a700000| Complete 
| 168|0x000000008a800000, 0x000000008a800000, 0x000000008a900000|  0%| F|  |TAMS 0x000000008a800000, 0x000000008a800000| Untracked 
| 169|0x000000008a900000, 0x000000008a900000, 0x000000008aa00000|  0%| F|  |TAMS 0x000000008a900000, 0x000000008a900000| Untracked 
| 170|0x000000008aa00000, 0x000000008aa00000, 0x000000008ab00000|  0%| F|  |TAMS 0x000000008aa00000, 0x000000008aa00000| Untracked 
| 171|0x000000008ab00000, 0x000000008ab00000, 0x000000008ac00000|  0%| F|  |TAMS 0x000000008ab00000, 0x000000008ab00000| Untracked 
| 172|0x000000008ac00000, 0x000000008ac00000, 0x000000008ad00000|  0%| F|  |TAMS 0x000000008ac00000, 0x000000008ac00000| Untracked 
| 173|0x000000008ad00000, 0x000000008ad00000, 0x000000008ae00000|  0%| F|  |TAMS 0x000000008ad00000, 0x000000008ad00000| Untracked 
| 174|0x000000008ae00000, 0x000000008ae00000, 0x000000008af00000|  0%| F|  |TAMS 0x000000008ae00000, 0x000000008ae00000| Untracked 
| 175|0x000000008af00000, 0x000000008af00000, 0x000000008b000000|  0%| F|  |TAMS 0x000000008af00000, 0x000000008af00000| Untracked 
| 176|0x000000008b000000, 0x000000008b000000, 0x000000008b100000|  0%| F|  |TAMS 0x000000008b000000, 0x000000008b000000| Untracked 
| 177|0x000000008b100000, 0x000000008b100000, 0x000000008b200000|  0%| F|  |TAMS 0x000000008b100000, 0x000000008b100000| Untracked 
| 178|0x000000008b200000, 0x000000008b200000, 0x000000008b300000|  0%| F|  |TAMS 0x000000008b200000, 0x000000008b200000| Untracked 
| 179|0x000000008b300000, 0x000000008b300000, 0x000000008b400000|  0%| F|  |TAMS 0x000000008b300000, 0x000000008b300000| Untracked 
| 180|0x000000008b400000, 0x000000008b400000, 0x000000008b500000|  0%| F|  |TAMS 0x000000008b400000, 0x000000008b400000| Untracked 
| 181|0x000000008b500000, 0x000000008b500000, 0x000000008b600000|  0%| F|  |TAMS 0x000000008b500000, 0x000000008b500000| Untracked 
| 182|0x000000008b600000, 0x000000008b600000, 0x000000008b700000|  0%| F|  |TAMS 0x000000008b600000, 0x000000008b600000| Untracked 
| 183|0x000000008b700000, 0x000000008b700000, 0x000000008b800000|  0%| F|  |TAMS 0x000000008b700000, 0x000000008b700000| Untracked 
| 184|0x000000008b800000, 0x000000008b800000, 0x000000008b900000|  0%| F|  |TAMS 0x000000008b800000, 0x000000008b800000| Untracked 
| 185|0x000000008b900000, 0x000000008b900000, 0x000000008ba00000|  0%| F|  |TAMS 0x000000008b900000, 0x000000008b900000| Untracked 
| 186|0x000000008ba00000, 0x000000008ba00000, 0x000000008bb00000|  0%| F|  |TAMS 0x000000008ba00000, 0x000000008ba00000| Untracked 
| 187|0x000000008bb00000, 0x000000008bb00000, 0x000000008bc00000|  0%| F|  |TAMS 0x000000008bb00000, 0x000000008bb00000| Untracked 
| 188|0x000000008bc00000, 0x000000008bc00000, 0x000000008bd00000|  0%| F|  |TAMS 0x000000008bc00000, 0x000000008bc00000| Untracked 
| 189|0x000000008bd00000, 0x000000008bd00000, 0x000000008be00000|  0%| F|  |TAMS 0x000000008bd00000, 0x000000008bd00000| Untracked 
| 190|0x000000008be00000, 0x000000008be00000, 0x000000008bf00000|  0%| F|  |TAMS 0x000000008be00000, 0x000000008be00000| Untracked 
| 191|0x000000008bf00000, 0x000000008bf00000, 0x000000008c000000|  0%| F|  |TAMS 0x000000008bf00000, 0x000000008bf00000| Untracked 
| 192|0x000000008c000000, 0x000000008c000000, 0x000000008c100000|  0%| F|  |TAMS 0x000000008c000000, 0x000000008c000000| Untracked 
| 193|0x000000008c100000, 0x000000008c100000, 0x000000008c200000|  0%| F|  |TAMS 0x000000008c100000, 0x000000008c100000| Untracked 
| 194|0x000000008c200000, 0x000000008c200000, 0x000000008c300000|  0%| F|  |TAMS 0x000000008c200000, 0x000000008c200000| Untracked 
| 195|0x000000008c300000, 0x000000008c300000, 0x000000008c400000|  0%| F|  |TAMS 0x000000008c300000, 0x000000008c300000| Untracked 
| 196|0x000000008c400000, 0x000000008c400000, 0x000000008c500000|  0%| F|  |TAMS 0x000000008c400000, 0x000000008c400000| Untracked 
| 197|0x000000008c500000, 0x000000008c500000, 0x000000008c600000|  0%| F|  |TAMS 0x000000008c500000, 0x000000008c500000| Untracked 
| 198|0x000000008c600000, 0x000000008c600000, 0x000000008c700000|  0%| F|  |TAMS 0x000000008c600000, 0x000000008c600000| Untracked 
| 199|0x000000008c700000, 0x000000008c700000, 0x000000008c800000|  0%| F|  |TAMS 0x000000008c700000, 0x000000008c700000| Untracked 
| 200|0x000000008c800000, 0x000000008c800000, 0x000000008c900000|  0%| F|  |TAMS 0x000000008c800000, 0x000000008c800000| Untracked 
| 201|0x000000008c900000, 0x000000008c900000, 0x000000008ca00000|  0%| F|  |TAMS 0x000000008c900000, 0x000000008c900000| Untracked 
| 202|0x000000008ca00000, 0x000000008ca00000, 0x000000008cb00000|  0%| F|  |TAMS 0x000000008ca00000, 0x000000008ca00000| Untracked 
| 203|0x000000008cb00000, 0x000000008cb00000, 0x000000008cc00000|  0%| F|  |TAMS 0x000000008cb00000, 0x000000008cb00000| Untracked 
| 204|0x000000008cc00000, 0x000000008cc00000, 0x000000008cd00000|  0%| F|  |TAMS 0x000000008cc00000, 0x000000008cc00000| Untracked 
| 205|0x000000008cd00000, 0x000000008cd00000, 0x000000008ce00000|  0%| F|  |TAMS 0x000000008cd00000, 0x000000008cd00000| Untracked 
| 206|0x000000008ce00000, 0x000000008ce00000, 0x000000008cf00000|  0%| F|  |TAMS 0x000000008ce00000, 0x000000008ce00000| Untracked 
| 207|0x000000008cf00000, 0x000000008cf00000, 0x000000008d000000|  0%| F|  |TAMS 0x000000008cf00000, 0x000000008cf00000| Untracked 
| 208|0x000000008d000000, 0x000000008d000000, 0x000000008d100000|  0%| F|  |TAMS 0x000000008d000000, 0x000000008d000000| Untracked 
| 209|0x000000008d100000, 0x000000008d100000, 0x000000008d200000|  0%| F|  |TAMS 0x000000008d100000, 0x000000008d100000| Untracked 
| 210|0x000000008d200000, 0x000000008d200000, 0x000000008d300000|  0%| F|  |TAMS 0x000000008d200000, 0x000000008d200000| Untracked 
| 211|0x000000008d300000, 0x000000008d300000, 0x000000008d400000|  0%| F|  |TAMS 0x000000008d300000, 0x000000008d300000| Untracked 
| 212|0x000000008d400000, 0x000000008d400000, 0x000000008d500000|  0%| F|  |TAMS 0x000000008d400000, 0x000000008d400000| Untracked 

Card table byte_map: [0x0000017950470000,0x0000017950870000] _byte_map_base: 0x0000017950070000

Marking Bits (Prev, Next): (CMBitMap*) 0x000001793d8da3a0, (CMBitMap*) 0x000001793d8da360
 Prev Bits: [0x0000017952c70000, 0x0000017954c70000)
 Next Bits: [0x0000017950c70000, 0x0000017952c70000)

Polling page: 0x000001793b880000

Metaspace:

Usage:
  Non-class:    106.71 MB used.
      Class:     16.84 MB used.
       Both:    123.55 MB used.

Virtual space:
  Non-class space:      112.00 MB reserved,     107.12 MB ( 96%) committed,  14 nodes.
      Class space:        1.00 GB reserved,      17.25 MB (  2%) committed,  1 nodes.
             Both:        1.11 GB reserved,     124.38 MB ( 11%) committed. 

Chunk freelists:
   Non-Class:  656.00 KB
       Class:  2.57 MB
        Both:  3.21 MB

MaxMetaspaceSize: unlimited
CompressedClassSpaceSize: 1.00 GB
Initial GC threshold: 21.00 MB
Current GC threshold: 165.25 MB
CDS: off
MetaspaceReclaimPolicy: balanced
 - commit_granule_bytes: 65536.
 - commit_granule_words: 8192.
 - virtual_space_node_default_size: 1048576.
 - enlarge_chunks_in_place: 1.
 - new_chunks_are_fully_committed: 0.
 - uncommit_free_chunks: 1.
 - use_allocation_guard: 0.
 - handle_deallocations: 1.


Internal statistics:

num_allocs_failed_limit: 6.
num_arena_births: 1366.
num_arena_deaths: 14.
num_vsnodes_births: 15.
num_vsnodes_deaths: 0.
num_space_committed: 1988.
num_space_uncommitted: 0.
num_chunks_returned_to_freelist: 26.
num_chunks_taken_from_freelist: 6244.
num_chunk_merges: 14.
num_chunk_splits: 4168.
num_chunks_enlarged: 2860.
num_purges: 2.
num_inconsistent_stats: 0.

CodeHeap 'non-profiled nmethods': size=120000Kb used=8361Kb max_used=8361Kb free=111638Kb
 bounds [0x0000017948810000, 0x0000017949040000, 0x000001794fd40000]
CodeHeap 'profiled nmethods': size=120000Kb used=29405Kb max_used=29405Kb free=90594Kb
 bounds [0x0000017940d40000, 0x0000017942a00000, 0x0000017948270000]
CodeHeap 'non-nmethods': size=5760Kb used=2430Kb max_used=2453Kb free=3329Kb
 bounds [0x0000017948270000, 0x00000179484f0000, 0x0000017948810000]
 total_blobs=16044 nmethods=15070 adapters=885
 compilation: enabled
              stopped_count=0, restarted_count=0
 full_count=0

Compilation events (20 events):
Event: 67.490 Thread 0x0000017958021dd0 nmethod 17914 0x00000179429f4e10 code [0x00000179429f4fe0, 0x00000179429f51d8]
Event: 67.490 Thread 0x0000017958021dd0 17759       1       com.android.tools.r8.internal.iJ::comparator (2 bytes)
Event: 67.491 Thread 0x0000017958021dd0 nmethod 17759 0x0000017949039210 code [0x00000179490393a0, 0x0000017949039478]
Event: 67.491 Thread 0x0000017958021dd0 17875       1       com.android.tools.r8.internal.V7::getType (5 bytes)
Event: 67.491 Thread 0x0000017958021dd0 nmethod 17875 0x0000017949039510 code [0x00000179490396a0, 0x0000017949039778]
Event: 67.491 Thread 0x0000017958021dd0 17915       2       com.android.tools.r8.internal.k7$$Lambda$2408/0x0000000101070000::apply (12 bytes)
Event: 67.491 Thread 0x0000017958021dd0 nmethod 17915 0x00000179429f5390 code [0x00000179429f5520, 0x00000179429f56b8]
Event: 67.491 Thread 0x0000017958021dd0 17916       2       com.android.tools.r8.internal.O7::a (28 bytes)
Event: 67.492 Thread 0x0000017958021dd0 nmethod 17916 0x00000179429f5790 code [0x00000179429f5940, 0x00000179429f5bd8]
Event: 67.492 Thread 0x0000017958021dd0 17917       2       com.android.tools.r8.internal.O7$$Lambda$2407/0x000000010106fa08::apply (20 bytes)
Event: 67.493 Thread 0x0000017958021dd0 nmethod 17917 0x00000179429f5d90 code [0x00000179429f5f40, 0x00000179429f6108]
Event: 67.493 Thread 0x0000017958021dd0 17918       2       com.android.tools.r8.internal.O7::a (114 bytes)
Event: 67.494 Thread 0x0000017958021dd0 nmethod 17918 0x00000179429f6210 code [0x00000179429f6440, 0x00000179429f68b8]
Event: 67.494 Thread 0x0000017958021dd0 17924       2       com.android.tools.r8.internal.M8::a (9 bytes)
Event: 67.494 Thread 0x0000017958021dd0 nmethod 17924 0x00000179429f6b90 code [0x00000179429f6d20, 0x00000179429f6e48]
Event: 67.494 Thread 0x0000017958021dd0 17928       2       java.util.ArrayDeque::addAll (50 bytes)
Event: 67.496 Thread 0x0000017958021dd0 nmethod 17928 0x00000179429f6f10 code [0x00000179429f70e0, 0x00000179429f7398]
Event: 67.496 Thread 0x0000017958021dd0 17929       2       com.android.tools.r8.ir.optimize.F::p (2065 bytes)
Event: 67.501 Thread 0x000001795801fa00 nmethod 17899 0x0000017949039810 code [0x00000179490399e0, 0x0000017949039f78]
Event: 67.502 Thread 0x000001795801fa00 17931       4       com.android.tools.r8.internal.ml::next (111 bytes)

GC Heap History (20 events):
Event: 46.340 GC heap after
{Heap after GC invocations=51 (full 0):
 garbage-first heap   total 173056K, used 102839K [0x0000000080000000, 0x0000000100000000)
  region size 1024K, 5 young (5120K), 5 survivors (5120K)
 Metaspace       used 100695K, committed 101376K, reserved 1138688K
  class space    used 13569K, committed 13888K, reserved 1048576K
}
Event: 48.198 GC heap before
{Heap before GC invocations=52 (full 0):
 garbage-first heap   total 181248K, used 139703K [0x0000000080000000, 0x0000000100000000)
  region size 1024K, 42 young (43008K), 5 survivors (5120K)
 Metaspace       used 101583K, committed 102272K, reserved 1138688K
  class space    used 13667K, committed 14016K, reserved 1048576K
}
Event: 48.211 GC heap after
{Heap after GC invocations=53 (full 0):
 garbage-first heap   total 218112K, used 104790K [0x0000000080000000, 0x0000000100000000)
  region size 1024K, 2 young (2048K), 2 survivors (2048K)
 Metaspace       used 101583K, committed 102272K, reserved 1138688K
  class space    used 13667K, committed 14016K, reserved 1048576K
}
Event: 48.717 GC heap before
{Heap before GC invocations=53 (full 0):
 garbage-first heap   total 218112K, used 111958K [0x0000000080000000, 0x0000000100000000)
  region size 1024K, 10 young (10240K), 2 survivors (2048K)
 Metaspace       used 101602K, committed 102272K, reserved 1138688K
  class space    used 13669K, committed 14016K, reserved 1048576K
}
Event: 48.732 GC heap after
{Heap after GC invocations=54 (full 0):
 garbage-first heap   total 218112K, used 105151K [0x0000000080000000, 0x0000000100000000)
  region size 1024K, 1 young (1024K), 1 survivors (1024K)
 Metaspace       used 101602K, committed 102272K, reserved 1138688K
  class space    used 13669K, committed 14016K, reserved 1048576K
}
Event: 55.279 GC heap before
{Heap before GC invocations=54 (full 0):
 garbage-first heap   total 218112K, used 177855K [0x0000000080000000, 0x0000000100000000)
  region size 1024K, 70 young (71680K), 1 survivors (1024K)
 Metaspace       used 104406K, committed 105280K, reserved 1146880K
  class space    used 13966K, committed 14400K, reserved 1048576K
}
Event: 55.295 GC heap after
{Heap after GC invocations=55 (full 0):
 garbage-first heap   total 218112K, used 112562K [0x0000000080000000, 0x0000000100000000)
  region size 1024K, 8 young (8192K), 8 survivors (8192K)
 Metaspace       used 104406K, committed 105280K, reserved 1146880K
  class space    used 13966K, committed 14400K, reserved 1048576K
}
Event: 59.808 GC heap before
{Heap before GC invocations=55 (full 0):
 garbage-first heap   total 218112K, used 174002K [0x0000000080000000, 0x0000000100000000)
  region size 1024K, 69 young (70656K), 8 survivors (8192K)
 Metaspace       used 109057K, committed 109824K, reserved 1146880K
  class space    used 14412K, committed 14784K, reserved 1048576K
}
Event: 59.827 GC heap after
{Heap after GC invocations=56 (full 0):
 garbage-first heap   total 218112K, used 109784K [0x0000000080000000, 0x0000000100000000)
  region size 1024K, 3 young (3072K), 3 survivors (3072K)
 Metaspace       used 109057K, committed 109824K, reserved 1146880K
  class space    used 14412K, committed 14784K, reserved 1048576K
}
Event: 61.516 GC heap before
{Heap before GC invocations=56 (full 0):
 garbage-first heap   total 218112K, used 176344K [0x0000000080000000, 0x0000000100000000)
  region size 1024K, 69 young (70656K), 3 survivors (3072K)
 Metaspace       used 110044K, committed 110848K, reserved 1146880K
  class space    used 14526K, committed 14976K, reserved 1048576K
}
Event: 61.525 GC heap after
{Heap after GC invocations=57 (full 0):
 garbage-first heap   total 218112K, used 111216K [0x0000000080000000, 0x0000000100000000)
  region size 1024K, 4 young (4096K), 4 survivors (4096K)
 Metaspace       used 110044K, committed 110848K, reserved 1146880K
  class space    used 14526K, committed 14976K, reserved 1048576K
}
Event: 63.188 GC heap before
{Heap before GC invocations=57 (full 0):
 garbage-first heap   total 218112K, used 179824K [0x0000000080000000, 0x0000000100000000)
  region size 1024K, 72 young (73728K), 4 survivors (4096K)
 Metaspace       used 112660K, committed 113472K, reserved 1155072K
  class space    used 14912K, committed 15360K, reserved 1048576K
}
Event: 63.204 GC heap after
{Heap after GC invocations=58 (full 0):
 garbage-first heap   total 218112K, used 116361K [0x0000000080000000, 0x0000000100000000)
  region size 1024K, 9 young (9216K), 9 survivors (9216K)
 Metaspace       used 112660K, committed 113472K, reserved 1155072K
  class space    used 14912K, committed 15360K, reserved 1048576K
}
Event: 64.835 GC heap before
{Heap before GC invocations=58 (full 0):
 garbage-first heap   total 218112K, used 179849K [0x0000000080000000, 0x0000000100000000)
  region size 1024K, 72 young (73728K), 9 survivors (9216K)
 Metaspace       used 118605K, committed 119424K, reserved 1155072K
  class space    used 15824K, committed 16256K, reserved 1048576K
}
Event: 65.061 GC heap after
{Heap after GC invocations=59 (full 0):
 garbage-first heap   total 218112K, used 124726K [0x0000000080000000, 0x0000000100000000)
  region size 1024K, 9 young (9216K), 9 survivors (9216K)
 Metaspace       used 118605K, committed 119424K, reserved 1155072K
  class space    used 15824K, committed 16256K, reserved 1048576K
}
Event: 65.755 GC heap before
{Heap before GC invocations=59 (full 0):
 garbage-first heap   total 218112K, used 177974K [0x0000000080000000, 0x0000000100000000)
  region size 1024K, 62 young (63488K), 9 survivors (9216K)
 Metaspace       used 121198K, committed 122048K, reserved 1155072K
  class space    used 16279K, committed 16704K, reserved 1048576K
}
Event: 65.788 GC heap after
{Heap after GC invocations=60 (full 0):
 garbage-first heap   total 218112K, used 131564K [0x0000000080000000, 0x0000000100000000)
  region size 1024K, 8 young (8192K), 8 survivors (8192K)
 Metaspace       used 121198K, committed 122048K, reserved 1155072K
  class space    used 16279K, committed 16704K, reserved 1048576K
}
Event: 66.796 GC heap before
{Heap before GC invocations=60 (full 0):
 garbage-first heap   total 218112K, used 177644K [0x0000000080000000, 0x0000000100000000)
  region size 1024K, 54 young (55296K), 8 survivors (8192K)
 Metaspace       used 125151K, committed 126016K, reserved 1163264K
  class space    used 17054K, committed 17472K, reserved 1048576K
}
Event: 66.814 GC heap after
{Heap after GC invocations=61 (full 0):
 garbage-first heap   total 218112K, used 135002K [0x0000000080000000, 0x0000000100000000)
  region size 1024K, 4 young (4096K), 4 survivors (4096K)
 Metaspace       used 125151K, committed 126016K, reserved 1163264K
  class space    used 17054K, committed 17472K, reserved 1048576K
}
Event: 67.508 GC heap before
{Heap before GC invocations=61 (full 0):
 garbage-first heap   total 218112K, used 181082K [0x0000000080000000, 0x0000000100000000)
  region size 1024K, 49 young (50176K), 4 survivors (4096K)
 Metaspace       used 126515K, committed 127360K, reserved 1163264K
  class space    used 17242K, committed 17664K, reserved 1048576K
}

Dll operation events (2 events):
Event: 0.043 Loaded shared library C:\Program Files\Android\Android Studio\jbr\bin\java.dll
Event: 1.634 Loaded shared library C:\Program Files\Android\Android Studio\jbr\bin\verify.dll

Deoptimization events (20 events):
Event: 66.672 Thread 0x000001795a678e10 DEOPT PACKING pc=0x0000017948e8c2d8 sp=0x00000003c17f9790
Event: 66.672 Thread 0x000001795a678e10 DEOPT UNPACKING pc=0x00000179482c69a3 sp=0x00000003c17f9768 mode 2
Event: 66.693 Thread 0x000001795b28c0d0 Uncommon trap: trap_request=0xffffff76 fr.pc=0x0000017948fdbe8c relative=0x000000000000084c
Event: 66.693 Thread 0x000001795b28c0d0 Uncommon trap: reason=predicate action=maybe_recompile pc=0x0000017948fdbe8c method=com.android.tools.r8.graph.u2.a([C)I @ 8 c2
Event: 66.693 Thread 0x000001795b28c0d0 DEOPT PACKING pc=0x0000017948fdbe8c sp=0x00000003c34f99c0
Event: 66.693 Thread 0x000001795b28c0d0 DEOPT UNPACKING pc=0x00000179482c69a3 sp=0x00000003c34f9920 mode 2
Event: 66.694 Thread 0x000001795b28c0d0 Uncommon trap: trap_request=0xffffff76 fr.pc=0x00000179489c0d64 relative=0x0000000000000244
Event: 66.695 Thread 0x000001795b28c0d0 Uncommon trap: reason=predicate action=maybe_recompile pc=0x00000179489c0d64 method=com.android.tools.r8.graph.u2.a([C)I @ 8 c2
Event: 66.695 Thread 0x000001795b28c0d0 DEOPT PACKING pc=0x00000179489c0d64 sp=0x00000003c34f9d70
Event: 66.695 Thread 0x000001795b28c0d0 DEOPT UNPACKING pc=0x00000179482c69a3 sp=0x00000003c34f9d08 mode 2
Event: 67.245 Thread 0x000001795a678e10 DEOPT PACKING pc=0x0000017942976cc6 sp=0x00000003c17f9810
Event: 67.245 Thread 0x000001795a678e10 DEOPT UNPACKING pc=0x00000179482c7143 sp=0x00000003c17f8ca8 mode 0
Event: 67.369 Thread 0x000001795b3068c0 Uncommon trap: trap_request=0xffffff45 fr.pc=0x000001794902d3dc relative=0x000000000000005c
Event: 67.369 Thread 0x000001795a678e10 Uncommon trap: trap_request=0xffffff45 fr.pc=0x000001794902d3dc relative=0x000000000000005c
Event: 67.369 Thread 0x000001795b3068c0 Uncommon trap: reason=unstable_if action=reinterpret pc=0x000001794902d3dc method=com.android.tools.r8.internal.Pq.hasNext()Z @ 4 c2
Event: 67.369 Thread 0x000001795a678e10 Uncommon trap: reason=unstable_if action=reinterpret pc=0x000001794902d3dc method=com.android.tools.r8.internal.Pq.hasNext()Z @ 4 c2
Event: 67.369 Thread 0x000001795a678e10 DEOPT PACKING pc=0x000001794902d3dc sp=0x00000003c17f9ca0
Event: 67.369 Thread 0x000001795b3068c0 DEOPT PACKING pc=0x000001794902d3dc sp=0x00000003beffa370
Event: 67.369 Thread 0x000001795a678e10 DEOPT UNPACKING pc=0x00000179482c69a3 sp=0x00000003c17f9c28 mode 2
Event: 67.369 Thread 0x000001795b3068c0 DEOPT UNPACKING pc=0x00000179482c69a3 sp=0x00000003beffa2f8 mode 2

Classes unloaded (7 events):
Event: 46.528 Thread 0x00000179576d0a30 Unloading class 0x0000000100d4d800 'java/lang/invoke/LambdaForm$DMH+0x0000000100d4d800'
Event: 46.528 Thread 0x00000179576d0a30 Unloading class 0x0000000100d4d400 'java/lang/invoke/LambdaForm$DMH+0x0000000100d4d400'
Event: 46.528 Thread 0x00000179576d0a30 Unloading class 0x0000000100d4d000 'java/lang/invoke/LambdaForm$DMH+0x0000000100d4d000'
Event: 46.528 Thread 0x00000179576d0a30 Unloading class 0x0000000100d4cc00 'java/lang/invoke/LambdaForm$DMH+0x0000000100d4cc00'
Event: 46.528 Thread 0x00000179576d0a30 Unloading class 0x0000000100d4dc00 'java/lang/invoke/LambdaForm$DMH+0x0000000100d4dc00'
Event: 46.528 Thread 0x00000179576d0a30 Unloading class 0x0000000100d4c800 'java/lang/invoke/LambdaForm$DMH+0x0000000100d4c800'
Event: 46.528 Thread 0x00000179576d0a30 Unloading class 0x0000000100d4c000 'java/lang/invoke/LambdaForm$DMH+0x0000000100d4c000'

Classes redefined (0 events):
No events

Internal exceptions (20 events):
Event: 66.324 Thread 0x000001795b3068c0 Exception <a 'java/lang/NoSuchMethodError'{0x000000008baf0568}: 'int java.lang.invoke.DirectMethodHandle$Holder.invokeSpecial(java.lang.Object, java.lang.Object, java.lang.Object, int)'> (0x000000008baf0568) 
thrown [s\src\hotspot\share\interpreter\linkResolver.cpp, line 771]
Event: 66.324 Thread 0x0000017961ce4f10 Exception <a 'java/lang/NoSuchMethodError'{0x000000008b951b88}: 'int java.lang.invoke.DirectMethodHandle$Holder.invokeSpecial(java.lang.Object, java.lang.Object, java.lang.Object, int)'> (0x000000008b951b88) 
thrown [s\src\hotspot\share\interpreter\linkResolver.cpp, line 771]
Event: 66.325 Thread 0x000001795b28c5a0 Exception <a 'java/lang/NoSuchMethodError'{0x000000008b90ed18}: 'int java.lang.invoke.DirectMethodHandle$Holder.invokeSpecial(java.lang.Object, java.lang.Object, java.lang.Object, int)'> (0x000000008b90ed18) 
thrown [s\src\hotspot\share\interpreter\linkResolver.cpp, line 771]
Event: 66.372 Thread 0x000001795b3068c0 Exception <a 'java/lang/NoSuchMethodError'{0x000000008b863698}: 'int java.lang.invoke.DirectMethodHandle$Holder.invokeSpecial(java.lang.Object, java.lang.Object, java.lang.Object, int, java.lang.Object)'> (0x000000008b863698) 
thrown [s\src\hotspot\share\interpreter\linkResolver.cpp, line 771]
Event: 66.372 Thread 0x0000017961ce4f10 Exception <a 'java/lang/NoSuchMethodError'{0x000000008b88c210}: 'int java.lang.invoke.DirectMethodHandle$Holder.invokeSpecial(java.lang.Object, java.lang.Object, java.lang.Object, int, java.lang.Object)'> (0x000000008b88c210) 
thrown [s\src\hotspot\share\interpreter\linkResolver.cpp, line 771]
Event: 66.372 Thread 0x000001795b28c0d0 Exception <a 'java/lang/NoSuchMethodError'{0x000000008b875960}: 'int java.lang.invoke.DirectMethodHandle$Holder.invokeSpecial(java.lang.Object, java.lang.Object, java.lang.Object, int, java.lang.Object)'> (0x000000008b875960) 
thrown [s\src\hotspot\share\interpreter\linkResolver.cpp, line 771]
Event: 66.372 Thread 0x000001795a678470 Exception <a 'java/lang/NoSuchMethodError'{0x000000008b84a9e8}: 'int java.lang.invoke.DirectMethodHandle$Holder.invokeSpecial(java.lang.Object, java.lang.Object, java.lang.Object, int, java.lang.Object)'> (0x000000008b84a9e8) 
thrown [s\src\hotspot\share\interpreter\linkResolver.cpp, line 771]
Event: 66.372 Thread 0x000001795a678e10 Exception <a 'java/lang/NoSuchMethodError'{0x000000008b833dd8}: 'int java.lang.invoke.DirectMethodHandle$Holder.invokeSpecial(java.lang.Object, java.lang.Object, java.lang.Object, int, java.lang.Object)'> (0x000000008b833dd8) 
thrown [s\src\hotspot\share\interpreter\linkResolver.cpp, line 771]
Event: 66.374 Thread 0x00000179584762f0 Exception <a 'java/lang/NoSuchMethodError'{0x000000008b818198}: 'int java.lang.invoke.DirectMethodHandle$Holder.invokeSpecial(java.lang.Object, java.lang.Object, java.lang.Object, int, java.lang.Object)'> (0x000000008b818198) 
thrown [s\src\hotspot\share\interpreter\linkResolver.cpp, line 771]
Event: 66.374 Thread 0x000001795b286a30 Exception <a 'java/lang/NoSuchMethodError'{0x000000008b8e1d78}: 'int java.lang.invoke.DirectMethodHandle$Holder.invokeSpecial(java.lang.Object, java.lang.Object, java.lang.Object, int, java.lang.Object)'> (0x000000008b8e1d78) 
thrown [s\src\hotspot\share\interpreter\linkResolver.cpp, line 771]
Event: 66.587 Thread 0x000001795a678e10 Exception <a 'java/lang/NoSuchMethodError'{0x000000008b253c90}: 'java.lang.Object java.lang.invoke.DirectMethodHandle$Holder.newInvokeSpecial(java.lang.Object, java.lang.Object, java.lang.Object, java.lang.Object, java.lang.Object, java.lang.Object, java.lang.Object, java.lang.Object, java.lang.Object, java.lang.Object)'> (0x000000008b253c90) 
thrown [s\src\hotspot\share\interpreter\linkResolver.cpp, line 771]
Event: 66.589 Thread 0x00000179584762f0 Exception <a 'java/lang/NoSuchMethodError'{0x000000008b054ec0}: 'java.lang.Object java.lang.invoke.DirectMethodHandle$Holder.newInvokeSpecial(java.lang.Object, java.lang.Object, java.lang.Object, java.lang.Object, java.lang.Object, java.lang.Object, java.lang.Object, java.lang.Object, java.lang.Object, java.lang.Object)'> (0x000000008b054ec0) 
thrown [s\src\hotspot\share\interpreter\linkResolver.cpp, line 771]
Event: 66.597 Thread 0x000001795a678e10 Exception <a 'java/lang/NoSuchMethodError'{0x000000008b0b5100}: 'int java.lang.invoke.DirectMethodHandle$Holder.invokeSpecial(java.lang.Object, java.lang.Object, int)'> (0x000000008b0b5100) 
thrown [s\src\hotspot\share\interpreter\linkResolver.cpp, line 771]
Event: 66.672 Thread 0x000001795a678e10 Exception <a 'java/lang/IncompatibleClassChangeError'{0x000000008ac9faf0}: Found class java.lang.Object, but interface was expected> (0x000000008ac9faf0) 
thrown [s\src\hotspot\share\interpreter\linkResolver.cpp, line 838]
Event: 67.425 Thread 0x0000017961ce4f10 Exception <a 'java/lang/NoSuchMethodError'{0x000000008b017c50}: 'java.lang.Object java.lang.invoke.DirectMethodHandle$Holder.newInvokeSpecial(java.lang.Object, java.lang.Object, int, java.lang.Object, java.lang.Object, java.lang.Object)'> (0x000000008b017c50) 
thrown [s\src\hotspot\share\interpreter\linkResolver.cpp, line 771]
Event: 67.428 Thread 0x0000017961ce4f10 Exception <a 'java/lang/NoSuchMethodError'{0x000000008b03ddc8}: 'java.lang.Object java.lang.invoke.Invokers$Holder.linkToTargetMethod(java.lang.Object, int, java.lang.Object, java.lang.Object, java.lang.Object, java.lang.Object)'> (0x000000008b03ddc8) 
thrown [s\src\hotspot\share\interpreter\linkResolver.cpp, line 771]
Event: 67.430 Thread 0x0000017961ce4f10 Exception <a 'java/lang/NoSuchMethodError'{0x000000008b042d38}: 'void java.lang.invoke.DirectMethodHandle$Holder.invokeSpecial(java.lang.Object, java.lang.Object, java.lang.Object, int, java.lang.Object, java.lang.Object, java.lang.Object, java.lang.Object)'> (0x000000008b042d38) 
thrown [s\src\hotspot\share\interpreter\linkResolver.cpp, line 771]
Event: 67.433 Thread 0x000001795b28c0d0 Exception <a 'java/lang/NoSuchMethodError'{0x000000008b023968}: 'void java.lang.invoke.DirectMethodHandle$Holder.invokeSpecial(java.lang.Object, java.lang.Object, java.lang.Object, int, java.lang.Object, java.lang.Object, java.lang.Object, java.lang.Object)'> (0x000000008b023968) 
thrown [s\src\hotspot\share\interpreter\linkResolver.cpp, line 771]
Event: 67.465 Thread 0x000001795b28c0d0 Exception <a 'java/lang/NoSuchMethodError'{0x000000008ac300d0}: 'void java.lang.invoke.DirectMethodHandle$Holder.invokeStatic(java.lang.Object, java.lang.Object, java.lang.Object, java.lang.Object, java.lang.Object, java.lang.Object, java.lang.Object, java.lang.Object)'> (0x000000008ac300d0) 
thrown [s\src\hotspot\share\interpreter\linkResolver.cpp, line 771]
Event: 67.465 Thread 0x0000017961ce4f10 Exception <a 'java/lang/NoSuchMethodError'{0x000000008adf8d98}: 'void java.lang.invoke.DirectMethodHandle$Holder.invokeStatic(java.lang.Object, java.lang.Object, java.lang.Object, java.lang.Object, java.lang.Object, java.lang.Object, java.lang.Object, java.lang.Object)'> (0x000000008adf8d98) 
thrown [s\src\hotspot\share\interpreter\linkResolver.cpp, line 771]

VM Operations (20 events):
Event: 66.281 Executing VM operation: HandshakeAllThreads done
Event: 66.525 Executing VM operation: HandshakeAllThreads
Event: 66.527 Executing VM operation: HandshakeAllThreads done
Event: 66.539 Executing VM operation: HandshakeAllThreads
Event: 66.540 Executing VM operation: HandshakeAllThreads done
Event: 66.576 Executing VM operation: HandshakeAllThreads
Event: 66.576 Executing VM operation: HandshakeAllThreads done
Event: 66.697 Executing VM operation: ICBufferFull
Event: 66.709 Executing VM operation: ICBufferFull done
Event: 66.795 Executing VM operation: G1CollectForAllocation
Event: 66.824 Executing VM operation: G1CollectForAllocation done
Event: 66.958 Executing VM operation: HandshakeAllThreads
Event: 66.962 Executing VM operation: HandshakeAllThreads done
Event: 66.980 Executing VM operation: ICBufferFull
Event: 66.982 Executing VM operation: ICBufferFull done
Event: 67.093 Executing VM operation: HandshakeAllThreads
Event: 67.135 Executing VM operation: HandshakeAllThreads done
Event: 67.274 Executing VM operation: ICBufferFull
Event: 67.297 Executing VM operation: ICBufferFull done
Event: 67.506 Executing VM operation: G1CollectForAllocation

Events (20 events):
Event: 64.111 Thread 0x0000017958025300 flushing nmethod 0x0000017941fe3810
Event: 64.111 Thread 0x0000017958025300 flushing nmethod 0x0000017941fe3c90
Event: 64.123 Thread 0x0000017958025300 flushing nmethod 0x00000179424ebb10
Event: 66.255 loading class java/util/SortedSet$1
Event: 66.256 loading class java/util/SortedSet$1 done
Event: 66.272 loading class java/util/stream/SliceOps
Event: 66.274 loading class java/util/stream/SliceOps done
Event: 66.275 loading class java/util/stream/SliceOps$1
Event: 66.275 loading class java/util/stream/SliceOps$1 done
Event: 66.281 loading class java/util/stream/SliceOps$1$1
Event: 66.282 loading class java/util/stream/SliceOps$1$1 done
Event: 66.298 loading class java/util/PriorityQueue
Event: 66.299 loading class java/util/PriorityQueue done
Event: 66.320 loading class java/util/IdentityHashMap$ValueIterator
Event: 66.321 loading class java/util/IdentityHashMap$ValueIterator done
Event: 66.459 loading class java/util/AbstractList$SubList
Event: 66.462 loading class java/util/AbstractList$SubList done
Event: 66.462 loading class java/util/AbstractList$SubList$1
Event: 66.463 loading class java/util/AbstractList$SubList$1 done
Event: 67.293 Thread 0x000001795855a120 Thread exited: 0x000001795855a120


Dynamic libraries:
0x00007ff7612d0000 - 0x00007ff7612da000 	C:\Program Files\Android\Android Studio\jbr\bin\java.exe
0x00007ff95c970000 - 0x00007ff95cb87000 	C:\WINDOWS\SYSTEM32\ntdll.dll
0x00007ff95b880000 - 0x00007ff95b944000 	C:\WINDOWS\System32\KERNEL32.DLL
0x00007ff95a0a0000 - 0x00007ff95a457000 	C:\WINDOWS\System32\KERNELBASE.dll
0x00007ff95a580000 - 0x00007ff95a691000 	C:\WINDOWS\System32\ucrtbase.dll
0x00007ff93b700000 - 0x00007ff93b71b000 	C:\Program Files\Android\Android Studio\jbr\bin\VCRUNTIME140.dll
0x00007ff93b980000 - 0x00007ff93b997000 	C:\Program Files\Android\Android Studio\jbr\bin\jli.dll
0x00007ff95c780000 - 0x00007ff95c92f000 	C:\WINDOWS\System32\USER32.dll
0x00007ff959c80000 - 0x00007ff959ca6000 	C:\WINDOWS\System32\win32u.dll
0x00007ff95c010000 - 0x00007ff95c039000 	C:\WINDOWS\System32\GDI32.dll
0x00007ff959cb0000 - 0x00007ff959dc8000 	C:\WINDOWS\System32\gdi32full.dll
0x00007ff93fab0000 - 0x00007ff93fd43000 	C:\WINDOWS\WinSxS\amd64_microsoft.windows.common-controls_6595b64144ccf1df_6.0.22621.3672_none_2713b9d173822955\COMCTL32.dll
0x00007ff95ab40000 - 0x00007ff95abe7000 	C:\WINDOWS\System32\msvcrt.dll
0x00007ff959e90000 - 0x00007ff959f2a000 	C:\WINDOWS\System32\msvcp_win.dll
0x00007ff95a720000 - 0x00007ff95a751000 	C:\WINDOWS\System32\IMM32.DLL
0x00007ff956500000 - 0x00007ff95650c000 	C:\Program Files\Android\Android Studio\jbr\bin\vcruntime140_1.dll
0x00007ff90e370000 - 0x00007ff90e3fd000 	C:\Program Files\Android\Android Studio\jbr\bin\msvcp140.dll
0x00007ff8dbf20000 - 0x00007ff8dcb8e000 	C:\Program Files\Android\Android Studio\jbr\bin\server\jvm.dll
0x00007ff95baf0000 - 0x00007ff95bba2000 	C:\WINDOWS\System32\ADVAPI32.dll
0x00007ff95bbb0000 - 0x00007ff95bc58000 	C:\WINDOWS\System32\sechost.dll
0x00007ff95a460000 - 0x00007ff95a488000 	C:\WINDOWS\System32\bcrypt.dll
0x00007ff95bce0000 - 0x00007ff95bdf4000 	C:\WINDOWS\System32\RPCRT4.dll
0x00007ff951fd0000 - 0x00007ff951fda000 	C:\WINDOWS\SYSTEM32\VERSION.dll
0x00007ff9559d0000 - 0x00007ff955a04000 	C:\WINDOWS\SYSTEM32\WINMM.dll
0x00007ff943f30000 - 0x00007ff943f39000 	C:\WINDOWS\SYSTEM32\WSOCK32.dll
0x00007ff95bc60000 - 0x00007ff95bcd1000 	C:\WINDOWS\System32\WS2_32.dll
0x00007ff958cd0000 - 0x00007ff958ce8000 	C:\WINDOWS\SYSTEM32\kernel.appcore.dll
0x00007ff954250000 - 0x00007ff95425a000 	C:\Program Files\Android\Android Studio\jbr\bin\jimage.dll
0x00007ff9576f0000 - 0x00007ff957922000 	C:\WINDOWS\SYSTEM32\DBGHELP.DLL
0x00007ff95ac80000 - 0x00007ff95b00e000 	C:\WINDOWS\System32\combase.dll
0x00007ff95a950000 - 0x00007ff95aa27000 	C:\WINDOWS\System32\OLEAUT32.dll
0x00007ff949ba0000 - 0x00007ff949bd2000 	C:\WINDOWS\SYSTEM32\dbgcore.DLL
0x00007ff95a500000 - 0x00007ff95a57b000 	C:\WINDOWS\System32\bcryptPrimitives.dll
0x00007ff937740000 - 0x00007ff937765000 	C:\Program Files\Android\Android Studio\jbr\bin\java.dll
0x00007ff937720000 - 0x00007ff937738000 	C:\Program Files\Android\Android Studio\jbr\bin\zip.dll
0x00007ff95b010000 - 0x00007ff95b879000 	C:\WINDOWS\System32\SHELL32.dll
0x00007ff957bf0000 - 0x00007ff9584ef000 	C:\WINDOWS\SYSTEM32\windows.storage.dll
0x00007ff957ab0000 - 0x00007ff957bef000 	C:\WINDOWS\SYSTEM32\wintypes.dll
0x00007ff95b950000 - 0x00007ff95ba49000 	C:\WINDOWS\System32\SHCORE.dll
0x00007ff95a8f0000 - 0x00007ff95a94e000 	C:\WINDOWS\System32\shlwapi.dll
0x00007ff959bb0000 - 0x00007ff959bd7000 	C:\WINDOWS\SYSTEM32\profapi.dll
0x00007ff937700000 - 0x00007ff937719000 	C:\Program Files\Android\Android Studio\jbr\bin\net.dll
0x00007ff9555e0000 - 0x00007ff955716000 	C:\WINDOWS\SYSTEM32\WINHTTP.dll
0x00007ff959140000 - 0x00007ff9591a9000 	C:\WINDOWS\system32\mswsock.dll
0x00007ff933e50000 - 0x00007ff933e66000 	C:\Program Files\Android\Android Studio\jbr\bin\nio.dll
0x00007ff954220000 - 0x00007ff954230000 	C:\Program Files\Android\Android Studio\jbr\bin\verify.dll
0x00007ff9261b0000 - 0x00007ff9261d7000 	C:\Users\user\.gradle\native\68d5fa5c4cc2d200863cafc0d521ce42e7d3e7ee720ec0a83991735586a16f82\windows-amd64\native-platform.dll
0x00007ff90e220000 - 0x00007ff90e364000 	C:\Users\user\.gradle\native\e376f236ea51e6404a007f0833ffe2c6e607c4080706a723a18a27aeea778392\windows-amd64\native-platform-file-events.dll
0x00007ff946c70000 - 0x00007ff946c79000 	C:\Program Files\Android\Android Studio\jbr\bin\management.dll
0x00007ff942e70000 - 0x00007ff942e7b000 	C:\Program Files\Android\Android Studio\jbr\bin\management_ext.dll
0x00007ff95be50000 - 0x00007ff95be58000 	C:\WINDOWS\System32\PSAPI.DLL
0x00007ff959390000 - 0x00007ff9593ab000 	C:\WINDOWS\SYSTEM32\CRYPTSP.dll
0x00007ff958c30000 - 0x00007ff958c65000 	C:\WINDOWS\system32\rsaenh.dll
0x00007ff959230000 - 0x00007ff959258000 	C:\WINDOWS\SYSTEM32\USERENV.dll
0x00007ff9593b0000 - 0x00007ff9593bc000 	C:\WINDOWS\SYSTEM32\CRYPTBASE.dll
0x00007ff958790000 - 0x00007ff9587bd000 	C:\WINDOWS\SYSTEM32\IPHLPAPI.DLL
0x00007ff95bab0000 - 0x00007ff95bab9000 	C:\WINDOWS\System32\NSI.dll
0x00007ff955f30000 - 0x00007ff955f49000 	C:\WINDOWS\SYSTEM32\dhcpcsvc6.DLL
0x00007ff9555c0000 - 0x00007ff9555df000 	C:\WINDOWS\SYSTEM32\dhcpcsvc.DLL
0x00007ff958810000 - 0x00007ff958912000 	C:\WINDOWS\SYSTEM32\DNSAPI.dll
0x00007ff93b950000 - 0x00007ff93b958000 	C:\WINDOWS\system32\wshunix.dll
0x00007ff943f60000 - 0x00007ff943f77000 	C:\WINDOWS\system32\napinsp.dll
0x00007ff943f40000 - 0x00007ff943f5b000 	C:\WINDOWS\system32\pnrpnsp.dll
0x00007ff943f10000 - 0x00007ff943f21000 	C:\WINDOWS\System32\winrnr.dll
0x00007ff943ef0000 - 0x00007ff943f05000 	C:\WINDOWS\system32\wshbth.dll
0x00007ff943ea0000 - 0x00007ff943ec7000 	C:\WINDOWS\system32\nlansp_c.dll
0x00007ff94bd00000 - 0x00007ff94bd0a000 	C:\Windows\System32\rasadhlp.dll
0x00007ff954550000 - 0x00007ff9545d3000 	C:\WINDOWS\System32\fwpuclnt.dll

dbghelp: loaded successfully - version: 4.0.5 - missing functions: none
symbol engine: initialized successfully - sym options: 0x614 - pdb path: .;C:\Program Files\Android\Android Studio\jbr\bin;C:\WINDOWS\SYSTEM32;C:\WINDOWS\WinSxS\amd64_microsoft.windows.common-controls_6595b64144ccf1df_6.0.22621.3672_none_2713b9d173822955;C:\Program Files\Android\Android Studio\jbr\bin\server;C:\Users\user\.gradle\native\68d5fa5c4cc2d200863cafc0d521ce42e7d3e7ee720ec0a83991735586a16f82\windows-amd64;C:\Users\user\.gradle\native\e376f236ea51e6404a007f0833ffe2c6e607c4080706a723a18a27aeea778392\windows-amd64

VM Arguments:
jvm_args: --add-opens=java.base/java.util=ALL-UNNAMED --add-opens=java.base/java.lang=ALL-UNNAMED --add-opens=java.base/java.lang.invoke=ALL-UNNAMED --add-opens=java.prefs/java.util.prefs=ALL-UNNAMED --add-opens=java.base/java.nio.charset=ALL-UNNAMED --add-opens=java.base/java.net=ALL-UNNAMED --add-opens=java.base/java.util.concurrent.atomic=ALL-UNNAMED -Xmx2048m -Dfile.encoding=UTF-8 -Duser.country=ID -Duser.language=en -Duser.variant 
java_command: org.gradle.launcher.daemon.bootstrap.GradleDaemon 8.0
java_class_path (initial): C:\Users\user\.gradle\wrapper\dists\gradle-8.0-bin\ca5e32bp14vu59qr306oxotwh\gradle-8.0\lib\gradle-launcher-8.0.jar
Launcher Type: SUN_STANDARD

[Global flags]
     intx CICompilerCount                          = 4                                         {product} {ergonomic}
     uint ConcGCThreads                            = 2                                         {product} {ergonomic}
     uint G1ConcRefinementThreads                  = 8                                         {product} {ergonomic}
   size_t G1HeapRegionSize                         = 1048576                                   {product} {ergonomic}
    uintx GCDrainStackTargetSize                   = 64                                        {product} {ergonomic}
   size_t InitialHeapSize                          = 100663296                                 {product} {ergonomic}
   size_t MarkStackSize                            = 4194304                                   {product} {ergonomic}
   size_t MaxHeapSize                              = 2147483648                                {product} {command line}
   size_t MaxNewSize                               = 1287651328                                {product} {ergonomic}
   size_t MinHeapDeltaBytes                        = 1048576                                   {product} {ergonomic}
   size_t MinHeapSize                              = 8388608                                   {product} {ergonomic}
    uintx NonNMethodCodeHeapSize                   = 5839372                                {pd product} {ergonomic}
    uintx NonProfiledCodeHeapSize                  = 122909434                              {pd product} {ergonomic}
    uintx ProfiledCodeHeapSize                     = 122909434                              {pd product} {ergonomic}
    uintx ReservedCodeCacheSize                    = 251658240                              {pd product} {ergonomic}
     bool SegmentedCodeCache                       = true                                      {product} {ergonomic}
   size_t SoftMaxHeapSize                          = 2147483648                             {manageable} {ergonomic}
     bool UseCompressedClassPointers               = true                           {product lp64_product} {ergonomic}
     bool UseCompressedOops                        = true                           {product lp64_product} {ergonomic}
     bool UseG1GC                                  = true                                      {product} {ergonomic}
     bool UseLargePagesIndividualAllocation        = false                                  {pd product} {ergonomic}

Logging:
Log output configuration:
 #0: stdout all=warning uptime,level,tags
 #1: stderr all=off uptime,level,tags

Environment Variables:
JAVA_HOME=C:\Program Files\Java\jdk-17
PATH=C:\oraclexe\app\product\11.2.0\client_1\bin;D:\app\user\product\11.2.0\client_1\bin;C:\oraclexe\app\oracle\product\11.2.0\server\bin;C:\WINDOWS\system32;C:\WINDOWS;C:\WINDOWS\System32\Wbem;C:\WINDOWS\System32\WindowsPowerShell\v1.0\;C:\WINDOWS\System32\OpenSSH\;C:\Program Files\Git\cmd;C:\xampp\php;C:\ProgramData\ComposerSetup\bin;C:\Program Files (x86)\Gpg4win\..\GnuPG\bin;C:\Program Files\nodejs\;C:\ProgramData\chocolatey\bin;C:\ProgramData\chocolatey;C:\Users\user\AppData\Local\Microsoft\WindowsApps;C:\Users\user\AppData\Local\Programs\Microsoft VS Code\bin;C:\src\flutter\bin;C:\Program Files\PostgreSQL\16\bin;C:\Users\user\AppData\Roaming\Composer\vendor\bin;C:\Users\user\AppData\Roaming\npm;C:\Users\user\AppData\Local\Pub\Cache\bin;C:\Program Files\OpenSSL-Win64\bin;C:\Program Files\Java\jdk-17\bin;
USERNAME=user
OS=Windows_NT
PROCESSOR_IDENTIFIER=AMD64 Family 23 Model 24 Stepping 1, AuthenticAMD
TMP=C:\Users\user\AppData\Local\Temp
TEMP=C:\Users\user\AppData\Local\Temp


JNI global refs:
JNI global refs: 27, weak refs: 64

JNI global refs memory usage: 843, weak refs: 1473


---------------  S Y S T E M  ---------------

OS:
 Windows 11 , 64 bit Build 22621 (10.0.22621.3958)
OS uptime: 0 days 5:50 hours

CPU: total 8 (initial active 8) (8 cores per cpu, 2 threads per core) family 23 model 24 stepping 1 microcode 0x0, cx8, cmov, fxsr, ht, mmx, 3dnowpref, sse, sse2, sse3, ssse3, sse4a, sse4.1, sse4.2, popcnt, lzcnt, tsc, tscinvbit, avx, avx2, aes, clmul, bmi1, bmi2, adx, sha, fma, vzeroupper, clflush, clflushopt

Memory: 4k page, system-wide physical 6081M (356M free)
TotalPageFile size 24513M (AvailPageFile size 101M)
current process WorkingSet (physical memory assigned to process): 353M, peak: 411M
current process commit charge ("private bytes"): 552M, peak: 655M

vm_info: OpenJDK 64-Bit Server VM (17.0.6+0-b2043.56-10027231) for windows-amd64 JRE (17.0.6+0-b2043.56-10027231), built on Apr 28 2023 00:43:19 by "androidbuild" with MS VC++ 16.10 / 16.11 (VS2019)

END.
