#
# There is insufficient memory for the Java Runtime Environment to continue.
# Native memory allocation (mmap) failed to map 40894464 bytes for G1 virtual space
# Possible reasons:
#   The system is out of physical RAM or swap space
#   The process is running with CompressedOops enabled, and the Java Heap may be blocking the growth of the native heap
# Possible solutions:
#   Reduce memory load on the system
#   Increase physical memory or swap space
#   Check if swap backing store is full
#   Decrease Java heap size (-Xmx/-Xms)
#   Decrease number of Java threads
#   Decrease Java thread stack sizes (-Xss)
#   Set larger code cache with -XX:ReservedCodeCacheSize=
#   JVM is running with Unscaled Compressed Oops mode in which the Java heap is
#     placed in the first 4GB address space. The Java Heap base address is the
#     maximum limit for the native heap growth. Please use -XX:HeapBaseMinAddress
#     to set the Java Heap base and to place the Java Heap above 4GB virtual address.
# This output file may be truncated or incomplete.
#
#  Out of Memory Error (os_windows.cpp:3769), pid=2200, tid=11224
#
# JRE version: OpenJDK Runtime Environment (17.0.6) (build 17.0.6+0-b2043.56-10027231)
# Java VM: OpenJDK 64-Bit Server VM (17.0.6+0-b2043.56-10027231, mixed mode, tiered, compressed oops, compressed class ptrs, g1 gc, windows-amd64)
# No core dump will be written. Minidumps are not enabled by default on client versions of Windows
#

---------------  S U M M A R Y ------------

Command Line: --add-opens=java.base/java.util=ALL-UNNAMED --add-opens=java.base/java.lang=ALL-UNNAMED --add-opens=java.base/java.lang.invoke=ALL-UNNAMED --add-opens=java.prefs/java.util.prefs=ALL-UNNAMED --add-opens=java.base/java.nio.charset=ALL-UNNAMED --add-opens=java.base/java.net=ALL-UNNAMED --add-opens=java.base/java.util.concurrent.atomic=ALL-UNNAMED -Xmx2048m -Dfile.encoding=UTF-8 -Duser.country=ID -Duser.language=en -Duser.variant org.gradle.launcher.daemon.bootstrap.GradleDaemon 8.0

Host: AMD Ryzen 5 3500U with Radeon Vega Mobile Gfx  , 8 cores, 5G,  Windows 11 , 64 bit Build 22621 (10.0.22621.3958)
Time: Thu Nov  7 16:53:09 2024 Malay Peninsula Standard Time elapsed time: 22.919298 seconds (0d 0h 0m 22s)

---------------  T H R E A D  ---------------

Current thread (0x0000029f1fb90430):  VMThread "VM Thread" [stack: 0x000000b367b00000,0x000000b367c00000] [id=11224]

Stack: [0x000000b367b00000,0x000000b367c00000]
Native frames: (J=compiled Java code, j=interpreted, Vv=VM code, C=native code)
V  [jvm.dll+0x683c9a]
V  [jvm.dll+0x8427a4]
V  [jvm.dll+0x843f9e]
V  [jvm.dll+0x844603]
V  [jvm.dll+0x249b75]
V  [jvm.dll+0x680b69]
V  [jvm.dll+0x67505a]
V  [jvm.dll+0x309acb]
V  [jvm.dll+0x310f86]
V  [jvm.dll+0x3608ee]
V  [jvm.dll+0x360b1f]
V  [jvm.dll+0x2dfbf8]
V  [jvm.dll+0x2ddec4]
V  [jvm.dll+0x2dd4cc]
V  [jvm.dll+0x321f3b]
V  [jvm.dll+0x848ccb]
V  [jvm.dll+0x849a04]
V  [jvm.dll+0x849f1d]
V  [jvm.dll+0x84a2f4]
V  [jvm.dll+0x84a3c0]
V  [jvm.dll+0x7f274a]
V  [jvm.dll+0x682ad5]
C  [ucrtbase.dll+0x29333]
C  [KERNEL32.DLL+0x1257d]
C  [ntdll.dll+0x5af08]

VM_Operation (0x000000b3692ef8d0): G1CollectForAllocation, mode: safepoint, requested by thread 0x0000029f2125c230


---------------  P R O C E S S  ---------------

Threads class SMR info:
_java_thread_list=0x0000029f254469d0, length=126, elements={
0x0000029f05d3fbc0, 0x0000029f1fba4020, 0x0000029f1fba4e90, 0x0000029f1fb790d0,
0x0000029f1fba6370, 0x0000029f1fba6e30, 0x0000029f1fba97f0, 0x0000029f20425730,
0x0000029f20433b10, 0x0000029f20436420, 0x0000029f20598d60, 0x0000029f20599630,
0x0000029f2125b890, 0x0000029f2125bd60, 0x0000029f2125d0a0, 0x0000029f2125e8b0,
0x0000029f2125aef0, 0x0000029f2125b3c0, 0x0000029f2125c230, 0x0000029f2125c700,
0x0000029f2125df10, 0x0000029f2125cbd0, 0x0000029f2125d570, 0x0000029f2125da40,
0x0000029f2125e3e0, 0x0000029f22fd5970, 0x0000029f22fd2480, 0x0000029f22fd67e0,
0x0000029f22fd32f0, 0x0000029f22fd4160, 0x0000029f22fcef90, 0x0000029f22fd6310,
0x0000029f22fcf460, 0x0000029f22fcf930, 0x0000029f22fcfe00, 0x0000029f22fd1140,
0x0000029f22fd1610, 0x0000029f22fd37c0, 0x0000029f22fd1fb0, 0x0000029f22fd2950,
0x0000029f22fd4b00, 0x0000029f23b75f90, 0x0000029f23b73440, 0x0000029f23b73de0,
0x0000029f23b74780, 0x0000029f23b74c50, 0x0000029f23b71c30, 0x0000029f23b75120,
0x0000029f23b75ac0, 0x0000029f23b76460, 0x0000029f23b6ec10, 0x0000029f23b70dc0,
0x0000029f23b755f0, 0x0000029f23b72f70, 0x0000029f23b6f0e0, 0x0000029f23b72100,
0x0000029f23b6f5b0, 0x0000029f23b725d0, 0x0000029f23b73910, 0x0000029f23b6ff50,
0x0000029f23b6fa80, 0x0000029f23b70420, 0x0000029f23b708f0, 0x0000029f23b72aa0,
0x0000029f23b71760, 0x0000029f23b71290, 0x0000029f23b11400, 0x0000029f23b0e8b0,
0x0000029f23b0ed80, 0x0000029f23b10a60, 0x0000029f23b118d0, 0x0000029f23b0df10,
0x0000029f23b10590, 0x0000029f23b11da0, 0x0000029f23b15290, 0x0000029f23b0e3e0,
0x0000029f23b0f250, 0x0000029f23b12c10, 0x0000029f23b14dc0, 0x0000029f23b12270,
0x0000029f23b10f30, 0x0000029f23b0f720, 0x0000029f23b15760, 0x0000029f23b12740,
0x0000029f23b0fbf0, 0x0000029f23b100c0, 0x0000029f23b13f50, 0x0000029f23b130e0,
0x0000029f23b135b0, 0x0000029f23b148f0, 0x0000029f23b13a80, 0x0000029f23b14420,
0x0000029f24c2be80, 0x0000029f24c2b4e0, 0x0000029f24c2eea0, 0x0000029f24c2ab40,
0x0000029f24c2a670, 0x0000029f24c29cd0, 0x0000029f24c2d690, 0x0000029f24c27b20,
0x0000029f24c28990, 0x0000029f24c284c0, 0x0000029f24c2b9b0, 0x0000029f24c2ccf0,
0x0000029f24c27ff0, 0x0000029f24c2c350, 0x0000029f24c29800, 0x0000029f24c2c820,
0x0000029f24c2d1c0, 0x0000029f24c2e500, 0x0000029f24c28e60, 0x0000029f24c27650,
0x0000029f24c29330, 0x0000029f24c2e030, 0x0000029f24c2db60, 0x0000029f24c2b010,
0x0000029f24c2e9d0, 0x0000029f24c2a1a0, 0x0000029f24ec38b0, 0x0000029f24ec5590,
0x0000029f24ec7740, 0x0000029f24ec3d80, 0x0000029f24ec98f0, 0x0000029f24ec9dc0,
0x0000029f24ec4720, 0x0000029f24ec50c0
}

Java Threads: ( => current thread )
  0x0000029f05d3fbc0 JavaThread "main" [_thread_blocked, id=2960, stack(0x000000b367500000,0x000000b367600000)]
  0x0000029f1fba4020 JavaThread "Reference Handler" daemon [_thread_blocked, id=16628, stack(0x000000b367c00000,0x000000b367d00000)]
  0x0000029f1fba4e90 JavaThread "Finalizer" daemon [_thread_blocked, id=14320, stack(0x000000b367d00000,0x000000b367e00000)]
  0x0000029f1fb790d0 JavaThread "Signal Dispatcher" daemon [_thread_blocked, id=14776, stack(0x000000b367e00000,0x000000b367f00000)]
  0x0000029f1fba6370 JavaThread "Attach Listener" daemon [_thread_blocked, id=15708, stack(0x000000b367f00000,0x000000b368000000)]
  0x0000029f1fba6e30 JavaThread "Service Thread" daemon [_thread_blocked, id=13684, stack(0x000000b368000000,0x000000b368100000)]
  0x0000029f1fba97f0 JavaThread "Monitor Deflation Thread" daemon [_thread_blocked, id=16300, stack(0x000000b368100000,0x000000b368200000)]
  0x0000029f20425730 JavaThread "C2 CompilerThread0" daemon [_thread_blocked, id=14740, stack(0x000000b368200000,0x000000b368300000)]
  0x0000029f20433b10 JavaThread "C1 CompilerThread0" daemon [_thread_blocked, id=17976, stack(0x000000b368300000,0x000000b368400000)]
  0x0000029f20436420 JavaThread "Sweeper thread" daemon [_thread_blocked, id=11072, stack(0x000000b368400000,0x000000b368500000)]
  0x0000029f20598d60 JavaThread "Common-Cleaner" daemon [_thread_blocked, id=3496, stack(0x000000b368500000,0x000000b368600000)]
  0x0000029f20599630 JavaThread "Notification Thread" daemon [_thread_blocked, id=3260, stack(0x000000b368600000,0x000000b368700000)]
  0x0000029f2125b890 JavaThread "Daemon health stats" [_thread_blocked, id=20188, stack(0x000000b368c00000,0x000000b368d00000)]
  0x0000029f2125bd60 JavaThread "Incoming local TCP Connector on port 59756" [_thread_in_native, id=21260, stack(0x000000b368d00000,0x000000b368e00000)]
  0x0000029f2125d0a0 JavaThread "Daemon periodic checks" [_thread_blocked, id=21156, stack(0x000000b368e00000,0x000000b368f00000)]
  0x0000029f2125e8b0 JavaThread "Daemon" [_thread_blocked, id=1724, stack(0x000000b368f00000,0x000000b369000000)]
  0x0000029f2125aef0 JavaThread "Handler for socket connection from /127.0.0.1:59756 to /127.0.0.1:59757" [_thread_in_native, id=8704, stack(0x000000b369000000,0x000000b369100000)]
  0x0000029f2125b3c0 JavaThread "Cancel handler" [_thread_blocked, id=19544, stack(0x000000b369100000,0x000000b369200000)]
  0x0000029f2125c230 JavaThread "Daemon worker" [_thread_blocked, id=14684, stack(0x000000b369200000,0x000000b369300000)]
  0x0000029f2125c700 JavaThread "Asynchronous log dispatcher for DefaultDaemonConnection: socket connection from /127.0.0.1:59756 to /127.0.0.1:59757" [_thread_blocked, id=4720, stack(0x000000b369300000,0x000000b369400000)]
  0x0000029f2125df10 JavaThread "Stdin handler" [_thread_blocked, id=7152, stack(0x000000b369400000,0x000000b369500000)]
  0x0000029f2125cbd0 JavaThread "Daemon client event forwarder" [_thread_blocked, id=13544, stack(0x000000b369500000,0x000000b369600000)]
  0x0000029f2125d570 JavaThread "Cache worker for journal cache (C:\Users\user\.gradle\caches\journal-1)" [_thread_blocked, id=3660, stack(0x000000b369a00000,0x000000b369b00000)]
  0x0000029f2125da40 JavaThread "File lock request listener" [_thread_in_native, id=12560, stack(0x000000b369b00000,0x000000b369c00000)]
  0x0000029f2125e3e0 JavaThread "Cache worker for file hash cache (C:\Users\user\.gradle\caches\8.0\fileHashes)" [_thread_blocked, id=15292, stack(0x000000b369c00000,0x000000b369d00000)]
  0x0000029f22fd5970 JavaThread "File watcher server" daemon [_thread_in_native, id=18184, stack(0x000000b369d00000,0x000000b369e00000)]
  0x0000029f22fd2480 JavaThread "File watcher consumer" daemon [_thread_blocked, id=11760, stack(0x000000b369e00000,0x000000b369f00000)]
  0x0000029f22fd67e0 JavaThread "Cache worker for checksums cache (D:\IT22\sem 5\Pengembangan Aplikasi Mobile\metric_converter_gifriend_kotlin\.gradle\8.0\checksums)" [_thread_blocked, id=17492, stack(0x000000b369f00000,0x000000b36a000000)]
  0x0000029f22fd32f0 JavaThread "Cache worker for cache directory md-rule (C:\Users\user\.gradle\caches\8.0\md-rule)" [_thread_blocked, id=19836, stack(0x000000b36a000000,0x000000b36a100000)]
  0x0000029f22fd4160 JavaThread "Cache worker for file content cache (C:\Users\user\.gradle\caches\8.0\fileContent)" [_thread_blocked, id=18932, stack(0x000000b36a100000,0x000000b36a200000)]
  0x0000029f22fcef90 JavaThread "Cache worker for file hash cache (D:\IT22\sem 5\Pengembangan Aplikasi Mobile\metric_converter_gifriend_kotlin\.gradle\8.0\fileHashes)" [_thread_blocked, id=18224, stack(0x000000b36a200000,0x000000b36a300000)]
  0x0000029f22fd6310 JavaThread "Cache worker for cache directory md-supplier (C:\Users\user\.gradle\caches\8.0\md-supplier)" [_thread_blocked, id=11308, stack(0x000000b36a300000,0x000000b36a400000)]
  0x0000029f22fcf460 JavaThread "Cache worker for execution history cache (C:\Users\user\.gradle\caches\8.0\executionHistory)" [_thread_blocked, id=17616, stack(0x000000b36a400000,0x000000b36a500000)]
  0x0000029f22fcf930 JavaThread "jar transforms" [_thread_blocked, id=17020, stack(0x000000b36a500000,0x000000b36a600000)]
  0x0000029f22fcfe00 JavaThread "jar transforms Thread 2" [_thread_blocked, id=18164, stack(0x000000b36a600000,0x000000b36a700000)]
  0x0000029f22fd1140 JavaThread "Cache worker for kotlin-dsl (C:\Users\user\.gradle\caches\8.0\kotlin-dsl)" [_thread_blocked, id=6896, stack(0x000000b36a700000,0x000000b36a800000)]
  0x0000029f22fd1610 JavaThread "jar transforms Thread 3" [_thread_blocked, id=12536, stack(0x000000b36a800000,0x000000b36a900000)]
  0x0000029f22fd37c0 JavaThread "jar transforms Thread 4" [_thread_blocked, id=10340, stack(0x000000b36a900000,0x000000b36aa00000)]
  0x0000029f22fd1fb0 JavaThread "Cache worker for dependencies-accessors (D:\IT22\sem 5\Pengembangan Aplikasi Mobile\metric_converter_gifriend_kotlin\.gradle\8.0\dependencies-accessors)" [_thread_blocked, id=11164, stack(0x000000b36aa00000,0x000000b36ab00000)]
  0x0000029f22fd2950 JavaThread "Cache worker for Build Output Cleanup Cache (D:\IT22\sem 5\Pengembangan Aplikasi Mobile\metric_converter_gifriend_kotlin\.gradle\buildOutputCleanup)" [_thread_blocked, id=21444, stack(0x000000b36ab00000,0x000000b36ac00000)]
  0x0000029f22fd4b00 JavaThread "jar transforms Thread 5" [_thread_blocked, id=18652, stack(0x000000b36ac00000,0x000000b36ad00000)]
  0x0000029f23b75f90 JavaThread "Unconstrained build operations" [_thread_blocked, id=7236, stack(0x000000b36ad00000,0x000000b36ae00000)]
  0x0000029f23b73440 JavaThread "Unconstrained build operations Thread 2" [_thread_blocked, id=3020, stack(0x000000b36ae00000,0x000000b36af00000)]
  0x0000029f23b73de0 JavaThread "Unconstrained build operations Thread 3" [_thread_blocked, id=2676, stack(0x000000b36af00000,0x000000b36b000000)]
  0x0000029f23b74780 JavaThread "Unconstrained build operations Thread 4" [_thread_blocked, id=10028, stack(0x000000b36b000000,0x000000b36b100000)]
  0x0000029f23b74c50 JavaThread "Unconstrained build operations Thread 5" [_thread_blocked, id=19180, stack(0x000000b36b100000,0x000000b36b200000)]
  0x0000029f23b71c30 JavaThread "Unconstrained build operations Thread 6" [_thread_blocked, id=16444, stack(0x000000b36b200000,0x000000b36b300000)]
  0x0000029f23b75120 JavaThread "Unconstrained build operations Thread 7" [_thread_blocked, id=18792, stack(0x000000b36b300000,0x000000b36b400000)]
  0x0000029f23b75ac0 JavaThread "Unconstrained build operations Thread 8" [_thread_blocked, id=17584, stack(0x000000b36b400000,0x000000b36b500000)]
  0x0000029f23b76460 JavaThread "Unconstrained build operations Thread 9" [_thread_blocked, id=21132, stack(0x000000b36b500000,0x000000b36b600000)]
  0x0000029f23b6ec10 JavaThread "Unconstrained build operations Thread 10" [_thread_blocked, id=18984, stack(0x000000b36b600000,0x000000b36b700000)]
  0x0000029f23b70dc0 JavaThread "Unconstrained build operations Thread 11" [_thread_blocked, id=12980, stack(0x000000b36b700000,0x000000b36b800000)]
  0x0000029f23b755f0 JavaThread "Unconstrained build operations Thread 12" [_thread_blocked, id=2176, stack(0x000000b36b800000,0x000000b36b900000)]
  0x0000029f23b72f70 JavaThread "Unconstrained build operations Thread 13" [_thread_blocked, id=780, stack(0x000000b36b900000,0x000000b36ba00000)]
  0x0000029f23b6f0e0 JavaThread "Unconstrained build operations Thread 14" [_thread_blocked, id=12140, stack(0x000000b36ba00000,0x000000b36bb00000)]
  0x0000029f23b72100 JavaThread "Unconstrained build operations Thread 15" [_thread_blocked, id=14284, stack(0x000000b36bb00000,0x000000b36bc00000)]
  0x0000029f23b6f5b0 JavaThread "Unconstrained build operations Thread 16" [_thread_blocked, id=9604, stack(0x000000b36bc00000,0x000000b36bd00000)]
  0x0000029f23b725d0 JavaThread "Unconstrained build operations Thread 17" [_thread_blocked, id=11216, stack(0x000000b36bd00000,0x000000b36be00000)]
  0x0000029f23b73910 JavaThread "Unconstrained build operations Thread 18" [_thread_blocked, id=13916, stack(0x000000b36be00000,0x000000b36bf00000)]
  0x0000029f23b6ff50 JavaThread "Unconstrained build operations Thread 19" [_thread_blocked, id=17028, stack(0x000000b36bf00000,0x000000b36c000000)]
  0x0000029f23b6fa80 JavaThread "Unconstrained build operations Thread 20" [_thread_blocked, id=16256, stack(0x000000b36c000000,0x000000b36c100000)]
  0x0000029f23b70420 JavaThread "Unconstrained build operations Thread 21" [_thread_blocked, id=16828, stack(0x000000b36c100000,0x000000b36c200000)]
  0x0000029f23b708f0 JavaThread "Unconstrained build operations Thread 22" [_thread_blocked, id=68, stack(0x000000b36c200000,0x000000b36c300000)]
  0x0000029f23b72aa0 JavaThread "Unconstrained build operations Thread 23" [_thread_blocked, id=3280, stack(0x000000b36c300000,0x000000b36c400000)]
  0x0000029f23b71760 JavaThread "Unconstrained build operations Thread 24" [_thread_blocked, id=15056, stack(0x000000b36c400000,0x000000b36c500000)]
  0x0000029f23b71290 JavaThread "Unconstrained build operations Thread 25" [_thread_blocked, id=14796, stack(0x000000b36c500000,0x000000b36c600000)]
  0x0000029f23b11400 JavaThread "Unconstrained build operations Thread 26" [_thread_blocked, id=9820, stack(0x000000b36c600000,0x000000b36c700000)]
  0x0000029f23b0e8b0 JavaThread "Unconstrained build operations Thread 27" [_thread_blocked, id=13436, stack(0x000000b36c700000,0x000000b36c800000)]
  0x0000029f23b0ed80 JavaThread "Unconstrained build operations Thread 28" [_thread_blocked, id=19548, stack(0x000000b36c800000,0x000000b36c900000)]
  0x0000029f23b10a60 JavaThread "Unconstrained build operations Thread 29" [_thread_blocked, id=14264, stack(0x000000b36c900000,0x000000b36ca00000)]
  0x0000029f23b118d0 JavaThread "Unconstrained build operations Thread 30" [_thread_blocked, id=19468, stack(0x000000b36ca00000,0x000000b36cb00000)]
  0x0000029f23b0df10 JavaThread "Unconstrained build operations Thread 31" [_thread_blocked, id=16956, stack(0x000000b36cb00000,0x000000b36cc00000)]
  0x0000029f23b10590 JavaThread "Unconstrained build operations Thread 32" [_thread_blocked, id=19212, stack(0x000000b36cc00000,0x000000b36cd00000)]
  0x0000029f23b11da0 JavaThread "Unconstrained build operations Thread 33" [_thread_blocked, id=13084, stack(0x000000b36cd00000,0x000000b36ce00000)]
  0x0000029f23b15290 JavaThread "Unconstrained build operations Thread 34" [_thread_blocked, id=3812, stack(0x000000b36ce00000,0x000000b36cf00000)]
  0x0000029f23b0e3e0 JavaThread "Unconstrained build operations Thread 35" [_thread_blocked, id=18328, stack(0x000000b36cf00000,0x000000b36d000000)]
  0x0000029f23b0f250 JavaThread "Unconstrained build operations Thread 36" [_thread_blocked, id=19208, stack(0x000000b36d000000,0x000000b36d100000)]
  0x0000029f23b12c10 JavaThread "Unconstrained build operations Thread 37" [_thread_blocked, id=18196, stack(0x000000b36d100000,0x000000b36d200000)]
  0x0000029f23b14dc0 JavaThread "Unconstrained build operations Thread 38" [_thread_blocked, id=20100, stack(0x000000b36d200000,0x000000b36d300000)]
  0x0000029f23b12270 JavaThread "Unconstrained build operations Thread 39" [_thread_blocked, id=776, stack(0x000000b36d300000,0x000000b36d400000)]
  0x0000029f23b10f30 JavaThread "Unconstrained build operations Thread 40" [_thread_blocked, id=16944, stack(0x000000b36d400000,0x000000b36d500000)]
  0x0000029f23b0f720 JavaThread "Unconstrained build operations Thread 41" [_thread_blocked, id=20568, stack(0x000000b36d500000,0x000000b36d600000)]
  0x0000029f23b15760 JavaThread "Unconstrained build operations Thread 42" [_thread_blocked, id=16996, stack(0x000000b36d600000,0x000000b36d700000)]
  0x0000029f23b12740 JavaThread "Unconstrained build operations Thread 43" [_thread_blocked, id=17620, stack(0x000000b36d700000,0x000000b36d800000)]
  0x0000029f23b0fbf0 JavaThread "Unconstrained build operations Thread 44" [_thread_blocked, id=17480, stack(0x000000b36d800000,0x000000b36d900000)]
  0x0000029f23b100c0 JavaThread "Unconstrained build operations Thread 45" [_thread_blocked, id=14704, stack(0x000000b36d900000,0x000000b36da00000)]
  0x0000029f23b13f50 JavaThread "Unconstrained build operations Thread 46" [_thread_blocked, id=20472, stack(0x000000b36da00000,0x000000b36db00000)]
  0x0000029f23b130e0 JavaThread "Unconstrained build operations Thread 47" [_thread_blocked, id=18344, stack(0x000000b36db00000,0x000000b36dc00000)]
  0x0000029f23b135b0 JavaThread "Unconstrained build operations Thread 48" [_thread_blocked, id=19800, stack(0x000000b36dc00000,0x000000b36dd00000)]
  0x0000029f23b148f0 JavaThread "Unconstrained build operations Thread 49" [_thread_blocked, id=1888, stack(0x000000b36dd00000,0x000000b36de00000)]
  0x0000029f23b13a80 JavaThread "Unconstrained build operations Thread 50" [_thread_blocked, id=12344, stack(0x000000b36de00000,0x000000b36df00000)]
  0x0000029f23b14420 JavaThread "Unconstrained build operations Thread 51" [_thread_blocked, id=17188, stack(0x000000b36df00000,0x000000b36e000000)]
  0x0000029f24c2be80 JavaThread "Unconstrained build operations Thread 52" [_thread_blocked, id=18720, stack(0x000000b36e000000,0x000000b36e100000)]
  0x0000029f24c2b4e0 JavaThread "Unconstrained build operations Thread 53" [_thread_blocked, id=15784, stack(0x000000b36e100000,0x000000b36e200000)]
  0x0000029f24c2eea0 JavaThread "Unconstrained build operations Thread 54" [_thread_blocked, id=21068, stack(0x000000b36e200000,0x000000b36e300000)]
  0x0000029f24c2ab40 JavaThread "Unconstrained build operations Thread 55" [_thread_blocked, id=17872, stack(0x000000b36e300000,0x000000b36e400000)]
  0x0000029f24c2a670 JavaThread "Unconstrained build operations Thread 56" [_thread_blocked, id=892, stack(0x000000b36e400000,0x000000b36e500000)]
  0x0000029f24c29cd0 JavaThread "Unconstrained build operations Thread 57" [_thread_blocked, id=16772, stack(0x000000b36e500000,0x000000b36e600000)]
  0x0000029f24c2d690 JavaThread "Unconstrained build operations Thread 58" [_thread_blocked, id=19820, stack(0x000000b36e600000,0x000000b36e700000)]
  0x0000029f24c27b20 JavaThread "Unconstrained build operations Thread 59" [_thread_blocked, id=15852, stack(0x000000b36e700000,0x000000b36e800000)]
  0x0000029f24c28990 JavaThread "Unconstrained build operations Thread 60" [_thread_blocked, id=2020, stack(0x000000b36e800000,0x000000b36e900000)]
  0x0000029f24c284c0 JavaThread "Unconstrained build operations Thread 61" [_thread_blocked, id=12316, stack(0x000000b36e900000,0x000000b36ea00000)]
  0x0000029f24c2b9b0 JavaThread "Unconstrained build operations Thread 62" [_thread_blocked, id=19908, stack(0x000000b36ea00000,0x000000b36eb00000)]
  0x0000029f24c2ccf0 JavaThread "Unconstrained build operations Thread 63" [_thread_blocked, id=20032, stack(0x000000b36eb00000,0x000000b36ec00000)]
  0x0000029f24c27ff0 JavaThread "Unconstrained build operations Thread 64" [_thread_blocked, id=18940, stack(0x000000b36ec00000,0x000000b36ed00000)]
  0x0000029f24c2c350 JavaThread "Unconstrained build operations Thread 65" [_thread_blocked, id=18784, stack(0x000000b36ed00000,0x000000b36ee00000)]
  0x0000029f24c29800 JavaThread "Unconstrained build operations Thread 66" [_thread_blocked, id=7644, stack(0x000000b36ee00000,0x000000b36ef00000)]
  0x0000029f24c2c820 JavaThread "Unconstrained build operations Thread 67" [_thread_blocked, id=12372, stack(0x000000b36ef00000,0x000000b36f000000)]
  0x0000029f24c2d1c0 JavaThread "Unconstrained build operations Thread 68" [_thread_blocked, id=18508, stack(0x000000b36f000000,0x000000b36f100000)]
  0x0000029f24c2e500 JavaThread "Unconstrained build operations Thread 69" [_thread_blocked, id=14864, stack(0x000000b36f100000,0x000000b36f200000)]
  0x0000029f24c28e60 JavaThread "Unconstrained build operations Thread 70" [_thread_blocked, id=19372, stack(0x000000b36f200000,0x000000b36f300000)]
  0x0000029f24c27650 JavaThread "Unconstrained build operations Thread 71" [_thread_blocked, id=13352, stack(0x000000b36f300000,0x000000b36f400000)]
  0x0000029f24c29330 JavaThread "Unconstrained build operations Thread 72" [_thread_blocked, id=2404, stack(0x000000b36f400000,0x000000b36f500000)]
  0x0000029f24c2e030 JavaThread "Unconstrained build operations Thread 73" [_thread_blocked, id=18884, stack(0x000000b36f500000,0x000000b36f600000)]
  0x0000029f24c2db60 JavaThread "Unconstrained build operations Thread 74" [_thread_blocked, id=13284, stack(0x000000b36f600000,0x000000b36f700000)]
  0x0000029f24c2b010 JavaThread "Unconstrained build operations Thread 75" [_thread_blocked, id=5592, stack(0x000000b36f700000,0x000000b36f800000)]
  0x0000029f24c2e9d0 JavaThread "Unconstrained build operations Thread 76" [_thread_blocked, id=8304, stack(0x000000b36f800000,0x000000b36f900000)]
  0x0000029f24c2a1a0 JavaThread "Unconstrained build operations Thread 77" [_thread_blocked, id=14996, stack(0x000000b36f900000,0x000000b36fa00000)]
  0x0000029f24ec38b0 JavaThread "Unconstrained build operations Thread 78" [_thread_blocked, id=18852, stack(0x000000b36fa00000,0x000000b36fb00000)]
  0x0000029f24ec5590 JavaThread "Unconstrained build operations Thread 79" [_thread_blocked, id=20316, stack(0x000000b36fb00000,0x000000b36fc00000)]
  0x0000029f24ec7740 JavaThread "Unconstrained build operations Thread 80" [_thread_blocked, id=17288, stack(0x000000b36fc00000,0x000000b36fd00000)]
  0x0000029f24ec3d80 JavaThread "jar transforms Thread 6" [_thread_blocked, id=20804, stack(0x000000b36fd00000,0x000000b36fe00000)]
  0x0000029f24ec98f0 JavaThread "jar transforms Thread 7" [_thread_blocked, id=21028, stack(0x000000b36fe00000,0x000000b36ff00000)]
  0x0000029f24ec9dc0 JavaThread "jar transforms Thread 8" [_thread_blocked, id=5612, stack(0x000000b36ff00000,0x000000b370000000)]
  0x0000029f24ec4720 JavaThread "build event listener" [_thread_blocked, id=9796, stack(0x000000b370000000,0x000000b370100000)]
  0x0000029f24ec50c0 JavaThread "Memory manager" [_thread_blocked, id=14072, stack(0x000000b370100000,0x000000b370200000)]

Other Threads:
=>0x0000029f1fb90430 VMThread "VM Thread" [stack: 0x000000b367b00000,0x000000b367c00000] [id=11224]
  0x0000029f05dbd380 WatcherThread [stack: 0x000000b368700000,0x000000b368800000] [id=17876]
  0x0000029f05d9aa40 GCTaskThread "GC Thread#0" [stack: 0x000000b367600000,0x000000b367700000] [id=1992]
  0x0000029f210ac7c0 GCTaskThread "GC Thread#1" [stack: 0x000000b368800000,0x000000b368900000] [id=6372]
  0x0000029f214810e0 GCTaskThread "GC Thread#2" [stack: 0x000000b368900000,0x000000b368a00000] [id=880]
  0x0000029f21481390 GCTaskThread "GC Thread#3" [stack: 0x000000b368a00000,0x000000b368b00000] [id=20432]
  0x0000029f21d9d830 GCTaskThread "GC Thread#4" [stack: 0x000000b368b00000,0x000000b368c00000] [id=20128]
  0x0000029f20779df0 GCTaskThread "GC Thread#5" [stack: 0x000000b369600000,0x000000b369700000] [id=19748]
  0x0000029f20685030 GCTaskThread "GC Thread#6" [stack: 0x000000b369700000,0x000000b369800000] [id=16164]
  0x0000029f206852e0 GCTaskThread "GC Thread#7" [stack: 0x000000b369800000,0x000000b369900000] [id=11728]
  0x0000029f05dac120 ConcurrentGCThread "G1 Main Marker" [stack: 0x000000b367700000,0x000000b367800000] [id=21076]
  0x0000029f05dad140 ConcurrentGCThread "G1 Conc#0" [stack: 0x000000b367800000,0x000000b367900000] [id=21316]
  0x0000029f215ea410 ConcurrentGCThread "G1 Conc#1" [stack: 0x000000b369900000,0x000000b369a00000] [id=2384]
  0x0000029f1f9d44c0 ConcurrentGCThread "G1 Refine#0" [stack: 0x000000b367900000,0x000000b367a00000] [id=12588]
  0x0000029f1f9d4ee0 ConcurrentGCThread "G1 Service" [stack: 0x000000b367a00000,0x000000b367b00000] [id=18428]

Threads with active compile tasks:
C2 CompilerThread0    23001 6573   !   4       java.util.jar.Attributes::read (494 bytes)

VM state: at safepoint (normal execution)

VM Mutex/Monitor currently owned by a thread:  ([mutex/lock_event])
[0x0000029f05d3ab60] Threads_lock - owner thread: 0x0000029f1fb90430
[0x0000029f05d3afe0] Heap_lock - owner thread: 0x0000029f2125c230

Heap address: 0x0000000080000000, size: 2048 MB, Compressed Oops mode: 32-bit

CDS archive(s) not mapped
Compressed class space mapped at: 0x0000000100000000-0x0000000140000000, reserved size: 1073741824
Narrow klass base: 0x0000000000000000, Narrow klass shift: 3, Narrow klass range: 0x140000000

GC Precious Log:
 CPUs: 8 total, 8 available
 Memory: 6081M
 Large Page Support: Disabled
 NUMA Support: Disabled
 Compressed Oops: Enabled (32-bit)
 Heap Region Size: 1M
 Heap Min Capacity: 8M
 Heap Initial Capacity: 96M
 Heap Max Capacity: 2G
 Pre-touch: Disabled
 Parallel Workers: 8
 Concurrent Workers: 2
 Concurrent Refinement Workers: 8
 Periodic GC: Disabled

Heap:
 garbage-first heap   total 121856K, used 59887K [0x0000000080000000, 0x0000000100000000)
  region size 1024K, 1 young (1024K), 1 survivors (1024K)
 Metaspace       used 66317K, committed 66880K, reserved 1114112K
  class space    used 8759K, committed 9024K, reserved 1048576K

Heap Regions: E=young(eden), S=young(survivor), O=old, HS=humongous(starts), HC=humongous(continues), CS=collection set, F=free, OA=open archive, CA=closed archive, TAMS=top-at-mark-start (previous, next)
|   0|0x0000000080000000, 0x0000000080100000, 0x0000000080100000|100%|HS|  |TAMS 0x0000000080100000, 0x0000000080000000| Complete 
|   1|0x0000000080100000, 0x0000000080200000, 0x0000000080200000|100%|HC|  |TAMS 0x0000000080200000, 0x0000000080100000| Complete 
|   2|0x0000000080200000, 0x0000000080300000, 0x0000000080300000|100%|HC|  |TAMS 0x0000000080300000, 0x0000000080200000| Complete 
|   3|0x0000000080300000, 0x0000000080400000, 0x0000000080400000|100%|HC|  |TAMS 0x0000000080400000, 0x0000000080300000| Complete 
|   4|0x0000000080400000, 0x0000000080500000, 0x0000000080500000|100%| O|  |TAMS 0x0000000080500000, 0x0000000080400000| Untracked 
|   5|0x0000000080500000, 0x0000000080600000, 0x0000000080600000|100%| O|  |TAMS 0x0000000080600000, 0x0000000080500000| Untracked 
|   6|0x0000000080600000, 0x0000000080700000, 0x0000000080700000|100%| O|  |TAMS 0x0000000080700000, 0x0000000080600000| Untracked 
|   7|0x0000000080700000, 0x0000000080800000, 0x0000000080800000|100%| O|  |TAMS 0x0000000080800000, 0x0000000080700000| Untracked 
|   8|0x0000000080800000, 0x0000000080900000, 0x0000000080900000|100%| O|  |TAMS 0x0000000080900000, 0x0000000080800000| Untracked 
|   9|0x0000000080900000, 0x0000000080a00000, 0x0000000080a00000|100%| O|  |TAMS 0x0000000080a00000, 0x0000000080900000| Untracked 
|  10|0x0000000080a00000, 0x0000000080b00000, 0x0000000080b00000|100%| O|  |TAMS 0x0000000080b00000, 0x0000000080a00000| Untracked 
|  11|0x0000000080b00000, 0x0000000080c00000, 0x0000000080c00000|100%| O|  |TAMS 0x0000000080c00000, 0x0000000080b00000| Untracked 
|  12|0x0000000080c00000, 0x0000000080d00000, 0x0000000080d00000|100%| O|  |TAMS 0x0000000080d00000, 0x0000000080c00000| Untracked 
|  13|0x0000000080d00000, 0x0000000080e00000, 0x0000000080e00000|100%| O|  |TAMS 0x0000000080e00000, 0x0000000080d00000| Untracked 
|  14|0x0000000080e00000, 0x0000000080f00000, 0x0000000080f00000|100%| O|  |TAMS 0x0000000080f00000, 0x0000000080e00000| Untracked 
|  15|0x0000000080f00000, 0x0000000081000000, 0x0000000081000000|100%| O|  |TAMS 0x0000000081000000, 0x0000000080f00000| Untracked 
|  16|0x0000000081000000, 0x0000000081100000, 0x0000000081100000|100%| O|  |TAMS 0x0000000081100000, 0x0000000081000000| Untracked 
|  17|0x0000000081100000, 0x0000000081200000, 0x0000000081200000|100%| O|  |TAMS 0x0000000081200000, 0x0000000081100000| Untracked 
|  18|0x0000000081200000, 0x0000000081300000, 0x0000000081300000|100%| O|  |TAMS 0x0000000081300000, 0x0000000081200000| Untracked 
|  19|0x0000000081300000, 0x0000000081400000, 0x0000000081400000|100%| O|  |TAMS 0x0000000081400000, 0x0000000081300000| Untracked 
|  20|0x0000000081400000, 0x0000000081500000, 0x0000000081500000|100%| O|  |TAMS 0x0000000081500000, 0x0000000081400000| Untracked 
|  21|0x0000000081500000, 0x0000000081600000, 0x0000000081600000|100%| O|  |TAMS 0x0000000081600000, 0x0000000081500000| Untracked 
|  22|0x0000000081600000, 0x0000000081700000, 0x0000000081700000|100%| O|  |TAMS 0x0000000081700000, 0x0000000081600000| Untracked 
|  23|0x0000000081700000, 0x0000000081800000, 0x0000000081800000|100%| O|  |TAMS 0x0000000081800000, 0x0000000081700000| Untracked 
|  24|0x0000000081800000, 0x0000000081900000, 0x0000000081900000|100%| O|  |TAMS 0x0000000081800000, 0x0000000081800000| Untracked 
|  25|0x0000000081900000, 0x0000000081a00000, 0x0000000081a00000|100%| O|  |TAMS 0x0000000081a00000, 0x0000000081900000| Untracked 
|  26|0x0000000081a00000, 0x0000000081b00000, 0x0000000081b00000|100%| O|  |TAMS 0x0000000081b00000, 0x0000000081a00000| Untracked 
|  27|0x0000000081b00000, 0x0000000081c00000, 0x0000000081c00000|100%| O|  |TAMS 0x0000000081c00000, 0x0000000081b00000| Untracked 
|  28|0x0000000081c00000, 0x0000000081d00000, 0x0000000081d00000|100%| O|  |TAMS 0x0000000081d00000, 0x0000000081c00000| Untracked 
|  29|0x0000000081d00000, 0x0000000081e00000, 0x0000000081e00000|100%| O|  |TAMS 0x0000000081e00000, 0x0000000081d00000| Untracked 
|  30|0x0000000081e00000, 0x0000000081f00000, 0x0000000081f00000|100%| O|  |TAMS 0x0000000081f00000, 0x0000000081e00000| Untracked 
|  31|0x0000000081f00000, 0x0000000082000000, 0x0000000082000000|100%| O|  |TAMS 0x0000000082000000, 0x0000000081f00000| Untracked 
|  32|0x0000000082000000, 0x0000000082100000, 0x0000000082100000|100%| O|  |TAMS 0x0000000082100000, 0x0000000082000000| Untracked 
|  33|0x0000000082100000, 0x0000000082200000, 0x0000000082200000|100%|HS|  |TAMS 0x0000000082200000, 0x0000000082100000| Complete 
|  34|0x0000000082200000, 0x0000000082300000, 0x0000000082300000|100%|HS|  |TAMS 0x0000000082300000, 0x0000000082200000| Complete 
|  35|0x0000000082300000, 0x0000000082400000, 0x0000000082400000|100%|HS|  |TAMS 0x0000000082400000, 0x0000000082300000| Complete 
|  36|0x0000000082400000, 0x0000000082500000, 0x0000000082500000|100%|HC|  |TAMS 0x0000000082500000, 0x0000000082400000| Complete 
|  37|0x0000000082500000, 0x0000000082600000, 0x0000000082600000|100%|HS|  |TAMS 0x0000000082600000, 0x0000000082500000| Complete 
|  38|0x0000000082600000, 0x0000000082700000, 0x0000000082700000|100%| O|  |TAMS 0x0000000082700000, 0x0000000082600000| Untracked 
|  39|0x0000000082700000, 0x0000000082800000, 0x0000000082800000|100%| O|  |TAMS 0x0000000082800000, 0x0000000082700000| Untracked 
|  40|0x0000000082800000, 0x0000000082900000, 0x0000000082900000|100%| O|  |TAMS 0x0000000082900000, 0x0000000082800000| Untracked 
|  41|0x0000000082900000, 0x0000000082a00000, 0x0000000082a00000|100%| O|  |TAMS 0x0000000082a00000, 0x0000000082900000| Untracked 
|  42|0x0000000082a00000, 0x0000000082b00000, 0x0000000082b00000|100%|HS|  |TAMS 0x0000000082b00000, 0x0000000082a00000| Complete 
|  43|0x0000000082b00000, 0x0000000082c00000, 0x0000000082c00000|100%|HC|  |TAMS 0x0000000082c00000, 0x0000000082b00000| Complete 
|  44|0x0000000082c00000, 0x0000000082d00000, 0x0000000082d00000|100%|HC|  |TAMS 0x0000000082d00000, 0x0000000082c00000| Complete 
|  45|0x0000000082d00000, 0x0000000082e00000, 0x0000000082e00000|100%|HC|  |TAMS 0x0000000082e00000, 0x0000000082d00000| Complete 
|  46|0x0000000082e00000, 0x0000000082f00000, 0x0000000082f00000|100%| O|  |TAMS 0x0000000082f00000, 0x0000000082e00000| Untracked 
|  47|0x0000000082f00000, 0x0000000083000000, 0x0000000083000000|100%| O|  |TAMS 0x0000000083000000, 0x0000000082f00000| Untracked 
|  48|0x0000000083000000, 0x0000000083100000, 0x0000000083100000|100%| O|  |TAMS 0x0000000083100000, 0x0000000083000000| Untracked 
|  49|0x0000000083100000, 0x0000000083200000, 0x0000000083200000|100%| O|  |TAMS 0x0000000083200000, 0x0000000083100000| Untracked 
|  50|0x0000000083200000, 0x0000000083300000, 0x0000000083300000|100%| O|  |TAMS 0x0000000083300000, 0x0000000083200000| Untracked 
|  51|0x0000000083300000, 0x0000000083300000, 0x0000000083400000|  0%| F|  |TAMS 0x0000000083300000, 0x0000000083300000| Untracked 
|  52|0x0000000083400000, 0x0000000083500000, 0x0000000083500000|100%| O|  |TAMS 0x0000000083500000, 0x0000000083400000| Untracked 
|  53|0x0000000083500000, 0x0000000083600000, 0x0000000083600000|100%| O|  |TAMS 0x0000000083600000, 0x0000000083500000| Untracked 
|  54|0x0000000083600000, 0x0000000083700000, 0x0000000083700000|100%| O|  |TAMS 0x0000000083700000, 0x0000000083600000| Untracked 
|  55|0x0000000083700000, 0x0000000083800000, 0x0000000083800000|100%| O|  |TAMS 0x000000008375d800, 0x0000000083700000| Untracked 
|  56|0x0000000083800000, 0x0000000083900000, 0x0000000083900000|100%| O|  |TAMS 0x0000000083800000, 0x0000000083800000| Untracked 
|  57|0x0000000083900000, 0x0000000083a00000, 0x0000000083a00000|100%| O|  |TAMS 0x0000000083900000, 0x0000000083900000| Untracked 
|  58|0x0000000083a00000, 0x0000000083a1be00, 0x0000000083b00000| 10%| O|  |TAMS 0x0000000083a00000, 0x0000000083a00000| Untracked 
|  59|0x0000000083b00000, 0x0000000083b00000, 0x0000000083c00000|  0%| F|  |TAMS 0x0000000083b00000, 0x0000000083b00000| Untracked 
|  60|0x0000000083c00000, 0x0000000083c00000, 0x0000000083d00000|  0%| F|  |TAMS 0x0000000083c00000, 0x0000000083c00000| Untracked 
|  61|0x0000000083d00000, 0x0000000083e00000, 0x0000000083e00000|100%| O|  |TAMS 0x0000000083d00000, 0x0000000083d00000| Untracked 
|  62|0x0000000083e00000, 0x0000000083e00000, 0x0000000083f00000|  0%| F|  |TAMS 0x0000000083e00000, 0x0000000083e00000| Untracked 
|  63|0x0000000083f00000, 0x0000000083f00000, 0x0000000084000000|  0%| F|  |TAMS 0x0000000083f00000, 0x0000000083f00000| Untracked 
|  64|0x0000000084000000, 0x0000000084000000, 0x0000000084100000|  0%| F|  |TAMS 0x0000000084000000, 0x0000000084000000| Untracked 
|  65|0x0000000084100000, 0x0000000084100000, 0x0000000084200000|  0%| F|  |TAMS 0x0000000084100000, 0x0000000084100000| Untracked 
|  66|0x0000000084200000, 0x0000000084200000, 0x0000000084300000|  0%| F|  |TAMS 0x0000000084200000, 0x0000000084200000| Untracked 
|  67|0x0000000084300000, 0x0000000084300000, 0x0000000084400000|  0%| F|  |TAMS 0x0000000084300000, 0x0000000084300000| Untracked 
|  68|0x0000000084400000, 0x0000000084400000, 0x0000000084500000|  0%| F|  |TAMS 0x0000000084400000, 0x0000000084400000| Untracked 
|  69|0x0000000084500000, 0x0000000084500000, 0x0000000084600000|  0%| F|  |TAMS 0x0000000084500000, 0x0000000084500000| Untracked 
|  70|0x0000000084600000, 0x0000000084600000, 0x0000000084700000|  0%| F|  |TAMS 0x0000000084600000, 0x0000000084600000| Untracked 
|  71|0x0000000084700000, 0x0000000084700000, 0x0000000084800000|  0%| F|  |TAMS 0x0000000084700000, 0x0000000084700000| Untracked 
|  72|0x0000000084800000, 0x0000000084800000, 0x0000000084900000|  0%| F|  |TAMS 0x0000000084800000, 0x0000000084800000| Untracked 
|  73|0x0000000084900000, 0x0000000084900000, 0x0000000084a00000|  0%| F|  |TAMS 0x0000000084900000, 0x0000000084900000| Untracked 
|  74|0x0000000084a00000, 0x0000000084a00000, 0x0000000084b00000|  0%| F|  |TAMS 0x0000000084a00000, 0x0000000084a00000| Untracked 
|  75|0x0000000084b00000, 0x0000000084b00000, 0x0000000084c00000|  0%| F|  |TAMS 0x0000000084b00000, 0x0000000084b00000| Untracked 
|  76|0x0000000084c00000, 0x0000000084c00000, 0x0000000084d00000|  0%| F|  |TAMS 0x0000000084c00000, 0x0000000084c00000| Untracked 
|  77|0x0000000084d00000, 0x0000000084d00000, 0x0000000084e00000|  0%| F|  |TAMS 0x0000000084d00000, 0x0000000084d00000| Untracked 
|  78|0x0000000084e00000, 0x0000000084e00000, 0x0000000084f00000|  0%| F|  |TAMS 0x0000000084e00000, 0x0000000084e00000| Untracked 
|  79|0x0000000084f00000, 0x0000000084f00000, 0x0000000085000000|  0%| F|  |TAMS 0x0000000084f00000, 0x0000000084f00000| Untracked 
|  80|0x0000000085000000, 0x0000000085000000, 0x0000000085100000|  0%| F|  |TAMS 0x0000000085000000, 0x0000000085000000| Untracked 
|  81|0x0000000085100000, 0x0000000085100000, 0x0000000085200000|  0%| F|  |TAMS 0x0000000085100000, 0x0000000085100000| Untracked 
|  82|0x0000000085200000, 0x0000000085200000, 0x0000000085300000|  0%| F|  |TAMS 0x0000000085200000, 0x0000000085200000| Untracked 
|  83|0x0000000085300000, 0x0000000085300000, 0x0000000085400000|  0%| F|  |TAMS 0x0000000085300000, 0x0000000085300000| Untracked 
|  84|0x0000000085400000, 0x0000000085400000, 0x0000000085500000|  0%| F|  |TAMS 0x0000000085400000, 0x0000000085400000| Untracked 
|  85|0x0000000085500000, 0x0000000085500000, 0x0000000085600000|  0%| F|  |TAMS 0x0000000085500000, 0x0000000085500000| Untracked 
|  86|0x0000000085600000, 0x0000000085600000, 0x0000000085700000|  0%| F|  |TAMS 0x0000000085600000, 0x0000000085600000| Untracked 
|  87|0x0000000085700000, 0x0000000085700000, 0x0000000085800000|  0%| F|  |TAMS 0x0000000085700000, 0x0000000085700000| Untracked 
|  88|0x0000000085800000, 0x0000000085800000, 0x0000000085900000|  0%| F|  |TAMS 0x0000000085800000, 0x0000000085800000| Untracked 
|  89|0x0000000085900000, 0x0000000085900000, 0x0000000085a00000|  0%| F|  |TAMS 0x0000000085900000, 0x0000000085900000| Untracked 
|  90|0x0000000085a00000, 0x0000000085a00000, 0x0000000085b00000|  0%| F|  |TAMS 0x0000000085a00000, 0x0000000085a00000| Untracked 
|  91|0x0000000085b00000, 0x0000000085b00000, 0x0000000085c00000|  0%| F|  |TAMS 0x0000000085b00000, 0x0000000085b00000| Untracked 
|  92|0x0000000085c00000, 0x0000000085c00000, 0x0000000085d00000|  0%| F|  |TAMS 0x0000000085c00000, 0x0000000085c00000| Untracked 
|  93|0x0000000085d00000, 0x0000000085d00000, 0x0000000085e00000|  0%| F|  |TAMS 0x0000000085d00000, 0x0000000085d00000| Untracked 
|  94|0x0000000085e00000, 0x0000000085e00000, 0x0000000085f00000|  0%| F|  |TAMS 0x0000000085e00000, 0x0000000085e00000| Untracked 
|  95|0x0000000085f00000, 0x0000000085f00000, 0x0000000086000000|  0%| F|  |TAMS 0x0000000085f00000, 0x0000000085f00000| Untracked 
|  96|0x0000000086000000, 0x0000000086000000, 0x0000000086100000|  0%| F|  |TAMS 0x0000000086000000, 0x0000000086000000| Untracked 
|  97|0x0000000086100000, 0x0000000086100000, 0x0000000086200000|  0%| F|  |TAMS 0x0000000086100000, 0x0000000086100000| Untracked 
|  98|0x0000000086200000, 0x0000000086200000, 0x0000000086300000|  0%| F|  |TAMS 0x0000000086200000, 0x0000000086200000| Untracked 
|  99|0x0000000086300000, 0x0000000086300000, 0x0000000086400000|  0%| F|  |TAMS 0x0000000086300000, 0x0000000086300000| Untracked 
| 100|0x0000000086400000, 0x0000000086400000, 0x0000000086500000|  0%| F|  |TAMS 0x0000000086400000, 0x0000000086400000| Untracked 
| 101|0x0000000086500000, 0x0000000086500000, 0x0000000086600000|  0%| F|  |TAMS 0x0000000086500000, 0x0000000086500000| Untracked 
| 102|0x0000000086600000, 0x0000000086600000, 0x0000000086700000|  0%| F|  |TAMS 0x0000000086600000, 0x0000000086600000| Untracked 
| 103|0x0000000086700000, 0x0000000086700000, 0x0000000086800000|  0%| F|  |TAMS 0x0000000086700000, 0x0000000086700000| Untracked 
| 104|0x0000000086800000, 0x0000000086800000, 0x0000000086900000|  0%| F|  |TAMS 0x0000000086800000, 0x0000000086800000| Untracked 
| 105|0x0000000086900000, 0x0000000086900000, 0x0000000086a00000|  0%| F|  |TAMS 0x0000000086900000, 0x0000000086900000| Untracked 
| 106|0x0000000086a00000, 0x0000000086a00000, 0x0000000086b00000|  0%| F|  |TAMS 0x0000000086a00000, 0x0000000086a00000| Untracked 
| 107|0x0000000086b00000, 0x0000000086b00000, 0x0000000086c00000|  0%| F|  |TAMS 0x0000000086b00000, 0x0000000086b00000| Untracked 
| 108|0x0000000086c00000, 0x0000000086c00000, 0x0000000086d00000|  0%| F|  |TAMS 0x0000000086c00000, 0x0000000086c00000| Untracked 
| 109|0x0000000086d00000, 0x0000000086d00000, 0x0000000086e00000|  0%| F|  |TAMS 0x0000000086d00000, 0x0000000086d00000| Untracked 
| 110|0x0000000086e00000, 0x0000000086e00000, 0x0000000086f00000|  0%| F|  |TAMS 0x0000000086e00000, 0x0000000086e00000| Untracked 
| 111|0x0000000086f00000, 0x0000000086f00000, 0x0000000087000000|  0%| F|  |TAMS 0x0000000086f00000, 0x0000000086f00000| Untracked 
| 112|0x0000000087000000, 0x0000000087000000, 0x0000000087100000|  0%| F|  |TAMS 0x0000000087000000, 0x0000000087000000| Untracked 
| 113|0x0000000087100000, 0x0000000087100000, 0x0000000087200000|  0%| F|  |TAMS 0x0000000087100000, 0x0000000087100000| Untracked 
| 114|0x0000000087200000, 0x0000000087200000, 0x0000000087300000|  0%| F|  |TAMS 0x0000000087200000, 0x0000000087200000| Untracked 
| 115|0x0000000087300000, 0x0000000087300000, 0x0000000087400000|  0%| F|  |TAMS 0x0000000087300000, 0x0000000087300000| Untracked 
| 116|0x0000000087400000, 0x000000008745fec0, 0x0000000087500000| 37%| S|CS|TAMS 0x0000000087400000, 0x0000000087400000| Complete 
| 117|0x0000000087500000, 0x0000000087500000, 0x0000000087600000|  0%| F|  |TAMS 0x0000000087500000, 0x0000000087500000| Untracked 
| 118|0x0000000087600000, 0x0000000087600000, 0x0000000087700000|  0%| F|  |TAMS 0x0000000087600000, 0x0000000087600000| Untracked 

Card table byte_map: [0x0000029f18930000,0x0000029f18d30000] _byte_map_base: 0x0000029f18530000

Marking Bits (Prev, Next): (CMBitMap*) 0x0000029f05d9b090, (CMBitMap*) 0x0000029f05d9b050
 Prev Bits: [0x0000029f1b130000, 0x0000029f1d130000)
 Next Bits: [0x0000029f19130000, 0x0000029f1b130000)

Polling page: 0x0000029f03d00000

Metaspace:

Usage:
  Non-class:     56.21 MB used.
      Class:      8.55 MB used.
       Both:     64.76 MB used.

Virtual space:
  Non-class space:       64.00 MB reserved,      56.50 MB ( 88%) committed,  8 nodes.
      Class space:        1.00 GB reserved,       8.81 MB ( <1%) committed,  1 nodes.
             Both:        1.06 GB reserved,      65.31 MB (  6%) committed. 

Chunk freelists:
   Non-Class:  3.31 MB
       Class:  3.02 MB
        Both:  6.33 MB

MaxMetaspaceSize: unlimited
CompressedClassSpaceSize: 1.00 GB
Initial GC threshold: 21.00 MB
Current GC threshold: 107.19 MB
CDS: off
MetaspaceReclaimPolicy: balanced
 - commit_granule_bytes: 65536.
 - commit_granule_words: 8192.
 - virtual_space_node_default_size: 1048576.
 - enlarge_chunks_in_place: 1.
 - new_chunks_are_fully_committed: 0.
 - uncommit_free_chunks: 1.
 - use_allocation_guard: 0.
 - handle_deallocations: 1.


Internal statistics:

num_allocs_failed_limit: 6.
num_arena_births: 704.
num_arena_deaths: 0.
num_vsnodes_births: 9.
num_vsnodes_deaths: 0.
num_space_committed: 1045.
num_space_uncommitted: 0.
num_chunks_returned_to_freelist: 6.
num_chunks_taken_from_freelist: 2860.
num_chunk_merges: 6.
num_chunk_splits: 1921.
num_chunks_enlarged: 1321.
num_purges: 0.
num_inconsistent_stats: 0.

CodeHeap 'non-profiled nmethods': size=120000Kb used=3112Kb max_used=3112Kb free=116887Kb
 bounds [0x0000029f10cd0000, 0x0000029f10fe0000, 0x0000029f18200000]
CodeHeap 'profiled nmethods': size=120000Kb used=12982Kb max_used=12982Kb free=107017Kb
 bounds [0x0000029f09200000, 0x0000029f09eb0000, 0x0000029f10730000]
CodeHeap 'non-nmethods': size=5760Kb used=2354Kb max_used=2397Kb free=3405Kb
 bounds [0x0000029f10730000, 0x0000029f109a0000, 0x0000029f10cd0000]
 total_blobs=7460 nmethods=6582 adapters=790
 compilation: enabled
              stopped_count=0, restarted_count=0
 full_count=0

Compilation events (20 events):
Event: 22.860 Thread 0x0000029f20433b10 6672       2       java.util.stream.AbstractPipeline::close (48 bytes)
Event: 22.861 Thread 0x0000029f20433b10 nmethod 6672 0x0000029f09eaa410 code [0x0000029f09eaa5c0, 0x0000029f09eaa788]
Event: 22.861 Thread 0x0000029f20433b10 6673       2       java.lang.invoke.LambdaForm$MH/0x0000000100192400::invoke (27 bytes)
Event: 22.861 Thread 0x0000029f20433b10 nmethod 6673 0x0000029f09eaa890 code [0x0000029f09eaaa40, 0x0000029f09eaabd8]
Event: 22.861 Thread 0x0000029f20433b10 6674       2       org.gradle.cache.internal.DefaultCrossBuildInMemoryCacheFactory$DefaultClassMap::maybeGetRetainedValue (9 bytes)
Event: 22.861 Thread 0x0000029f20433b10 nmethod 6674 0x0000029f09eaad10 code [0x0000029f09eaaec0, 0x0000029f09eab038]
Event: 22.861 Thread 0x0000029f20433b10 6675       2       org.gradle.cache.internal.DefaultCrossBuildInMemoryCacheFactory$DefaultClassMap::maybeGetRetainedValue (12 bytes)
Event: 22.862 Thread 0x0000029f20433b10 nmethod 6675 0x0000029f09eab110 code [0x0000029f09eab2e0, 0x0000029f09eab5d8]
Event: 22.867 Thread 0x0000029f20433b10 6676       2       java.lang.reflect.Constructor::getGenericParameterTypes (5 bytes)
Event: 22.868 Thread 0x0000029f20433b10 nmethod 6676 0x0000029f09eab790 code [0x0000029f09eab980, 0x0000029f09eabef8]
Event: 22.868 Thread 0x0000029f20433b10 6677       2       org.gradle.cache.internal.DefaultCrossBuildInMemoryCacheFactory$DefaultClassMap::retainValue (10 bytes)
Event: 22.869 Thread 0x0000029f20433b10 nmethod 6677 0x0000029f09eac110 code [0x0000029f09eac2c0, 0x0000029f09eac458]
Event: 22.869 Thread 0x0000029f20433b10 6678       2       org.gradle.cache.internal.DefaultCrossBuildInMemoryCacheFactory$DefaultClassMap::retainValue (14 bytes)
Event: 22.869 Thread 0x0000029f20433b10 nmethod 6678 0x0000029f09eac590 code [0x0000029f09eac760, 0x0000029f09eaca98]
Event: 22.873 Thread 0x0000029f20433b10 6679       3       java.util.regex.Matcher::search (154 bytes)
Event: 22.874 Thread 0x0000029f20433b10 nmethod 6679 0x0000029f09eacc90 code [0x0000029f09eace80, 0x0000029f09ead448]
Event: 22.874 Thread 0x0000029f20433b10 6680       1       org.gradle.model.internal.asm.AsmClassGenerator::getVisitor (5 bytes)
Event: 22.874 Thread 0x0000029f20433b10 nmethod 6680 0x0000029f10fda090 code [0x0000029f10fda220, 0x0000029f10fda2f8]
Event: 22.874 Thread 0x0000029f20433b10 6681       2       org.gradle.internal.instantiation.generator.AsmBackedClassGenerator$ClassBuilderImpl::access$6200 (4 bytes)
Event: 22.874 Thread 0x0000029f20433b10 nmethod 6681 0x0000029f09ead690 code [0x0000029f09ead820, 0x0000029f09ead918]

GC Heap History (20 events):
Event: 14.924 GC heap after
{Heap after GC invocations=12 (full 0):
 garbage-first heap   total 86016K, used 34140K [0x0000000080000000, 0x0000000100000000)
  region size 1024K, 4 young (4096K), 4 survivors (4096K)
 Metaspace       used 50045K, committed 50496K, reserved 1097728K
  class space    used 6687K, committed 6912K, reserved 1048576K
}
Event: 17.194 GC heap before
{Heap before GC invocations=12 (full 0):
 garbage-first heap   total 86016K, used 65884K [0x0000000080000000, 0x0000000100000000)
  region size 1024K, 35 young (35840K), 4 survivors (4096K)
 Metaspace       used 52971K, committed 53504K, reserved 1097728K
  class space    used 7087K, committed 7296K, reserved 1048576K
}
Event: 17.205 GC heap after
{Heap after GC invocations=13 (full 0):
 garbage-first heap   total 86016K, used 36751K [0x0000000080000000, 0x0000000100000000)
  region size 1024K, 5 young (5120K), 5 survivors (5120K)
 Metaspace       used 52971K, committed 53504K, reserved 1097728K
  class space    used 7087K, committed 7296K, reserved 1048576K
}
Event: 18.792 GC heap before
{Heap before GC invocations=13 (full 0):
 garbage-first heap   total 86016K, used 67471K [0x0000000080000000, 0x0000000100000000)
  region size 1024K, 31 young (31744K), 5 survivors (5120K)
 Metaspace       used 53609K, committed 54080K, reserved 1097728K
  class space    used 7144K, committed 7360K, reserved 1048576K
}
Event: 18.803 GC heap after
{Heap after GC invocations=14 (full 0):
 garbage-first heap   total 86016K, used 46719K [0x0000000080000000, 0x0000000100000000)
  region size 1024K, 5 young (5120K), 5 survivors (5120K)
 Metaspace       used 53609K, committed 54080K, reserved 1097728K
  class space    used 7144K, committed 7360K, reserved 1048576K
}
Event: 19.678 GC heap before
{Heap before GC invocations=15 (full 0):
 garbage-first heap   total 91136K, used 70271K [0x0000000080000000, 0x0000000100000000)
  region size 1024K, 24 young (24576K), 5 survivors (5120K)
 Metaspace       used 55642K, committed 56064K, reserved 1097728K
  class space    used 7425K, committed 7616K, reserved 1048576K
}
Event: 19.687 GC heap after
{Heap after GC invocations=16 (full 0):
 garbage-first heap   total 91136K, used 54470K [0x0000000080000000, 0x0000000100000000)
  region size 1024K, 3 young (3072K), 3 survivors (3072K)
 Metaspace       used 55642K, committed 56064K, reserved 1097728K
  class space    used 7425K, committed 7616K, reserved 1048576K
}
Event: 19.736 GC heap before
{Heap before GC invocations=16 (full 0):
 garbage-first heap   total 91136K, used 55494K [0x0000000080000000, 0x0000000100000000)
  region size 1024K, 4 young (4096K), 3 survivors (3072K)
 Metaspace       used 55765K, committed 56256K, reserved 1097728K
  class space    used 7450K, committed 7680K, reserved 1048576K
}
Event: 19.739 GC heap after
{Heap after GC invocations=17 (full 0):
 garbage-first heap   total 91136K, used 55027K [0x0000000080000000, 0x0000000100000000)
  region size 1024K, 1 young (1024K), 1 survivors (1024K)
 Metaspace       used 55765K, committed 56256K, reserved 1097728K
  class space    used 7450K, committed 7680K, reserved 1048576K
}
Event: 20.553 GC heap before
{Heap before GC invocations=17 (full 0):
 garbage-first heap   total 91136K, used 71411K [0x0000000080000000, 0x0000000100000000)
  region size 1024K, 18 young (18432K), 1 survivors (1024K)
 Metaspace       used 58847K, committed 59392K, reserved 1105920K
  class space    used 7809K, committed 8064K, reserved 1048576K
}
Event: 20.557 GC heap after
{Heap after GC invocations=18 (full 0):
 garbage-first heap   total 91136K, used 55441K [0x0000000080000000, 0x0000000100000000)
  region size 1024K, 1 young (1024K), 1 survivors (1024K)
 Metaspace       used 58847K, committed 59392K, reserved 1105920K
  class space    used 7809K, committed 8064K, reserved 1048576K
}
Event: 21.342 GC heap before
{Heap before GC invocations=19 (full 0):
 garbage-first heap   total 97280K, used 71825K [0x0000000080000000, 0x0000000100000000)
  region size 1024K, 18 young (18432K), 1 survivors (1024K)
 Metaspace       used 61299K, committed 61824K, reserved 1105920K
  class space    used 8103K, committed 8384K, reserved 1048576K
}
Event: 21.346 GC heap after
{Heap after GC invocations=20 (full 0):
 garbage-first heap   total 97280K, used 56309K [0x0000000080000000, 0x0000000100000000)
  region size 1024K, 2 young (2048K), 2 survivors (2048K)
 Metaspace       used 61299K, committed 61824K, reserved 1105920K
  class space    used 8103K, committed 8384K, reserved 1048576K
}
Event: 21.440 GC heap before
{Heap before GC invocations=20 (full 0):
 garbage-first heap   total 97280K, used 58357K [0x0000000080000000, 0x0000000100000000)
  region size 1024K, 4 young (4096K), 2 survivors (2048K)
 Metaspace       used 61529K, committed 62016K, reserved 1105920K
  class space    used 8137K, committed 8384K, reserved 1048576K
}
Event: 21.445 GC heap after
{Heap after GC invocations=21 (full 0):
 garbage-first heap   total 97280K, used 55920K [0x0000000080000000, 0x0000000100000000)
  region size 1024K, 1 young (1024K), 1 survivors (1024K)
 Metaspace       used 61529K, committed 62016K, reserved 1105920K
  class space    used 8137K, committed 8384K, reserved 1048576K
}
Event: 22.387 GC heap before
{Heap before GC invocations=21 (full 0):
 garbage-first heap   total 97280K, used 71280K [0x0000000080000000, 0x0000000100000000)
  region size 1024K, 18 young (18432K), 1 survivors (1024K)
 Metaspace       used 65259K, committed 65792K, reserved 1105920K
  class space    used 8618K, committed 8896K, reserved 1048576K
}
Event: 22.394 GC heap after
{Heap after GC invocations=22 (full 0):
 garbage-first heap   total 97280K, used 57775K [0x0000000080000000, 0x0000000100000000)
  region size 1024K, 3 young (3072K), 3 survivors (3072K)
 Metaspace       used 65259K, committed 65792K, reserved 1105920K
  class space    used 8618K, committed 8896K, reserved 1048576K
}
Event: 22.836 GC heap before
{Heap before GC invocations=23 (full 0):
 garbage-first heap   total 121856K, used 82351K [0x0000000080000000, 0x0000000100000000)
  region size 1024K, 21 young (21504K), 3 survivors (3072K)
 Metaspace       used 66150K, committed 66752K, reserved 1114112K
  class space    used 8739K, committed 9024K, reserved 1048576K
}
Event: 22.844 GC heap after
{Heap after GC invocations=24 (full 0):
 garbage-first heap   total 121856K, used 59916K [0x0000000080000000, 0x0000000100000000)
  region size 1024K, 3 young (3072K), 3 survivors (3072K)
 Metaspace       used 66150K, committed 66752K, reserved 1114112K
  class space    used 8739K, committed 9024K, reserved 1048576K
}
Event: 22.896 GC heap before
{Heap before GC invocations=24 (full 0):
 garbage-first heap   total 121856K, used 61964K [0x0000000080000000, 0x0000000100000000)
  region size 1024K, 5 young (5120K), 3 survivors (3072K)
 Metaspace       used 66317K, committed 66880K, reserved 1114112K
  class space    used 8759K, committed 9024K, reserved 1048576K
}

Dll operation events (2 events):
Event: 0.047 Loaded shared library C:\Program Files\Android\Android Studio\jbr\bin\java.dll
Event: 1.207 Loaded shared library C:\Program Files\Android\Android Studio\jbr\bin\verify.dll

Deoptimization events (20 events):
Event: 22.382 Thread 0x0000029f2125c230 DEOPT PACKING pc=0x0000029f10dc171c sp=0x000000b3692f15e0
Event: 22.382 Thread 0x0000029f2125c230 DEOPT UNPACKING pc=0x0000029f107869a3 sp=0x000000b3692f1570 mode 2
Event: 22.382 Thread 0x0000029f2125c230 Uncommon trap: trap_request=0xffffff45 fr.pc=0x0000029f10f172d8 relative=0x0000000000001598
Event: 22.382 Thread 0x0000029f2125c230 Uncommon trap: reason=unstable_if action=reinterpret pc=0x0000029f10f172d8 method=java.security.CodeSource.matchCerts(Ljava/security/CodeSource;Z)Z @ 11 c2
Event: 22.382 Thread 0x0000029f2125c230 DEOPT PACKING pc=0x0000029f10f172d8 sp=0x000000b3692f1580
Event: 22.382 Thread 0x0000029f2125c230 DEOPT UNPACKING pc=0x0000029f107869a3 sp=0x000000b3692f1400 mode 2
Event: 22.383 Thread 0x0000029f2125c230 Uncommon trap: trap_request=0xffffff45 fr.pc=0x0000029f10e995b0 relative=0x00000000000010f0
Event: 22.383 Thread 0x0000029f2125c230 Uncommon trap: reason=unstable_if action=reinterpret pc=0x0000029f10e995b0 method=java.security.CodeSource.getCertificates()[Ljava/security/cert/Certificate; @ 4 c2
Event: 22.383 Thread 0x0000029f2125c230 DEOPT PACKING pc=0x0000029f10e995b0 sp=0x000000b3692f1540
Event: 22.383 Thread 0x0000029f2125c230 DEOPT UNPACKING pc=0x0000029f107869a3 sp=0x000000b3692f14c0 mode 2
Event: 22.383 Thread 0x0000029f2125c230 Uncommon trap: trap_request=0xffffff54 fr.pc=0x0000029f10e0df80 relative=0x00000000000008a0
Event: 22.383 Thread 0x0000029f2125c230 Uncommon trap: reason=speculate_null_assert action=make_not_entrant pc=0x0000029f10e0df80 method=java.util.jar.JarFile.getVersionedEntry(Ljava/lang/String;Ljava/util/jar/JarEntry;)Ljava/util/jar/JarEntry; @ 115 c2
Event: 22.383 Thread 0x0000029f2125c230 DEOPT PACKING pc=0x0000029f10e0df80 sp=0x000000b3692f2f60
Event: 22.384 Thread 0x0000029f2125c230 DEOPT UNPACKING pc=0x0000029f107869a3 sp=0x000000b3692f2f28 mode 2
Event: 22.438 Thread 0x0000029f2125c230 Uncommon trap: trap_request=0xffffff45 fr.pc=0x0000029f10f5643c relative=0x000000000000029c
Event: 22.438 Thread 0x0000029f2125c230 Uncommon trap: reason=unstable_if action=reinterpret pc=0x0000029f10f5643c method=java.util.LinkedHashMap.get(Ljava/lang/Object;)Ljava/lang/Object; @ 16 c2
Event: 22.438 Thread 0x0000029f2125c230 DEOPT PACKING pc=0x0000029f10f5643c sp=0x000000b3692f2720
Event: 22.438 Thread 0x0000029f2125c230 DEOPT UNPACKING pc=0x0000029f107869a3 sp=0x000000b3692f26d8 mode 2
Event: 22.512 Thread 0x0000029f2125c230 DEOPT PACKING pc=0x0000029f09e77886 sp=0x000000b3692f1f50
Event: 22.512 Thread 0x0000029f2125c230 DEOPT UNPACKING pc=0x0000029f10787143 sp=0x000000b3692f13d0 mode 0

Classes unloaded (0 events):
No events

Classes redefined (0 events):
No events

Internal exceptions (20 events):
Event: 17.983 Thread 0x0000029f2125c230 Exception <a 'java/lang/NoSuchMethodError'{0x000000008453e568}: 'long java.lang.invoke.DirectMethodHandle$Holder.invokeVirtual(java.lang.Object, java.lang.Object)'> (0x000000008453e568) 
thrown [s\src\hotspot\share\interpreter\linkResolver.cpp, line 771]
Event: 18.004 Thread 0x0000029f2125cbd0 Exception <a 'java/lang/NoSuchMethodError'{0x0000000084587e10}: static Lorg/gradle/internal/build/event/types/DefaultOperationFinishedProgressEvent;.<clinit>()V> (0x0000000084587e10) 
thrown [s\src\hotspot\share\prims\jni.cpp, line 1108]
Event: 18.013 Thread 0x0000029f2125cbd0 Exception <a 'java/lang/NoSuchMethodError'{0x00000000845abfc0}: static Lorg/gradle/internal/build/event/types/DefaultProjectConfigurationSuccessResult;.<clinit>()V> (0x00000000845abfc0) 
thrown [s\src\hotspot\share\prims\jni.cpp, line 1108]
Event: 18.014 Thread 0x0000029f2125cbd0 Exception <a 'java/lang/NoSuchMethodError'{0x00000000845ad078}: static Lorg/gradle/internal/build/event/types/AbstractProjectConfigurationResult;.<clinit>()V> (0x00000000845ad078) 
thrown [s\src\hotspot\share\prims\jni.cpp, line 1108]
Event: 18.016 Thread 0x0000029f2125cbd0 Exception <a 'java/lang/NoSuchMethodError'{0x00000000845ae5b0}: static Lorg/gradle/internal/build/event/types/AbstractOperationResult;.<clinit>()V> (0x00000000845ae5b0) 
thrown [s\src\hotspot\share\prims\jni.cpp, line 1108]
Event: 18.017 Thread 0x0000029f2125cbd0 Exception <a 'java/lang/NoSuchMethodError'{0x00000000845af7c0}: static Lorg/gradle/internal/build/event/types/AbstractResult;.<clinit>()V> (0x00000000845af7c0) 
thrown [s\src\hotspot\share\prims\jni.cpp, line 1108]
Event: 18.020 Thread 0x0000029f2125cbd0 Exception <a 'java/lang/NoSuchMethodError'{0x00000000845c4518}: static Lorg/gradle/internal/build/event/types/DefaultPluginApplicationResult;.<clinit>()V> (0x00000000845c4518) 
thrown [s\src\hotspot\share\prims\jni.cpp, line 1108]
Event: 18.022 Thread 0x0000029f2125cbd0 Exception <a 'java/lang/NoSuchMethodError'{0x00000000845cf818}: static Lorg/gradle/internal/build/event/types/DefaultBinaryPluginIdentifier;.<clinit>()V> (0x00000000845cf818) 
thrown [s\src\hotspot\share\prims\jni.cpp, line 1108]
Event: 18.027 Thread 0x0000029f2125cbd0 Exception <a 'java/lang/NoSuchMethodError'{0x0000000084406b28}: static Lorg/gradle/internal/build/event/types/DefaultScriptPluginIdentifier;.<clinit>()V> (0x0000000084406b28) 
thrown [s\src\hotspot\share\prims\jni.cpp, line 1108]
Event: 18.494 Thread 0x0000029f2125c230 Implicit null exception at 0x0000029f10f0bc0f to 0x0000029f10f0c314
Event: 18.494 Thread 0x0000029f2125c230 Implicit null exception at 0x0000029f10f0cf14 to 0x0000029f10f0d5e4
Event: 19.013 Thread 0x0000029f2125c230 Exception <a 'java/lang/ClassNotFoundException'{0x000000008551f688}: org/gradle/api/internal/plugins/DefaultObjectConfigurationActionBeanInfo> (0x000000008551f688) 
thrown [s\src\hotspot\share\classfile\systemDictionary.cpp, line 256]
Event: 19.015 Thread 0x0000029f2125c230 Exception <a 'java/lang/ClassNotFoundException'{0x0000000085533470}: org/gradle/api/internal/plugins/DefaultObjectConfigurationActionCustomizer> (0x0000000085533470) 
thrown [s\src\hotspot\share\classfile\systemDictionary.cpp, line 256]
Event: 19.488 Thread 0x0000029f2125c230 Exception <a 'java/lang/NoSuchMethodError'{0x0000000084af3ee0}: 'java.lang.Object java.lang.invoke.DirectMethodHandle$Holder.newInvokeSpecial(java.lang.Object, java.lang.Object, java.lang.Object, java.lang.Object, int)'> (0x0000000084af3ee0) 
thrown [s\src\hotspot\share\interpreter\linkResolver.cpp, line 771]
Event: 19.490 Thread 0x0000029f2125c230 Exception <a 'java/lang/NoSuchMethodError'{0x0000000084af9328}: 'java.lang.Object java.lang.invoke.DirectMethodHandle$Holder.invokeSpecial(java.lang.Object, java.lang.Object, java.lang.Object, java.lang.Object, java.lang.Object, int)'> (0x0000000084af9328) 
thrown [s\src\hotspot\share\interpreter\linkResolver.cpp, line 771]
Event: 19.491 Thread 0x0000029f2125c230 Exception <a 'java/lang/NoSuchMethodError'{0x0000000084afe0a8}: 'java.lang.Object java.lang.invoke.Invokers$Holder.linkToTargetMethod(java.lang.Object, java.lang.Object, java.lang.Object, int, java.lang.Object)'> (0x0000000084afe0a8) 
thrown [s\src\hotspot\share\interpreter\linkResolver.cpp, line 771]
Event: 20.093 Thread 0x0000029f2125c230 Exception <a 'java/lang/NoSuchMethodError'{0x00000000850a00a8}: 'int java.lang.invoke.DirectMethodHandle$Holder.invokeInterface(java.lang.Object, java.lang.Object, java.lang.Object, java.lang.Object)'> (0x00000000850a00a8) 
thrown [s\src\hotspot\share\interpreter\linkResolver.cpp, line 771]
Event: 21.645 Thread 0x0000029f2125c230 Exception <a 'java/lang/IncompatibleClassChangeError'{0x0000000085a28cf8}: Found class java.lang.Object, but interface was expected> (0x0000000085a28cf8) 
thrown [s\src\hotspot\share\interpreter\linkResolver.cpp, line 838]
Event: 22.238 Thread 0x0000029f2125c230 Implicit null exception at 0x0000029f10e4368c to 0x0000029f10e437be
Event: 22.580 Thread 0x0000029f2125c230 Exception <a 'sun/nio/fs/WindowsException'{0x00000000874c2878}> (0x00000000874c2878) 
thrown [s\src\hotspot\share\prims\jni.cpp, line 517]

VM Operations (20 events):
Event: 20.639 Executing VM operation: G1Concurrent done
Event: 20.666 Executing VM operation: G1Concurrent
Event: 20.666 Executing VM operation: G1Concurrent done
Event: 21.342 Executing VM operation: G1CollectForAllocation
Event: 21.347 Executing VM operation: G1CollectForAllocation done
Event: 21.440 Executing VM operation: G1CollectForAllocation
Event: 21.445 Executing VM operation: G1CollectForAllocation done
Event: 22.158 Executing VM operation: HandshakeAllThreads
Event: 22.158 Executing VM operation: HandshakeAllThreads done
Event: 22.258 Executing VM operation: HandshakeAllThreads
Event: 22.259 Executing VM operation: HandshakeAllThreads done
Event: 22.387 Executing VM operation: G1TryInitiateConcMark
Event: 22.394 Executing VM operation: G1TryInitiateConcMark done
Event: 22.480 Executing VM operation: G1Concurrent
Event: 22.487 Executing VM operation: G1Concurrent done
Event: 22.516 Executing VM operation: G1Concurrent
Event: 22.516 Executing VM operation: G1Concurrent done
Event: 22.836 Executing VM operation: G1CollectForAllocation
Event: 22.844 Executing VM operation: G1CollectForAllocation done
Event: 22.896 Executing VM operation: G1CollectForAllocation

Events (20 events):
Event: 22.314 loading class java/security/cert/CertPathValidatorException$Reason done
Event: 22.314 loading class java/security/cert/CertPathValidatorException$BasicReason done
Event: 22.314 loading class java/security/SignatureException
Event: 22.314 loading class java/security/SignatureException done
Event: 22.320 loading class sun/security/rsa/RSASignature$SHA256withRSA
Event: 22.321 loading class sun/security/rsa/RSASignature$SHA256withRSA done
Event: 22.325 loading class sun/security/provider/DSA$SHA256withDSA
Event: 22.325 loading class sun/security/provider/DSA$SHA256withDSA done
Event: 22.371 loading class java/util/Base64
Event: 22.372 loading class java/util/Base64 done
Event: 22.372 loading class java/util/Base64$Decoder
Event: 22.373 loading class java/util/Base64$Decoder done
Event: 22.373 loading class java/util/Base64$Encoder
Event: 22.373 loading class java/util/Base64$Encoder done
Event: 22.376 loading class java/util/jar/JarVerifier$VerifierStream
Event: 22.377 loading class java/util/jar/JarVerifier$VerifierStream done
Event: 22.377 loading class sun/security/util/ManifestEntryVerifier$SunProviderHolder
Event: 22.378 loading class sun/security/util/ManifestEntryVerifier$SunProviderHolder done
Event: 22.580 loading class sun/nio/fs/WindowsException
Event: 22.580 loading class sun/nio/fs/WindowsException done


Dynamic libraries:
0x00007ff7612d0000 - 0x00007ff7612da000 	C:\Program Files\Android\Android Studio\jbr\bin\java.exe
0x00007ff95c970000 - 0x00007ff95cb87000 	C:\WINDOWS\SYSTEM32\ntdll.dll
0x00007ff95b880000 - 0x00007ff95b944000 	C:\WINDOWS\System32\KERNEL32.DLL
0x00007ff95a0a0000 - 0x00007ff95a457000 	C:\WINDOWS\System32\KERNELBASE.dll
0x00007ff95a580000 - 0x00007ff95a691000 	C:\WINDOWS\System32\ucrtbase.dll
0x00007ff93b980000 - 0x00007ff93b997000 	C:\Program Files\Android\Android Studio\jbr\bin\jli.dll
0x00007ff93b700000 - 0x00007ff93b71b000 	C:\Program Files\Android\Android Studio\jbr\bin\VCRUNTIME140.dll
0x00007ff95c780000 - 0x00007ff95c92f000 	C:\WINDOWS\System32\USER32.dll
0x00007ff959c80000 - 0x00007ff959ca6000 	C:\WINDOWS\System32\win32u.dll
0x00007ff93fab0000 - 0x00007ff93fd43000 	C:\WINDOWS\WinSxS\amd64_microsoft.windows.common-controls_6595b64144ccf1df_6.0.22621.3672_none_2713b9d173822955\COMCTL32.dll
0x00007ff95c010000 - 0x00007ff95c039000 	C:\WINDOWS\System32\GDI32.dll
0x00007ff95ab40000 - 0x00007ff95abe7000 	C:\WINDOWS\System32\msvcrt.dll
0x00007ff959cb0000 - 0x00007ff959dc8000 	C:\WINDOWS\System32\gdi32full.dll
0x00007ff959e90000 - 0x00007ff959f2a000 	C:\WINDOWS\System32\msvcp_win.dll
0x00007ff95a720000 - 0x00007ff95a751000 	C:\WINDOWS\System32\IMM32.DLL
0x00007ff956500000 - 0x00007ff95650c000 	C:\Program Files\Android\Android Studio\jbr\bin\vcruntime140_1.dll
0x00007ff90e370000 - 0x00007ff90e3fd000 	C:\Program Files\Android\Android Studio\jbr\bin\msvcp140.dll
0x00007ff8dbf20000 - 0x00007ff8dcb8e000 	C:\Program Files\Android\Android Studio\jbr\bin\server\jvm.dll
0x00007ff95baf0000 - 0x00007ff95bba2000 	C:\WINDOWS\System32\ADVAPI32.dll
0x00007ff95bbb0000 - 0x00007ff95bc58000 	C:\WINDOWS\System32\sechost.dll
0x00007ff95a460000 - 0x00007ff95a488000 	C:\WINDOWS\System32\bcrypt.dll
0x00007ff95bce0000 - 0x00007ff95bdf4000 	C:\WINDOWS\System32\RPCRT4.dll
0x00007ff9559d0000 - 0x00007ff955a04000 	C:\WINDOWS\SYSTEM32\WINMM.dll
0x00007ff943f30000 - 0x00007ff943f39000 	C:\WINDOWS\SYSTEM32\WSOCK32.dll
0x00007ff95bc60000 - 0x00007ff95bcd1000 	C:\WINDOWS\System32\WS2_32.dll
0x00007ff951fd0000 - 0x00007ff951fda000 	C:\WINDOWS\SYSTEM32\VERSION.dll
0x00007ff958cd0000 - 0x00007ff958ce8000 	C:\WINDOWS\SYSTEM32\kernel.appcore.dll
0x00007ff954250000 - 0x00007ff95425a000 	C:\Program Files\Android\Android Studio\jbr\bin\jimage.dll
0x00007ff9576f0000 - 0x00007ff957922000 	C:\WINDOWS\SYSTEM32\DBGHELP.DLL
0x00007ff95ac80000 - 0x00007ff95b00e000 	C:\WINDOWS\System32\combase.dll
0x00007ff95a950000 - 0x00007ff95aa27000 	C:\WINDOWS\System32\OLEAUT32.dll
0x00007ff949ba0000 - 0x00007ff949bd2000 	C:\WINDOWS\SYSTEM32\dbgcore.DLL
0x00007ff95a500000 - 0x00007ff95a57b000 	C:\WINDOWS\System32\bcryptPrimitives.dll
0x00007ff937740000 - 0x00007ff937765000 	C:\Program Files\Android\Android Studio\jbr\bin\java.dll
0x00007ff937720000 - 0x00007ff937738000 	C:\Program Files\Android\Android Studio\jbr\bin\zip.dll
0x00007ff95b010000 - 0x00007ff95b879000 	C:\WINDOWS\System32\SHELL32.dll
0x00007ff957bf0000 - 0x00007ff9584ef000 	C:\WINDOWS\SYSTEM32\windows.storage.dll
0x00007ff957ab0000 - 0x00007ff957bef000 	C:\WINDOWS\SYSTEM32\wintypes.dll
0x00007ff95b950000 - 0x00007ff95ba49000 	C:\WINDOWS\System32\SHCORE.dll
0x00007ff95a8f0000 - 0x00007ff95a94e000 	C:\WINDOWS\System32\shlwapi.dll
0x00007ff959bb0000 - 0x00007ff959bd7000 	C:\WINDOWS\SYSTEM32\profapi.dll
0x00007ff937700000 - 0x00007ff937719000 	C:\Program Files\Android\Android Studio\jbr\bin\net.dll
0x00007ff9555e0000 - 0x00007ff955716000 	C:\WINDOWS\SYSTEM32\WINHTTP.dll
0x00007ff959140000 - 0x00007ff9591a9000 	C:\WINDOWS\system32\mswsock.dll
0x00007ff933e50000 - 0x00007ff933e66000 	C:\Program Files\Android\Android Studio\jbr\bin\nio.dll
0x00007ff954220000 - 0x00007ff954230000 	C:\Program Files\Android\Android Studio\jbr\bin\verify.dll
0x00007ff9261b0000 - 0x00007ff9261d7000 	C:\Users\user\.gradle\native\68d5fa5c4cc2d200863cafc0d521ce42e7d3e7ee720ec0a83991735586a16f82\windows-amd64\native-platform.dll
0x00007ff90e220000 - 0x00007ff90e364000 	C:\Users\user\.gradle\native\e376f236ea51e6404a007f0833ffe2c6e607c4080706a723a18a27aeea778392\windows-amd64\native-platform-file-events.dll
0x00007ff946c70000 - 0x00007ff946c79000 	C:\Program Files\Android\Android Studio\jbr\bin\management.dll
0x00007ff942e70000 - 0x00007ff942e7b000 	C:\Program Files\Android\Android Studio\jbr\bin\management_ext.dll
0x00007ff95be50000 - 0x00007ff95be58000 	C:\WINDOWS\System32\PSAPI.DLL
0x00007ff959390000 - 0x00007ff9593ab000 	C:\WINDOWS\SYSTEM32\CRYPTSP.dll
0x00007ff958c30000 - 0x00007ff958c65000 	C:\WINDOWS\system32\rsaenh.dll
0x00007ff959230000 - 0x00007ff959258000 	C:\WINDOWS\SYSTEM32\USERENV.dll
0x00007ff9593b0000 - 0x00007ff9593bc000 	C:\WINDOWS\SYSTEM32\CRYPTBASE.dll
0x00007ff958790000 - 0x00007ff9587bd000 	C:\WINDOWS\SYSTEM32\IPHLPAPI.DLL
0x00007ff95bab0000 - 0x00007ff95bab9000 	C:\WINDOWS\System32\NSI.dll
0x00007ff955f30000 - 0x00007ff955f49000 	C:\WINDOWS\SYSTEM32\dhcpcsvc6.DLL
0x00007ff9555c0000 - 0x00007ff9555df000 	C:\WINDOWS\SYSTEM32\dhcpcsvc.DLL
0x00007ff958810000 - 0x00007ff958912000 	C:\WINDOWS\SYSTEM32\DNSAPI.dll
0x00007ff93b950000 - 0x00007ff93b958000 	C:\WINDOWS\system32\wshunix.dll

dbghelp: loaded successfully - version: 4.0.5 - missing functions: none
symbol engine: initialized successfully - sym options: 0x614 - pdb path: .;C:\Program Files\Android\Android Studio\jbr\bin;C:\WINDOWS\SYSTEM32;C:\WINDOWS\WinSxS\amd64_microsoft.windows.common-controls_6595b64144ccf1df_6.0.22621.3672_none_2713b9d173822955;C:\Program Files\Android\Android Studio\jbr\bin\server;C:\Users\user\.gradle\native\68d5fa5c4cc2d200863cafc0d521ce42e7d3e7ee720ec0a83991735586a16f82\windows-amd64;C:\Users\user\.gradle\native\e376f236ea51e6404a007f0833ffe2c6e607c4080706a723a18a27aeea778392\windows-amd64

VM Arguments:
jvm_args: --add-opens=java.base/java.util=ALL-UNNAMED --add-opens=java.base/java.lang=ALL-UNNAMED --add-opens=java.base/java.lang.invoke=ALL-UNNAMED --add-opens=java.prefs/java.util.prefs=ALL-UNNAMED --add-opens=java.base/java.nio.charset=ALL-UNNAMED --add-opens=java.base/java.net=ALL-UNNAMED --add-opens=java.base/java.util.concurrent.atomic=ALL-UNNAMED -Xmx2048m -Dfile.encoding=UTF-8 -Duser.country=ID -Duser.language=en -Duser.variant 
java_command: org.gradle.launcher.daemon.bootstrap.GradleDaemon 8.0
java_class_path (initial): C:\Users\user\.gradle\wrapper\dists\gradle-8.0-bin\ca5e32bp14vu59qr306oxotwh\gradle-8.0\lib\gradle-launcher-8.0.jar
Launcher Type: SUN_STANDARD

[Global flags]
     intx CICompilerCount                          = 4                                         {product} {ergonomic}
     uint ConcGCThreads                            = 2                                         {product} {ergonomic}
     uint G1ConcRefinementThreads                  = 8                                         {product} {ergonomic}
   size_t G1HeapRegionSize                         = 1048576                                   {product} {ergonomic}
    uintx GCDrainStackTargetSize                   = 64                                        {product} {ergonomic}
   size_t InitialHeapSize                          = 100663296                                 {product} {ergonomic}
   size_t MarkStackSize                            = 4194304                                   {product} {ergonomic}
   size_t MaxHeapSize                              = 2147483648                                {product} {command line}
   size_t MaxNewSize                               = 1287651328                                {product} {ergonomic}
   size_t MinHeapDeltaBytes                        = 1048576                                   {product} {ergonomic}
   size_t MinHeapSize                              = 8388608                                   {product} {ergonomic}
    uintx NonNMethodCodeHeapSize                   = 5839372                                {pd product} {ergonomic}
    uintx NonProfiledCodeHeapSize                  = 122909434                              {pd product} {ergonomic}
    uintx ProfiledCodeHeapSize                     = 122909434                              {pd product} {ergonomic}
    uintx ReservedCodeCacheSize                    = 251658240                              {pd product} {ergonomic}
     bool SegmentedCodeCache                       = true                                      {product} {ergonomic}
   size_t SoftMaxHeapSize                          = 2147483648                             {manageable} {ergonomic}
     bool UseCompressedClassPointers               = true                           {product lp64_product} {ergonomic}
     bool UseCompressedOops                        = true                           {product lp64_product} {ergonomic}
     bool UseG1GC                                  = true                                      {product} {ergonomic}
     bool UseLargePagesIndividualAllocation        = false                                  {pd product} {ergonomic}

Logging:
Log output configuration:
 #0: stdout all=warning uptime,level,tags
 #1: stderr all=off uptime,level,tags

Environment Variables:
JAVA_HOME=C:\Program Files\Java\jdk-17
PATH=C:\oraclexe\app\product\11.2.0\client_1\bin;D:\app\user\product\11.2.0\client_1\bin;C:\oraclexe\app\oracle\product\11.2.0\server\bin;C:\WINDOWS\system32;C:\WINDOWS;C:\WINDOWS\System32\Wbem;C:\WINDOWS\System32\WindowsPowerShell\v1.0\;C:\WINDOWS\System32\OpenSSH\;C:\Program Files\Git\cmd;C:\xampp\php;C:\ProgramData\ComposerSetup\bin;C:\Program Files (x86)\Gpg4win\..\GnuPG\bin;C:\Program Files\nodejs\;C:\ProgramData\chocolatey\bin;C:\ProgramData\chocolatey;C:\Users\user\AppData\Local\Microsoft\WindowsApps;C:\Users\user\AppData\Local\Programs\Microsoft VS Code\bin;C:\src\flutter\bin;C:\Program Files\PostgreSQL\16\bin;C:\Users\user\AppData\Roaming\Composer\vendor\bin;C:\Users\user\AppData\Roaming\npm;C:\Users\user\AppData\Local\Pub\Cache\bin;C:\Program Files\OpenSSL-Win64\bin;C:\Program Files\Java\jdk-17\bin;
USERNAME=user
OS=Windows_NT
PROCESSOR_IDENTIFIER=AMD64 Family 23 Model 24 Stepping 1, AuthenticAMD
TMP=C:\Users\user\AppData\Local\Temp
TEMP=C:\Users\user\AppData\Local\Temp


JNI global refs:
JNI global refs: 24, weak refs: 5

JNI global refs memory usage: 843, weak refs: 841


---------------  S Y S T E M  ---------------

OS:
 Windows 11 , 64 bit Build 22621 (10.0.22621.3958)
OS uptime: 0 days 6:08 hours

CPU: total 8 (initial active 8) (8 cores per cpu, 2 threads per core) family 23 model 24 stepping 1 microcode 0x0, cx8, cmov, fxsr, ht, mmx, 3dnowpref, sse, sse2, sse3, ssse3, sse4a, sse4.1, sse4.2, popcnt, lzcnt, tsc, tscinvbit, avx, avx2, aes, clmul, bmi1, bmi2, adx, sha, fma, vzeroupper, clflush, clflushopt

Memory: 4k page, system-wide physical 6081M (233M free)
TotalPageFile size 24513M (AvailPageFile size 17M)
current process WorkingSet (physical memory assigned to process): 271M, peak: 273M
current process commit charge ("private bytes"): 344M, peak: 383M

vm_info: OpenJDK 64-Bit Server VM (17.0.6+0-b2043.56-10027231) for windows-amd64 JRE (17.0.6+0-b2043.56-10027231), built on Apr 28 2023 00:43:19 by "androidbuild" with MS VC++ 16.10 / 16.11 (VS2019)

END.
