#
# There is insufficient memory for the Java Runtime Environment to continue.
# Native memory allocation (mmap) failed to map 22020096 bytes for G1 virtual space
# Possible reasons:
#   The system is out of physical RAM or swap space
#   The process is running with CompressedOops enabled, and the Java Heap may be blocking the growth of the native heap
# Possible solutions:
#   Reduce memory load on the system
#   Increase physical memory or swap space
#   Check if swap backing store is full
#   Decrease Java heap size (-Xmx/-Xms)
#   Decrease number of Java threads
#   Decrease Java thread stack sizes (-Xss)
#   Set larger code cache with -XX:ReservedCodeCacheSize=
#   JVM is running with Unscaled Compressed Oops mode in which the Java heap is
#     placed in the first 4GB address space. The Java Heap base address is the
#     maximum limit for the native heap growth. Please use -XX:HeapBaseMinAddress
#     to set the Java Heap base and to place the Java Heap above 4GB virtual address.
# This output file may be truncated or incomplete.
#
#  Out of Memory Error (os_windows.cpp:3769), pid=4656, tid=6604
#
# JRE version: OpenJDK Runtime Environment (17.0.6) (build 17.0.6+0-b2043.56-10027231)
# Java VM: OpenJDK 64-Bit Server VM (17.0.6+0-b2043.56-10027231, mixed mode, tiered, compressed oops, compressed class ptrs, g1 gc, windows-amd64)
# No core dump will be written. Minidumps are not enabled by default on client versions of Windows
#

---------------  S U M M A R Y ------------

Command Line: --add-opens=java.base/java.util=ALL-UNNAMED --add-opens=java.base/java.lang=ALL-UNNAMED --add-opens=java.base/java.lang.invoke=ALL-UNNAMED --add-opens=java.prefs/java.util.prefs=ALL-UNNAMED --add-opens=java.base/java.nio.charset=ALL-UNNAMED --add-opens=java.base/java.net=ALL-UNNAMED --add-opens=java.base/java.util.concurrent.atomic=ALL-UNNAMED -Xmx2048m -Dfile.encoding=UTF-8 -Duser.country=ID -Duser.language=en -Duser.variant org.gradle.launcher.daemon.bootstrap.GradleDaemon 8.0

Host: AMD Ryzen 5 3500U with Radeon Vega Mobile Gfx  , 8 cores, 5G,  Windows 11 , 64 bit Build 22621 (10.0.22621.3958)
Time: Thu Nov  7 16:50:09 2024 Malay Peninsula Standard Time elapsed time: 33.778874 seconds (0d 0h 0m 33s)

---------------  T H R E A D  ---------------

Current thread (0x000001f5a5df5340):  VMThread "VM Thread" [stack: 0x0000008ac8600000,0x0000008ac8700000] [id=6604]

Stack: [0x0000008ac8600000,0x0000008ac8700000]
Native frames: (J=compiled Java code, j=interpreted, Vv=VM code, C=native code)
V  [jvm.dll+0x683c9a]
V  [jvm.dll+0x8427a4]
V  [jvm.dll+0x843f9e]
V  [jvm.dll+0x844603]
V  [jvm.dll+0x249b75]
V  [jvm.dll+0x680b69]
V  [jvm.dll+0x67505a]
V  [jvm.dll+0x309acb]
V  [jvm.dll+0x310f86]
V  [jvm.dll+0x3608ee]
V  [jvm.dll+0x360b1f]
V  [jvm.dll+0x2dfbf8]
V  [jvm.dll+0x2e2ce6]
V  [jvm.dll+0x2ed478]
V  [jvm.dll+0x322150]
V  [jvm.dll+0x848ccb]
V  [jvm.dll+0x849a04]
V  [jvm.dll+0x849f1d]
V  [jvm.dll+0x84a2f4]
V  [jvm.dll+0x84a3c0]
V  [jvm.dll+0x7f274a]
V  [jvm.dll+0x682ad5]
C  [ucrtbase.dll+0x29333]
C  [KERNEL32.DLL+0x1257d]
C  [ntdll.dll+0x5af08]

VM_Operation (0x0000008ac82ff9a0): G1Concurrent, mode: safepoint, requested by thread 0x000001f58c02c0f0


---------------  P R O C E S S  ---------------

Threads class SMR info:
_java_thread_list=0x000001f5a6d0ba40, length=124, elements={
0x000001f58bfc0030, 0x000001f5a5e08890, 0x000001f5a5e09ea0, 0x000001f5a5e2e610,
0x000001f5a6819650, 0x000001f5a681a100, 0x000001f5a680e840, 0x000001f5a68130d0,
0x000001f5a681ee30, 0x000001f5a6821740, 0x000001f5a69b0020, 0x000001f5a69b04f0,
0x000001f5a80671e0, 0x000001f5a78db060, 0x000001f5a69260d0, 0x000001f5a8393e30,
0x000001f5a742f230, 0x000001f5a81674d0, 0x000001f5a83c6820, 0x000001f5a8165510,
0x000001f5a8165eb0, 0x000001f5a8166380, 0x000001f5a8166850, 0x000001f5a8166d20,
0x000001f5a81659e0, 0x000001f5a91c0890, 0x000001f5a91c4250, 0x000001f5a91c6400,
0x000001f5a91c4720, 0x000001f5a91c50c0, 0x000001f5a91c38b0, 0x000001f5a91c1700,
0x000001f5a91c5f30, 0x000001f5a91c7740, 0x000001f5a91c1230, 0x000001f5a91bfef0,
0x000001f5a91c1bd0, 0x000001f5a91c4bf0, 0x000001f5a91c2570, 0x000001f5a91c6da0,
0x000001f5a91c3d80, 0x000001f5a91c7270, 0x000001f5a91c20a0, 0x000001f5a91c0d60,
0x000001f5ab32ef70, 0x000001f5ab32dc30, 0x000001f5ab32b5b0, 0x000001f5ab32eaa0,
0x000001f5ab32ba80, 0x000001f5ab32d290, 0x000001f5ab32c8f0, 0x000001f5ab32cdc0,
0x000001f5ab32d760, 0x000001f5ab32e5d0, 0x000001f5ab32bf50, 0x000001f5ab32e100,
0x000001f5ab32c420, 0x000001f5a80abe40, 0x000001f5a80a8950, 0x000001f5a80a8e20,
0x000001f5a80aa160, 0x000001f5a80ac310, 0x000001f5a80aee60, 0x000001f5a80a92f0,
0x000001f5a80a7ae0, 0x000001f5a80a9c90, 0x000001f5a80ae4c0, 0x000001f5a80ad650,
0x000001f5a80aa630, 0x000001f5a80ae990, 0x000001f5a80ab4a0, 0x000001f5a80aab00,
0x000001f5a80a97c0, 0x000001f5a80adb20, 0x000001f5a80a7610, 0x000001f5a80a7fb0,
0x000001f5a80adff0, 0x000001f5a80aafd0, 0x000001f5a80ad180, 0x000001f5a80a8480,
0x000001f5a80ab970, 0x000001f5a80ac7e0, 0x000001f5a80accb0, 0x000001f5a930abd0,
0x000001f5a9309d60, 0x000001f5a9308080, 0x000001f5a9308550, 0x000001f5a930b570,
0x000001f5a930c3e0, 0x000001f5a9305060, 0x000001f5a9305530, 0x000001f5a930bf10,
0x000001f5a930a230, 0x000001f5a9308a20, 0x000001f5a9305a00, 0x000001f5a9305ed0,
0x000001f5a9307bb0, 0x000001f5a930a700, 0x000001f5a93063a0, 0x000001f5a930b0a0,
0x000001f5a93076e0, 0x000001f5a930c8b0, 0x000001f5a9306870, 0x000001f5a9306d40,
0x000001f5a930ba40, 0x000001f5a9308ef0, 0x000001f5a9307210, 0x000001f5a93093c0,
0x000001f5a9309890, 0x000001f5ab233d20, 0x000001f5ab2341f0, 0x000001f5ab233850,
0x000001f5ab234b90, 0x000001f5ab235a00, 0x000001f5ab232040, 0x000001f5ab235060,
0x000001f5ab235530, 0x000001f5ab232eb0, 0x000001f5ab232510, 0x000001f5ab2329e0,
0x000001f5ab2346c0, 0x000001f5ab233380, 0x000001f5a6a21f90, 0x000001f5a6a1eaa0
}

Java Threads: ( => current thread )
  0x000001f58bfc0030 JavaThread "main" [_thread_blocked, id=16536, stack(0x0000008ac8000000,0x0000008ac8100000)]
  0x000001f5a5e08890 JavaThread "Reference Handler" daemon [_thread_blocked, id=16716, stack(0x0000008ac8700000,0x0000008ac8800000)]
  0x000001f5a5e09ea0 JavaThread "Finalizer" daemon [_thread_blocked, id=20840, stack(0x0000008ac8800000,0x0000008ac8900000)]
  0x000001f5a5e2e610 JavaThread "Signal Dispatcher" daemon [_thread_blocked, id=7400, stack(0x0000008ac8900000,0x0000008ac8a00000)]
  0x000001f5a6819650 JavaThread "Attach Listener" daemon [_thread_blocked, id=10336, stack(0x0000008ac8a00000,0x0000008ac8b00000)]
  0x000001f5a681a100 JavaThread "Service Thread" daemon [_thread_blocked, id=20108, stack(0x0000008ac8b00000,0x0000008ac8c00000)]
  0x000001f5a680e840 JavaThread "Monitor Deflation Thread" daemon [_thread_blocked, id=19848, stack(0x0000008ac8c00000,0x0000008ac8d00000)]
  0x000001f5a68130d0 JavaThread "C2 CompilerThread0" daemon [_thread_blocked, id=18116, stack(0x0000008ac8d00000,0x0000008ac8e00000)]
  0x000001f5a681ee30 JavaThread "C1 CompilerThread0" daemon [_thread_blocked, id=4088, stack(0x0000008ac8e00000,0x0000008ac8f00000)]
  0x000001f5a6821740 JavaThread "Sweeper thread" daemon [_thread_blocked, id=1448, stack(0x0000008ac8f00000,0x0000008ac9000000)]
  0x000001f5a69b0020 JavaThread "Common-Cleaner" daemon [_thread_blocked, id=2372, stack(0x0000008ac9000000,0x0000008ac9100000)]
  0x000001f5a69b04f0 JavaThread "Notification Thread" daemon [_thread_blocked, id=20952, stack(0x0000008ac9100000,0x0000008ac9200000)]
  0x000001f5a80671e0 JavaThread "Daemon health stats" [_thread_blocked, id=15060, stack(0x0000008ac9700000,0x0000008ac9800000)]
  0x000001f5a78db060 JavaThread "Incoming local TCP Connector on port 59507" [_thread_in_native, id=20628, stack(0x0000008ac9800000,0x0000008ac9900000)]
  0x000001f5a69260d0 JavaThread "Daemon periodic checks" [_thread_blocked, id=19592, stack(0x0000008ac9900000,0x0000008ac9a00000)]
  0x000001f5a8393e30 JavaThread "Daemon" [_thread_blocked, id=7504, stack(0x0000008ac9a00000,0x0000008ac9b00000)]
  0x000001f5a742f230 JavaThread "Handler for socket connection from /127.0.0.1:59507 to /127.0.0.1:59510" [_thread_in_native, id=21452, stack(0x0000008ac9b00000,0x0000008ac9c00000)]
  0x000001f5a81674d0 JavaThread "Cancel handler" [_thread_blocked, id=20036, stack(0x0000008ac9c00000,0x0000008ac9d00000)]
  0x000001f5a83c6820 JavaThread "Daemon worker" [_thread_blocked, id=19652, stack(0x0000008ac9d00000,0x0000008ac9e00000)]
  0x000001f5a8165510 JavaThread "Asynchronous log dispatcher for DefaultDaemonConnection: socket connection from /127.0.0.1:59507 to /127.0.0.1:59510" [_thread_blocked, id=4460, stack(0x0000008ac9e00000,0x0000008ac9f00000)]
  0x000001f5a8165eb0 JavaThread "Stdin handler" [_thread_blocked, id=16608, stack(0x0000008ac9f00000,0x0000008aca000000)]
  0x000001f5a8166380 JavaThread "Daemon client event forwarder" [_thread_blocked, id=15272, stack(0x0000008aca000000,0x0000008aca100000)]
  0x000001f5a8166850 JavaThread "Cache worker for journal cache (C:\Users\user\.gradle\caches\journal-1)" [_thread_blocked, id=21312, stack(0x0000008aca500000,0x0000008aca600000)]
  0x000001f5a8166d20 JavaThread "File lock request listener" [_thread_in_native, id=11492, stack(0x0000008aca600000,0x0000008aca700000)]
  0x000001f5a81659e0 JavaThread "Cache worker for file hash cache (C:\Users\user\.gradle\caches\8.0\fileHashes)" [_thread_blocked, id=17688, stack(0x0000008aca700000,0x0000008aca800000)]
  0x000001f5a91c0890 JavaThread "File watcher server" daemon [_thread_in_native, id=17836, stack(0x0000008aca800000,0x0000008aca900000)]
  0x000001f5a91c4250 JavaThread "File watcher consumer" daemon [_thread_blocked, id=15764, stack(0x0000008aca900000,0x0000008acaa00000)]
  0x000001f5a91c6400 JavaThread "Cache worker for checksums cache (D:\IT22\sem 5\Pengembangan Aplikasi Mobile\metric_converter_gifriend_kotlin\.gradle\8.0\checksums)" [_thread_blocked, id=13520, stack(0x0000008acaa00000,0x0000008acab00000)]
  0x000001f5a91c4720 JavaThread "Cache worker for cache directory md-rule (C:\Users\user\.gradle\caches\8.0\md-rule)" [_thread_blocked, id=16508, stack(0x0000008acab00000,0x0000008acac00000)]
  0x000001f5a91c50c0 JavaThread "Cache worker for file content cache (C:\Users\user\.gradle\caches\8.0\fileContent)" [_thread_blocked, id=232, stack(0x0000008acac00000,0x0000008acad00000)]
  0x000001f5a91c38b0 JavaThread "Cache worker for file hash cache (D:\IT22\sem 5\Pengembangan Aplikasi Mobile\metric_converter_gifriend_kotlin\.gradle\8.0\fileHashes)" [_thread_blocked, id=4172, stack(0x0000008acad00000,0x0000008acae00000)]
  0x000001f5a91c1700 JavaThread "Cache worker for cache directory md-supplier (C:\Users\user\.gradle\caches\8.0\md-supplier)" [_thread_blocked, id=2908, stack(0x0000008acae00000,0x0000008acaf00000)]
  0x000001f5a91c5f30 JavaThread "Cache worker for execution history cache (C:\Users\user\.gradle\caches\8.0\executionHistory)" [_thread_blocked, id=3804, stack(0x0000008acaf00000,0x0000008acb000000)]
  0x000001f5a91c7740 JavaThread "jar transforms" [_thread_blocked, id=6832, stack(0x0000008acb000000,0x0000008acb100000)]
  0x000001f5a91c1230 JavaThread "jar transforms Thread 2" [_thread_blocked, id=17936, stack(0x0000008acb100000,0x0000008acb200000)]
  0x000001f5a91bfef0 JavaThread "Cache worker for kotlin-dsl (C:\Users\user\.gradle\caches\8.0\kotlin-dsl)" [_thread_blocked, id=13448, stack(0x0000008acb300000,0x0000008acb400000)]
  0x000001f5a91c1bd0 JavaThread "jar transforms Thread 3" [_thread_blocked, id=1856, stack(0x0000008acb400000,0x0000008acb500000)]
  0x000001f5a91c4bf0 JavaThread "jar transforms Thread 4" [_thread_blocked, id=11828, stack(0x0000008acb500000,0x0000008acb600000)]
  0x000001f5a91c2570 JavaThread "Cache worker for dependencies-accessors (D:\IT22\sem 5\Pengembangan Aplikasi Mobile\metric_converter_gifriend_kotlin\.gradle\8.0\dependencies-accessors)" [_thread_blocked, id=11324, stack(0x0000008acb600000,0x0000008acb700000)]
  0x000001f5a91c6da0 JavaThread "Cache worker for Build Output Cleanup Cache (D:\IT22\sem 5\Pengembangan Aplikasi Mobile\metric_converter_gifriend_kotlin\.gradle\buildOutputCleanup)" [_thread_blocked, id=21016, stack(0x0000008acb700000,0x0000008acb800000)]
  0x000001f5a91c3d80 JavaThread "jar transforms Thread 5" [_thread_blocked, id=14948, stack(0x0000008acb800000,0x0000008acb900000)]
  0x000001f5a91c7270 JavaThread "Unconstrained build operations" [_thread_blocked, id=21128, stack(0x0000008acb900000,0x0000008acba00000)]
  0x000001f5a91c20a0 JavaThread "Unconstrained build operations Thread 2" [_thread_blocked, id=17252, stack(0x0000008acba00000,0x0000008acbb00000)]
  0x000001f5a91c0d60 JavaThread "Unconstrained build operations Thread 3" [_thread_blocked, id=17180, stack(0x0000008acbb00000,0x0000008acbc00000)]
  0x000001f5ab32ef70 JavaThread "Unconstrained build operations Thread 4" [_thread_blocked, id=2436, stack(0x0000008acbc00000,0x0000008acbd00000)]
  0x000001f5ab32dc30 JavaThread "Unconstrained build operations Thread 5" [_thread_blocked, id=9712, stack(0x0000008acbd00000,0x0000008acbe00000)]
  0x000001f5ab32b5b0 JavaThread "Unconstrained build operations Thread 6" [_thread_blocked, id=7000, stack(0x0000008acbe00000,0x0000008acbf00000)]
  0x000001f5ab32eaa0 JavaThread "Unconstrained build operations Thread 7" [_thread_blocked, id=17448, stack(0x0000008acbf00000,0x0000008acc000000)]
  0x000001f5ab32ba80 JavaThread "Unconstrained build operations Thread 8" [_thread_blocked, id=16420, stack(0x0000008acc000000,0x0000008acc100000)]
  0x000001f5ab32d290 JavaThread "Unconstrained build operations Thread 9" [_thread_blocked, id=4352, stack(0x0000008acc100000,0x0000008acc200000)]
  0x000001f5ab32c8f0 JavaThread "Unconstrained build operations Thread 10" [_thread_blocked, id=13944, stack(0x0000008acc200000,0x0000008acc300000)]
  0x000001f5ab32cdc0 JavaThread "Unconstrained build operations Thread 11" [_thread_blocked, id=21364, stack(0x0000008acc300000,0x0000008acc400000)]
  0x000001f5ab32d760 JavaThread "Unconstrained build operations Thread 12" [_thread_blocked, id=720, stack(0x0000008acc400000,0x0000008acc500000)]
  0x000001f5ab32e5d0 JavaThread "Unconstrained build operations Thread 13" [_thread_blocked, id=1492, stack(0x0000008acc500000,0x0000008acc600000)]
  0x000001f5ab32bf50 JavaThread "Unconstrained build operations Thread 14" [_thread_blocked, id=16888, stack(0x0000008acc600000,0x0000008acc700000)]
  0x000001f5ab32e100 JavaThread "Unconstrained build operations Thread 15" [_thread_blocked, id=20944, stack(0x0000008acc700000,0x0000008acc800000)]
  0x000001f5ab32c420 JavaThread "Unconstrained build operations Thread 16" [_thread_blocked, id=17952, stack(0x0000008acc800000,0x0000008acc900000)]
  0x000001f5a80abe40 JavaThread "Unconstrained build operations Thread 17" [_thread_blocked, id=19564, stack(0x0000008acc900000,0x0000008acca00000)]
  0x000001f5a80a8950 JavaThread "Unconstrained build operations Thread 18" [_thread_blocked, id=20784, stack(0x0000008acca00000,0x0000008accb00000)]
  0x000001f5a80a8e20 JavaThread "Unconstrained build operations Thread 19" [_thread_blocked, id=16392, stack(0x0000008accb00000,0x0000008accc00000)]
  0x000001f5a80aa160 JavaThread "Unconstrained build operations Thread 20" [_thread_blocked, id=11544, stack(0x0000008accc00000,0x0000008accd00000)]
  0x000001f5a80ac310 JavaThread "Unconstrained build operations Thread 21" [_thread_blocked, id=11432, stack(0x0000008accd00000,0x0000008acce00000)]
  0x000001f5a80aee60 JavaThread "Unconstrained build operations Thread 22" [_thread_blocked, id=21340, stack(0x0000008acce00000,0x0000008accf00000)]
  0x000001f5a80a92f0 JavaThread "Unconstrained build operations Thread 23" [_thread_blocked, id=20612, stack(0x0000008accf00000,0x0000008acd000000)]
  0x000001f5a80a7ae0 JavaThread "Unconstrained build operations Thread 24" [_thread_blocked, id=19504, stack(0x0000008acd000000,0x0000008acd100000)]
  0x000001f5a80a9c90 JavaThread "Unconstrained build operations Thread 25" [_thread_blocked, id=17556, stack(0x0000008acd100000,0x0000008acd200000)]
  0x000001f5a80ae4c0 JavaThread "Unconstrained build operations Thread 26" [_thread_blocked, id=14444, stack(0x0000008acd200000,0x0000008acd300000)]
  0x000001f5a80ad650 JavaThread "Unconstrained build operations Thread 27" [_thread_blocked, id=19968, stack(0x0000008acd300000,0x0000008acd400000)]
  0x000001f5a80aa630 JavaThread "Unconstrained build operations Thread 28" [_thread_blocked, id=16532, stack(0x0000008acd400000,0x0000008acd500000)]
  0x000001f5a80ae990 JavaThread "Unconstrained build operations Thread 29" [_thread_blocked, id=21300, stack(0x0000008acd500000,0x0000008acd600000)]
  0x000001f5a80ab4a0 JavaThread "Unconstrained build operations Thread 30" [_thread_blocked, id=15748, stack(0x0000008acd600000,0x0000008acd700000)]
  0x000001f5a80aab00 JavaThread "Unconstrained build operations Thread 31" [_thread_blocked, id=8524, stack(0x0000008acd700000,0x0000008acd800000)]
  0x000001f5a80a97c0 JavaThread "Unconstrained build operations Thread 32" [_thread_blocked, id=19872, stack(0x0000008acd800000,0x0000008acd900000)]
  0x000001f5a80adb20 JavaThread "Unconstrained build operations Thread 33" [_thread_blocked, id=4068, stack(0x0000008acd900000,0x0000008acda00000)]
  0x000001f5a80a7610 JavaThread "Unconstrained build operations Thread 34" [_thread_blocked, id=17964, stack(0x0000008acda00000,0x0000008acdb00000)]
  0x000001f5a80a7fb0 JavaThread "Unconstrained build operations Thread 35" [_thread_blocked, id=18188, stack(0x0000008acdb00000,0x0000008acdc00000)]
  0x000001f5a80adff0 JavaThread "Unconstrained build operations Thread 36" [_thread_blocked, id=3364, stack(0x0000008acdc00000,0x0000008acdd00000)]
  0x000001f5a80aafd0 JavaThread "Unconstrained build operations Thread 37" [_thread_blocked, id=10380, stack(0x0000008acdd00000,0x0000008acde00000)]
  0x000001f5a80ad180 JavaThread "Unconstrained build operations Thread 38" [_thread_blocked, id=19684, stack(0x0000008acde00000,0x0000008acdf00000)]
  0x000001f5a80a8480 JavaThread "Unconstrained build operations Thread 39" [_thread_blocked, id=13604, stack(0x0000008acdf00000,0x0000008ace000000)]
  0x000001f5a80ab970 JavaThread "Unconstrained build operations Thread 40" [_thread_blocked, id=13304, stack(0x0000008ace000000,0x0000008ace100000)]
  0x000001f5a80ac7e0 JavaThread "Unconstrained build operations Thread 41" [_thread_blocked, id=14300, stack(0x0000008ace100000,0x0000008ace200000)]
  0x000001f5a80accb0 JavaThread "Unconstrained build operations Thread 42" [_thread_blocked, id=15876, stack(0x0000008ace200000,0x0000008ace300000)]
  0x000001f5a930abd0 JavaThread "Unconstrained build operations Thread 43" [_thread_blocked, id=9616, stack(0x0000008ace300000,0x0000008ace400000)]
  0x000001f5a9309d60 JavaThread "Unconstrained build operations Thread 44" [_thread_blocked, id=14820, stack(0x0000008ace400000,0x0000008ace500000)]
  0x000001f5a9308080 JavaThread "Unconstrained build operations Thread 45" [_thread_blocked, id=14268, stack(0x0000008ace500000,0x0000008ace600000)]
  0x000001f5a9308550 JavaThread "Unconstrained build operations Thread 46" [_thread_blocked, id=11144, stack(0x0000008ace600000,0x0000008ace700000)]
  0x000001f5a930b570 JavaThread "Unconstrained build operations Thread 47" [_thread_blocked, id=15452, stack(0x0000008ace700000,0x0000008ace800000)]
  0x000001f5a930c3e0 JavaThread "Unconstrained build operations Thread 48" [_thread_blocked, id=19724, stack(0x0000008ace800000,0x0000008ace900000)]
  0x000001f5a9305060 JavaThread "Unconstrained build operations Thread 49" [_thread_blocked, id=21344, stack(0x0000008ace900000,0x0000008acea00000)]
  0x000001f5a9305530 JavaThread "Unconstrained build operations Thread 50" [_thread_blocked, id=17892, stack(0x0000008acea00000,0x0000008aceb00000)]
  0x000001f5a930bf10 JavaThread "Unconstrained build operations Thread 51" [_thread_blocked, id=15448, stack(0x0000008aceb00000,0x0000008acec00000)]
  0x000001f5a930a230 JavaThread "Unconstrained build operations Thread 52" [_thread_blocked, id=16976, stack(0x0000008acec00000,0x0000008aced00000)]
  0x000001f5a9308a20 JavaThread "Unconstrained build operations Thread 53" [_thread_blocked, id=20696, stack(0x0000008aced00000,0x0000008acee00000)]
  0x000001f5a9305a00 JavaThread "Unconstrained build operations Thread 54" [_thread_blocked, id=19584, stack(0x0000008acee00000,0x0000008acef00000)]
  0x000001f5a9305ed0 JavaThread "Unconstrained build operations Thread 55" [_thread_blocked, id=3180, stack(0x0000008acef00000,0x0000008acf000000)]
  0x000001f5a9307bb0 JavaThread "Unconstrained build operations Thread 56" [_thread_blocked, id=20884, stack(0x0000008acf000000,0x0000008acf100000)]
  0x000001f5a930a700 JavaThread "Unconstrained build operations Thread 57" [_thread_blocked, id=19716, stack(0x0000008acf100000,0x0000008acf200000)]
  0x000001f5a93063a0 JavaThread "Unconstrained build operations Thread 58" [_thread_blocked, id=3452, stack(0x0000008acf200000,0x0000008acf300000)]
  0x000001f5a930b0a0 JavaThread "Unconstrained build operations Thread 59" [_thread_blocked, id=18316, stack(0x0000008acf300000,0x0000008acf400000)]
  0x000001f5a93076e0 JavaThread "Unconstrained build operations Thread 60" [_thread_blocked, id=14652, stack(0x0000008acf400000,0x0000008acf500000)]
  0x000001f5a930c8b0 JavaThread "Unconstrained build operations Thread 61" [_thread_blocked, id=15020, stack(0x0000008acf500000,0x0000008acf600000)]
  0x000001f5a9306870 JavaThread "Unconstrained build operations Thread 62" [_thread_blocked, id=20084, stack(0x0000008acf600000,0x0000008acf700000)]
  0x000001f5a9306d40 JavaThread "Unconstrained build operations Thread 63" [_thread_blocked, id=20284, stack(0x0000008acf700000,0x0000008acf800000)]
  0x000001f5a930ba40 JavaThread "Unconstrained build operations Thread 64" [_thread_blocked, id=21276, stack(0x0000008acf800000,0x0000008acf900000)]
  0x000001f5a9308ef0 JavaThread "Unconstrained build operations Thread 65" [_thread_blocked, id=17148, stack(0x0000008acf900000,0x0000008acfa00000)]
  0x000001f5a9307210 JavaThread "Unconstrained build operations Thread 66" [_thread_blocked, id=8504, stack(0x0000008acfa00000,0x0000008acfb00000)]
  0x000001f5a93093c0 JavaThread "Unconstrained build operations Thread 67" [_thread_blocked, id=17504, stack(0x0000008acfb00000,0x0000008acfc00000)]
  0x000001f5a9309890 JavaThread "Unconstrained build operations Thread 68" [_thread_blocked, id=3680, stack(0x0000008acfc00000,0x0000008acfd00000)]
  0x000001f5ab233d20 JavaThread "Unconstrained build operations Thread 69" [_thread_blocked, id=11552, stack(0x0000008acfd00000,0x0000008acfe00000)]
  0x000001f5ab2341f0 JavaThread "Unconstrained build operations Thread 70" [_thread_blocked, id=5672, stack(0x0000008acfe00000,0x0000008acff00000)]
  0x000001f5ab233850 JavaThread "Unconstrained build operations Thread 71" [_thread_blocked, id=18692, stack(0x0000008acff00000,0x0000008ad0000000)]
  0x000001f5ab234b90 JavaThread "Unconstrained build operations Thread 72" [_thread_blocked, id=5976, stack(0x0000008ad0000000,0x0000008ad0100000)]
  0x000001f5ab235a00 JavaThread "Unconstrained build operations Thread 73" [_thread_blocked, id=17196, stack(0x0000008ad0100000,0x0000008ad0200000)]
  0x000001f5ab232040 JavaThread "Unconstrained build operations Thread 74" [_thread_blocked, id=16140, stack(0x0000008ad0200000,0x0000008ad0300000)]
  0x000001f5ab235060 JavaThread "Unconstrained build operations Thread 75" [_thread_blocked, id=10332, stack(0x0000008ad0300000,0x0000008ad0400000)]
  0x000001f5ab235530 JavaThread "Unconstrained build operations Thread 76" [_thread_blocked, id=20672, stack(0x0000008ad0400000,0x0000008ad0500000)]
  0x000001f5ab232eb0 JavaThread "Unconstrained build operations Thread 77" [_thread_blocked, id=15504, stack(0x0000008ad0500000,0x0000008ad0600000)]
  0x000001f5ab232510 JavaThread "Unconstrained build operations Thread 78" [_thread_blocked, id=18544, stack(0x0000008ad0600000,0x0000008ad0700000)]
  0x000001f5ab2329e0 JavaThread "Unconstrained build operations Thread 79" [_thread_blocked, id=10720, stack(0x0000008ad0700000,0x0000008ad0800000)]
  0x000001f5ab2346c0 JavaThread "Unconstrained build operations Thread 80" [_thread_blocked, id=15540, stack(0x0000008ad0800000,0x0000008ad0900000)]
  0x000001f5ab233380 JavaThread "jar transforms Thread 6" [_thread_blocked, id=9528, stack(0x0000008ad0900000,0x0000008ad0a00000)]
  0x000001f5a6a21f90 JavaThread "jar transforms Thread 7" [_thread_blocked, id=21420, stack(0x0000008ad0a00000,0x0000008ad0b00000)]
  0x000001f5a6a1eaa0 JavaThread "jar transforms Thread 8" [_thread_blocked, id=2604, stack(0x0000008ad0b00000,0x0000008ad0c00000)]

Other Threads:
=>0x000001f5a5df5340 VMThread "VM Thread" [stack: 0x0000008ac8600000,0x0000008ac8700000] [id=6604]
  0x000001f5a69adcf0 WatcherThread [stack: 0x0000008ac9200000,0x0000008ac9300000] [id=1148]
  0x000001f58c01b1b0 GCTaskThread "GC Thread#0" [stack: 0x0000008ac8100000,0x0000008ac8200000] [id=14408]
  0x000001f5a748ab70 GCTaskThread "GC Thread#1" [stack: 0x0000008ac9300000,0x0000008ac9400000] [id=9992]
  0x000001f5a6c5a850 GCTaskThread "GC Thread#2" [stack: 0x0000008ac9400000,0x0000008ac9500000] [id=14168]
  0x000001f5a73f7ca0 GCTaskThread "GC Thread#3" [stack: 0x0000008ac9500000,0x0000008ac9600000] [id=9484]
  0x000001f5a7858010 GCTaskThread "GC Thread#4" [stack: 0x0000008ac9600000,0x0000008ac9700000] [id=21112]
  0x000001f5a6a4f720 GCTaskThread "GC Thread#5" [stack: 0x0000008aca100000,0x0000008aca200000] [id=20024]
  0x000001f5a6a4f9d0 GCTaskThread "GC Thread#6" [stack: 0x0000008aca200000,0x0000008aca300000] [id=17176]
  0x000001f5a74c3510 GCTaskThread "GC Thread#7" [stack: 0x0000008aca300000,0x0000008aca400000] [id=18824]
  0x000001f58c02c0f0 ConcurrentGCThread "G1 Main Marker" [stack: 0x0000008ac8200000,0x0000008ac8300000] [id=20856]
  0x000001f58c02cb00 ConcurrentGCThread "G1 Conc#0" [stack: 0x0000008ac8300000,0x0000008ac8400000] [id=20320]
  0x000001f5a74c37c0 ConcurrentGCThread "G1 Conc#1" [stack: 0x0000008aca400000,0x0000008aca500000] [id=18576]
  0x000001f58c07e7e0 ConcurrentGCThread "G1 Refine#0" [stack: 0x0000008ac8400000,0x0000008ac8500000] [id=10868]
  0x000001f5a8289980 ConcurrentGCThread "G1 Refine#1" [stack: 0x0000008acb200000,0x0000008acb300000] [id=15368]
  0x000001f5a5c50aa0 ConcurrentGCThread "G1 Service" [stack: 0x0000008ac8500000,0x0000008ac8600000] [id=15988]

Threads with active compile tasks:

VM state: at safepoint (normal execution)

VM Mutex/Monitor currently owned by a thread:  ([mutex/lock_event])
[0x000001f58bfba640] Threads_lock - owner thread: 0x000001f5a5df5340
[0x000001f58bfb9b00] Heap_lock - owner thread: 0x000001f58c02c0f0

Heap address: 0x0000000080000000, size: 2048 MB, Compressed Oops mode: 32-bit

CDS archive(s) not mapped
Compressed class space mapped at: 0x0000000100000000-0x0000000140000000, reserved size: 1073741824
Narrow klass base: 0x0000000000000000, Narrow klass shift: 3, Narrow klass range: 0x140000000

GC Precious Log:
 CPUs: 8 total, 8 available
 Memory: 6081M
 Large Page Support: Disabled
 NUMA Support: Disabled
 Compressed Oops: Enabled (32-bit)
 Heap Region Size: 1M
 Heap Min Capacity: 8M
 Heap Initial Capacity: 96M
 Heap Max Capacity: 2G
 Pre-touch: Disabled
 Parallel Workers: 8
 Concurrent Workers: 2
 Concurrent Refinement Workers: 8
 Periodic GC: Disabled

Heap:
 garbage-first heap   total 74752K, used 54885K [0x0000000080000000, 0x0000000100000000)
  region size 1024K, 2 young (2048K), 1 survivors (1024K)
 Metaspace       used 55756K, committed 56256K, reserved 1097728K
  class space    used 7444K, committed 7680K, reserved 1048576K

Heap Regions: E=young(eden), S=young(survivor), O=old, HS=humongous(starts), HC=humongous(continues), CS=collection set, F=free, OA=open archive, CA=closed archive, TAMS=top-at-mark-start (previous, next)
|   0|0x0000000080000000, 0x0000000080100000, 0x0000000080100000|100%|HS|  |TAMS 0x0000000080100000, 0x0000000080000000| Complete 
|   1|0x0000000080100000, 0x0000000080200000, 0x0000000080200000|100%|HC|  |TAMS 0x0000000080200000, 0x0000000080100000| Complete 
|   2|0x0000000080200000, 0x0000000080300000, 0x0000000080300000|100%|HC|  |TAMS 0x0000000080300000, 0x0000000080200000| Complete 
|   3|0x0000000080300000, 0x0000000080400000, 0x0000000080400000|100%|HC|  |TAMS 0x0000000080400000, 0x0000000080300000| Complete 
|   4|0x0000000080400000, 0x0000000080500000, 0x0000000080500000|100%| O|  |TAMS 0x0000000080500000, 0x0000000080400000| Updating 
|   5|0x0000000080500000, 0x0000000080600000, 0x0000000080600000|100%| O|  |TAMS 0x0000000080600000, 0x0000000080500000| Untracked 
|   6|0x0000000080600000, 0x0000000080700000, 0x0000000080700000|100%| O|  |TAMS 0x0000000080700000, 0x0000000080600000| Untracked 
|   7|0x0000000080700000, 0x0000000080800000, 0x0000000080800000|100%| O|  |TAMS 0x0000000080800000, 0x0000000080700000| Untracked 
|   8|0x0000000080800000, 0x0000000080800000, 0x0000000080900000|  0%| F|  |TAMS 0x0000000080800000, 0x0000000080800000| Untracked 
|   9|0x0000000080900000, 0x0000000080a00000, 0x0000000080a00000|100%| O|  |TAMS 0x0000000080a00000, 0x0000000080900000| Untracked 
|  10|0x0000000080a00000, 0x0000000080b00000, 0x0000000080b00000|100%| O|  |TAMS 0x0000000080b00000, 0x0000000080a00000| Untracked 
|  11|0x0000000080b00000, 0x0000000080c00000, 0x0000000080c00000|100%| O|  |TAMS 0x0000000080c00000, 0x0000000080b00000| Untracked 
|  12|0x0000000080c00000, 0x0000000080d00000, 0x0000000080d00000|100%| O|  |TAMS 0x0000000080d00000, 0x0000000080c00000| Untracked 
|  13|0x0000000080d00000, 0x0000000080e00000, 0x0000000080e00000|100%| O|  |TAMS 0x0000000080e00000, 0x0000000080d00000| Untracked 
|  14|0x0000000080e00000, 0x0000000080f00000, 0x0000000080f00000|100%| O|  |TAMS 0x0000000080f00000, 0x0000000080e00000| Updating 
|  15|0x0000000080f00000, 0x0000000081000000, 0x0000000081000000|100%| O|  |TAMS 0x0000000081000000, 0x0000000080f00000| Untracked 
|  16|0x0000000081000000, 0x0000000081100000, 0x0000000081100000|100%| O|  |TAMS 0x0000000081100000, 0x0000000081000000| Untracked 
|  17|0x0000000081100000, 0x0000000081200000, 0x0000000081200000|100%| O|  |TAMS 0x0000000081200000, 0x0000000081100000| Untracked 
|  18|0x0000000081200000, 0x0000000081300000, 0x0000000081300000|100%| O|  |TAMS 0x0000000081300000, 0x0000000081200000| Untracked 
|  19|0x0000000081300000, 0x0000000081400000, 0x0000000081400000|100%| O|  |TAMS 0x0000000081400000, 0x0000000081300000| Untracked 
|  20|0x0000000081400000, 0x0000000081500000, 0x0000000081500000|100%| O|  |TAMS 0x0000000081500000, 0x0000000081400000| Untracked 
|  21|0x0000000081500000, 0x0000000081600000, 0x0000000081600000|100%| O|  |TAMS 0x0000000081600000, 0x0000000081500000| Untracked 
|  22|0x0000000081600000, 0x0000000081700000, 0x0000000081700000|100%| O|  |TAMS 0x0000000081700000, 0x0000000081600000| Untracked 
|  23|0x0000000081700000, 0x0000000081800000, 0x0000000081800000|100%| O|  |TAMS 0x0000000081800000, 0x0000000081700000| Untracked 
|  24|0x0000000081800000, 0x0000000081900000, 0x0000000081900000|100%| O|  |TAMS 0x0000000081900000, 0x0000000081800000| Updating 
|  25|0x0000000081900000, 0x0000000081a00000, 0x0000000081a00000|100%| O|  |TAMS 0x0000000081a00000, 0x0000000081900000| Untracked 
|  26|0x0000000081a00000, 0x0000000081b00000, 0x0000000081b00000|100%| O|  |TAMS 0x0000000081b00000, 0x0000000081a00000| Untracked 
|  27|0x0000000081b00000, 0x0000000081c00000, 0x0000000081c00000|100%| O|  |TAMS 0x0000000081c00000, 0x0000000081b00000| Updating 
|  28|0x0000000081c00000, 0x0000000081d00000, 0x0000000081d00000|100%| O|  |TAMS 0x0000000081d00000, 0x0000000081c00000| Untracked 
|  29|0x0000000081d00000, 0x0000000081e00000, 0x0000000081e00000|100%| O|  |TAMS 0x0000000081e00000, 0x0000000081d00000| Updating 
|  30|0x0000000081e00000, 0x0000000081f00000, 0x0000000081f00000|100%| O|  |TAMS 0x0000000081f00000, 0x0000000081e00000| Updating 
|  31|0x0000000081f00000, 0x0000000082000000, 0x0000000082000000|100%| O|  |TAMS 0x0000000082000000, 0x0000000081f00000| Untracked 
|  32|0x0000000082000000, 0x0000000082100000, 0x0000000082100000|100%| O|  |TAMS 0x0000000082100000, 0x0000000082000000| Untracked 
|  33|0x0000000082100000, 0x0000000082200000, 0x0000000082200000|100%| O|  |TAMS 0x0000000082200000, 0x0000000082100000| Untracked 
|  34|0x0000000082200000, 0x0000000082300000, 0x0000000082300000|100%| O|  |TAMS 0x0000000082300000, 0x0000000082200000| Untracked 
|  35|0x0000000082300000, 0x0000000082400000, 0x0000000082400000|100%| O|  |TAMS 0x0000000082400000, 0x0000000082300000| Updating 
|  36|0x0000000082400000, 0x0000000082500000, 0x0000000082500000|100%| O|  |TAMS 0x0000000082500000, 0x0000000082400000| Untracked 
|  37|0x0000000082500000, 0x0000000082600000, 0x0000000082600000|100%| O|  |TAMS 0x0000000082600000, 0x0000000082500000| Untracked 
|  38|0x0000000082600000, 0x0000000082700000, 0x0000000082700000|100%| O|  |TAMS 0x0000000082700000, 0x0000000082600000| Updating 
|  39|0x0000000082700000, 0x0000000082800000, 0x0000000082800000|100%|HS|  |TAMS 0x0000000082800000, 0x0000000082700000| Complete 
|  40|0x0000000082800000, 0x0000000082900000, 0x0000000082900000|100%|HS|  |TAMS 0x0000000082900000, 0x0000000082800000| Complete 
|  41|0x0000000082900000, 0x0000000082a00000, 0x0000000082a00000|100%|HS|  |TAMS 0x0000000082a00000, 0x0000000082900000| Complete 
|  42|0x0000000082a00000, 0x0000000082b00000, 0x0000000082b00000|100%|HC|  |TAMS 0x0000000082b00000, 0x0000000082a00000| Complete 
|  43|0x0000000082b00000, 0x0000000082c00000, 0x0000000082c00000|100%|HS|  |TAMS 0x0000000082c00000, 0x0000000082b00000| Complete 
|  44|0x0000000082c00000, 0x0000000082d00000, 0x0000000082d00000|100%|HS|  |TAMS 0x0000000082d00000, 0x0000000082c00000| Complete 
|  45|0x0000000082d00000, 0x0000000082e00000, 0x0000000082e00000|100%|HC|  |TAMS 0x0000000082e00000, 0x0000000082d00000| Complete 
|  46|0x0000000082e00000, 0x0000000082f00000, 0x0000000082f00000|100%|HC|  |TAMS 0x0000000082f00000, 0x0000000082e00000| Complete 
|  47|0x0000000082f00000, 0x0000000083000000, 0x0000000083000000|100%|HC|  |TAMS 0x0000000083000000, 0x0000000082f00000| Complete 
|  48|0x0000000083000000, 0x0000000083100000, 0x0000000083100000|100%| O|  |TAMS 0x0000000083100000, 0x0000000083000000| Untracked 
|  49|0x0000000083100000, 0x0000000083200000, 0x0000000083200000|100%| O|  |TAMS 0x0000000083200000, 0x0000000083100000| Updating 
|  50|0x0000000083200000, 0x0000000083300000, 0x0000000083300000|100%| O|  |TAMS 0x0000000083300000, 0x0000000083200000| Untracked 
|  51|0x0000000083300000, 0x0000000083400000, 0x0000000083400000|100%| O|  |TAMS 0x0000000083400000, 0x0000000083300000| Untracked 
|  52|0x0000000083400000, 0x0000000083400000, 0x0000000083500000|  0%| F|  |TAMS 0x0000000083400000, 0x0000000083400000| Untracked 
|  53|0x0000000083500000, 0x0000000083500000, 0x0000000083600000|  0%| F|  |TAMS 0x0000000083500000, 0x0000000083500000| Untracked 
|  54|0x0000000083600000, 0x0000000083600000, 0x0000000083700000|  0%| F|  |TAMS 0x0000000083600000, 0x0000000083600000| Untracked 
|  55|0x0000000083700000, 0x0000000083800000, 0x0000000083800000|100%| O|  |TAMS 0x0000000083800000, 0x0000000083700000| Untracked 
|  56|0x0000000083800000, 0x0000000083845200, 0x0000000083900000| 27%| O|  |TAMS 0x0000000083845200, 0x0000000083800000| Updating 
|  57|0x0000000083900000, 0x0000000083900000, 0x0000000083a00000|  0%| F|  |TAMS 0x0000000083900000, 0x0000000083900000| Untracked 
|  58|0x0000000083a00000, 0x0000000083a00000, 0x0000000083b00000|  0%| F|  |TAMS 0x0000000083a00000, 0x0000000083a00000| Untracked 
|  59|0x0000000083b00000, 0x0000000083b00000, 0x0000000083c00000|  0%| F|  |TAMS 0x0000000083b00000, 0x0000000083b00000| Untracked 
|  60|0x0000000083c00000, 0x0000000083c00000, 0x0000000083d00000|  0%| F|  |TAMS 0x0000000083c00000, 0x0000000083c00000| Untracked 
|  61|0x0000000083d00000, 0x0000000083d00000, 0x0000000083e00000|  0%| F|  |TAMS 0x0000000083d00000, 0x0000000083d00000| Untracked 
|  62|0x0000000083e00000, 0x0000000083e00000, 0x0000000083f00000|  0%| F|  |TAMS 0x0000000083e00000, 0x0000000083e00000| Untracked 
|  63|0x0000000083f00000, 0x0000000083f54470, 0x0000000084000000| 32%| S|CS|TAMS 0x0000000083f00000, 0x0000000083f00000| Complete 
|  64|0x0000000084000000, 0x0000000084000000, 0x0000000084100000|  0%| F|  |TAMS 0x0000000084000000, 0x0000000084000000| Untracked 
|  65|0x0000000084100000, 0x0000000084100000, 0x0000000084200000|  0%| F|  |TAMS 0x0000000084100000, 0x0000000084100000| Untracked 
|  66|0x0000000084200000, 0x0000000084200000, 0x0000000084300000|  0%| F|  |TAMS 0x0000000084200000, 0x0000000084200000| Untracked 
|  67|0x0000000084300000, 0x0000000084300000, 0x0000000084400000|  0%| F|  |TAMS 0x0000000084300000, 0x0000000084300000| Untracked 
|  68|0x0000000084400000, 0x0000000084400000, 0x0000000084500000|  0%| F|  |TAMS 0x0000000084400000, 0x0000000084400000| Untracked 
|  69|0x0000000084500000, 0x0000000084500000, 0x0000000084600000|  0%| F|  |TAMS 0x0000000084500000, 0x0000000084500000| Untracked 
|  70|0x0000000084600000, 0x0000000084600000, 0x0000000084700000|  0%| F|  |TAMS 0x0000000084600000, 0x0000000084600000| Untracked 
|  95|0x0000000085f00000, 0x0000000085fbefc8, 0x0000000086000000| 74%| E|  |TAMS 0x0000000085f00000, 0x0000000085f00000| Complete 
|2047|0x00000000fff00000, 0x0000000100000000, 0x0000000100000000|100%| O|  |TAMS 0x0000000100000000, 0x00000000fff00000| Updating 

Card table byte_map: [0x000001f59ebb0000,0x000001f59efb0000] _byte_map_base: 0x000001f59e7b0000

Marking Bits (Prev, Next): (CMBitMap*) 0x000001f58c01b800, (CMBitMap*) 0x000001f58c01b7c0
 Prev Bits: [0x000001f5a13b0000, 0x000001f5a33b0000)
 Next Bits: [0x000001f59f3b0000, 0x000001f5a13b0000)

Polling page: 0x000001f589ef0000

Metaspace:

Usage:
  Non-class:     47.18 MB used.
      Class:      7.27 MB used.
       Both:     54.45 MB used.

Virtual space:
  Non-class space:       48.00 MB reserved,      47.44 MB ( 99%) committed,  6 nodes.
      Class space:        1.00 GB reserved,       7.50 MB ( <1%) committed,  1 nodes.
             Both:        1.05 GB reserved,      54.94 MB (  5%) committed. 

Chunk freelists:
   Non-Class:  576.00 KB
       Class:  496.00 KB
        Both:  1.05 MB

MaxMetaspaceSize: unlimited
CompressedClassSpaceSize: 1.00 GB
Initial GC threshold: 21.00 MB
Current GC threshold: 87.75 MB
CDS: off
MetaspaceReclaimPolicy: balanced
 - commit_granule_bytes: 65536.
 - commit_granule_words: 8192.
 - virtual_space_node_default_size: 1048576.
 - enlarge_chunks_in_place: 1.
 - new_chunks_are_fully_committed: 0.
 - uncommit_free_chunks: 1.
 - use_allocation_guard: 0.
 - handle_deallocations: 1.


Internal statistics:

num_allocs_failed_limit: 6.
num_arena_births: 602.
num_arena_deaths: 0.
num_vsnodes_births: 7.
num_vsnodes_deaths: 0.
num_space_committed: 879.
num_space_uncommitted: 0.
num_chunks_returned_to_freelist: 6.
num_chunks_taken_from_freelist: 2422.
num_chunk_merges: 6.
num_chunk_splits: 1602.
num_chunks_enlarged: 1113.
num_purges: 0.
num_inconsistent_stats: 0.

CodeHeap 'non-profiled nmethods': size=120000Kb used=3163Kb max_used=3163Kb free=116836Kb
 bounds [0x000001f596f50000, 0x000001f597270000, 0x000001f59e480000]
CodeHeap 'profiled nmethods': size=120000Kb used=11865Kb max_used=11865Kb free=108134Kb
 bounds [0x000001f58f480000, 0x000001f590020000, 0x000001f5969b0000]
CodeHeap 'non-nmethods': size=5760Kb used=2317Kb max_used=2386Kb free=3442Kb
 bounds [0x000001f5969b0000, 0x000001f596c20000, 0x000001f596f50000]
 total_blobs=6884 nmethods=6045 adapters=750
 compilation: enabled
              stopped_count=0, restarted_count=0
 full_count=0

Compilation events (20 events):
Event: 33.688 Thread 0x000001f5a68130d0 6056       4       org.objectweb.asm.Label::<init> (5 bytes)
Event: 33.688 Thread 0x000001f5a68130d0 nmethod 6056 0x000001f597265a90 code [0x000001f597265c00, 0x000001f597265c78]
Event: 33.688 Thread 0x000001f5a68130d0 6050       4       com.google.common.base.Equivalence$Equals::doHash (5 bytes)
Event: 33.689 Thread 0x000001f5a68130d0 nmethod 6050 0x000001f597265d90 code [0x000001f597265f20, 0x000001f597266018]
Event: 33.689 Thread 0x000001f5a68130d0 6083       4       com.google.common.collect.MapMakerInternalMap::rehash (49 bytes)
Event: 33.690 Thread 0x000001f5a68130d0 nmethod 6083 0x000001f597266110 code [0x000001f597266280, 0x000001f597266338]
Event: 33.694 Thread 0x000001f5a681ee30 6089       3       java.lang.invoke.LambdaFormEditor::bindArgumentForm (269 bytes)
Event: 33.696 Thread 0x000001f5a681ee30 nmethod 6089 0x000001f590013190 code [0x000001f590013540, 0x000001f590014d48]
Event: 33.703 Thread 0x000001f5a681ee30 6090       3       com.google.common.collect.ImmutableMapEntry::<init> (12 bytes)
Event: 33.703 Thread 0x000001f5a681ee30 nmethod 6090 0x000001f590015790 code [0x000001f590015940, 0x000001f590015c48]
Event: 33.703 Thread 0x000001f5a681ee30 6091       3       com.google.common.collect.ImmutableEntry::<init> (15 bytes)
Event: 33.703 Thread 0x000001f5a681ee30 nmethod 6091 0x000001f590015d90 code [0x000001f590015f40, 0x000001f5900161b8]
Event: 33.704 Thread 0x000001f5a681ee30 6092       3       com.google.common.collect.AbstractMapEntry::<init> (5 bytes)
Event: 33.704 Thread 0x000001f5a681ee30 nmethod 6092 0x000001f590016290 code [0x000001f590016420, 0x000001f590016578]
Event: 33.704 Thread 0x000001f5a681ee30 6093       1       com.google.common.collect.ImmutableMapEntry::isReusable (2 bytes)
Event: 33.704 Thread 0x000001f5a681ee30 nmethod 6093 0x000001f597266410 code [0x000001f5972665a0, 0x000001f597266678]
Event: 33.719 Thread 0x000001f5a681ee30 6094       1       com.google.common.collect.RegularImmutableList::internalArray (5 bytes)
Event: 33.719 Thread 0x000001f5a681ee30 nmethod 6094 0x000001f597266710 code [0x000001f5972668a0, 0x000001f597266978]
Event: 33.719 Thread 0x000001f5a681ee30 6095       1       com.google.common.collect.RegularImmutableList::internalArrayStart (2 bytes)
Event: 33.720 Thread 0x000001f5a681ee30 nmethod 6095 0x000001f597266a10 code [0x000001f597266ba0, 0x000001f597266c78]

GC Heap History (20 events):
Event: 22.261 GC heap before
{Heap before GC invocations=11 (full 0):
 garbage-first heap   total 68608K, used 51419K [0x0000000080000000, 0x0000000100000000)
  region size 1024K, 23 young (23552K), 3 survivors (3072K)
 Metaspace       used 45066K, committed 45504K, reserved 1089536K
  class space    used 5867K, committed 6080K, reserved 1048576K
}
Event: 22.266 GC heap after
{Heap after GC invocations=12 (full 0):
 garbage-first heap   total 68608K, used 32413K [0x0000000080000000, 0x0000000100000000)
  region size 1024K, 2 young (2048K), 2 survivors (2048K)
 Metaspace       used 45066K, committed 45504K, reserved 1089536K
  class space    used 5867K, committed 6080K, reserved 1048576K
}
Event: 24.408 GC heap before
{Heap before GC invocations=12 (full 0):
 garbage-first heap   total 68608K, used 52893K [0x0000000080000000, 0x0000000100000000)
  region size 1024K, 22 young (22528K), 2 survivors (2048K)
 Metaspace       used 47595K, committed 48064K, reserved 1097728K
  class space    used 6289K, committed 6528K, reserved 1048576K
}
Event: 24.413 GC heap after
{Heap after GC invocations=13 (full 0):
 garbage-first heap   total 68608K, used 33567K [0x0000000080000000, 0x0000000100000000)
  region size 1024K, 3 young (3072K), 3 survivors (3072K)
 Metaspace       used 47595K, committed 48064K, reserved 1097728K
  class space    used 6289K, committed 6528K, reserved 1048576K
}
Event: 27.064 GC heap before
{Heap before GC invocations=14 (full 0):
 garbage-first heap   total 68608K, used 54047K [0x0000000080000000, 0x0000000100000000)
  region size 1024K, 23 young (23552K), 3 survivors (3072K)
 Metaspace       used 50460K, committed 50880K, reserved 1097728K
  class space    used 6768K, committed 6976K, reserved 1048576K
}
Event: 27.069 GC heap after
{Heap after GC invocations=15 (full 0):
 garbage-first heap   total 68608K, used 34655K [0x0000000080000000, 0x0000000100000000)
  region size 1024K, 3 young (3072K), 3 survivors (3072K)
 Metaspace       used 50460K, committed 50880K, reserved 1097728K
  class space    used 6768K, committed 6976K, reserved 1048576K
}
Event: 30.110 GC heap before
{Heap before GC invocations=15 (full 0):
 garbage-first heap   total 68608K, used 54111K [0x0000000080000000, 0x0000000100000000)
  region size 1024K, 22 young (22528K), 3 survivors (3072K)
 Metaspace       used 52529K, committed 52992K, reserved 1097728K
  class space    used 7029K, committed 7232K, reserved 1048576K
}
Event: 30.118 GC heap after
{Heap after GC invocations=16 (full 0):
 garbage-first heap   total 68608K, used 36444K [0x0000000080000000, 0x0000000100000000)
  region size 1024K, 3 young (3072K), 3 survivors (3072K)
 Metaspace       used 52529K, committed 52992K, reserved 1097728K
  class space    used 7029K, committed 7232K, reserved 1048576K
}
Event: 31.362 GC heap before
{Heap before GC invocations=17 (full 0):
 garbage-first heap   total 68608K, used 53852K [0x0000000080000000, 0x0000000100000000)
  region size 1024K, 21 young (21504K), 3 survivors (3072K)
 Metaspace       used 53098K, committed 53568K, reserved 1097728K
  class space    used 7087K, committed 7296K, reserved 1048576K
}
Event: 31.370 GC heap after
{Heap after GC invocations=18 (full 0):
 garbage-first heap   total 68608K, used 38748K [0x0000000080000000, 0x0000000100000000)
  region size 1024K, 3 young (3072K), 3 survivors (3072K)
 Metaspace       used 53098K, committed 53568K, reserved 1097728K
  class space    used 7087K, committed 7296K, reserved 1048576K
}
Event: 32.007 GC heap before
{Heap before GC invocations=18 (full 0):
 garbage-first heap   total 68608K, used 46940K [0x0000000080000000, 0x0000000100000000)
  region size 1024K, 12 young (12288K), 3 survivors (3072K)
 Metaspace       used 53414K, committed 53888K, reserved 1097728K
  class space    used 7127K, committed 7296K, reserved 1048576K
}
Event: 32.012 GC heap after
{Heap after GC invocations=19 (full 0):
 garbage-first heap   total 68608K, used 39457K [0x0000000080000000, 0x0000000100000000)
  region size 1024K, 1 young (1024K), 1 survivors (1024K)
 Metaspace       used 53414K, committed 53888K, reserved 1097728K
  class space    used 7127K, committed 7296K, reserved 1048576K
}
Event: 32.104 GC heap before
{Heap before GC invocations=20 (full 0):
 garbage-first heap   total 71680K, used 40481K [0x0000000080000000, 0x0000000100000000)
  region size 1024K, 2 young (2048K), 1 survivors (1024K)
 Metaspace       used 53420K, committed 53888K, reserved 1097728K
  class space    used 7128K, committed 7296K, reserved 1048576K
}
Event: 32.107 GC heap after
{Heap after GC invocations=21 (full 0):
 garbage-first heap   total 71680K, used 40578K [0x0000000080000000, 0x0000000100000000)
  region size 1024K, 1 young (1024K), 1 survivors (1024K)
 Metaspace       used 53420K, committed 53888K, reserved 1097728K
  class space    used 7128K, committed 7296K, reserved 1048576K
}
Event: 33.152 GC heap before
{Heap before GC invocations=22 (full 0):
 garbage-first heap   total 73728K, used 65154K [0x0000000080000000, 0x0000000100000000)
  region size 1024K, 17 young (17408K), 1 survivors (1024K)
 Metaspace       used 54620K, committed 55104K, reserved 1097728K
  class space    used 7274K, committed 7488K, reserved 1048576K
}
Event: 33.160 GC heap after
{Heap after GC invocations=23 (full 0):
 garbage-first heap   total 74752K, used 54665K [0x0000000080000000, 0x0000000100000000)
  region size 1024K, 3 young (3072K), 3 survivors (3072K)
 Metaspace       used 54620K, committed 55104K, reserved 1097728K
  class space    used 7274K, committed 7488K, reserved 1048576K
}
Event: 33.251 GC heap before
{Heap before GC invocations=23 (full 0):
 garbage-first heap   total 74752K, used 55689K [0x0000000080000000, 0x0000000100000000)
  region size 1024K, 4 young (4096K), 3 survivors (3072K)
 Metaspace       used 54720K, committed 55168K, reserved 1097728K
  class space    used 7292K, committed 7488K, reserved 1048576K
}
Event: 33.255 GC heap after
{Heap after GC invocations=24 (full 0):
 garbage-first heap   total 74752K, used 54697K [0x0000000080000000, 0x0000000100000000)
  region size 1024K, 1 young (1024K), 1 survivors (1024K)
 Metaspace       used 54720K, committed 55168K, reserved 1097728K
  class space    used 7292K, committed 7488K, reserved 1048576K
}
Event: 33.646 GC heap before
{Heap before GC invocations=24 (full 0):
 garbage-first heap   total 74752K, used 61865K [0x0000000080000000, 0x0000000100000000)
  region size 1024K, 8 young (8192K), 1 survivors (1024K)
 Metaspace       used 55639K, committed 56064K, reserved 1097728K
  class space    used 7425K, committed 7616K, reserved 1048576K
}
Event: 33.650 GC heap after
{Heap after GC invocations=25 (full 0):
 garbage-first heap   total 74752K, used 54885K [0x0000000080000000, 0x0000000100000000)
  region size 1024K, 1 young (1024K), 1 survivors (1024K)
 Metaspace       used 55639K, committed 56064K, reserved 1097728K
  class space    used 7425K, committed 7616K, reserved 1048576K
}

Dll operation events (2 events):
Event: 0.094 Loaded shared library C:\Program Files\Android\Android Studio\jbr\bin\java.dll
Event: 2.857 Loaded shared library C:\Program Files\Android\Android Studio\jbr\bin\verify.dll

Deoptimization events (20 events):
Event: 32.001 Thread 0x000001f5a83c6820 Uncommon trap: trap_request=0xffffffc6 fr.pc=0x000001f597096ed8 relative=0x0000000000000218
Event: 32.001 Thread 0x000001f5a83c6820 Uncommon trap: reason=bimorphic_or_optimized_type_check action=maybe_recompile pc=0x000001f597096ed8 method=com.google.common.base.CharMatcher.indexIn(Ljava/lang/CharSequence;I)I @ 31 c2
Event: 32.001 Thread 0x000001f5a83c6820 DEOPT PACKING pc=0x000001f597096ed8 sp=0x0000008ac9df9c70
Event: 32.001 Thread 0x000001f5a83c6820 DEOPT UNPACKING pc=0x000001f596a069a3 sp=0x0000008ac9df9c18 mode 2
Event: 32.132 Thread 0x000001f5a83c6820 DEOPT PACKING pc=0x000001f58f545b3d sp=0x0000008ac9df8d40
Event: 32.132 Thread 0x000001f5a83c6820 DEOPT UNPACKING pc=0x000001f596a07143 sp=0x0000008ac9df81c8 mode 0
Event: 32.265 Thread 0x000001f5a83c6820 Uncommon trap: trap_request=0xffffff45 fr.pc=0x000001f596fa8328 relative=0x0000000000000668
Event: 32.265 Thread 0x000001f5a83c6820 Uncommon trap: reason=unstable_if action=reinterpret pc=0x000001f596fa8328 method=java.util.jar.Manifest$FastInputStream.readLine([BII)I @ 130 c2
Event: 32.265 Thread 0x000001f5a83c6820 DEOPT PACKING pc=0x000001f596fa8328 sp=0x0000008ac9df8810
Event: 32.265 Thread 0x000001f5a83c6820 DEOPT UNPACKING pc=0x000001f596a069a3 sp=0x0000008ac9df87a0 mode 2
Event: 32.343 Thread 0x000001f5a83c6820 DEOPT PACKING pc=0x000001f58f545b3d sp=0x0000008ac9df6c40
Event: 32.343 Thread 0x000001f5a83c6820 DEOPT UNPACKING pc=0x000001f596a07143 sp=0x0000008ac9df60c8 mode 0
Event: 32.547 Thread 0x000001f5a83c6820 DEOPT PACKING pc=0x000001f58f545b3d sp=0x0000008ac9df6b50
Event: 32.547 Thread 0x000001f5a83c6820 DEOPT UNPACKING pc=0x000001f596a07143 sp=0x0000008ac9df5fd8 mode 0
Event: 32.682 Thread 0x000001f5a83c6820 DEOPT PACKING pc=0x000001f58f545b3d sp=0x0000008ac9df6b50
Event: 32.682 Thread 0x000001f5a83c6820 DEOPT UNPACKING pc=0x000001f596a07143 sp=0x0000008ac9df5fd8 mode 0
Event: 33.421 Thread 0x000001f5a83c6820 Uncommon trap: trap_request=0xffffff45 fr.pc=0x000001f597155b98 relative=0x00000000000022b8
Event: 33.421 Thread 0x000001f5a83c6820 Uncommon trap: reason=unstable_if action=reinterpret pc=0x000001f597155b98 method=org.objectweb.asm.Frame.execute(IILorg/objectweb/asm/Symbol;Lorg/objectweb/asm/SymbolTable;)V @ 1 c2
Event: 33.421 Thread 0x000001f5a83c6820 DEOPT PACKING pc=0x000001f597155b98 sp=0x0000008ac9df6ad0
Event: 33.421 Thread 0x000001f5a83c6820 DEOPT UNPACKING pc=0x000001f596a069a3 sp=0x0000008ac9df6a88 mode 2

Classes unloaded (0 events):
No events

Classes redefined (0 events):
No events

Internal exceptions (20 events):
Event: 27.803 Thread 0x000001f5a83c6820 Exception <a 'java/lang/NoSuchMethodError'{0x0000000083970cf0}: 'java.lang.Object java.lang.invoke.DirectMethodHandle$Holder.newInvokeSpecial(java.lang.Object, java.lang.Object, java.lang.Object, java.lang.Object, java.lang.Object, int)'> (0x0000000083970cf0) 
thrown [s\src\hotspot\share\interpreter\linkResolver.cpp, line 771]
Event: 27.804 Thread 0x000001f5a83c6820 Exception <a 'java/lang/NoSuchMethodError'{0x0000000083976348}: 'java.lang.Object java.lang.invoke.DirectMethodHandle$Holder.invokeSpecial(java.lang.Object, java.lang.Object, java.lang.Object, java.lang.Object, java.lang.Object, java.lang.Object, int)'> (0x0000000083976348) 
thrown [s\src\hotspot\share\interpreter\linkResolver.cpp, line 771]
Event: 27.852 Thread 0x000001f5a83c6820 Exception <a 'java/lang/NoSuchMethodError'{0x0000000083847928}: 'void java.lang.invoke.DirectMethodHandle$Holder.invokeStatic(java.lang.Object, java.lang.Object, java.lang.Object, int, java.lang.Object)'> (0x0000000083847928) 
thrown [s\src\hotspot\share\interpreter\linkResolver.cpp, line 771]
Event: 28.342 Thread 0x000001f5a83c6820 Exception <a 'java/lang/NoSuchMethodError'{0x000000008355ecf0}: 'java.lang.Object java.lang.invoke.DirectMethodHandle$Holder.newInvokeSpecial(java.lang.Object, java.lang.Object, int)'> (0x000000008355ecf0) 
thrown [s\src\hotspot\share\interpreter\linkResolver.cpp, line 771]
Event: 31.438 Thread 0x000001f5a83c6820 Exception <a 'java/lang/NoSuchMethodError'{0x00000000841edfb8}: 'long java.lang.invoke.DirectMethodHandle$Holder.invokeVirtual(java.lang.Object, java.lang.Object)'> (0x00000000841edfb8) 
thrown [s\src\hotspot\share\interpreter\linkResolver.cpp, line 771]
Event: 31.455 Thread 0x000001f5a8166380 Exception <a 'java/lang/NoSuchMethodError'{0x00000000840426b0}: static Lorg/gradle/internal/build/event/types/DefaultOperationFinishedProgressEvent;.<clinit>()V> (0x00000000840426b0) 
thrown [s\src\hotspot\share\prims\jni.cpp, line 1108]
Event: 31.462 Thread 0x000001f5a8166380 Exception <a 'java/lang/NoSuchMethodError'{0x000000008406b180}: static Lorg/gradle/internal/build/event/types/DefaultProjectConfigurationSuccessResult;.<clinit>()V> (0x000000008406b180) 
thrown [s\src\hotspot\share\prims\jni.cpp, line 1108]
Event: 31.462 Thread 0x000001f5a8166380 Exception <a 'java/lang/NoSuchMethodError'{0x000000008406c700}: static Lorg/gradle/internal/build/event/types/AbstractProjectConfigurationResult;.<clinit>()V> (0x000000008406c700) 
thrown [s\src\hotspot\share\prims\jni.cpp, line 1108]
Event: 31.463 Thread 0x000001f5a8166380 Exception <a 'java/lang/NoSuchMethodError'{0x000000008406de58}: static Lorg/gradle/internal/build/event/types/AbstractOperationResult;.<clinit>()V> (0x000000008406de58) 
thrown [s\src\hotspot\share\prims\jni.cpp, line 1108]
Event: 31.463 Thread 0x000001f5a8166380 Exception <a 'java/lang/NoSuchMethodError'{0x000000008406f2d0}: static Lorg/gradle/internal/build/event/types/AbstractResult;.<clinit>()V> (0x000000008406f2d0) 
thrown [s\src\hotspot\share\prims\jni.cpp, line 1108]
Event: 31.466 Thread 0x000001f5a8166380 Exception <a 'java/lang/NoSuchMethodError'{0x00000000840870a0}: static Lorg/gradle/internal/build/event/types/DefaultPluginApplicationResult;.<clinit>()V> (0x00000000840870a0) 
thrown [s\src\hotspot\share\prims\jni.cpp, line 1108]
Event: 31.468 Thread 0x000001f5a8166380 Exception <a 'java/lang/NoSuchMethodError'{0x0000000084093408}: static Lorg/gradle/internal/build/event/types/DefaultBinaryPluginIdentifier;.<clinit>()V> (0x0000000084093408) 
thrown [s\src\hotspot\share\prims\jni.cpp, line 1108]
Event: 31.474 Thread 0x000001f5a8166380 Exception <a 'java/lang/NoSuchMethodError'{0x00000000840b0608}: static Lorg/gradle/internal/build/event/types/DefaultScriptPluginIdentifier;.<clinit>()V> (0x00000000840b0608) 
thrown [s\src\hotspot\share\prims\jni.cpp, line 1108]
Event: 31.998 Thread 0x000001f5a83c6820 Implicit null exception at 0x000001f5971d838f to 0x000001f5971d8a94
Event: 31.998 Thread 0x000001f5a83c6820 Implicit null exception at 0x000001f5971d9394 to 0x000001f5971d9a64
Event: 32.764 Thread 0x000001f5a83c6820 Exception <a 'java/lang/ClassNotFoundException'{0x0000000083ec68a8}: org/gradle/api/internal/plugins/DefaultObjectConfigurationActionBeanInfo> (0x0000000083ec68a8) 
thrown [s\src\hotspot\share\classfile\systemDictionary.cpp, line 256]
Event: 32.767 Thread 0x000001f5a83c6820 Exception <a 'java/lang/ClassNotFoundException'{0x0000000083eda8f8}: org/gradle/api/internal/plugins/DefaultObjectConfigurationActionCustomizer> (0x0000000083eda8f8) 
thrown [s\src\hotspot\share\classfile\systemDictionary.cpp, line 256]
Event: 33.394 Thread 0x000001f5a83c6820 Exception <a 'java/lang/NoSuchMethodError'{0x00000000844aa828}: 'java.lang.Object java.lang.invoke.DirectMethodHandle$Holder.newInvokeSpecial(java.lang.Object, java.lang.Object, java.lang.Object, java.lang.Object, int)'> (0x00000000844aa828) 
thrown [s\src\hotspot\share\interpreter\linkResolver.cpp, line 771]
Event: 33.395 Thread 0x000001f5a83c6820 Exception <a 'java/lang/NoSuchMethodError'{0x00000000844afc70}: 'java.lang.Object java.lang.invoke.DirectMethodHandle$Holder.invokeSpecial(java.lang.Object, java.lang.Object, java.lang.Object, java.lang.Object, java.lang.Object, int)'> (0x00000000844afc70) 
thrown [s\src\hotspot\share\interpreter\linkResolver.cpp, line 771]
Event: 33.396 Thread 0x000001f5a83c6820 Exception <a 'java/lang/NoSuchMethodError'{0x00000000844b4c80}: 'java.lang.Object java.lang.invoke.Invokers$Holder.linkToTargetMethod(java.lang.Object, java.lang.Object, java.lang.Object, int, java.lang.Object)'> (0x00000000844b4c80) 
thrown [s\src\hotspot\share\interpreter\linkResolver.cpp, line 771]

VM Operations (20 events):
Event: 31.444 Executing VM operation: HandshakeAllThreads done
Event: 32.006 Executing VM operation: G1TryInitiateConcMark
Event: 32.013 Executing VM operation: G1TryInitiateConcMark done
Event: 32.063 Executing VM operation: G1Concurrent
Event: 32.068 Executing VM operation: G1Concurrent done
Event: 32.089 Executing VM operation: G1Concurrent
Event: 32.089 Executing VM operation: G1Concurrent done
Event: 32.104 Executing VM operation: G1TryInitiateConcMark
Event: 32.107 Executing VM operation: G1TryInitiateConcMark done
Event: 32.167 Executing VM operation: G1Concurrent
Event: 32.172 Executing VM operation: G1Concurrent done
Event: 32.192 Executing VM operation: G1Concurrent
Event: 32.192 Executing VM operation: G1Concurrent done
Event: 33.152 Executing VM operation: G1CollectForAllocation
Event: 33.164 Executing VM operation: G1CollectForAllocation done
Event: 33.251 Executing VM operation: G1CollectForAllocation
Event: 33.255 Executing VM operation: G1CollectForAllocation done
Event: 33.646 Executing VM operation: G1CollectForAllocation
Event: 33.650 Executing VM operation: G1CollectForAllocation done
Event: 33.735 Executing VM operation: G1Concurrent

Events (20 events):
Event: 31.332 Thread 0x000001f5a6a21f90 Thread added: 0x000001f5a6a21f90
Event: 31.333 Thread 0x000001f5a6a1eaa0 Thread added: 0x000001f5a6a1eaa0
Event: 31.439 loading class java/util/stream/SortedOps
Event: 31.441 loading class java/util/stream/SortedOps done
Event: 31.441 loading class java/util/stream/SortedOps$OfRef
Event: 31.441 loading class java/util/stream/ReferencePipeline$StatefulOp
Event: 31.442 loading class java/util/stream/ReferencePipeline$StatefulOp done
Event: 31.442 loading class java/util/stream/SortedOps$OfRef done
Event: 31.447 loading class java/util/stream/SortedOps$RefSortingSink
Event: 31.448 loading class java/util/stream/SortedOps$AbstractRefSortingSink
Event: 31.448 loading class java/util/stream/SortedOps$AbstractRefSortingSink done
Event: 31.448 loading class java/util/stream/SortedOps$RefSortingSink done
Event: 31.470 loading class java/time/Ser
Event: 31.471 loading class java/time/Ser done
Event: 32.769 loading class jdk/internal/reflect/UnsafeObjectFieldAccessorImpl
Event: 32.770 loading class jdk/internal/reflect/UnsafeObjectFieldAccessorImpl done
Event: 33.475 loading class sun/reflect/ReflectionFactory
Event: 33.477 loading class sun/reflect/ReflectionFactory done
Event: 33.477 loading class sun/reflect/ReflectionFactory$1
Event: 33.478 loading class sun/reflect/ReflectionFactory$1 done


Dynamic libraries:
0x00007ff7612d0000 - 0x00007ff7612da000 	C:\Program Files\Android\Android Studio\jbr\bin\java.exe
0x00007ff95c970000 - 0x00007ff95cb87000 	C:\WINDOWS\SYSTEM32\ntdll.dll
0x00007ff95b880000 - 0x00007ff95b944000 	C:\WINDOWS\System32\KERNEL32.DLL
0x00007ff95a0a0000 - 0x00007ff95a457000 	C:\WINDOWS\System32\KERNELBASE.dll
0x00007ff95a580000 - 0x00007ff95a691000 	C:\WINDOWS\System32\ucrtbase.dll
0x00007ff93b980000 - 0x00007ff93b997000 	C:\Program Files\Android\Android Studio\jbr\bin\jli.dll
0x00007ff93b700000 - 0x00007ff93b71b000 	C:\Program Files\Android\Android Studio\jbr\bin\VCRUNTIME140.dll
0x00007ff95c780000 - 0x00007ff95c92f000 	C:\WINDOWS\System32\USER32.dll
0x00007ff959c80000 - 0x00007ff959ca6000 	C:\WINDOWS\System32\win32u.dll
0x00007ff95c010000 - 0x00007ff95c039000 	C:\WINDOWS\System32\GDI32.dll
0x00007ff959cb0000 - 0x00007ff959dc8000 	C:\WINDOWS\System32\gdi32full.dll
0x00007ff959e90000 - 0x00007ff959f2a000 	C:\WINDOWS\System32\msvcp_win.dll
0x00007ff93fab0000 - 0x00007ff93fd43000 	C:\WINDOWS\WinSxS\amd64_microsoft.windows.common-controls_6595b64144ccf1df_6.0.22621.3672_none_2713b9d173822955\COMCTL32.dll
0x00007ff95ab40000 - 0x00007ff95abe7000 	C:\WINDOWS\System32\msvcrt.dll
0x00007ff95a720000 - 0x00007ff95a751000 	C:\WINDOWS\System32\IMM32.DLL
0x00007ff956500000 - 0x00007ff95650c000 	C:\Program Files\Android\Android Studio\jbr\bin\vcruntime140_1.dll
0x00007ff90e370000 - 0x00007ff90e3fd000 	C:\Program Files\Android\Android Studio\jbr\bin\msvcp140.dll
0x00007ff8dbf20000 - 0x00007ff8dcb8e000 	C:\Program Files\Android\Android Studio\jbr\bin\server\jvm.dll
0x00007ff95baf0000 - 0x00007ff95bba2000 	C:\WINDOWS\System32\ADVAPI32.dll
0x00007ff95bbb0000 - 0x00007ff95bc58000 	C:\WINDOWS\System32\sechost.dll
0x00007ff95a460000 - 0x00007ff95a488000 	C:\WINDOWS\System32\bcrypt.dll
0x00007ff95bce0000 - 0x00007ff95bdf4000 	C:\WINDOWS\System32\RPCRT4.dll
0x00007ff943f30000 - 0x00007ff943f39000 	C:\WINDOWS\SYSTEM32\WSOCK32.dll
0x00007ff951fd0000 - 0x00007ff951fda000 	C:\WINDOWS\SYSTEM32\VERSION.dll
0x00007ff95bc60000 - 0x00007ff95bcd1000 	C:\WINDOWS\System32\WS2_32.dll
0x00007ff9559d0000 - 0x00007ff955a04000 	C:\WINDOWS\SYSTEM32\WINMM.dll
0x00007ff958cd0000 - 0x00007ff958ce8000 	C:\WINDOWS\SYSTEM32\kernel.appcore.dll
0x00007ff954250000 - 0x00007ff95425a000 	C:\Program Files\Android\Android Studio\jbr\bin\jimage.dll
0x00007ff9576f0000 - 0x00007ff957922000 	C:\WINDOWS\SYSTEM32\DBGHELP.DLL
0x00007ff95ac80000 - 0x00007ff95b00e000 	C:\WINDOWS\System32\combase.dll
0x00007ff95a950000 - 0x00007ff95aa27000 	C:\WINDOWS\System32\OLEAUT32.dll
0x00007ff949ba0000 - 0x00007ff949bd2000 	C:\WINDOWS\SYSTEM32\dbgcore.DLL
0x00007ff95a500000 - 0x00007ff95a57b000 	C:\WINDOWS\System32\bcryptPrimitives.dll
0x00007ff937740000 - 0x00007ff937765000 	C:\Program Files\Android\Android Studio\jbr\bin\java.dll
0x00007ff937720000 - 0x00007ff937738000 	C:\Program Files\Android\Android Studio\jbr\bin\zip.dll
0x00007ff95b010000 - 0x00007ff95b879000 	C:\WINDOWS\System32\SHELL32.dll
0x00007ff957bf0000 - 0x00007ff9584ef000 	C:\WINDOWS\SYSTEM32\windows.storage.dll
0x00007ff957ab0000 - 0x00007ff957bef000 	C:\WINDOWS\SYSTEM32\wintypes.dll
0x00007ff95b950000 - 0x00007ff95ba49000 	C:\WINDOWS\System32\SHCORE.dll
0x00007ff95a8f0000 - 0x00007ff95a94e000 	C:\WINDOWS\System32\shlwapi.dll
0x00007ff959bb0000 - 0x00007ff959bd7000 	C:\WINDOWS\SYSTEM32\profapi.dll
0x00007ff937700000 - 0x00007ff937719000 	C:\Program Files\Android\Android Studio\jbr\bin\net.dll
0x00007ff9555e0000 - 0x00007ff955716000 	C:\WINDOWS\SYSTEM32\WINHTTP.dll
0x00007ff959140000 - 0x00007ff9591a9000 	C:\WINDOWS\system32\mswsock.dll
0x00007ff933e50000 - 0x00007ff933e66000 	C:\Program Files\Android\Android Studio\jbr\bin\nio.dll
0x00007ff954220000 - 0x00007ff954230000 	C:\Program Files\Android\Android Studio\jbr\bin\verify.dll
0x00007ff9261b0000 - 0x00007ff9261d7000 	C:\Users\user\.gradle\native\68d5fa5c4cc2d200863cafc0d521ce42e7d3e7ee720ec0a83991735586a16f82\windows-amd64\native-platform.dll
0x00007ff90e220000 - 0x00007ff90e364000 	C:\Users\user\.gradle\native\e376f236ea51e6404a007f0833ffe2c6e607c4080706a723a18a27aeea778392\windows-amd64\native-platform-file-events.dll
0x00007ff946c70000 - 0x00007ff946c79000 	C:\Program Files\Android\Android Studio\jbr\bin\management.dll
0x00007ff942e70000 - 0x00007ff942e7b000 	C:\Program Files\Android\Android Studio\jbr\bin\management_ext.dll
0x00007ff95be50000 - 0x00007ff95be58000 	C:\WINDOWS\System32\PSAPI.DLL
0x00007ff959390000 - 0x00007ff9593ab000 	C:\WINDOWS\SYSTEM32\CRYPTSP.dll
0x00007ff958c30000 - 0x00007ff958c65000 	C:\WINDOWS\system32\rsaenh.dll
0x00007ff959230000 - 0x00007ff959258000 	C:\WINDOWS\SYSTEM32\USERENV.dll
0x00007ff9593b0000 - 0x00007ff9593bc000 	C:\WINDOWS\SYSTEM32\CRYPTBASE.dll
0x00007ff958790000 - 0x00007ff9587bd000 	C:\WINDOWS\SYSTEM32\IPHLPAPI.DLL
0x00007ff95bab0000 - 0x00007ff95bab9000 	C:\WINDOWS\System32\NSI.dll
0x00007ff955f30000 - 0x00007ff955f49000 	C:\WINDOWS\SYSTEM32\dhcpcsvc6.DLL
0x00007ff9555c0000 - 0x00007ff9555df000 	C:\WINDOWS\SYSTEM32\dhcpcsvc.DLL
0x00007ff958810000 - 0x00007ff958912000 	C:\WINDOWS\SYSTEM32\DNSAPI.dll
0x00007ff93b950000 - 0x00007ff93b958000 	C:\WINDOWS\system32\wshunix.dll

dbghelp: loaded successfully - version: 4.0.5 - missing functions: none
symbol engine: initialized successfully - sym options: 0x614 - pdb path: .;C:\Program Files\Android\Android Studio\jbr\bin;C:\WINDOWS\SYSTEM32;C:\WINDOWS\WinSxS\amd64_microsoft.windows.common-controls_6595b64144ccf1df_6.0.22621.3672_none_2713b9d173822955;C:\Program Files\Android\Android Studio\jbr\bin\server;C:\Users\user\.gradle\native\68d5fa5c4cc2d200863cafc0d521ce42e7d3e7ee720ec0a83991735586a16f82\windows-amd64;C:\Users\user\.gradle\native\e376f236ea51e6404a007f0833ffe2c6e607c4080706a723a18a27aeea778392\windows-amd64

VM Arguments:
jvm_args: --add-opens=java.base/java.util=ALL-UNNAMED --add-opens=java.base/java.lang=ALL-UNNAMED --add-opens=java.base/java.lang.invoke=ALL-UNNAMED --add-opens=java.prefs/java.util.prefs=ALL-UNNAMED --add-opens=java.base/java.nio.charset=ALL-UNNAMED --add-opens=java.base/java.net=ALL-UNNAMED --add-opens=java.base/java.util.concurrent.atomic=ALL-UNNAMED -Xmx2048m -Dfile.encoding=UTF-8 -Duser.country=ID -Duser.language=en -Duser.variant 
java_command: org.gradle.launcher.daemon.bootstrap.GradleDaemon 8.0
java_class_path (initial): C:\Users\user\.gradle\wrapper\dists\gradle-8.0-bin\ca5e32bp14vu59qr306oxotwh\gradle-8.0\lib\gradle-launcher-8.0.jar
Launcher Type: SUN_STANDARD

[Global flags]
     intx CICompilerCount                          = 4                                         {product} {ergonomic}
     uint ConcGCThreads                            = 2                                         {product} {ergonomic}
     uint G1ConcRefinementThreads                  = 8                                         {product} {ergonomic}
   size_t G1HeapRegionSize                         = 1048576                                   {product} {ergonomic}
    uintx GCDrainStackTargetSize                   = 64                                        {product} {ergonomic}
   size_t InitialHeapSize                          = 100663296                                 {product} {ergonomic}
   size_t MarkStackSize                            = 4194304                                   {product} {ergonomic}
   size_t MaxHeapSize                              = 2147483648                                {product} {command line}
   size_t MaxNewSize                               = 1287651328                                {product} {ergonomic}
   size_t MinHeapDeltaBytes                        = 1048576                                   {product} {ergonomic}
   size_t MinHeapSize                              = 8388608                                   {product} {ergonomic}
    uintx NonNMethodCodeHeapSize                   = 5839372                                {pd product} {ergonomic}
    uintx NonProfiledCodeHeapSize                  = 122909434                              {pd product} {ergonomic}
    uintx ProfiledCodeHeapSize                     = 122909434                              {pd product} {ergonomic}
    uintx ReservedCodeCacheSize                    = 251658240                              {pd product} {ergonomic}
     bool SegmentedCodeCache                       = true                                      {product} {ergonomic}
   size_t SoftMaxHeapSize                          = 2147483648                             {manageable} {ergonomic}
     bool UseCompressedClassPointers               = true                           {product lp64_product} {ergonomic}
     bool UseCompressedOops                        = true                           {product lp64_product} {ergonomic}
     bool UseG1GC                                  = true                                      {product} {ergonomic}
     bool UseLargePagesIndividualAllocation        = false                                  {pd product} {ergonomic}

Logging:
Log output configuration:
 #0: stdout all=warning uptime,level,tags
 #1: stderr all=off uptime,level,tags

Environment Variables:
JAVA_HOME=C:\Program Files\Java\jdk-17
PATH=C:\oraclexe\app\product\11.2.0\client_1\bin;D:\app\user\product\11.2.0\client_1\bin;C:\oraclexe\app\oracle\product\11.2.0\server\bin;C:\WINDOWS\system32;C:\WINDOWS;C:\WINDOWS\System32\Wbem;C:\WINDOWS\System32\WindowsPowerShell\v1.0\;C:\WINDOWS\System32\OpenSSH\;C:\Program Files\Git\cmd;C:\xampp\php;C:\ProgramData\ComposerSetup\bin;C:\Program Files (x86)\Gpg4win\..\GnuPG\bin;C:\Program Files\nodejs\;C:\ProgramData\chocolatey\bin;C:\ProgramData\chocolatey;C:\Users\user\AppData\Local\Microsoft\WindowsApps;C:\Users\user\AppData\Local\Programs\Microsoft VS Code\bin;C:\src\flutter\bin;C:\Program Files\PostgreSQL\16\bin;C:\Users\user\AppData\Roaming\Composer\vendor\bin;C:\Users\user\AppData\Roaming\npm;C:\Users\user\AppData\Local\Pub\Cache\bin;C:\Program Files\OpenSSL-Win64\bin;C:\Program Files\Java\jdk-17\bin;
USERNAME=user
OS=Windows_NT
PROCESSOR_IDENTIFIER=AMD64 Family 23 Model 24 Stepping 1, AuthenticAMD
TMP=C:\Users\user\AppData\Local\Temp
TEMP=C:\Users\user\AppData\Local\Temp


JNI global refs:
JNI global refs: 24, weak refs: 0

JNI global refs memory usage: 843, weak refs: 841


---------------  S Y S T E M  ---------------

OS:
 Windows 11 , 64 bit Build 22621 (10.0.22621.3958)
OS uptime: 0 days 6:05 hours

CPU: total 8 (initial active 8) (8 cores per cpu, 2 threads per core) family 23 model 24 stepping 1 microcode 0x0, cx8, cmov, fxsr, ht, mmx, 3dnowpref, sse, sse2, sse3, ssse3, sse4a, sse4.1, sse4.2, popcnt, lzcnt, tsc, tscinvbit, avx, avx2, aes, clmul, bmi1, bmi2, adx, sha, fma, vzeroupper, clflush, clflushopt

Memory: 4k page, system-wide physical 6081M (70M free)
TotalPageFile size 24513M (AvailPageFile size 26M)
current process WorkingSet (physical memory assigned to process): 198M, peak: 198M
current process commit charge ("private bytes"): 296M, peak: 317M

vm_info: OpenJDK 64-Bit Server VM (17.0.6+0-b2043.56-10027231) for windows-amd64 JRE (17.0.6+0-b2043.56-10027231), built on Apr 28 2023 00:43:19 by "androidbuild" with MS VC++ 16.10 / 16.11 (VS2019)

END.
