#
# There is insufficient memory for the Java Runtime Environment to continue.
# Native memory allocation (malloc) failed to allocate 1018736 bytes for Chunk::new
# Possible reasons:
#   The system is out of physical RAM or swap space
#   The process is running with CompressedOops enabled, and the Java Heap may be blocking the growth of the native heap
# Possible solutions:
#   Reduce memory load on the system
#   Increase physical memory or swap space
#   Check if swap backing store is full
#   Decrease Java heap size (-Xmx/-Xms)
#   Decrease number of Java threads
#   Decrease Java thread stack sizes (-Xss)
#   Set larger code cache with -XX:ReservedCodeCacheSize=
#   JVM is running with Unscaled Compressed Oops mode in which the Java heap is
#     placed in the first 4GB address space. The Java Heap base address is the
#     maximum limit for the native heap growth. Please use -XX:HeapBaseMinAddress
#     to set the Java Heap base and to place the Java Heap above 4GB virtual address.
# This output file may be truncated or incomplete.
#
#  Out of Memory Error (arena.cpp:189), pid=11408, tid=10408
#
# JRE version: OpenJDK Runtime Environment (17.0.6) (build 17.0.6+0-b2043.56-10027231)
# Java VM: OpenJDK 64-Bit Server VM (17.0.6+0-b2043.56-10027231, mixed mode, tiered, compressed oops, compressed class ptrs, g1 gc, windows-amd64)
# No core dump will be written. Minidumps are not enabled by default on client versions of Windows
#

---------------  S U M M A R Y ------------

Command Line: --add-opens=java.base/java.util=ALL-UNNAMED --add-opens=java.base/java.lang=ALL-UNNAMED --add-opens=java.base/java.lang.invoke=ALL-UNNAMED --add-opens=java.prefs/java.util.prefs=ALL-UNNAMED --add-opens=java.base/java.nio.charset=ALL-UNNAMED --add-opens=java.base/java.net=ALL-UNNAMED --add-opens=java.base/java.util.concurrent.atomic=ALL-UNNAMED -Xmx2048m -Dfile.encoding=UTF-8 -Duser.country=ID -Duser.language=en -Duser.variant org.gradle.launcher.daemon.bootstrap.GradleDaemon 8.0

Host: AMD Ryzen 5 3500U with Radeon Vega Mobile Gfx  , 8 cores, 5G,  Windows 11 , 64 bit Build 22621 (10.0.22621.3958)
Time: Mon Nov  4 19:34:02 2024 Malay Peninsula Standard Time elapsed time: 20.935917 seconds (0d 0h 0m 20s)

---------------  T H R E A D  ---------------

Current thread (0x000001f97ea7e150):  JavaThread "C2 CompilerThread1" daemon [_thread_in_native, id=10408, stack(0x0000008380d00000,0x0000008380e00000)]


Current CompileTask:
C2:  20936 6905 %     4       org.gradle.internal.instantiation.generator.AbstractClassGenerator::inspectType @ 107 (560 bytes)

Stack: [0x0000008380d00000,0x0000008380e00000]
Native frames: (J=compiled Java code, j=interpreted, Vv=VM code, C=native code)
V  [jvm.dll+0x683c9a]
V  [jvm.dll+0x8427a4]
V  [jvm.dll+0x843f9e]
V  [jvm.dll+0x844603]
V  [jvm.dll+0x249b75]
V  [jvm.dll+0xabcac]
V  [jvm.dll+0xac27c]
V  [jvm.dll+0x2b0eef]
V  [jvm.dll+0x58a267]
V  [jvm.dll+0x2243b2]
V  [jvm.dll+0x21dbe9]
V  [jvm.dll+0x21b51b]
V  [jvm.dll+0x1a4fdd]
V  [jvm.dll+0x22b098]
V  [jvm.dll+0x229159]
V  [jvm.dll+0x7f81ec]
V  [jvm.dll+0x7f274a]
V  [jvm.dll+0x682ad5]
C  [ucrtbase.dll+0x29333]
C  [KERNEL32.DLL+0x1257d]
C  [ntdll.dll+0x5af08]


---------------  P R O C E S S  ---------------

Threads class SMR info:
_java_thread_list=0x000001f91158a350, length=127, elements={
0x000001f96ff7e020, 0x000001f97add3f00, 0x000001f97add4d70, 0x000001f97adee2a0,
0x000001f97b83f030, 0x000001f97b840ff0, 0x000001f97b843ab0, 0x000001f97b847000,
0x000001f97b8537f0, 0x000001f97b85de30, 0x000001f97b9d7ec0, 0x000001f97b9d8790,
0x000001f97c7c8600, 0x000001f97cacf610, 0x000001f97c9ff570, 0x000001f97c9b3700,
0x000001f97dec4fa0, 0x000001f97cdc58d0, 0x000001f97d150890, 0x000001f97c9f98b0,
0x000001f97c9f9d80, 0x000001f97c9e3330, 0x000001f97e0ddb40, 0x000001f97bbc8760,
0x000001f97deb6640, 0x000001f97c524070, 0x000001f97e723090, 0x000001f97c629fd0,
0x000001f97d021820, 0x000001f97de62a20, 0x000001f90f114eb0, 0x000001f90f116b90,
0x000001f90f118870, 0x000001f90f1161f0, 0x000001f90f117530, 0x000001f90f117ed0,
0x000001f90f1183a0, 0x000001f90f117060, 0x000001f90f115850, 0x000001f90f117a00,
0x000001f90facc9a0, 0x000001f90faca7f0, 0x000001f90fad0830, 0x000001f90face680,
0x000001f90facc4d0, 0x000001f90facf9c0, 0x000001f90facd340, 0x000001f90facd810,
0x000001f90faceb50, 0x000001f90facb190, 0x000001f90facb660, 0x000001f90facdce0,
0x000001f90face1b0, 0x000001f90facf020, 0x000001f90facbb30, 0x000001f90facc000,
0x000001f90fac94b0, 0x000001f90fad0d00, 0x000001f90facf4f0, 0x000001f90facfe90,
0x000001f90fac9980, 0x000001f90facacc0, 0x000001f97df82590, 0x000001f97df80d80,
0x000001f97df7f570, 0x000001f97df7dd60, 0x000001f97df7e230, 0x000001f97df82f30,
0x000001f97df7e700, 0x000001f97df820c0, 0x000001f97df81720, 0x000001f97df7f0a0,
0x000001f97df7ebd0, 0x000001f97df7d3c0, 0x000001f97df7d890, 0x000001f97df7c080,
0x000001f97df808b0, 0x000001f97df7fa40, 0x000001f97df7ff10, 0x000001f97df803e0,
0x000001f97df81250, 0x000001f97df7c550, 0x000001f97df82a60, 0x000001f97df7ca20,
0x000001f97df81bf0, 0x000001f97df83400, 0x000001f97df838d0, 0x000001f97df7cef0,
0x000001f97c5de3c0, 0x000001f97c5dbd40, 0x000001f97c5e00a0, 0x000001f97c5df230,
0x000001f97c5df700, 0x000001f97c5dd550, 0x000001f97c5dfbd0, 0x000001f97c5dc210,
0x000001f97c5dcbb0, 0x000001f97c5e0a40, 0x000001f97c5e0f10, 0x000001f97c5dc6e0,
0x000001f97c5e0570, 0x000001f97c5dda20, 0x000001f97c5e13e0, 0x000001f97c5dd080,
0x000001f97c5ded60, 0x000001f97c5ddef0, 0x000001f97c5daa00, 0x000001f97c5e18b0,
0x000001f97c5db3a0, 0x000001f97c5de890, 0x000001f97c5daed0, 0x000001f97c5db870,
0x000001f97c5da060, 0x000001f97c5da530, 0x000001f90fc52bf0, 0x000001f90fc54400,
0x000001f90fc530c0, 0x000001f90fc52720, 0x000001f90fc548d0, 0x000001f90fc54da0,
0x000001f90fc53590, 0x000001f90fc53a60, 0x000001f90fc53f30, 0x000001f90fc55270,
0x000001f90fc51d80, 0x000001f90fc52250, 0x000001f97ea7e150
}

Java Threads: ( => current thread )
  0x000001f96ff7e020 JavaThread "main" [_thread_blocked, id=12108, stack(0x00000083f8000000,0x00000083f8100000)]
  0x000001f97add3f00 JavaThread "Reference Handler" daemon [_thread_blocked, id=10104, stack(0x00000083f8700000,0x00000083f8800000)]
  0x000001f97add4d70 JavaThread "Finalizer" daemon [_thread_blocked, id=18908, stack(0x00000083f8800000,0x00000083f8900000)]
  0x000001f97adee2a0 JavaThread "Signal Dispatcher" daemon [_thread_blocked, id=17960, stack(0x00000083f8900000,0x00000083f8a00000)]
  0x000001f97b83f030 JavaThread "Attach Listener" daemon [_thread_blocked, id=18784, stack(0x00000083f8a00000,0x00000083f8b00000)]
  0x000001f97b840ff0 JavaThread "Service Thread" daemon [_thread_blocked, id=14856, stack(0x00000083f8b00000,0x00000083f8c00000)]
  0x000001f97b843ab0 JavaThread "Monitor Deflation Thread" daemon [_thread_blocked, id=5360, stack(0x00000083f8c00000,0x00000083f8d00000)]
  0x000001f97b847000 JavaThread "C2 CompilerThread0" daemon [_thread_in_native, id=9412, stack(0x00000083f8d00000,0x00000083f8e00000)]
  0x000001f97b8537f0 JavaThread "C1 CompilerThread0" daemon [_thread_in_native, id=18888, stack(0x00000083f8e00000,0x00000083f8f00000)]
  0x000001f97b85de30 JavaThread "Sweeper thread" daemon [_thread_blocked, id=18312, stack(0x00000083f8f00000,0x00000083f9000000)]
  0x000001f97b9d7ec0 JavaThread "Common-Cleaner" daemon [_thread_blocked, id=9496, stack(0x00000083f9000000,0x00000083f9100000)]
  0x000001f97b9d8790 JavaThread "Notification Thread" daemon [_thread_blocked, id=12024, stack(0x00000083f9100000,0x00000083f9200000)]
  0x000001f97c7c8600 JavaThread "Daemon health stats" [_thread_blocked, id=11804, stack(0x00000083f9700000,0x00000083f9800000)]
  0x000001f97cacf610 JavaThread "Incoming local TCP Connector on port 55203" [_thread_in_native, id=5272, stack(0x00000083f9800000,0x00000083f9900000)]
  0x000001f97c9ff570 JavaThread "Daemon periodic checks" [_thread_blocked, id=15860, stack(0x00000083f9900000,0x00000083f9a00000)]
  0x000001f97c9b3700 JavaThread "Daemon" [_thread_blocked, id=18576, stack(0x00000083f9a00000,0x00000083f9b00000)]
  0x000001f97dec4fa0 JavaThread "Handler for socket connection from /127.0.0.1:55203 to /127.0.0.1:55204" [_thread_in_native, id=17872, stack(0x00000083f9b00000,0x00000083f9c00000)]
  0x000001f97cdc58d0 JavaThread "Cancel handler" [_thread_blocked, id=2272, stack(0x00000083f9c00000,0x00000083f9d00000)]
  0x000001f97d150890 JavaThread "Daemon worker" [_thread_in_vm, id=7576, stack(0x00000083f9d00000,0x00000083f9e00000)]
  0x000001f97c9f98b0 JavaThread "Asynchronous log dispatcher for DefaultDaemonConnection: socket connection from /127.0.0.1:55203 to /127.0.0.1:55204" [_thread_blocked, id=10888, stack(0x00000083f9e00000,0x00000083f9f00000)]
  0x000001f97c9f9d80 JavaThread "Stdin handler" [_thread_blocked, id=19024, stack(0x00000083f9f00000,0x00000083fa000000)]
  0x000001f97c9e3330 JavaThread "Daemon client event forwarder" [_thread_blocked, id=11328, stack(0x00000083fa000000,0x00000083fa100000)]
  0x000001f97e0ddb40 JavaThread "Cache worker for journal cache (C:\Users\user\.gradle\caches\journal-1)" [_thread_blocked, id=9364, stack(0x00000083fa500000,0x00000083fa600000)]
  0x000001f97bbc8760 JavaThread "File lock request listener" [_thread_in_native, id=13588, stack(0x00000083fa600000,0x00000083fa700000)]
  0x000001f97deb6640 JavaThread "Cache worker for file hash cache (C:\Users\user\.gradle\caches\8.0\fileHashes)" [_thread_blocked, id=19328, stack(0x00000083fa700000,0x00000083fa800000)]
  0x000001f97c524070 JavaThread "File watcher server" daemon [_thread_in_native, id=15404, stack(0x00000083fa800000,0x00000083fa900000)]
  0x000001f97e723090 JavaThread "File watcher consumer" daemon [_thread_blocked, id=292, stack(0x00000083fa900000,0x00000083faa00000)]
  0x000001f97c629fd0 JavaThread "Cache worker for checksums cache (D:\IT22\sem 5\Pengembangan Aplikasi Mobile\metric_converter_gifriend_kotlin\.gradle\8.0\checksums)" [_thread_blocked, id=17776, stack(0x00000083faa00000,0x00000083fab00000)]
  0x000001f97d021820 JavaThread "Cache worker for cache directory md-rule (C:\Users\user\.gradle\caches\8.0\md-rule)" [_thread_blocked, id=14880, stack(0x00000083fac00000,0x00000083fad00000)]
  0x000001f97de62a20 JavaThread "Cache worker for file content cache (C:\Users\user\.gradle\caches\8.0\fileContent)" [_thread_blocked, id=19180, stack(0x00000083fad00000,0x00000083fae00000)]
  0x000001f90f114eb0 JavaThread "Cache worker for file hash cache (D:\IT22\sem 5\Pengembangan Aplikasi Mobile\metric_converter_gifriend_kotlin\.gradle\8.0\fileHashes)" [_thread_blocked, id=14368, stack(0x00000083fae00000,0x00000083faf00000)]
  0x000001f90f116b90 JavaThread "Cache worker for cache directory md-supplier (C:\Users\user\.gradle\caches\8.0\md-supplier)" [_thread_blocked, id=17332, stack(0x00000083faf00000,0x00000083fb000000)]
  0x000001f90f118870 JavaThread "Cache worker for execution history cache (C:\Users\user\.gradle\caches\8.0\executionHistory)" [_thread_blocked, id=4076, stack(0x00000083fab00000,0x00000083fac00000)]
  0x000001f90f1161f0 JavaThread "jar transforms" [_thread_blocked, id=17532, stack(0x00000083fb000000,0x00000083fb100000)]
  0x000001f90f117530 JavaThread "jar transforms Thread 2" [_thread_blocked, id=3144, stack(0x00000083fb200000,0x00000083fb300000)]
  0x000001f90f117ed0 JavaThread "Cache worker for kotlin-dsl (C:\Users\user\.gradle\caches\8.0\kotlin-dsl)" [_thread_blocked, id=14592, stack(0x00000083fb400000,0x00000083fb500000)]
  0x000001f90f1183a0 JavaThread "jar transforms Thread 3" [_thread_blocked, id=15228, stack(0x00000083fb500000,0x00000083fb600000)]
  0x000001f90f117060 JavaThread "jar transforms Thread 4" [_thread_blocked, id=17324, stack(0x00000083fb600000,0x00000083fb700000)]
  0x000001f90f115850 JavaThread "Cache worker for dependencies-accessors (D:\IT22\sem 5\Pengembangan Aplikasi Mobile\metric_converter_gifriend_kotlin\.gradle\8.0\dependencies-accessors)" [_thread_blocked, id=14448, stack(0x00000083fb700000,0x00000083fb800000)]
  0x000001f90f117a00 JavaThread "Cache worker for Build Output Cleanup Cache (D:\IT22\sem 5\Pengembangan Aplikasi Mobile\metric_converter_gifriend_kotlin\.gradle\buildOutputCleanup)" [_thread_blocked, id=18088, stack(0x00000083fb800000,0x00000083fb900000)]
  0x000001f90facc9a0 JavaThread "jar transforms Thread 5" [_thread_blocked, id=17720, stack(0x00000083fb900000,0x00000083fba00000)]
  0x000001f90faca7f0 JavaThread "Unconstrained build operations" [_thread_blocked, id=14896, stack(0x00000083fb100000,0x00000083fb200000)]
  0x000001f90fad0830 JavaThread "Unconstrained build operations Thread 2" [_thread_blocked, id=14652, stack(0x00000083fba00000,0x00000083fbb00000)]
  0x000001f90face680 JavaThread "Unconstrained build operations Thread 3" [_thread_blocked, id=14548, stack(0x00000083fbb00000,0x00000083fbc00000)]
  0x000001f90facc4d0 JavaThread "Unconstrained build operations Thread 4" [_thread_blocked, id=14748, stack(0x00000083fbc00000,0x00000083fbd00000)]
  0x000001f90facf9c0 JavaThread "Unconstrained build operations Thread 5" [_thread_blocked, id=6380, stack(0x00000083fbd00000,0x00000083fbe00000)]
  0x000001f90facd340 JavaThread "Unconstrained build operations Thread 6" [_thread_blocked, id=10472, stack(0x00000083fbe00000,0x00000083fbf00000)]
  0x000001f90facd810 JavaThread "Unconstrained build operations Thread 7" [_thread_blocked, id=18292, stack(0x00000083fbf00000,0x00000083fc000000)]
  0x000001f90faceb50 JavaThread "Unconstrained build operations Thread 8" [_thread_blocked, id=4204, stack(0x00000083fc000000,0x00000083fc100000)]
  0x000001f90facb190 JavaThread "Unconstrained build operations Thread 9" [_thread_blocked, id=13024, stack(0x00000083fc100000,0x00000083fc200000)]
  0x000001f90facb660 JavaThread "Unconstrained build operations Thread 10" [_thread_blocked, id=19348, stack(0x00000083fc200000,0x00000083fc300000)]
  0x000001f90facdce0 JavaThread "Unconstrained build operations Thread 11" [_thread_blocked, id=6200, stack(0x00000083fc300000,0x00000083fc400000)]
  0x000001f90face1b0 JavaThread "Unconstrained build operations Thread 12" [_thread_blocked, id=9808, stack(0x00000083fc400000,0x00000083fc500000)]
  0x000001f90facf020 JavaThread "Unconstrained build operations Thread 13" [_thread_blocked, id=14932, stack(0x00000083fc500000,0x00000083fc600000)]
  0x000001f90facbb30 JavaThread "Unconstrained build operations Thread 14" [_thread_blocked, id=17728, stack(0x00000083fc600000,0x00000083fc700000)]
  0x000001f90facc000 JavaThread "Unconstrained build operations Thread 15" [_thread_blocked, id=828, stack(0x00000083fc700000,0x00000083fc800000)]
  0x000001f90fac94b0 JavaThread "Unconstrained build operations Thread 16" [_thread_blocked, id=12892, stack(0x00000083fc800000,0x00000083fc900000)]
  0x000001f90fad0d00 JavaThread "Unconstrained build operations Thread 17" [_thread_blocked, id=4936, stack(0x00000083fc900000,0x00000083fca00000)]
  0x000001f90facf4f0 JavaThread "Unconstrained build operations Thread 18" [_thread_blocked, id=3236, stack(0x00000083fca00000,0x00000083fcb00000)]
  0x000001f90facfe90 JavaThread "Unconstrained build operations Thread 19" [_thread_blocked, id=9724, stack(0x00000083fcb00000,0x00000083fcc00000)]
  0x000001f90fac9980 JavaThread "Unconstrained build operations Thread 20" [_thread_blocked, id=15124, stack(0x00000083fcc00000,0x00000083fcd00000)]
  0x000001f90facacc0 JavaThread "Unconstrained build operations Thread 21" [_thread_blocked, id=14020, stack(0x00000083fcd00000,0x00000083fce00000)]
  0x000001f97df82590 JavaThread "Unconstrained build operations Thread 22" [_thread_blocked, id=17192, stack(0x00000083fce00000,0x00000083fcf00000)]
  0x000001f97df80d80 JavaThread "Unconstrained build operations Thread 23" [_thread_blocked, id=18988, stack(0x00000083fcf00000,0x00000083fd000000)]
  0x000001f97df7f570 JavaThread "Unconstrained build operations Thread 24" [_thread_blocked, id=4780, stack(0x00000083fd000000,0x00000083fd100000)]
  0x000001f97df7dd60 JavaThread "Unconstrained build operations Thread 25" [_thread_blocked, id=12752, stack(0x00000083fd100000,0x00000083fd200000)]
  0x000001f97df7e230 JavaThread "Unconstrained build operations Thread 26" [_thread_blocked, id=3396, stack(0x00000083fd200000,0x00000083fd300000)]
  0x000001f97df82f30 JavaThread "Unconstrained build operations Thread 27" [_thread_blocked, id=19052, stack(0x00000083fd300000,0x00000083fd400000)]
  0x000001f97df7e700 JavaThread "Unconstrained build operations Thread 28" [_thread_blocked, id=4848, stack(0x00000083fd400000,0x00000083fd500000)]
  0x000001f97df820c0 JavaThread "Unconstrained build operations Thread 29" [_thread_blocked, id=18764, stack(0x00000083fd500000,0x00000083fd600000)]
  0x000001f97df81720 JavaThread "Unconstrained build operations Thread 30" [_thread_blocked, id=4476, stack(0x00000083fd600000,0x00000083fd700000)]
  0x000001f97df7f0a0 JavaThread "Unconstrained build operations Thread 31" [_thread_blocked, id=13344, stack(0x00000083fd700000,0x00000083fd800000)]
  0x000001f97df7ebd0 JavaThread "Unconstrained build operations Thread 32" [_thread_blocked, id=13892, stack(0x00000083fd800000,0x00000083fd900000)]
  0x000001f97df7d3c0 JavaThread "Unconstrained build operations Thread 33" [_thread_blocked, id=19424, stack(0x00000083fd900000,0x00000083fda00000)]
  0x000001f97df7d890 JavaThread "Unconstrained build operations Thread 34" [_thread_blocked, id=8748, stack(0x00000083fda00000,0x00000083fdb00000)]
  0x000001f97df7c080 JavaThread "Unconstrained build operations Thread 35" [_thread_blocked, id=7032, stack(0x00000083fdb00000,0x00000083fdc00000)]
  0x000001f97df808b0 JavaThread "Unconstrained build operations Thread 36" [_thread_blocked, id=8304, stack(0x00000083fdc00000,0x00000083fdd00000)]
  0x000001f97df7fa40 JavaThread "Unconstrained build operations Thread 37" [_thread_blocked, id=14264, stack(0x00000083fdd00000,0x00000083fde00000)]
  0x000001f97df7ff10 JavaThread "Unconstrained build operations Thread 38" [_thread_blocked, id=10784, stack(0x00000083fde00000,0x00000083fdf00000)]
  0x000001f97df803e0 JavaThread "Unconstrained build operations Thread 39" [_thread_blocked, id=5424, stack(0x00000083fdf00000,0x00000083fe000000)]
  0x000001f97df81250 JavaThread "Unconstrained build operations Thread 40" [_thread_blocked, id=18620, stack(0x00000083fe000000,0x00000083fe100000)]
  0x000001f97df7c550 JavaThread "Unconstrained build operations Thread 41" [_thread_blocked, id=16304, stack(0x00000083fe100000,0x00000083fe200000)]
  0x000001f97df82a60 JavaThread "Unconstrained build operations Thread 42" [_thread_blocked, id=19344, stack(0x00000083fe200000,0x00000083fe300000)]
  0x000001f97df7ca20 JavaThread "Unconstrained build operations Thread 43" [_thread_blocked, id=16008, stack(0x00000083fe300000,0x00000083fe400000)]
  0x000001f97df81bf0 JavaThread "Unconstrained build operations Thread 44" [_thread_blocked, id=18224, stack(0x00000083fe400000,0x00000083fe500000)]
  0x000001f97df83400 JavaThread "Unconstrained build operations Thread 45" [_thread_blocked, id=14492, stack(0x00000083fe500000,0x00000083fe600000)]
  0x000001f97df838d0 JavaThread "Unconstrained build operations Thread 46" [_thread_blocked, id=5032, stack(0x00000083fe600000,0x00000083fe700000)]
  0x000001f97df7cef0 JavaThread "Unconstrained build operations Thread 47" [_thread_blocked, id=19392, stack(0x00000083fe700000,0x00000083fe800000)]
  0x000001f97c5de3c0 JavaThread "Unconstrained build operations Thread 48" [_thread_blocked, id=19248, stack(0x00000083fe800000,0x00000083fe900000)]
  0x000001f97c5dbd40 JavaThread "Unconstrained build operations Thread 49" [_thread_blocked, id=9984, stack(0x00000083fe900000,0x00000083fea00000)]
  0x000001f97c5e00a0 JavaThread "Unconstrained build operations Thread 50" [_thread_blocked, id=6612, stack(0x00000083fea00000,0x00000083feb00000)]
  0x000001f97c5df230 JavaThread "Unconstrained build operations Thread 51" [_thread_blocked, id=18328, stack(0x00000083feb00000,0x00000083fec00000)]
  0x000001f97c5df700 JavaThread "Unconstrained build operations Thread 52" [_thread_blocked, id=15120, stack(0x00000083fec00000,0x00000083fed00000)]
  0x000001f97c5dd550 JavaThread "Unconstrained build operations Thread 53" [_thread_blocked, id=12880, stack(0x00000083fed00000,0x00000083fee00000)]
  0x000001f97c5dfbd0 JavaThread "Unconstrained build operations Thread 54" [_thread_blocked, id=16540, stack(0x00000083fee00000,0x00000083fef00000)]
  0x000001f97c5dc210 JavaThread "Unconstrained build operations Thread 55" [_thread_blocked, id=15308, stack(0x00000083fef00000,0x00000083ff000000)]
  0x000001f97c5dcbb0 JavaThread "Unconstrained build operations Thread 56" [_thread_blocked, id=14388, stack(0x00000083ff000000,0x00000083ff100000)]
  0x000001f97c5e0a40 JavaThread "Unconstrained build operations Thread 57" [_thread_blocked, id=9816, stack(0x00000083ff100000,0x00000083ff200000)]
  0x000001f97c5e0f10 JavaThread "Unconstrained build operations Thread 58" [_thread_blocked, id=11432, stack(0x00000083ff200000,0x00000083ff300000)]
  0x000001f97c5dc6e0 JavaThread "Unconstrained build operations Thread 59" [_thread_blocked, id=18400, stack(0x00000083ff300000,0x00000083ff400000)]
  0x000001f97c5e0570 JavaThread "Unconstrained build operations Thread 60" [_thread_blocked, id=17832, stack(0x00000083ff400000,0x00000083ff500000)]
  0x000001f97c5dda20 JavaThread "Unconstrained build operations Thread 61" [_thread_blocked, id=5972, stack(0x00000083ff500000,0x00000083ff600000)]
  0x000001f97c5e13e0 JavaThread "Unconstrained build operations Thread 62" [_thread_blocked, id=14472, stack(0x00000083ff600000,0x00000083ff700000)]
  0x000001f97c5dd080 JavaThread "Unconstrained build operations Thread 63" [_thread_blocked, id=19356, stack(0x00000083ff700000,0x00000083ff800000)]
  0x000001f97c5ded60 JavaThread "Unconstrained build operations Thread 64" [_thread_blocked, id=19048, stack(0x00000083ff800000,0x00000083ff900000)]
  0x000001f97c5ddef0 JavaThread "Unconstrained build operations Thread 65" [_thread_blocked, id=8568, stack(0x00000083ff900000,0x00000083ffa00000)]
  0x000001f97c5daa00 JavaThread "Unconstrained build operations Thread 66" [_thread_blocked, id=19256, stack(0x00000083ffa00000,0x00000083ffb00000)]
  0x000001f97c5e18b0 JavaThread "Unconstrained build operations Thread 67" [_thread_blocked, id=2744, stack(0x00000083ffb00000,0x00000083ffc00000)]
  0x000001f97c5db3a0 JavaThread "Unconstrained build operations Thread 68" [_thread_blocked, id=16780, stack(0x00000083ffc00000,0x00000083ffd00000)]
  0x000001f97c5de890 JavaThread "Unconstrained build operations Thread 69" [_thread_blocked, id=8224, stack(0x00000083ffd00000,0x00000083ffe00000)]
  0x000001f97c5daed0 JavaThread "Unconstrained build operations Thread 70" [_thread_blocked, id=17856, stack(0x00000083ffe00000,0x00000083fff00000)]
  0x000001f97c5db870 JavaThread "Unconstrained build operations Thread 71" [_thread_blocked, id=19200, stack(0x00000083fff00000,0x0000008400000000)]
  0x000001f97c5da060 JavaThread "Unconstrained build operations Thread 72" [_thread_blocked, id=11876, stack(0x0000008380000000,0x0000008380100000)]
  0x000001f97c5da530 JavaThread "Unconstrained build operations Thread 73" [_thread_blocked, id=19228, stack(0x0000008380100000,0x0000008380200000)]
  0x000001f90fc52bf0 JavaThread "Unconstrained build operations Thread 74" [_thread_blocked, id=16956, stack(0x0000008380200000,0x0000008380300000)]
  0x000001f90fc54400 JavaThread "Unconstrained build operations Thread 75" [_thread_blocked, id=2132, stack(0x0000008380300000,0x0000008380400000)]
  0x000001f90fc530c0 JavaThread "Unconstrained build operations Thread 76" [_thread_blocked, id=16612, stack(0x0000008380400000,0x0000008380500000)]
  0x000001f90fc52720 JavaThread "Unconstrained build operations Thread 77" [_thread_blocked, id=132, stack(0x0000008380500000,0x0000008380600000)]
  0x000001f90fc548d0 JavaThread "Unconstrained build operations Thread 78" [_thread_blocked, id=5336, stack(0x0000008380600000,0x0000008380700000)]
  0x000001f90fc54da0 JavaThread "Unconstrained build operations Thread 79" [_thread_blocked, id=17672, stack(0x0000008380700000,0x0000008380800000)]
  0x000001f90fc53590 JavaThread "Unconstrained build operations Thread 80" [_thread_blocked, id=15848, stack(0x0000008380800000,0x0000008380900000)]
  0x000001f90fc53a60 JavaThread "jar transforms Thread 6" [_thread_blocked, id=16556, stack(0x0000008380900000,0x0000008380a00000)]
  0x000001f90fc53f30 JavaThread "jar transforms Thread 7" [_thread_blocked, id=14012, stack(0x0000008380a00000,0x0000008380b00000)]
  0x000001f90fc55270 JavaThread "jar transforms Thread 8" [_thread_blocked, id=16580, stack(0x0000008380b00000,0x0000008380c00000)]
  0x000001f90fc51d80 JavaThread "build event listener" [_thread_blocked, id=14260, stack(0x0000008380c00000,0x0000008380d00000)]
  0x000001f90fc52250 JavaThread "Memory manager" [_thread_blocked, id=17060, stack(0x0000008380e00000,0x0000008380f00000)]
=>0x000001f97ea7e150 JavaThread "C2 CompilerThread1" daemon [_thread_in_native, id=10408, stack(0x0000008380d00000,0x0000008380e00000)]

Other Threads:
  0x000001f97add0760 VMThread "VM Thread" [stack: 0x00000083f8600000,0x00000083f8700000] [id=13784]
  0x000001f97b9d8c60 WatcherThread [stack: 0x00000083f9200000,0x00000083f9300000] [id=13928]
  0x000001f96ffd9a70 GCTaskThread "GC Thread#0" [stack: 0x00000083f8100000,0x00000083f8200000] [id=11272]
  0x000001f97c02b0e0 GCTaskThread "GC Thread#1" [stack: 0x00000083f9300000,0x00000083f9400000] [id=13628]
  0x000001f97c02a620 GCTaskThread "GC Thread#2" [stack: 0x00000083f9400000,0x00000083f9500000] [id=8900]
  0x000001f97c02a8d0 GCTaskThread "GC Thread#3" [stack: 0x00000083f9500000,0x00000083f9600000] [id=18364]
  0x000001f97c02bba0 GCTaskThread "GC Thread#4" [stack: 0x00000083f9600000,0x00000083f9700000] [id=8820]
  0x000001f97c02b8f0 GCTaskThread "GC Thread#5" [stack: 0x00000083fa100000,0x00000083fa200000] [id=14916]
  0x000001f97c02a370 GCTaskThread "GC Thread#6" [stack: 0x00000083fa200000,0x00000083fa300000] [id=17968]
  0x000001f97c02ab80 GCTaskThread "GC Thread#7" [stack: 0x00000083fa300000,0x00000083fa400000] [id=18340]
  0x000001f96ffeb150 ConcurrentGCThread "G1 Main Marker" [stack: 0x00000083f8200000,0x00000083f8300000] [id=5880]
  0x000001f96ffebb60 ConcurrentGCThread "G1 Conc#0" [stack: 0x00000083f8300000,0x00000083f8400000] [id=524]
  0x000001f97c02ae30 ConcurrentGCThread "G1 Conc#1" [stack: 0x00000083fa400000,0x00000083fa500000] [id=8336]
  0x000001f97ac36970 ConcurrentGCThread "G1 Refine#0" [stack: 0x00000083f8400000,0x00000083f8500000] [id=18268]
  0x000001f97dcd98d0 ConcurrentGCThread "G1 Refine#1" [stack: 0x00000083fb300000,0x00000083fb400000] [id=18324]
  0x000001f97ac371a0 ConcurrentGCThread "G1 Service" [stack: 0x00000083f8500000,0x00000083f8600000] [id=6176]

Threads with active compile tasks:
C2 CompilerThread0    20983 6911       4       java.lang.invoke.MethodType::makeImpl (109 bytes)
C1 CompilerThread0    20983 6948       3       org.gradle.internal.instantiation.generator.AsmBackedClassGenerator$ClassBuilderImpl$$Lambda$184/0x000000010038b350::emit (29 bytes)
C2 CompilerThread1    20983 6905 %     4       org.gradle.internal.instantiation.generator.AbstractClassGenerator::inspectType @ 107 (560 bytes)

VM state: not at safepoint (normal execution)

VM Mutex/Monitor currently owned by a thread: None

Heap address: 0x0000000080000000, size: 2048 MB, Compressed Oops mode: 32-bit

CDS archive(s) not mapped
Compressed class space mapped at: 0x0000000100000000-0x0000000140000000, reserved size: 1073741824
Narrow klass base: 0x0000000000000000, Narrow klass shift: 3, Narrow klass range: 0x140000000

GC Precious Log:
 CPUs: 8 total, 8 available
 Memory: 6081M
 Large Page Support: Disabled
 NUMA Support: Disabled
 Compressed Oops: Enabled (32-bit)
 Heap Region Size: 1M
 Heap Min Capacity: 8M
 Heap Initial Capacity: 96M
 Heap Max Capacity: 2G
 Pre-touch: Disabled
 Parallel Workers: 8
 Concurrent Workers: 2
 Concurrent Refinement Workers: 8
 Periodic GC: Disabled

Heap:
 garbage-first heap   total 121856K, used 73350K [0x0000000080000000, 0x0000000100000000)
  region size 1024K, 15 young (15360K), 3 survivors (3072K)
 Metaspace       used 68469K, committed 69120K, reserved 1114112K
  class space    used 9036K, committed 9344K, reserved 1048576K

Heap Regions: E=young(eden), S=young(survivor), O=old, HS=humongous(starts), HC=humongous(continues), CS=collection set, F=free, OA=open archive, CA=closed archive, TAMS=top-at-mark-start (previous, next)
|   0|0x0000000080000000, 0x0000000080100000, 0x0000000080100000|100%|HS|  |TAMS 0x0000000080100000, 0x0000000080000000| Complete 
|   1|0x0000000080100000, 0x0000000080200000, 0x0000000080200000|100%|HC|  |TAMS 0x0000000080200000, 0x0000000080100000| Complete 
|   2|0x0000000080200000, 0x0000000080300000, 0x0000000080300000|100%|HC|  |TAMS 0x0000000080300000, 0x0000000080200000| Complete 
|   3|0x0000000080300000, 0x0000000080400000, 0x0000000080400000|100%|HC|  |TAMS 0x0000000080400000, 0x0000000080300000| Complete 
|   4|0x0000000080400000, 0x0000000080500000, 0x0000000080500000|100%| O|  |TAMS 0x0000000080500000, 0x0000000080400000| Untracked 
|   5|0x0000000080500000, 0x0000000080600000, 0x0000000080600000|100%| O|  |TAMS 0x0000000080600000, 0x0000000080500000| Untracked 
|   6|0x0000000080600000, 0x0000000080700000, 0x0000000080700000|100%| O|  |TAMS 0x0000000080700000, 0x0000000080600000| Untracked 
|   7|0x0000000080700000, 0x0000000080800000, 0x0000000080800000|100%| O|  |TAMS 0x0000000080800000, 0x0000000080700000| Untracked 
|   8|0x0000000080800000, 0x0000000080900000, 0x0000000080900000|100%| O|  |TAMS 0x0000000080900000, 0x0000000080800000| Untracked 
|   9|0x0000000080900000, 0x0000000080a00000, 0x0000000080a00000|100%| O|  |TAMS 0x0000000080a00000, 0x0000000080900000| Untracked 
|  10|0x0000000080a00000, 0x0000000080b00000, 0x0000000080b00000|100%| O|  |TAMS 0x0000000080b00000, 0x0000000080a00000| Untracked 
|  11|0x0000000080b00000, 0x0000000080c00000, 0x0000000080c00000|100%| O|  |TAMS 0x0000000080c00000, 0x0000000080b00000| Untracked 
|  12|0x0000000080c00000, 0x0000000080d00000, 0x0000000080d00000|100%| O|  |TAMS 0x0000000080d00000, 0x0000000080c00000| Untracked 
|  13|0x0000000080d00000, 0x0000000080e00000, 0x0000000080e00000|100%| O|  |TAMS 0x0000000080e00000, 0x0000000080d00000| Untracked 
|  14|0x0000000080e00000, 0x0000000080f00000, 0x0000000080f00000|100%| O|  |TAMS 0x0000000080f00000, 0x0000000080e00000| Untracked 
|  15|0x0000000080f00000, 0x0000000081000000, 0x0000000081000000|100%| O|  |TAMS 0x0000000081000000, 0x0000000080f00000| Untracked 
|  16|0x0000000081000000, 0x0000000081100000, 0x0000000081100000|100%| O|  |TAMS 0x0000000081100000, 0x0000000081000000| Untracked 
|  17|0x0000000081100000, 0x0000000081200000, 0x0000000081200000|100%| O|  |TAMS 0x0000000081200000, 0x0000000081100000| Untracked 
|  18|0x0000000081200000, 0x0000000081300000, 0x0000000081300000|100%| O|  |TAMS 0x0000000081300000, 0x0000000081200000| Untracked 
|  19|0x0000000081300000, 0x0000000081400000, 0x0000000081400000|100%| O|  |TAMS 0x0000000081400000, 0x0000000081300000| Untracked 
|  20|0x0000000081400000, 0x0000000081500000, 0x0000000081500000|100%| O|  |TAMS 0x0000000081500000, 0x0000000081400000| Untracked 
|  21|0x0000000081500000, 0x0000000081600000, 0x0000000081600000|100%| O|  |TAMS 0x0000000081600000, 0x0000000081500000| Untracked 
|  22|0x0000000081600000, 0x0000000081700000, 0x0000000081700000|100%| O|  |TAMS 0x0000000081700000, 0x0000000081600000| Untracked 
|  23|0x0000000081700000, 0x0000000081800000, 0x0000000081800000|100%| O|  |TAMS 0x0000000081800000, 0x0000000081700000| Untracked 
|  24|0x0000000081800000, 0x0000000081900000, 0x0000000081900000|100%| O|  |TAMS 0x0000000081900000, 0x0000000081800000| Untracked 
|  25|0x0000000081900000, 0x0000000081a00000, 0x0000000081a00000|100%| O|  |TAMS 0x0000000081a00000, 0x0000000081900000| Untracked 
|  26|0x0000000081a00000, 0x0000000081b00000, 0x0000000081b00000|100%| O|  |TAMS 0x0000000081b00000, 0x0000000081a00000| Untracked 
|  27|0x0000000081b00000, 0x0000000081c00000, 0x0000000081c00000|100%| O|  |TAMS 0x0000000081c00000, 0x0000000081b00000| Untracked 
|  28|0x0000000081c00000, 0x0000000081d00000, 0x0000000081d00000|100%| O|  |TAMS 0x0000000081d00000, 0x0000000081c00000| Untracked 
|  29|0x0000000081d00000, 0x0000000081e00000, 0x0000000081e00000|100%| O|  |TAMS 0x0000000081e00000, 0x0000000081d00000| Untracked 
|  30|0x0000000081e00000, 0x0000000081f00000, 0x0000000081f00000|100%| O|  |TAMS 0x0000000081f00000, 0x0000000081e00000| Untracked 
|  31|0x0000000081f00000, 0x0000000082000000, 0x0000000082000000|100%| O|  |TAMS 0x0000000082000000, 0x0000000081f00000| Untracked 
|  32|0x0000000082000000, 0x0000000082100000, 0x0000000082100000|100%|HS|  |TAMS 0x0000000082100000, 0x0000000082000000| Complete 
|  33|0x0000000082100000, 0x0000000082200000, 0x0000000082200000|100%|HS|  |TAMS 0x0000000082200000, 0x0000000082100000| Complete 
|  34|0x0000000082200000, 0x0000000082300000, 0x0000000082300000|100%| O|  |TAMS 0x0000000082300000, 0x0000000082200000| Untracked 
|  35|0x0000000082300000, 0x0000000082400000, 0x0000000082400000|100%| O|  |TAMS 0x0000000082400000, 0x0000000082300000| Untracked 
|  36|0x0000000082400000, 0x0000000082500000, 0x0000000082500000|100%| O|  |TAMS 0x0000000082500000, 0x0000000082400000| Untracked 
|  37|0x0000000082500000, 0x0000000082600000, 0x0000000082600000|100%|HS|  |TAMS 0x0000000082600000, 0x0000000082500000| Complete 
|  38|0x0000000082600000, 0x0000000082700000, 0x0000000082700000|100%|HC|  |TAMS 0x0000000082700000, 0x0000000082600000| Complete 
|  39|0x0000000082700000, 0x0000000082800000, 0x0000000082800000|100%|HS|  |TAMS 0x0000000082800000, 0x0000000082700000| Complete 
|  40|0x0000000082800000, 0x0000000082900000, 0x0000000082900000|100%| O|  |TAMS 0x0000000082900000, 0x0000000082800000| Untracked 
|  41|0x0000000082900000, 0x0000000082a00000, 0x0000000082a00000|100%| O|  |TAMS 0x0000000082a00000, 0x0000000082900000| Untracked 
|  42|0x0000000082a00000, 0x0000000082b00000, 0x0000000082b00000|100%| O|  |TAMS 0x0000000082b00000, 0x0000000082a00000| Untracked 
|  43|0x0000000082b00000, 0x0000000082c00000, 0x0000000082c00000|100%| O|  |TAMS 0x0000000082c00000, 0x0000000082b00000| Untracked 
|  44|0x0000000082c00000, 0x0000000082d00000, 0x0000000082d00000|100%|HS|  |TAMS 0x0000000082d00000, 0x0000000082c00000| Complete 
|  45|0x0000000082d00000, 0x0000000082e00000, 0x0000000082e00000|100%|HC|  |TAMS 0x0000000082e00000, 0x0000000082d00000| Complete 
|  46|0x0000000082e00000, 0x0000000082f00000, 0x0000000082f00000|100%|HC|  |TAMS 0x0000000082f00000, 0x0000000082e00000| Complete 
|  47|0x0000000082f00000, 0x0000000083000000, 0x0000000083000000|100%|HC|  |TAMS 0x0000000083000000, 0x0000000082f00000| Complete 
|  48|0x0000000083000000, 0x0000000083100000, 0x0000000083100000|100%| O|  |TAMS 0x0000000083100000, 0x0000000083000000| Untracked 
|  49|0x0000000083100000, 0x0000000083200000, 0x0000000083200000|100%| O|  |TAMS 0x0000000083200000, 0x0000000083100000| Untracked 
|  50|0x0000000083200000, 0x0000000083300000, 0x0000000083300000|100%| O|  |TAMS 0x0000000083300000, 0x0000000083200000| Untracked 
|  51|0x0000000083300000, 0x0000000083400000, 0x0000000083400000|100%| O|  |TAMS 0x0000000083400000, 0x0000000083300000| Untracked 
|  52|0x0000000083400000, 0x0000000083500000, 0x0000000083500000|100%| O|  |TAMS 0x0000000083500000, 0x0000000083400000| Untracked 
|  53|0x0000000083500000, 0x0000000083600000, 0x0000000083600000|100%| O|  |TAMS 0x0000000083600000, 0x0000000083500000| Untracked 
|  54|0x0000000083600000, 0x0000000083700000, 0x0000000083700000|100%| O|  |TAMS 0x0000000083700000, 0x0000000083600000| Untracked 
|  55|0x0000000083700000, 0x0000000083800000, 0x0000000083800000|100%| O|  |TAMS 0x000000008375fe00, 0x0000000083700000| Untracked 
|  56|0x0000000083800000, 0x0000000083900000, 0x0000000083900000|100%|HS|  |TAMS 0x0000000083900000, 0x0000000083800000| Untracked 
|  57|0x0000000083900000, 0x0000000083900000, 0x0000000083a00000|  0%| F|  |TAMS 0x0000000083900000, 0x0000000083900000| Untracked 
|  58|0x0000000083a00000, 0x0000000083a00000, 0x0000000083b00000|  0%| F|  |TAMS 0x0000000083a00000, 0x0000000083a00000| Untracked 
|  59|0x0000000083b00000, 0x0000000083b00000, 0x0000000083c00000|  0%| F|  |TAMS 0x0000000083b00000, 0x0000000083b00000| Untracked 
|  60|0x0000000083c00000, 0x0000000083d00000, 0x0000000083d00000|100%| O|  |TAMS 0x0000000083c00000, 0x0000000083c00000| Untracked 
|  61|0x0000000083d00000, 0x0000000083d00000, 0x0000000083e00000|  0%| F|  |TAMS 0x0000000083d00000, 0x0000000083d00000| Untracked 
|  62|0x0000000083e00000, 0x0000000083e88800, 0x0000000083f00000| 53%| O|  |TAMS 0x0000000083e00000, 0x0000000083e00000| Untracked 
|  63|0x0000000083f00000, 0x0000000083f00000, 0x0000000084000000|  0%| F|  |TAMS 0x0000000083f00000, 0x0000000083f00000| Untracked 
|  64|0x0000000084000000, 0x0000000084000000, 0x0000000084100000|  0%| F|  |TAMS 0x0000000084000000, 0x0000000084000000| Untracked 
|  65|0x0000000084100000, 0x0000000084100000, 0x0000000084200000|  0%| F|  |TAMS 0x0000000084100000, 0x0000000084100000| Untracked 
|  66|0x0000000084200000, 0x0000000084200000, 0x0000000084300000|  0%| F|  |TAMS 0x0000000084200000, 0x0000000084200000| Untracked 
|  67|0x0000000084300000, 0x0000000084300000, 0x0000000084400000|  0%| F|  |TAMS 0x0000000084300000, 0x0000000084300000| Untracked 
|  68|0x0000000084400000, 0x0000000084400000, 0x0000000084500000|  0%| F|  |TAMS 0x0000000084400000, 0x0000000084400000| Untracked 
|  69|0x0000000084500000, 0x0000000084500000, 0x0000000084600000|  0%| F|  |TAMS 0x0000000084500000, 0x0000000084500000| Untracked 
|  70|0x0000000084600000, 0x0000000084600000, 0x0000000084700000|  0%| F|  |TAMS 0x0000000084600000, 0x0000000084600000| Untracked 
|  71|0x0000000084700000, 0x0000000084700000, 0x0000000084800000|  0%| F|  |TAMS 0x0000000084700000, 0x0000000084700000| Untracked 
|  72|0x0000000084800000, 0x0000000084800000, 0x0000000084900000|  0%| F|  |TAMS 0x0000000084800000, 0x0000000084800000| Untracked 
|  73|0x0000000084900000, 0x0000000084900000, 0x0000000084a00000|  0%| F|  |TAMS 0x0000000084900000, 0x0000000084900000| Untracked 
|  74|0x0000000084a00000, 0x0000000084a00000, 0x0000000084b00000|  0%| F|  |TAMS 0x0000000084a00000, 0x0000000084a00000| Untracked 
|  75|0x0000000084b00000, 0x0000000084b00000, 0x0000000084c00000|  0%| F|  |TAMS 0x0000000084b00000, 0x0000000084b00000| Untracked 
|  76|0x0000000084c00000, 0x0000000084c00000, 0x0000000084d00000|  0%| F|  |TAMS 0x0000000084c00000, 0x0000000084c00000| Untracked 
|  77|0x0000000084d00000, 0x0000000084d00000, 0x0000000084e00000|  0%| F|  |TAMS 0x0000000084d00000, 0x0000000084d00000| Untracked 
|  78|0x0000000084e00000, 0x0000000084e00000, 0x0000000084f00000|  0%| F|  |TAMS 0x0000000084e00000, 0x0000000084e00000| Untracked 
|  79|0x0000000084f00000, 0x0000000084f00000, 0x0000000085000000|  0%| F|  |TAMS 0x0000000084f00000, 0x0000000084f00000| Untracked 
|  80|0x0000000085000000, 0x0000000085000000, 0x0000000085100000|  0%| F|  |TAMS 0x0000000085000000, 0x0000000085000000| Untracked 
|  81|0x0000000085100000, 0x0000000085100000, 0x0000000085200000|  0%| F|  |TAMS 0x0000000085100000, 0x0000000085100000| Untracked 
|  82|0x0000000085200000, 0x0000000085200000, 0x0000000085300000|  0%| F|  |TAMS 0x0000000085200000, 0x0000000085200000| Untracked 
|  83|0x0000000085300000, 0x0000000085300000, 0x0000000085400000|  0%| F|  |TAMS 0x0000000085300000, 0x0000000085300000| Untracked 
|  84|0x0000000085400000, 0x0000000085400000, 0x0000000085500000|  0%| F|  |TAMS 0x0000000085400000, 0x0000000085400000| Untracked 
|  85|0x0000000085500000, 0x0000000085500000, 0x0000000085600000|  0%| F|  |TAMS 0x0000000085500000, 0x0000000085500000| Untracked 
|  86|0x0000000085600000, 0x0000000085600000, 0x0000000085700000|  0%| F|  |TAMS 0x0000000085600000, 0x0000000085600000| Untracked 
|  87|0x0000000085700000, 0x0000000085700000, 0x0000000085800000|  0%| F|  |TAMS 0x0000000085700000, 0x0000000085700000| Untracked 
|  88|0x0000000085800000, 0x0000000085800000, 0x0000000085900000|  0%| F|  |TAMS 0x0000000085800000, 0x0000000085800000| Untracked 
|  89|0x0000000085900000, 0x0000000085919280, 0x0000000085a00000|  9%| S|CS|TAMS 0x0000000085900000, 0x0000000085900000| Complete 
|  90|0x0000000085a00000, 0x0000000085b00000, 0x0000000085b00000|100%| S|CS|TAMS 0x0000000085a00000, 0x0000000085a00000| Complete 
|  91|0x0000000085b00000, 0x0000000085c00000, 0x0000000085c00000|100%| S|CS|TAMS 0x0000000085b00000, 0x0000000085b00000| Complete 
|  92|0x0000000085c00000, 0x0000000085c00000, 0x0000000085d00000|  0%| F|  |TAMS 0x0000000085c00000, 0x0000000085c00000| Untracked 
|  93|0x0000000085d00000, 0x0000000085d00000, 0x0000000085e00000|  0%| F|  |TAMS 0x0000000085d00000, 0x0000000085d00000| Untracked 
|  94|0x0000000085e00000, 0x0000000085e00000, 0x0000000085f00000|  0%| F|  |TAMS 0x0000000085e00000, 0x0000000085e00000| Untracked 
|  95|0x0000000085f00000, 0x0000000085f00000, 0x0000000086000000|  0%| F|  |TAMS 0x0000000085f00000, 0x0000000085f00000| Untracked 
|  96|0x0000000086000000, 0x0000000086000000, 0x0000000086100000|  0%| F|  |TAMS 0x0000000086000000, 0x0000000086000000| Untracked 
|  97|0x0000000086100000, 0x0000000086100000, 0x0000000086200000|  0%| F|  |TAMS 0x0000000086100000, 0x0000000086100000| Untracked 
|  98|0x0000000086200000, 0x0000000086200000, 0x0000000086300000|  0%| F|  |TAMS 0x0000000086200000, 0x0000000086200000| Untracked 
|  99|0x0000000086300000, 0x0000000086300000, 0x0000000086400000|  0%| F|  |TAMS 0x0000000086300000, 0x0000000086300000| Untracked 
| 100|0x0000000086400000, 0x0000000086400000, 0x0000000086500000|  0%| F|  |TAMS 0x0000000086400000, 0x0000000086400000| Untracked 
| 101|0x0000000086500000, 0x0000000086500000, 0x0000000086600000|  0%| F|  |TAMS 0x0000000086500000, 0x0000000086500000| Untracked 
| 102|0x0000000086600000, 0x0000000086600000, 0x0000000086700000|  0%| F|  |TAMS 0x0000000086600000, 0x0000000086600000| Untracked 
| 103|0x0000000086700000, 0x0000000086700000, 0x0000000086800000|  0%| F|  |TAMS 0x0000000086700000, 0x0000000086700000| Untracked 
| 104|0x0000000086800000, 0x0000000086800000, 0x0000000086900000|  0%| F|  |TAMS 0x0000000086800000, 0x0000000086800000| Untracked 
| 105|0x0000000086900000, 0x0000000086900000, 0x0000000086a00000|  0%| F|  |TAMS 0x0000000086900000, 0x0000000086900000| Untracked 
| 106|0x0000000086a00000, 0x0000000086a00000, 0x0000000086b00000|  0%| F|  |TAMS 0x0000000086a00000, 0x0000000086a00000| Untracked 
| 107|0x0000000086b00000, 0x0000000086b80800, 0x0000000086c00000| 50%| E|  |TAMS 0x0000000086b00000, 0x0000000086b00000| Complete 
| 108|0x0000000086c00000, 0x0000000086d00000, 0x0000000086d00000|100%| E|CS|TAMS 0x0000000086c00000, 0x0000000086c00000| Complete 
| 109|0x0000000086d00000, 0x0000000086e00000, 0x0000000086e00000|100%| E|CS|TAMS 0x0000000086d00000, 0x0000000086d00000| Complete 
| 110|0x0000000086e00000, 0x0000000086f00000, 0x0000000086f00000|100%| E|CS|TAMS 0x0000000086e00000, 0x0000000086e00000| Complete 
| 111|0x0000000086f00000, 0x0000000087000000, 0x0000000087000000|100%| E|CS|TAMS 0x0000000086f00000, 0x0000000086f00000| Complete 
| 112|0x0000000087000000, 0x0000000087100000, 0x0000000087100000|100%| E|CS|TAMS 0x0000000087000000, 0x0000000087000000| Complete 
| 113|0x0000000087100000, 0x0000000087200000, 0x0000000087200000|100%| E|CS|TAMS 0x0000000087100000, 0x0000000087100000| Complete 
| 114|0x0000000087200000, 0x0000000087300000, 0x0000000087300000|100%| E|CS|TAMS 0x0000000087200000, 0x0000000087200000| Complete 
| 115|0x0000000087300000, 0x0000000087400000, 0x0000000087400000|100%| E|CS|TAMS 0x0000000087300000, 0x0000000087300000| Complete 
| 116|0x0000000087400000, 0x0000000087500000, 0x0000000087500000|100%| E|CS|TAMS 0x0000000087400000, 0x0000000087400000| Complete 
| 117|0x0000000087500000, 0x0000000087600000, 0x0000000087600000|100%| E|CS|TAMS 0x0000000087500000, 0x0000000087500000| Complete 
| 118|0x0000000087600000, 0x0000000087700000, 0x0000000087700000|100%| E|CS|TAMS 0x0000000087600000, 0x0000000087600000| Complete 

Card table byte_map: [0x000001f973b70000,0x000001f973f70000] _byte_map_base: 0x000001f973770000

Marking Bits (Prev, Next): (CMBitMap*) 0x000001f96ffda0c0, (CMBitMap*) 0x000001f96ffda080
 Prev Bits: [0x000001f976370000, 0x000001f978370000)
 Next Bits: [0x000001f974370000, 0x000001f976370000)

Polling page: 0x000001f96df80000

Metaspace:

Usage:
  Non-class:     58.08 MB used.
      Class:      8.83 MB used.
       Both:     66.91 MB used.

Virtual space:
  Non-class space:       64.00 MB reserved,      58.44 MB ( 91%) committed,  8 nodes.
      Class space:        1.00 GB reserved,       9.12 MB ( <1%) committed,  1 nodes.
             Both:        1.06 GB reserved,      67.56 MB (  6%) committed. 

Chunk freelists:
   Non-Class:  1.17 MB
       Class:  2.72 MB
        Both:  3.89 MB

MaxMetaspaceSize: unlimited
CompressedClassSpaceSize: 1.00 GB
Initial GC threshold: 21.00 MB
Current GC threshold: 107.00 MB
CDS: off
MetaspaceReclaimPolicy: balanced
 - commit_granule_bytes: 65536.
 - commit_granule_words: 8192.
 - virtual_space_node_default_size: 1048576.
 - enlarge_chunks_in_place: 1.
 - new_chunks_are_fully_committed: 0.
 - uncommit_free_chunks: 1.
 - use_allocation_guard: 0.
 - handle_deallocations: 1.


Internal statistics:

num_allocs_failed_limit: 6.
num_arena_births: 722.
num_arena_deaths: 0.
num_vsnodes_births: 9.
num_vsnodes_deaths: 0.
num_space_committed: 1081.
num_space_uncommitted: 0.
num_chunks_returned_to_freelist: 6.
num_chunks_taken_from_freelist: 2989.
num_chunk_merges: 6.
num_chunk_splits: 2000.
num_chunks_enlarged: 1373.
num_purges: 0.
num_inconsistent_stats: 0.

CodeHeap 'non-profiled nmethods': size=120000Kb used=3014Kb max_used=3285Kb free=116985Kb
 bounds [0x000001f907ad0000, 0x000001f907e10000, 0x000001f90f000000]
CodeHeap 'profiled nmethods': size=120000Kb used=11418Kb max_used=11666Kb free=108581Kb
 bounds [0x000001f900000000, 0x000001f900b70000, 0x000001f907530000]
CodeHeap 'non-nmethods': size=5760Kb used=2353Kb max_used=2419Kb free=3406Kb
 bounds [0x000001f907530000, 0x000001f9077a0000, 0x000001f907ad0000]
 total_blobs=6962 nmethods=6082 adapters=792
 compilation: enabled
              stopped_count=0, restarted_count=0
 full_count=0

Compilation events (20 events):
Event: 20.860 Thread 0x000001f97b8537f0 6916       3       org.gradle.api.artifacts.Configuration$Namer::determineName (7 bytes)
Event: 20.860 Thread 0x000001f97b8537f0 nmethod 6916 0x000001f9000bf590 code [0x000001f9000bf740, 0x000001f9000bf908]
Event: 20.860 Thread 0x000001f97b8537f0 6917       1       org.gradle.api.internal.collections.AbstractIterationOrderRetainingElementSource::getMutationGuard (5 bytes)
Event: 20.860 Thread 0x000001f97b8537f0 nmethod 6917 0x000001f907bb4210 code [0x000001f907bb43a0, 0x000001f907bb4478]
Event: 20.867 Thread 0x000001f97b8537f0 6918       1       sun.reflect.generics.tree.ClassSignature::getSuperInterfaces (5 bytes)
Event: 20.867 Thread 0x000001f97b8537f0 nmethod 6918 0x000001f907bb3e90 code [0x000001f907bb4020, 0x000001f907bb40f8]
Event: 20.870 Thread 0x000001f97b8537f0 6919       3       org.gradle.internal.instantiation.generator.ManagedObjectFactory::cachedOwnerDisplayNameOf (10 bytes)
Event: 20.871 Thread 0x000001f97b8537f0 nmethod 6919 0x000001f9000be890 code [0x000001f9000beaa0, 0x000001f9000bf2a8]
Event: 20.871 Thread 0x000001f97b8537f0 6920       3       org.gradle.internal.instantiation.generator.ManagedObjectFactory$$Lambda$137/0x0000000100285a10::<init> (10 bytes)
Event: 20.872 Thread 0x000001f97b8537f0 nmethod 6920 0x000001f9000a3490 code [0x000001f9000a3620, 0x000001f9000a37d8]
Event: 20.872 Thread 0x000001f97b8537f0 6921       3       org.gradle.internal.instantiation.generator.ManagedObjectFactory$ManagedPropertyName::<init> (15 bytes)
Event: 20.872 Thread 0x000001f97b8537f0 nmethod 6921 0x000001f9000be410 code [0x000001f9000be5c0, 0x000001f9000be7d8]
Event: 20.872 Thread 0x000001f97b8537f0 6922       3       org.gradle.api.internal.provider.AbstractProperty::attachOwner (6 bytes)
Event: 20.872 Thread 0x000001f97b8537f0 nmethod 6922 0x000001f90086f390 code [0x000001f90086f520, 0x000001f90086f678]
Event: 20.872 Thread 0x000001f97b8537f0 6923       1       org.gradle.api.internal.tasks.properties.annotations.OutputPropertyRoleAnnotationHandler::getAnnotationTypes (5 bytes)
Event: 20.872 Thread 0x000001f97b8537f0 nmethod 6923 0x000001f907b26890 code [0x000001f907b26a20, 0x000001f907b26af8]
Event: 20.877 Thread 0x000001f97b8537f0 6925       3       com.google.common.collect.Lists::newArrayList (36 bytes)
Event: 20.878 Thread 0x000001f97b8537f0 nmethod 6925 0x000001f90010df90 code [0x000001f90010e1c0, 0x000001f90010eb18]
Event: 20.928 Thread 0x000001f97b847000 nmethod 6910 0x000001f907b6f990 code [0x000001f907b6fc60, 0x000001f907b71d60]
Event: 20.928 Thread 0x000001f97b847000 6911       4       java.lang.invoke.MethodType::makeImpl (109 bytes)

GC Heap History (20 events):
Event: 16.074 GC heap before
{Heap before GC invocations=17 (full 0):
 garbage-first heap   total 78848K, used 62171K [0x0000000080000000, 0x0000000100000000)
  region size 1024K, 32 young (32768K), 4 survivors (4096K)
 Metaspace       used 52899K, committed 53376K, reserved 1097728K
  class space    used 7086K, committed 7296K, reserved 1048576K
}
Event: 16.083 GC heap after
{Heap after GC invocations=18 (full 0):
 garbage-first heap   total 78848K, used 36109K [0x0000000080000000, 0x0000000100000000)
  region size 1024K, 4 young (4096K), 4 survivors (4096K)
 Metaspace       used 52899K, committed 53376K, reserved 1097728K
  class space    used 7086K, committed 7296K, reserved 1048576K
}
Event: 16.655 GC heap before
{Heap before GC invocations=18 (full 0):
 garbage-first heap   total 78848K, used 57613K [0x0000000080000000, 0x0000000100000000)
  region size 1024K, 25 young (25600K), 4 survivors (4096K)
 Metaspace       used 53387K, committed 53888K, reserved 1097728K
  class space    used 7132K, committed 7360K, reserved 1048576K
}
Event: 16.662 GC heap after
{Heap after GC invocations=19 (full 0):
 garbage-first heap   total 78848K, used 40765K [0x0000000080000000, 0x0000000100000000)
  region size 1024K, 4 young (4096K), 4 survivors (4096K)
 Metaspace       used 53387K, committed 53888K, reserved 1097728K
  class space    used 7132K, committed 7360K, reserved 1048576K
}
Event: 16.793 GC heap before
{Heap before GC invocations=20 (full 0):
 garbage-first heap   total 78848K, used 45885K [0x0000000080000000, 0x0000000100000000)
  region size 1024K, 8 young (8192K), 4 survivors (4096K)
 Metaspace       used 53505K, committed 53952K, reserved 1097728K
  class space    used 7143K, committed 7360K, reserved 1048576K
}
Event: 16.798 GC heap after
{Heap after GC invocations=21 (full 0):
 garbage-first heap   total 78848K, used 46387K [0x0000000080000000, 0x0000000100000000)
  region size 1024K, 3 young (3072K), 3 survivors (3072K)
 Metaspace       used 53505K, committed 53952K, reserved 1097728K
  class space    used 7143K, committed 7360K, reserved 1048576K
}
Event: 17.558 GC heap before
{Heap before GC invocations=22 (full 0):
 garbage-first heap   total 94208K, used 65843K [0x0000000080000000, 0x0000000100000000)
  region size 1024K, 18 young (18432K), 3 survivors (3072K)
 Metaspace       used 55019K, committed 55552K, reserved 1097728K
  class space    used 7344K, committed 7552K, reserved 1048576K
}
Event: 17.561 GC heap after
{Heap after GC invocations=23 (full 0):
 garbage-first heap   total 94208K, used 53299K [0x0000000080000000, 0x0000000100000000)
  region size 1024K, 3 young (3072K), 3 survivors (3072K)
 Metaspace       used 55019K, committed 55552K, reserved 1097728K
  class space    used 7344K, committed 7552K, reserved 1048576K
}
Event: 18.076 GC heap before
{Heap before GC invocations=23 (full 0):
 garbage-first heap   total 94208K, used 70707K [0x0000000080000000, 0x0000000100000000)
  region size 1024K, 20 young (20480K), 3 survivors (3072K)
 Metaspace       used 57620K, committed 58112K, reserved 1105920K
  class space    used 7674K, committed 7872K, reserved 1048576K
}
Event: 18.080 GC heap after
{Heap after GC invocations=24 (full 0):
 garbage-first heap   total 94208K, used 54638K [0x0000000080000000, 0x0000000100000000)
  region size 1024K, 1 young (1024K), 1 survivors (1024K)
 Metaspace       used 57620K, committed 58112K, reserved 1105920K
  class space    used 7674K, committed 7872K, reserved 1048576K
}
Event: 18.757 GC heap before
{Heap before GC invocations=25 (full 0):
 garbage-first heap   total 96256K, used 72046K [0x0000000080000000, 0x0000000100000000)
  region size 1024K, 19 young (19456K), 1 survivors (1024K)
 Metaspace       used 60680K, committed 61184K, reserved 1105920K
  class space    used 8012K, committed 8256K, reserved 1048576K
}
Event: 18.762 GC heap after
{Heap after GC invocations=26 (full 0):
 garbage-first heap   total 96256K, used 55359K [0x0000000080000000, 0x0000000100000000)
  region size 1024K, 2 young (2048K), 2 survivors (2048K)
 Metaspace       used 60680K, committed 61184K, reserved 1105920K
  class space    used 8012K, committed 8256K, reserved 1048576K
}
Event: 19.800 GC heap before
{Heap before GC invocations=26 (full 0):
 garbage-first heap   total 96256K, used 74815K [0x0000000080000000, 0x0000000100000000)
  region size 1024K, 21 young (21504K), 2 survivors (2048K)
 Metaspace       used 64313K, committed 64896K, reserved 1105920K
  class space    used 8507K, committed 8768K, reserved 1048576K
}
Event: 19.806 GC heap after
{Heap after GC invocations=27 (full 0):
 garbage-first heap   total 96256K, used 57089K [0x0000000080000000, 0x0000000100000000)
  region size 1024K, 3 young (3072K), 3 survivors (3072K)
 Metaspace       used 64313K, committed 64896K, reserved 1105920K
  class space    used 8507K, committed 8768K, reserved 1048576K
}
Event: 19.991 GC heap before
{Heap before GC invocations=28 (full 0):
 garbage-first heap   total 99328K, used 59137K [0x0000000080000000, 0x0000000100000000)
  region size 1024K, 7 young (7168K), 3 survivors (3072K)
 Metaspace       used 65202K, committed 65728K, reserved 1105920K
  class space    used 8615K, committed 8832K, reserved 1048576K
}
Event: 19.997 GC heap after
{Heap after GC invocations=29 (full 0):
 garbage-first heap   total 99328K, used 57893K [0x0000000080000000, 0x0000000100000000)
  region size 1024K, 2 young (2048K), 2 survivors (2048K)
 Metaspace       used 65202K, committed 65728K, reserved 1105920K
  class space    used 8615K, committed 8832K, reserved 1048576K
}
Event: 20.082 GC heap before
{Heap before GC invocations=30 (full 0):
 garbage-first heap   total 121856K, used 70181K [0x0000000080000000, 0x0000000100000000)
  region size 1024K, 11 young (11264K), 2 survivors (2048K)
 Metaspace       used 65208K, committed 65728K, reserved 1105920K
  class space    used 8615K, committed 8832K, reserved 1048576K
}
Event: 20.086 GC heap after
{Heap after GC invocations=31 (full 0):
 garbage-first heap   total 121856K, used 63673K [0x0000000080000000, 0x0000000100000000)
  region size 1024K, 3 young (3072K), 3 survivors (3072K)
 Metaspace       used 65208K, committed 65728K, reserved 1105920K
  class space    used 8615K, committed 8832K, reserved 1048576K
}
Event: 20.734 GC heap before
{Heap before GC invocations=32 (full 0):
 garbage-first heap   total 121856K, used 90297K [0x0000000080000000, 0x0000000100000000)
  region size 1024K, 27 young (27648K), 3 survivors (3072K)
 Metaspace       used 67377K, committed 67968K, reserved 1114112K
  class space    used 8904K, committed 9216K, reserved 1048576K
}
Event: 20.738 GC heap after
{Heap after GC invocations=33 (full 0):
 garbage-first heap   total 121856K, used 62086K [0x0000000080000000, 0x0000000100000000)
  region size 1024K, 3 young (3072K), 3 survivors (3072K)
 Metaspace       used 67377K, committed 67968K, reserved 1114112K
  class space    used 8904K, committed 9216K, reserved 1048576K
}

Dll operation events (2 events):
Event: 0.029 Loaded shared library C:\Program Files\Android\Android Studio\jbr\bin\java.dll
Event: 1.380 Loaded shared library C:\Program Files\Android\Android Studio\jbr\bin\verify.dll

Deoptimization events (20 events):
Event: 20.144 Thread 0x000001f97d150890 DEOPT PACKING pc=0x000001f900522e38 sp=0x00000083f9df2120
Event: 20.144 Thread 0x000001f97d150890 DEOPT UNPACKING pc=0x000001f907587143 sp=0x00000083f9df1578 mode 0
Event: 20.145 Thread 0x000001f97d150890 DEOPT PACKING pc=0x000001f900822066 sp=0x00000083f9df2090
Event: 20.145 Thread 0x000001f97d150890 DEOPT UNPACKING pc=0x000001f907587143 sp=0x00000083f9df1510 mode 0
Event: 20.145 Thread 0x000001f97d150890 DEOPT PACKING pc=0x000001f900522e38 sp=0x00000083f9df2120
Event: 20.145 Thread 0x000001f97d150890 DEOPT UNPACKING pc=0x000001f907587143 sp=0x00000083f9df1578 mode 0
Event: 20.146 Thread 0x000001f97d150890 DEOPT PACKING pc=0x000001f900522e38 sp=0x00000083f9df2120
Event: 20.146 Thread 0x000001f97d150890 DEOPT UNPACKING pc=0x000001f907587143 sp=0x00000083f9df1578 mode 0
Event: 20.147 Thread 0x000001f97d150890 DEOPT PACKING pc=0x000001f900522e38 sp=0x00000083f9df2370
Event: 20.147 Thread 0x000001f97d150890 DEOPT UNPACKING pc=0x000001f907587143 sp=0x00000083f9df17c8 mode 0
Event: 20.776 Thread 0x000001f97d150890 Uncommon trap: trap_request=0xffffffc6 fr.pc=0x000001f907cb0280 relative=0x0000000000003b20
Event: 20.776 Thread 0x000001f97d150890 Uncommon trap: reason=bimorphic_or_optimized_type_check action=maybe_recompile pc=0x000001f907cb0280 method=java.util.AbstractCollection.addAll(Ljava/util/Collection;)Z @ 29 c2
Event: 20.776 Thread 0x000001f97d150890 DEOPT PACKING pc=0x000001f907cb0280 sp=0x00000083f9df49d0
Event: 20.776 Thread 0x000001f97d150890 DEOPT UNPACKING pc=0x000001f9075869a3 sp=0x00000083f9df49c0 mode 2
Event: 20.776 Thread 0x000001f97d150890 Uncommon trap: trap_request=0xffffffc6 fr.pc=0x000001f907cb0280 relative=0x0000000000003b20
Event: 20.776 Thread 0x000001f97d150890 Uncommon trap: reason=bimorphic_or_optimized_type_check action=maybe_recompile pc=0x000001f907cb0280 method=java.util.AbstractCollection.addAll(Ljava/util/Collection;)Z @ 29 c2
Event: 20.776 Thread 0x000001f97d150890 DEOPT PACKING pc=0x000001f907cb0280 sp=0x00000083f9df49d0
Event: 20.776 Thread 0x000001f97d150890 DEOPT UNPACKING pc=0x000001f9075869a3 sp=0x00000083f9df49c0 mode 2
Event: 20.872 Thread 0x000001f97d150890 DEOPT PACKING pc=0x000001f9003d1998 sp=0x00000083f9df5800
Event: 20.872 Thread 0x000001f97d150890 DEOPT UNPACKING pc=0x000001f907587143 sp=0x00000083f9df4ce0 mode 0

Classes unloaded (0 events):
No events

Classes redefined (0 events):
No events

Internal exceptions (20 events):
Event: 16.398 Thread 0x000001f97c9e3330 Exception <a 'java/lang/NoSuchMethodError'{0x00000000840c6308}: static Lorg/gradle/internal/build/event/types/DefaultProjectConfigurationSuccessResult;.<clinit>()V> (0x00000000840c6308) 
thrown [s\src\hotspot\share\prims\jni.cpp, line 1108]
Event: 16.398 Thread 0x000001f97c9e3330 Exception <a 'java/lang/NoSuchMethodError'{0x00000000840c7600}: static Lorg/gradle/internal/build/event/types/AbstractProjectConfigurationResult;.<clinit>()V> (0x00000000840c7600) 
thrown [s\src\hotspot\share\prims\jni.cpp, line 1108]
Event: 16.398 Thread 0x000001f97c9e3330 Exception <a 'java/lang/NoSuchMethodError'{0x00000000840c8d58}: static Lorg/gradle/internal/build/event/types/AbstractOperationResult;.<clinit>()V> (0x00000000840c8d58) 
thrown [s\src\hotspot\share\prims\jni.cpp, line 1108]
Event: 16.399 Thread 0x000001f97c9e3330 Exception <a 'java/lang/NoSuchMethodError'{0x00000000840c9e48}: static Lorg/gradle/internal/build/event/types/AbstractResult;.<clinit>()V> (0x00000000840c9e48) 
thrown [s\src\hotspot\share\prims\jni.cpp, line 1108]
Event: 16.403 Thread 0x000001f97c9e3330 Exception <a 'java/lang/NoSuchMethodError'{0x00000000840e13c0}: static Lorg/gradle/internal/build/event/types/DefaultPluginApplicationResult;.<clinit>()V> (0x00000000840e13c0) 
thrown [s\src\hotspot\share\prims\jni.cpp, line 1108]
Event: 16.405 Thread 0x000001f97c9e3330 Exception <a 'java/lang/NoSuchMethodError'{0x0000000083f09e20}: static Lorg/gradle/internal/build/event/types/DefaultBinaryPluginIdentifier;.<clinit>()V> (0x0000000083f09e20) 
thrown [s\src\hotspot\share\prims\jni.cpp, line 1108]
Event: 16.409 Thread 0x000001f97c9e3330 Exception <a 'java/lang/NoSuchMethodError'{0x0000000083f26fd0}: static Lorg/gradle/internal/build/event/types/DefaultScriptPluginIdentifier;.<clinit>()V> (0x0000000083f26fd0) 
thrown [s\src\hotspot\share\prims\jni.cpp, line 1108]
Event: 16.595 Thread 0x000001f97d150890 Implicit null exception at 0x000001f907d85a0f to 0x000001f907d86114
Event: 16.595 Thread 0x000001f97d150890 Implicit null exception at 0x000001f907d89514 to 0x000001f907d89ba8
Event: 17.104 Thread 0x000001f97d150890 Exception <a 'java/lang/ClassNotFoundException'{0x0000000085932f00}: org/gradle/api/internal/plugins/DefaultObjectConfigurationActionBeanInfo> (0x0000000085932f00) 
thrown [s\src\hotspot\share\classfile\systemDictionary.cpp, line 256]
Event: 17.106 Thread 0x000001f97d150890 Exception <a 'java/lang/ClassNotFoundException'{0x0000000085946f00}: org/gradle/api/internal/plugins/DefaultObjectConfigurationActionCustomizer> (0x0000000085946f00) 
thrown [s\src\hotspot\share\classfile\systemDictionary.cpp, line 256]
Event: 17.562 Thread 0x000001f97d150890 Exception <a 'java/lang/NoSuchMethodError'{0x0000000085f03de0}: 'java.lang.Object java.lang.invoke.DirectMethodHandle$Holder.newInvokeSpecial(java.lang.Object, java.lang.Object, java.lang.Object, java.lang.Object, int)'> (0x0000000085f03de0) 
thrown [s\src\hotspot\share\interpreter\linkResolver.cpp, line 771]
Event: 17.562 Thread 0x000001f97d150890 Exception <a 'java/lang/NoSuchMethodError'{0x0000000085f09228}: 'java.lang.Object java.lang.invoke.DirectMethodHandle$Holder.invokeSpecial(java.lang.Object, java.lang.Object, java.lang.Object, java.lang.Object, java.lang.Object, int)'> (0x0000000085f09228) 
thrown [s\src\hotspot\share\interpreter\linkResolver.cpp, line 771]
Event: 17.562 Thread 0x000001f97d150890 Exception <a 'java/lang/NoSuchMethodError'{0x0000000085f0dfa8}: 'java.lang.Object java.lang.invoke.Invokers$Holder.linkToTargetMethod(java.lang.Object, java.lang.Object, java.lang.Object, int, java.lang.Object)'> (0x0000000085f0dfa8) 
thrown [s\src\hotspot\share\interpreter\linkResolver.cpp, line 771]
Event: 17.961 Thread 0x000001f97d150890 Exception <a 'java/lang/NoSuchMethodError'{0x0000000084f9d888}: 'int java.lang.invoke.DirectMethodHandle$Holder.invokeInterface(java.lang.Object, java.lang.Object, java.lang.Object, java.lang.Object)'> (0x0000000084f9d888) 
thrown [s\src\hotspot\share\interpreter\linkResolver.cpp, line 771]
Event: 19.187 Thread 0x000001f97d150890 Exception <a 'java/lang/IncompatibleClassChangeError'{0x0000000085420420}: Found class java.lang.Object, but interface was expected> (0x0000000085420420) 
thrown [s\src\hotspot\share\interpreter\linkResolver.cpp, line 838]
Event: 19.321 Thread 0x000001f97d150890 Implicit null exception at 0x000001f907cf6ad9 to 0x000001f907cf6c70
Event: 19.322 Thread 0x000001f97d150890 Implicit null exception at 0x000001f907ce98bd to 0x000001f907ceb48c
Event: 19.861 Thread 0x000001f97d150890 Implicit null exception at 0x000001f907c6dc0c to 0x000001f907c6dd42
Event: 20.172 Thread 0x000001f97d150890 Exception <a 'sun/nio/fs/WindowsException'{0x000000008701acc8}> (0x000000008701acc8) 
thrown [s\src\hotspot\share\prims\jni.cpp, line 517]

VM Operations (20 events):
Event: 19.881 Executing VM operation: G1Concurrent
Event: 19.886 Executing VM operation: G1Concurrent done
Event: 19.892 Executing VM operation: HandshakeAllThreads
Event: 19.892 Executing VM operation: HandshakeAllThreads done
Event: 19.912 Executing VM operation: G1Concurrent
Event: 19.912 Executing VM operation: G1Concurrent done
Event: 19.991 Executing VM operation: G1TryInitiateConcMark
Event: 19.997 Executing VM operation: G1TryInitiateConcMark done
Event: 20.052 Executing VM operation: G1Concurrent
Event: 20.056 Executing VM operation: G1Concurrent done
Event: 20.075 Executing VM operation: G1Concurrent
Event: 20.075 Executing VM operation: G1Concurrent done
Event: 20.082 Executing VM operation: G1TryInitiateConcMark
Event: 20.086 Executing VM operation: G1TryInitiateConcMark done
Event: 20.136 Executing VM operation: G1Concurrent
Event: 20.140 Executing VM operation: G1Concurrent done
Event: 20.157 Executing VM operation: G1Concurrent
Event: 20.157 Executing VM operation: G1Concurrent done
Event: 20.734 Executing VM operation: G1CollectForAllocation
Event: 20.738 Executing VM operation: G1CollectForAllocation done

Events (20 events):
Event: 19.947 loading class sun/security/rsa/RSASignature$SHA256withRSA
Event: 19.947 loading class sun/security/rsa/RSASignature$SHA256withRSA done
Event: 19.949 loading class sun/security/provider/DSA$SHA256withDSA
Event: 19.949 loading class sun/security/provider/DSA$SHA256withDSA done
Event: 19.981 loading class java/util/Base64
Event: 19.982 loading class java/util/Base64 done
Event: 19.982 loading class java/util/Base64$Decoder
Event: 19.982 loading class java/util/Base64$Decoder done
Event: 19.982 loading class java/util/Base64$Encoder
Event: 19.982 loading class java/util/Base64$Encoder done
Event: 19.983 loading class java/util/jar/JarVerifier$VerifierStream
Event: 19.984 loading class java/util/jar/JarVerifier$VerifierStream done
Event: 19.984 loading class sun/security/util/ManifestEntryVerifier$SunProviderHolder
Event: 19.984 loading class sun/security/util/ManifestEntryVerifier$SunProviderHolder done
Event: 20.172 loading class sun/nio/fs/WindowsException
Event: 20.172 loading class sun/nio/fs/WindowsException done
Event: 20.759 loading class java/security/KeyStore
Event: 20.759 loading class java/security/KeyStore done
Event: 20.759 loading class java/security/KeyStore$1
Event: 20.759 loading class java/security/KeyStore$1 done


Dynamic libraries:
0x00007ff79a880000 - 0x00007ff79a88a000 	C:\Program Files\Android\Android Studio\jbr\bin\java.exe
0x00007ffe6d050000 - 0x00007ffe6d267000 	C:\WINDOWS\SYSTEM32\ntdll.dll
0x00007ffe6b440000 - 0x00007ffe6b504000 	C:\WINDOWS\System32\KERNEL32.DLL
0x00007ffe6a9c0000 - 0x00007ffe6ad77000 	C:\WINDOWS\System32\KERNELBASE.dll
0x00007ffe6a870000 - 0x00007ffe6a981000 	C:\WINDOWS\System32\ucrtbase.dll
0x00007ffe57e00000 - 0x00007ffe57e17000 	C:\Program Files\Android\Android Studio\jbr\bin\jli.dll
0x00007ffe5a500000 - 0x00007ffe5a51b000 	C:\Program Files\Android\Android Studio\jbr\bin\VCRUNTIME140.dll
0x00007ffe6ca40000 - 0x00007ffe6cbef000 	C:\WINDOWS\System32\USER32.dll
0x00007ffe6a360000 - 0x00007ffe6a386000 	C:\WINDOWS\System32\win32u.dll
0x00007ffe6bdf0000 - 0x00007ffe6be19000 	C:\WINDOWS\System32\GDI32.dll
0x00007ffe6a570000 - 0x00007ffe6a688000 	C:\WINDOWS\System32\gdi32full.dll
0x00007ffe6a4d0000 - 0x00007ffe6a56a000 	C:\WINDOWS\System32\msvcp_win.dll
0x00007ffe59ca0000 - 0x00007ffe59f33000 	C:\WINDOWS\WinSxS\amd64_microsoft.windows.common-controls_6595b64144ccf1df_6.0.22621.3672_none_2713b9d173822955\COMCTL32.dll
0x00007ffe6b990000 - 0x00007ffe6ba37000 	C:\WINDOWS\System32\msvcrt.dll
0x00007ffe6b1f0000 - 0x00007ffe6b221000 	C:\WINDOWS\System32\IMM32.DLL
0x00007ffe62f50000 - 0x00007ffe62f5c000 	C:\Program Files\Android\Android Studio\jbr\bin\vcruntime140_1.dll
0x00007ffe49f80000 - 0x00007ffe4a00d000 	C:\Program Files\Android\Android Studio\jbr\bin\msvcp140.dll
0x00007ffdca1f0000 - 0x00007ffdcae5e000 	C:\Program Files\Android\Android Studio\jbr\bin\server\jvm.dll
0x00007ffe6bed0000 - 0x00007ffe6bf82000 	C:\WINDOWS\System32\ADVAPI32.dll
0x00007ffe6bd20000 - 0x00007ffe6bdc8000 	C:\WINDOWS\System32\sechost.dll
0x00007ffe6a990000 - 0x00007ffe6a9b8000 	C:\WINDOWS\System32\bcrypt.dll
0x00007ffe6ba40000 - 0x00007ffe6bb54000 	C:\WINDOWS\System32\RPCRT4.dll
0x00007ffe65e90000 - 0x00007ffe65ec4000 	C:\WINDOWS\SYSTEM32\WINMM.dll
0x00007ffe53580000 - 0x00007ffe53589000 	C:\WINDOWS\SYSTEM32\WSOCK32.dll
0x00007ffe6c9c0000 - 0x00007ffe6ca31000 	C:\WINDOWS\System32\WS2_32.dll
0x00007ffe62880000 - 0x00007ffe6288a000 	C:\WINDOWS\SYSTEM32\VERSION.dll
0x00007ffe693b0000 - 0x00007ffe693c8000 	C:\WINDOWS\SYSTEM32\kernel.appcore.dll
0x00007ffe66440000 - 0x00007ffe6644a000 	C:\Program Files\Android\Android Studio\jbr\bin\jimage.dll
0x00007ffe67da0000 - 0x00007ffe67fd2000 	C:\WINDOWS\SYSTEM32\DBGHELP.DLL
0x00007ffe6ad80000 - 0x00007ffe6b10e000 	C:\WINDOWS\System32\combase.dll
0x00007ffe6b2d0000 - 0x00007ffe6b3a7000 	C:\WINDOWS\System32\OLEAUT32.dll
0x00007ffe57470000 - 0x00007ffe574a2000 	C:\WINDOWS\SYSTEM32\dbgcore.DLL
0x00007ffe6a390000 - 0x00007ffe6a40b000 	C:\WINDOWS\System32\bcryptPrimitives.dll
0x00007ffe57180000 - 0x00007ffe571a5000 	C:\Program Files\Android\Android Studio\jbr\bin\java.dll
0x00007ffe63040000 - 0x00007ffe63058000 	C:\Program Files\Android\Android Studio\jbr\bin\zip.dll
0x00007ffe6bf90000 - 0x00007ffe6c7f9000 	C:\WINDOWS\System32\SHELL32.dll
0x00007ffe682d0000 - 0x00007ffe68bcf000 	C:\WINDOWS\SYSTEM32\windows.storage.dll
0x00007ffe68190000 - 0x00007ffe682cf000 	C:\WINDOWS\SYSTEM32\wintypes.dll
0x00007ffe6cec0000 - 0x00007ffe6cfb9000 	C:\WINDOWS\System32\SHCORE.dll
0x00007ffe6b130000 - 0x00007ffe6b18e000 	C:\WINDOWS\System32\shlwapi.dll
0x00007ffe6a290000 - 0x00007ffe6a2b7000 	C:\WINDOWS\SYSTEM32\profapi.dll
0x00007ffe584b0000 - 0x00007ffe584c9000 	C:\Program Files\Android\Android Studio\jbr\bin\net.dll
0x00007ffe65ca0000 - 0x00007ffe65dd6000 	C:\WINDOWS\SYSTEM32\WINHTTP.dll
0x00007ffe69820000 - 0x00007ffe69889000 	C:\WINDOWS\system32\mswsock.dll
0x00007ffe58020000 - 0x00007ffe58036000 	C:\Program Files\Android\Android Studio\jbr\bin\nio.dll
0x00007ffe66040000 - 0x00007ffe66050000 	C:\Program Files\Android\Android Studio\jbr\bin\verify.dll
0x00007ffe5a480000 - 0x00007ffe5a4a7000 	C:\Users\user\.gradle\native\68d5fa5c4cc2d200863cafc0d521ce42e7d3e7ee720ec0a83991735586a16f82\windows-amd64\native-platform.dll
0x00007ffe357f0000 - 0x00007ffe35934000 	C:\Users\user\.gradle\native\e376f236ea51e6404a007f0833ffe2c6e607c4080706a723a18a27aeea778392\windows-amd64\native-platform-file-events.dll
0x00007ffe65f90000 - 0x00007ffe65f99000 	C:\Program Files\Android\Android Studio\jbr\bin\management.dll
0x00007ffe65ef0000 - 0x00007ffe65efb000 	C:\Program Files\Android\Android Studio\jbr\bin\management_ext.dll
0x00007ffe6bde0000 - 0x00007ffe6bde8000 	C:\WINDOWS\System32\PSAPI.DLL
0x00007ffe69a70000 - 0x00007ffe69a8b000 	C:\WINDOWS\SYSTEM32\CRYPTSP.dll
0x00007ffe69310000 - 0x00007ffe69345000 	C:\WINDOWS\system32\rsaenh.dll
0x00007ffe69910000 - 0x00007ffe69938000 	C:\WINDOWS\SYSTEM32\USERENV.dll
0x00007ffe69a90000 - 0x00007ffe69a9c000 	C:\WINDOWS\SYSTEM32\CRYPTBASE.dll
0x00007ffe68e70000 - 0x00007ffe68e9d000 	C:\WINDOWS\SYSTEM32\IPHLPAPI.DLL
0x00007ffe6bdd0000 - 0x00007ffe6bdd9000 	C:\WINDOWS\System32\NSI.dll
0x00007ffe65c80000 - 0x00007ffe65c99000 	C:\WINDOWS\SYSTEM32\dhcpcsvc6.DLL
0x00007ffe65b80000 - 0x00007ffe65b9f000 	C:\WINDOWS\SYSTEM32\dhcpcsvc.DLL
0x00007ffe68ea0000 - 0x00007ffe68fa2000 	C:\WINDOWS\SYSTEM32\DNSAPI.dll
0x00007ffe63d20000 - 0x00007ffe63d28000 	C:\WINDOWS\system32\wshunix.dll

dbghelp: loaded successfully - version: 4.0.5 - missing functions: none
symbol engine: initialized successfully - sym options: 0x614 - pdb path: .;C:\Program Files\Android\Android Studio\jbr\bin;C:\WINDOWS\SYSTEM32;C:\WINDOWS\WinSxS\amd64_microsoft.windows.common-controls_6595b64144ccf1df_6.0.22621.3672_none_2713b9d173822955;C:\Program Files\Android\Android Studio\jbr\bin\server;C:\Users\user\.gradle\native\68d5fa5c4cc2d200863cafc0d521ce42e7d3e7ee720ec0a83991735586a16f82\windows-amd64;C:\Users\user\.gradle\native\e376f236ea51e6404a007f0833ffe2c6e607c4080706a723a18a27aeea778392\windows-amd64

VM Arguments:
jvm_args: --add-opens=java.base/java.util=ALL-UNNAMED --add-opens=java.base/java.lang=ALL-UNNAMED --add-opens=java.base/java.lang.invoke=ALL-UNNAMED --add-opens=java.prefs/java.util.prefs=ALL-UNNAMED --add-opens=java.base/java.nio.charset=ALL-UNNAMED --add-opens=java.base/java.net=ALL-UNNAMED --add-opens=java.base/java.util.concurrent.atomic=ALL-UNNAMED -Xmx2048m -Dfile.encoding=UTF-8 -Duser.country=ID -Duser.language=en -Duser.variant 
java_command: org.gradle.launcher.daemon.bootstrap.GradleDaemon 8.0
java_class_path (initial): C:\Users\user\.gradle\wrapper\dists\gradle-8.0-bin\ca5e32bp14vu59qr306oxotwh\gradle-8.0\lib\gradle-launcher-8.0.jar
Launcher Type: SUN_STANDARD

[Global flags]
     intx CICompilerCount                          = 4                                         {product} {ergonomic}
     uint ConcGCThreads                            = 2                                         {product} {ergonomic}
     uint G1ConcRefinementThreads                  = 8                                         {product} {ergonomic}
   size_t G1HeapRegionSize                         = 1048576                                   {product} {ergonomic}
    uintx GCDrainStackTargetSize                   = 64                                        {product} {ergonomic}
   size_t InitialHeapSize                          = 100663296                                 {product} {ergonomic}
   size_t MarkStackSize                            = 4194304                                   {product} {ergonomic}
   size_t MaxHeapSize                              = 2147483648                                {product} {command line}
   size_t MaxNewSize                               = 1287651328                                {product} {ergonomic}
   size_t MinHeapDeltaBytes                        = 1048576                                   {product} {ergonomic}
   size_t MinHeapSize                              = 8388608                                   {product} {ergonomic}
    uintx NonNMethodCodeHeapSize                   = 5839372                                {pd product} {ergonomic}
    uintx NonProfiledCodeHeapSize                  = 122909434                              {pd product} {ergonomic}
    uintx ProfiledCodeHeapSize                     = 122909434                              {pd product} {ergonomic}
    uintx ReservedCodeCacheSize                    = 251658240                              {pd product} {ergonomic}
     bool SegmentedCodeCache                       = true                                      {product} {ergonomic}
   size_t SoftMaxHeapSize                          = 2147483648                             {manageable} {ergonomic}
     bool UseCompressedClassPointers               = true                           {product lp64_product} {ergonomic}
     bool UseCompressedOops                        = true                           {product lp64_product} {ergonomic}
     bool UseG1GC                                  = true                                      {product} {ergonomic}
     bool UseLargePagesIndividualAllocation        = false                                  {pd product} {ergonomic}

Logging:
Log output configuration:
 #0: stdout all=warning uptime,level,tags
 #1: stderr all=off uptime,level,tags

Environment Variables:
JAVA_HOME=C:\Program Files\Java\jdk-17
PATH=C:\oraclexe\app\product\11.2.0\client_1\bin;D:\app\user\product\11.2.0\client_1\bin;C:\oraclexe\app\oracle\product\11.2.0\server\bin;C:\WINDOWS\system32;C:\WINDOWS;C:\WINDOWS\System32\Wbem;C:\WINDOWS\System32\WindowsPowerShell\v1.0\;C:\WINDOWS\System32\OpenSSH\;C:\Program Files\Git\cmd;C:\xampp\php;C:\ProgramData\ComposerSetup\bin;C:\Program Files (x86)\Gpg4win\..\GnuPG\bin;C:\Program Files\nodejs\;C:\ProgramData\chocolatey\bin;C:\ProgramData\chocolatey;C:\Users\user\AppData\Local\Microsoft\WindowsApps;C:\Users\user\AppData\Local\Programs\Microsoft VS Code\bin;C:\src\flutter\bin;C:\Program Files\PostgreSQL\16\bin;C:\Users\user\AppData\Roaming\Composer\vendor\bin;C:\Users\user\AppData\Roaming\npm;C:\Users\user\AppData\Local\Pub\Cache\bin;C:\Program Files\OpenSSL-Win64\bin;C:\Program Files\Java\jdk-17\bin;
USERNAME=user
OS=Windows_NT
PROCESSOR_IDENTIFIER=AMD64 Family 23 Model 24 Stepping 1, AuthenticAMD
TMP=C:\Users\user\AppData\Local\Temp
TEMP=C:\Users\user\AppData\Local\Temp


JNI global refs:
JNI global refs: 27, weak refs: 9

JNI global refs memory usage: 843, weak refs: 841


---------------  S Y S T E M  ---------------

OS:
 Windows 11 , 64 bit Build 22621 (10.0.22621.3958)
OS uptime: 0 days 7:15 hours

CPU: total 8 (initial active 8) (8 cores per cpu, 2 threads per core) family 23 model 24 stepping 1 microcode 0x0, cx8, cmov, fxsr, ht, mmx, 3dnowpref, sse, sse2, sse3, ssse3, sse4a, sse4.1, sse4.2, popcnt, lzcnt, tsc, tscinvbit, avx, avx2, aes, clmul, bmi1, bmi2, adx, sha, fma, vzeroupper, clflush, clflushopt

Memory: 4k page, system-wide physical 6081M (461M free)
TotalPageFile size 24513M (AvailPageFile size 3M)
current process WorkingSet (physical memory assigned to process): 288M, peak: 291M
current process commit charge ("private bytes"): 353M, peak: 360M

vm_info: OpenJDK 64-Bit Server VM (17.0.6+0-b2043.56-10027231) for windows-amd64 JRE (17.0.6+0-b2043.56-10027231), built on Apr 28 2023 00:43:19 by "androidbuild" with MS VC++ 16.10 / 16.11 (VS2019)

END.
